[MFLOG|0|2023-12-12T00:37:46.973778Z|runtime|64c374c2-e7ff-48af-a4a0-e90e64a7dcca]    amount        term  rate  payment grade          employment     length  \
[MFLOG|0|2023-12-12T00:37:47.015370Z|runtime|d9428a42-938d-49d4-bece-3f96ca527cc7]0   8000.0   36 months  0.14   272.07     C       Warehouseman     3 years   
[MFLOG|0|2023-12-12T00:37:47.015473Z|runtime|5f583e8d-6bea-4302-91c0-64c581b2f689]1  11000.0   36 months  0.10   354.89     B      Vice President  10+ years   
[MFLOG|0|2023-12-12T00:37:47.015519Z|runtime|97799139-ab48-466d-a99e-a592f66c1da2]2  35000.0   36 months  0.15  1220.33     D      Owner/Attorney  10+ years   
[MFLOG|0|2023-12-12T00:37:47.015555Z|runtime|200847d4-49cb-4940-9ca9-0eecef1a9378]3  20000.0   60 months  0.12   447.83     C             Analyst    2 years   
[MFLOG|0|2023-12-12T00:37:47.015584Z|runtime|2110902d-8789-48d6-a4f5-f49b37202d08]4  12000.0   60 months  0.12   266.88     B  medical technician  10+ years   
[MFLOG|0|2023-12-12T00:37:47.015606Z|runtime|54a2899b-15f3-4f15-80d4-0978122a4ec9]
[MFLOG|0|2023-12-12T00:37:47.015627Z|runtime|ef9b13d8-c425-43eb-8d16-4736bd8eb3ab]       home    income         verified       status              reason state  \
[MFLOG|0|2023-12-12T00:37:47.015648Z|runtime|efe94ee1-8ddc-4f95-8951-cea36e2cf77c]0      RENT   49966.0  Source Verified  Charged Off         credit_card    CA   
[MFLOG|0|2023-12-12T00:37:47.015671Z|runtime|52823954-02d1-4058-a326-ea7a37c7a778]1  MORTGAGE   50000.0     Not Verified   Fully Paid  debt_consolidation    PA   
[MFLOG|0|2023-12-12T00:37:47.015693Z|runtime|59ddda46-6a4c-4d34-bb35-54f6026fa74e]2      RENT  360000.0         Verified      Current  debt_consolidation    CA   
[MFLOG|0|2023-12-12T00:37:47.015715Z|runtime|6a848440-6f17-4e3b-920e-a760874d54e2]3  MORTGAGE   60000.0  Source Verified   Fully Paid  debt_consolidation    CA   
[MFLOG|0|2023-12-12T00:37:47.015736Z|runtime|d3d39aec-b69a-40bb-a2a9-4e58215d9c7d]4  MORTGAGE   64000.0  Source Verified      Current  debt_consolidation    NJ   
[MFLOG|0|2023-12-12T00:37:47.015760Z|runtime|91782557-7ef4-407c-ad2f-f6e21399255f]
[MFLOG|0|2023-12-12T00:37:47.015779Z|runtime|e4713a7a-94fd-4583-9f71-31f0817af278]   debtIncRat  delinq2yr  inq6mth  openAcc  pubRec  revolRatio  totalAcc  \
[MFLOG|0|2023-12-12T00:37:47.015799Z|runtime|15212508-6c7c-4c63-9880-bfc03dc67115]0       30.05        0.0      0.0     11.0     0.0        0.55      15.0   
[MFLOG|0|2023-12-12T00:37:47.015818Z|runtime|2889531d-d50f-4318-8c30-2356f8544528]1        8.74        0.0      2.0     12.0     0.0        0.36      15.0   
[MFLOG|0|2023-12-12T00:37:47.015838Z|runtime|0826f555-32cc-4eb1-93a4-9612596295b5]2       14.50        0.0      1.0      8.0     0.0        0.83      14.0   
[MFLOG|0|2023-12-12T00:37:47.015857Z|runtime|dff3119b-4075-4bad-aba7-1ce0bf32e7b3]3       14.14        0.0      0.0     12.0     3.0        0.01      48.0   
[MFLOG|0|2023-12-12T00:37:47.015875Z|runtime|c325b665-178e-4a80-b87d-eff39392ed52]4        5.14        0.0      0.0      8.0     0.0        0.58      22.0   
[MFLOG|0|2023-12-12T00:37:47.015893Z|runtime|997d11b9-4231-435b-a103-34014717d5ac]
[MFLOG|0|2023-12-12T00:37:47.015912Z|runtime|bd31d72b-fcdc-4256-a25f-092bb4db8aa3]   totalBal  totalRevLim  accOpen24    avgBal   bcOpen  bcRatio  totalLim  \
[MFLOG|0|2023-12-12T00:37:47.015931Z|runtime|d4f7354b-bbb6-4d0a-84f8-67e10b38b9f6]0   48054.0       8100.0        8.0    4369.0     43.0     95.7   60629.0   
[MFLOG|0|2023-12-12T00:37:47.015950Z|runtime|1563cb50-3649-45ef-a094-a9b033099cfb]1  265838.0      33400.0        4.0   22153.0  19756.0     37.5  297500.0   
[MFLOG|0|2023-12-12T00:37:47.015971Z|runtime|ecfd7750-d7de-49fe-8460-55340a3bb223]2  850150.0      83000.0        2.0  121450.0   7686.0     83.2  907300.0   
[MFLOG|0|2023-12-12T00:37:47.015989Z|runtime|e7df416b-5fbe-45b4-8948-4744101e6189]3   20671.0      14200.0        8.0    1723.0  11061.0      1.2   46964.0   
[MFLOG|0|2023-12-12T00:37:47.016008Z|runtime|60644ecd-33af-44bc-9e12-db9c3c6ca9ea]4  128034.0      14600.0        3.0   18291.0   5904.0     58.4  134600.0   
[MFLOG|0|2023-12-12T00:37:47.016029Z|runtime|7746928b-a9bd-4a1c-86e6-cd476eaff9e0]
[MFLOG|0|2023-12-12T00:37:47.016048Z|runtime|cd0d354b-88b6-4002-85d8-78985513ba0b]   totalRevBal  totalBcLim  totalIlLim  
[MFLOG|0|2023-12-12T00:37:47.016069Z|runtime|3b949b8f-694d-4bf6-9158-5b4dc0207a58]0      48054.0      1000.0     52529.0  
[MFLOG|0|2023-12-12T00:37:47.016090Z|runtime|4e39f2f8-078c-4c2e-98b3-740cc9d077f9]1      11844.0     31600.0         0.0  
[MFLOG|0|2023-12-12T00:37:47.016109Z|runtime|ea5496bd-806e-4203-b8d5-3817a41bb274]2     173260.0     83000.0    100000.0  
[MFLOG|0|2023-12-12T00:37:47.016128Z|runtime|2754e1f2-7211-42d8-b5fc-5286ad77df88]3      20671.0     11200.0     32764.0  
[MFLOG|0|2023-12-12T00:37:47.016147Z|runtime|70479cc3-088f-4910-b647-d6aa8c67be10]4       8475.0     14200.0         0.0  
[MFLOG|0|2023-12-12T00:37:47.016170Z|runtime|1afa1589-78d9-48f2-a780-e8d88fba21c0]Dimensions of the dataset: (50000, 30)
[MFLOG|0|2023-12-12T00:37:47.016195Z|runtime|9ceef9ca-d95d-4cd0-9708-965fa5cdd737]             amount          rate       payment        income    debtIncRat  \
[MFLOG|0|2023-12-12T00:37:47.267864Z|runtime|0d12dfb4-f828-4415-b32e-6aade2beda4c]count  49999.000000  49999.000000  49999.000000  4.999900e+04  49999.000000   
[MFLOG|0|2023-12-12T00:37:47.267940Z|runtime|42db7b7a-ced5-44d9-a787-16197b027881]mean   15145.527911      0.130407    442.737519  7.617379e+04     18.731157   
[MFLOG|0|2023-12-12T00:37:47.267962Z|runtime|c992ac60-f33d-45e9-8d22-9eafce306475]std     8527.772776      0.044192    244.835744  6.523503e+04      8.444506   
[MFLOG|0|2023-12-12T00:37:47.267980Z|runtime|96536518-13ef-45d7-86ac-82d41ef88171]min     1000.000000      0.050000     30.540000  4.000000e+03      0.000000   
[MFLOG|0|2023-12-12T00:37:47.267996Z|runtime|cf59c55c-98bd-44fc-ab37-2c4c350bac70]25%     8500.000000      0.100000    265.840000  4.623850e+04     12.390000   
[MFLOG|0|2023-12-12T00:37:47.268013Z|runtime|5a2571b4-fbfe-43d7-be3c-fca2f47999c2]50%    13800.000000      0.130000    385.790000  6.500000e+04     18.210000   
[MFLOG|0|2023-12-12T00:37:47.268029Z|runtime|7a458d7e-00ce-4ca2-ae7c-17744ab9f461]75%    20000.000000      0.160000    578.680000  9.000000e+04     24.730000   
[MFLOG|0|2023-12-12T00:37:47.268045Z|runtime|3e9fe451-00f8-415b-8b18-cfe724e57464]max    35000.000000      0.290000   1407.010000  7.446395e+06     61.210000   
[MFLOG|0|2023-12-12T00:37:47.268061Z|runtime|e1e0b43b-fa80-47f4-9c08-6646ec6fb5e6]
[MFLOG|0|2023-12-12T00:37:47.268077Z|runtime|70262233-5df2-4559-970a-8e516606bf1b]          delinq2yr       inq6mth       openAcc        pubRec    revolRatio  \
[MFLOG|0|2023-12-12T00:37:47.268093Z|runtime|eb4fa910-214b-4453-92c5-d78ef3b22652]count  49999.000000  49999.000000  49999.000000  49999.000000  49981.000000   
[MFLOG|0|2023-12-12T00:37:47.268110Z|runtime|6cc4d09a-a6b1-495c-aaad-8f445daf98f5]mean       0.346167      0.639553     11.849217      0.232925      0.546419   
[MFLOG|0|2023-12-12T00:37:47.268126Z|runtime|d4ba0505-a5eb-4480-97f6-b3ae0122ece9]std        0.907636      0.938869      5.524801      0.624342      0.236451   
[MFLOG|0|2023-12-12T00:37:47.268142Z|runtime|907759f7-146d-49c5-bff6-c633fc3e7c0c]min        0.000000      0.000000      1.000000      0.000000      0.000000   
[MFLOG|0|2023-12-12T00:37:47.268158Z|runtime|d2c88319-3208-4b09-9424-8a323a3315c3]25%        0.000000      0.000000      8.000000      0.000000      0.370000   
[MFLOG|0|2023-12-12T00:37:47.268175Z|runtime|dad50382-4788-4267-8ba8-cb6be71be8ee]50%        0.000000      0.000000     11.000000      0.000000      0.550000   
[MFLOG|0|2023-12-12T00:37:47.268192Z|runtime|dc75780b-92e4-4940-ae3e-8cf89abbc03d]75%        0.000000      1.000000     15.000000      0.000000      0.730000   
[MFLOG|0|2023-12-12T00:37:47.268208Z|runtime|cad1f602-ea15-4382-b84c-c6df80c7fb20]max       15.000000      6.000000     76.000000     28.000000      1.670000   
[MFLOG|0|2023-12-12T00:37:47.268225Z|runtime|9be622e7-c219-4830-877b-64ced4dfcd00]
[MFLOG|0|2023-12-12T00:37:47.268241Z|runtime|bb9f633f-2ade-4e4f-9fbf-58635dfac52d]           totalAcc      totalBal   totalRevLim     accOpen24         avgBal  \
[MFLOG|0|2023-12-12T00:37:47.268261Z|runtime|d52f2588-d456-4fc0-8f43-352824d4585f]count  49999.000000  4.999900e+04  4.999900e+04  49999.000000   49999.000000   
[MFLOG|0|2023-12-12T00:37:47.268278Z|runtime|000bd6f4-6d6e-4f16-a33e-4ab8ea7e4ffc]mean      25.749595  1.397782e+05  3.243594e+04      4.557831   13189.526651   
[MFLOG|0|2023-12-12T00:37:47.268295Z|runtime|c4abf4b3-25b8-43c8-9142-ebf8ab41acea]std       12.097421  1.526384e+05  3.269753e+04      3.079680   15561.787118   
[MFLOG|0|2023-12-12T00:37:47.268311Z|runtime|18f28985-b776-4752-a1ec-0465eb17088f]min        3.000000  0.000000e+00  0.000000e+00      0.000000       0.000000   
[MFLOG|0|2023-12-12T00:37:47.268328Z|runtime|3eee616b-4a22-4351-928a-b786807158d2]25%       17.000000  3.061900e+04  1.400000e+04      2.000000    3170.000000   
[MFLOG|0|2023-12-12T00:37:47.268345Z|runtime|7c622c5f-2386-486a-865e-1f6d41203159]50%       24.000000  8.107300e+04  2.400000e+04      4.000000    7356.000000   
[MFLOG|0|2023-12-12T00:37:47.268361Z|runtime|08085d43-ef1d-4d0a-9391-f88831f9b9b6]75%       33.000000  2.094385e+05  4.030000e+04      6.000000   18223.500000   
[MFLOG|0|2023-12-12T00:37:47.268377Z|runtime|067a1908-64ea-4db5-a6a7-0b51997a4b28]max      162.000000  2.552960e+06  1.060800e+06     50.000000  358652.000000   
[MFLOG|0|2023-12-12T00:37:47.268393Z|runtime|bf03267c-e4de-4265-b0c1-013e2b0a43dd]
[MFLOG|0|2023-12-12T00:37:47.268409Z|runtime|58169f3b-4405-4695-979d-29268f0a0409]              bcOpen       bcRatio      totalLim   totalRevBal     totalBcLim  \
[MFLOG|0|2023-12-12T00:37:47.268428Z|runtime|323fcefd-1b7a-4900-a4a8-1e80122ee0f2]count   49511.000000  49479.000000  4.999900e+04  4.999900e+04   49999.000000   
[MFLOG|0|2023-12-12T00:37:47.268444Z|runtime|abac07d2-6221-455d-989f-c6fe6b4b7225]mean     9154.930945     63.188468  1.718866e+05  5.088178e+04   21190.290466   
[MFLOG|0|2023-12-12T00:37:47.268460Z|runtime|6b5943d3-5a23-47eb-8ecd-4d15bafd5ba0]std     14296.865563     27.205695  1.697017e+05  4.731099e+04   21250.776922   
[MFLOG|0|2023-12-12T00:37:47.268476Z|runtime|0f35ed5f-2b73-44c1-9847-ba4a4fea505c]min         0.000000      0.000000  6.000000e+02  0.000000e+00       0.000000   
[MFLOG|0|2023-12-12T00:37:47.268492Z|runtime|252f7058-0243-4655-9aa6-27d1cc5b2b1f]25%      1235.000000     43.100000  5.000100e+04  2.211000e+04    7500.000000   
[MFLOG|0|2023-12-12T00:37:47.268508Z|runtime|f96289ce-14de-4387-947c-2bb7dfb72a6b]50%      4052.000000     67.100000  1.120710e+05  3.862600e+04   14700.000000   
[MFLOG|0|2023-12-12T00:37:47.268524Z|runtime|0aa944ae-c77f-4b1b-a331-f8bbcd579d81]75%     10868.500000     87.000000  2.498060e+05  6.390300e+04   27600.000000   
[MFLOG|0|2023-12-12T00:37:47.268540Z|runtime|27432605-d281-4118-a5f8-e8863a6e6989]max    373005.000000    161.000000  2.711061e+06  1.094819e+06  560800.000000   
[MFLOG|0|2023-12-12T00:37:47.268556Z|runtime|ddfc6f7a-dab7-4a4d-a607-6d74e478a7cb]
[MFLOG|0|2023-12-12T00:37:47.268572Z|runtime|6139072a-f52a-440a-b00f-f21113babe6f]         totalIlLim  
[MFLOG|0|2023-12-12T00:37:47.268589Z|runtime|830f0ad1-a7ac-45da-836f-5afc6d125333]count  4.999900e+04  
[MFLOG|0|2023-12-12T00:37:47.268605Z|runtime|55d98614-1645-4c36-a539-1999a27605e5]mean   4.244567e+04  
[MFLOG|0|2023-12-12T00:37:47.268622Z|runtime|358a1667-691d-4275-a1e2-504ba21d47b4]std    4.329564e+04  
[MFLOG|0|2023-12-12T00:37:47.268638Z|runtime|0287db8b-6824-4a9e-b42f-b60c6343beee]min    0.000000e+00  
[MFLOG|0|2023-12-12T00:37:47.268654Z|runtime|c938070e-6557-488b-89db-e72502771614]25%    1.500000e+04  
[MFLOG|0|2023-12-12T00:37:47.268670Z|runtime|be69856a-5bd4-494b-9b57-09fbe9ab766f]50%    3.200000e+04  
[MFLOG|0|2023-12-12T00:37:47.268686Z|runtime|4ca2c44c-9a84-4a31-b46f-be8653b3d0a6]75%    5.679400e+04  
[MFLOG|0|2023-12-12T00:37:47.268702Z|runtime|09e672c6-2409-4cc0-91fa-e7198a80dfe9]max    1.027358e+06  
