[MFLOG|0|2023-12-12T21:22:36.800011Z|runtime|73849341-e59f-4d4a-90ae-0c5a59c3385d]    amount        term  rate  payment grade          employment     length  \
[MFLOG|0|2023-12-12T21:22:36.862710Z|runtime|c6d60a63-f0f6-40ed-931e-a268c30a461a]0   8000.0   36 months  0.14   272.07     C       Warehouseman     3 years   
[MFLOG|0|2023-12-12T21:22:36.862839Z|runtime|ca99b692-5c13-42ca-83a4-fa2a141aa91d]1  11000.0   36 months  0.10   354.89     B      Vice President  10+ years   
[MFLOG|0|2023-12-12T21:22:36.862901Z|runtime|af46f4fd-a8ef-4b31-bf1d-bd803ed9c48a]2  35000.0   36 months  0.15  1220.33     D      Owner/Attorney  10+ years   
[MFLOG|0|2023-12-12T21:22:36.862951Z|runtime|b3c91564-4ec0-4d7d-af42-069e13d65fea]3  20000.0   60 months  0.12   447.83     C             Analyst    2 years   
[MFLOG|0|2023-12-12T21:22:36.862991Z|runtime|27540e2d-d1a5-46b0-94bb-e2a532941644]4  12000.0   60 months  0.12   266.88     B  medical technician  10+ years   
[MFLOG|0|2023-12-12T21:22:36.863031Z|runtime|9bd87220-7fb8-4487-b1bb-09ad07e9e8a8]
[MFLOG|0|2023-12-12T21:22:36.863063Z|runtime|3a351a39-f51f-4644-b0c7-90e4be4a9d2a]       home    income         verified       status              reason state  \
[MFLOG|0|2023-12-12T21:22:36.863096Z|runtime|a67ef1de-bb93-4ca1-9d9f-320e9d928c22]0      RENT   49966.0  Source Verified  Charged Off         credit_card    CA   
[MFLOG|0|2023-12-12T21:22:36.863126Z|runtime|2a445725-7b17-495e-bf86-2332f2edd9df]1  MORTGAGE   50000.0     Not Verified   Fully Paid  debt_consolidation    PA   
[MFLOG|0|2023-12-12T21:22:36.863160Z|runtime|2ce1b237-5760-4843-a2d5-5cfe04fa450b]2      RENT  360000.0         Verified      Current  debt_consolidation    CA   
[MFLOG|0|2023-12-12T21:22:36.863189Z|runtime|dc2a641e-e568-4d4d-99cd-a6399091b616]3  MORTGAGE   60000.0  Source Verified   Fully Paid  debt_consolidation    CA   
[MFLOG|0|2023-12-12T21:22:36.863216Z|runtime|c6e13456-b983-4886-b5b5-214a0d019be0]4  MORTGAGE   64000.0  Source Verified      Current  debt_consolidation    NJ   
[MFLOG|0|2023-12-12T21:22:36.863245Z|runtime|7a0bcb77-3e42-4915-aea1-5dcf8c99ad71]
[MFLOG|0|2023-12-12T21:22:36.863275Z|runtime|3292362f-62c8-4887-8ed5-2f2b302ec13a]   debtIncRat  delinq2yr  inq6mth  openAcc  pubRec  revolRatio  totalAcc  \
[MFLOG|0|2023-12-12T21:22:36.863304Z|runtime|440b893a-112e-483d-a040-8750e8ba1399]0       30.05        0.0      0.0     11.0     0.0        0.55      15.0   
[MFLOG|0|2023-12-12T21:22:36.863332Z|runtime|69ac4865-996c-4f06-a0b6-f58526939d36]1        8.74        0.0      2.0     12.0     0.0        0.36      15.0   
[MFLOG|0|2023-12-12T21:22:36.863363Z|runtime|45c61218-d8f9-4fa6-949c-110c0151ec16]2       14.50        0.0      1.0      8.0     0.0        0.83      14.0   
[MFLOG|0|2023-12-12T21:22:36.863390Z|runtime|718d464c-0ccb-4664-ab02-0393b40ce511]3       14.14        0.0      0.0     12.0     3.0        0.01      48.0   
[MFLOG|0|2023-12-12T21:22:36.863419Z|runtime|eff395ab-2275-4f8f-bc18-0ceecae5189a]4        5.14        0.0      0.0      8.0     0.0        0.58      22.0   
[MFLOG|0|2023-12-12T21:22:36.863446Z|runtime|dcf974fd-dbb3-4a94-8a1f-a1bcaf8e5c98]
[MFLOG|0|2023-12-12T21:22:36.863478Z|runtime|1c1689ad-92eb-447e-a29c-e8b79cb374cb]   totalBal  totalRevLim  accOpen24    avgBal   bcOpen  bcRatio  totalLim  \
[MFLOG|0|2023-12-12T21:22:36.863507Z|runtime|b3270745-9ff6-4c1e-8fed-f8de3b888e2d]0   48054.0       8100.0        8.0    4369.0     43.0     95.7   60629.0   
[MFLOG|0|2023-12-12T21:22:36.863538Z|runtime|6dbbef58-95f8-40e0-ab83-99140a0810ef]1  265838.0      33400.0        4.0   22153.0  19756.0     37.5  297500.0   
[MFLOG|0|2023-12-12T21:22:36.863566Z|runtime|d5c316f8-da1e-4d7e-b6e9-024d8993b442]2  850150.0      83000.0        2.0  121450.0   7686.0     83.2  907300.0   
[MFLOG|0|2023-12-12T21:22:36.863599Z|runtime|9a169aa7-0c78-49bd-91bf-3dc53626d2f7]3   20671.0      14200.0        8.0    1723.0  11061.0      1.2   46964.0   
[MFLOG|0|2023-12-12T21:22:36.863628Z|runtime|770b4657-fe62-4485-8f2d-83b8f6bc6126]4  128034.0      14600.0        3.0   18291.0   5904.0     58.4  134600.0   
[MFLOG|0|2023-12-12T21:22:36.863658Z|runtime|bf10c86b-7d19-4442-b366-fbbe4568f139]
[MFLOG|0|2023-12-12T21:22:36.863690Z|runtime|7f1dcfbc-2810-44dc-87a1-ba91e8f583d2]   totalRevBal  totalBcLim  totalIlLim  
[MFLOG|0|2023-12-12T21:22:36.863721Z|runtime|e0dc0b3e-9bb6-43b6-85aa-1a24e6123763]0      48054.0      1000.0     52529.0  
[MFLOG|0|2023-12-12T21:22:36.863750Z|runtime|d2b6f46d-4da9-4730-ac3f-d73dbf95e418]1      11844.0     31600.0         0.0  
[MFLOG|0|2023-12-12T21:22:36.863779Z|runtime|d6d395dc-d2f2-420f-bc6c-f9ceec55c13d]2     173260.0     83000.0    100000.0  
[MFLOG|0|2023-12-12T21:22:36.863809Z|runtime|4a4c9849-079b-4361-8c8d-a9213147e919]3      20671.0     11200.0     32764.0  
[MFLOG|0|2023-12-12T21:22:36.863838Z|runtime|685065c6-2eba-49f5-b923-1761e29b7db1]4       8475.0     14200.0         0.0  
[MFLOG|0|2023-12-12T21:22:36.863867Z|runtime|780a13aa-b3dc-45ac-b354-9021b6316960]Dimensions of the dataset: (50000, 30)
[MFLOG|0|2023-12-12T21:22:36.863898Z|runtime|30c094a3-f1c3-49ce-b70f-511c7d4ce7b2]             amount          rate       payment        income    debtIncRat  \
[MFLOG|0|2023-12-12T21:22:37.195258Z|runtime|ba0b52e5-7766-4ed6-a835-0052c7507ab1]count  49999.000000  49999.000000  49999.000000  4.999900e+04  49999.000000   
[MFLOG|0|2023-12-12T21:22:37.195352Z|runtime|171d71eb-2f2f-49b3-b851-1a8198ebc9cf]mean   15145.527911      0.130407    442.737519  7.617379e+04     18.731157   
[MFLOG|0|2023-12-12T21:22:37.195382Z|runtime|d7e2310d-e3cd-4cba-819a-5aa4d3bbbce5]std     8527.772776      0.044192    244.835744  6.523503e+04      8.444506   
[MFLOG|0|2023-12-12T21:22:37.195408Z|runtime|2176a049-a710-462e-af28-a102cf79e50a]min     1000.000000      0.050000     30.540000  4.000000e+03      0.000000   
[MFLOG|0|2023-12-12T21:22:37.195432Z|runtime|ffa8ddfd-dd31-4f83-b5ae-f4790c9b08f3]25%     8500.000000      0.100000    265.840000  4.623850e+04     12.390000   
[MFLOG|0|2023-12-12T21:22:37.195457Z|runtime|154e7db0-ffd8-4ede-a4c9-d1a9c85bc44d]50%    13800.000000      0.130000    385.790000  6.500000e+04     18.210000   
[MFLOG|0|2023-12-12T21:22:37.195482Z|runtime|f23124d2-fce4-4f94-9738-0330e190fd38]75%    20000.000000      0.160000    578.680000  9.000000e+04     24.730000   
[MFLOG|0|2023-12-12T21:22:37.195506Z|runtime|d4238564-bca0-42d1-8f65-eeef573ce08b]max    35000.000000      0.290000   1407.010000  7.446395e+06     61.210000   
[MFLOG|0|2023-12-12T21:22:37.195531Z|runtime|ebb9c16a-3367-4b1a-b13b-0af8e546ff14]
[MFLOG|0|2023-12-12T21:22:37.195556Z|runtime|dbfe9069-9d7e-49a3-8b68-9a11981b5222]          delinq2yr       inq6mth       openAcc        pubRec    revolRatio  \
[MFLOG|0|2023-12-12T21:22:37.195580Z|runtime|94534b3f-3d06-493e-8ab4-80399899c658]count  49999.000000  49999.000000  49999.000000  49999.000000  49981.000000   
[MFLOG|0|2023-12-12T21:22:37.195604Z|runtime|e3afbeab-2da4-4d35-8e64-bef8aab4460d]mean       0.346167      0.639553     11.849217      0.232925      0.546419   
[MFLOG|0|2023-12-12T21:22:37.195628Z|runtime|0fe9e24c-6a5a-4458-a3bd-3e5b93e3a96a]std        0.907636      0.938869      5.524801      0.624342      0.236451   
[MFLOG|0|2023-12-12T21:22:37.195653Z|runtime|861b9505-27a3-4ebb-9112-cf0685c76426]min        0.000000      0.000000      1.000000      0.000000      0.000000   
[MFLOG|0|2023-12-12T21:22:37.195677Z|runtime|8d58de5b-e0fe-459f-b64e-5a052e77683f]25%        0.000000      0.000000      8.000000      0.000000      0.370000   
[MFLOG|0|2023-12-12T21:22:37.195701Z|runtime|7f3d177a-39c6-4ed0-a1ca-20ab6296ae78]50%        0.000000      0.000000     11.000000      0.000000      0.550000   
[MFLOG|0|2023-12-12T21:22:37.195725Z|runtime|726fa4ed-0e85-4d45-a4d0-acc0cdc5ea41]75%        0.000000      1.000000     15.000000      0.000000      0.730000   
[MFLOG|0|2023-12-12T21:22:37.195749Z|runtime|3a3631b8-6f11-449e-b0d3-5aa57c93b339]max       15.000000      6.000000     76.000000     28.000000      1.670000   
[MFLOG|0|2023-12-12T21:22:37.195773Z|runtime|895146dd-3cc8-4719-b8b9-c8d048172254]
[MFLOG|0|2023-12-12T21:22:37.195798Z|runtime|f5f46c3a-f8ae-4ef4-aaaf-9a282de2f20e]           totalAcc      totalBal   totalRevLim     accOpen24         avgBal  \
[MFLOG|0|2023-12-12T21:22:37.195822Z|runtime|c7fa849c-9ca4-4298-b24c-7ccac734ba52]count  49999.000000  4.999900e+04  4.999900e+04  49999.000000   49999.000000   
[MFLOG|0|2023-12-12T21:22:37.195846Z|runtime|5d96c15e-98a3-4514-9a25-8a220bfda936]mean      25.749595  1.397782e+05  3.243594e+04      4.557831   13189.526651   
[MFLOG|0|2023-12-12T21:22:37.195870Z|runtime|0bb831cc-34a0-4110-b785-d5f932d14544]std       12.097421  1.526384e+05  3.269753e+04      3.079680   15561.787118   
[MFLOG|0|2023-12-12T21:22:37.195894Z|runtime|2be56ffe-0781-4282-a3f7-3cce48654e3e]min        3.000000  0.000000e+00  0.000000e+00      0.000000       0.000000   
[MFLOG|0|2023-12-12T21:22:37.195918Z|runtime|8777866c-8f02-43bb-a618-9280baf335d7]25%       17.000000  3.061900e+04  1.400000e+04      2.000000    3170.000000   
[MFLOG|0|2023-12-12T21:22:37.195943Z|runtime|e98a99e0-4ac3-4c3c-ab79-a652c8248fa8]50%       24.000000  8.107300e+04  2.400000e+04      4.000000    7356.000000   
[MFLOG|0|2023-12-12T21:22:37.195967Z|runtime|eb8b9945-ebf5-47ac-8624-8f5bd23250bf]75%       33.000000  2.094385e+05  4.030000e+04      6.000000   18223.500000   
[MFLOG|0|2023-12-12T21:22:37.195990Z|runtime|2bed90e4-be18-43af-9ddf-4edcdeee86dd]max      162.000000  2.552960e+06  1.060800e+06     50.000000  358652.000000   
[MFLOG|0|2023-12-12T21:22:37.196014Z|runtime|e1826b7d-e88c-4780-94da-d0ec438e941d]
[MFLOG|0|2023-12-12T21:22:37.196038Z|runtime|40a8ce22-c333-4e99-826a-2ed134606be2]              bcOpen       bcRatio      totalLim   totalRevBal     totalBcLim  \
[MFLOG|0|2023-12-12T21:22:37.196062Z|runtime|078fb8a3-55c5-4ffd-8a09-095c9285ee9d]count   49511.000000  49479.000000  4.999900e+04  4.999900e+04   49999.000000   
[MFLOG|0|2023-12-12T21:22:37.196085Z|runtime|f51b6abb-ebb2-4aa7-b3ec-bb54525abb32]mean     9154.930945     63.188468  1.718866e+05  5.088178e+04   21190.290466   
[MFLOG|0|2023-12-12T21:22:37.196109Z|runtime|b8680a75-409b-4e5e-9e5a-eadf3e4646d4]std     14296.865563     27.205695  1.697017e+05  4.731099e+04   21250.776922   
[MFLOG|0|2023-12-12T21:22:37.196134Z|runtime|f846248a-87af-4486-b8e1-23e130e88ff3]min         0.000000      0.000000  6.000000e+02  0.000000e+00       0.000000   
[MFLOG|0|2023-12-12T21:22:37.196158Z|runtime|8204af94-c80a-4a38-b4a3-5f8c9b73615f]25%      1235.000000     43.100000  5.000100e+04  2.211000e+04    7500.000000   
[MFLOG|0|2023-12-12T21:22:37.196181Z|runtime|25bed542-f732-4496-9bc6-9c95f31cac36]50%      4052.000000     67.100000  1.120710e+05  3.862600e+04   14700.000000   
[MFLOG|0|2023-12-12T21:22:37.196205Z|runtime|4af7573d-43e5-428a-b481-eed7e863518b]75%     10868.500000     87.000000  2.498060e+05  6.390300e+04   27600.000000   
[MFLOG|0|2023-12-12T21:22:37.196229Z|runtime|594bdae8-4dc8-4218-8738-a1921c601144]max    373005.000000    161.000000  2.711061e+06  1.094819e+06  560800.000000   
[MFLOG|0|2023-12-12T21:22:37.196253Z|runtime|f36561d6-3ae8-480e-a0ed-04376b378905]
[MFLOG|0|2023-12-12T21:22:37.196277Z|runtime|58324a07-8045-4922-9169-03cae064d965]         totalIlLim  
[MFLOG|0|2023-12-12T21:22:37.196303Z|runtime|b7cf4eb4-e8ff-4a97-bf46-f43fd65d6142]count  4.999900e+04  
[MFLOG|0|2023-12-12T21:22:37.196329Z|runtime|f05c9e94-3fd5-465a-9235-e9f59ed9e633]mean   4.244567e+04  
[MFLOG|0|2023-12-12T21:22:37.196355Z|runtime|46c5e8a3-9833-4e67-819c-8bbc6efde6de]std    4.329564e+04  
[MFLOG|0|2023-12-12T21:22:37.196379Z|runtime|3e4e0797-ddd1-41d0-b0e8-f50952f5c9d1]min    0.000000e+00  
[MFLOG|0|2023-12-12T21:22:37.196404Z|runtime|b030bd21-cdf8-486a-b17d-6f9a9e0b1ed0]25%    1.500000e+04  
[MFLOG|0|2023-12-12T21:22:37.196427Z|runtime|555e3b66-dac1-48b8-84eb-fe4a62b194a4]50%    3.200000e+04  
[MFLOG|0|2023-12-12T21:22:37.196451Z|runtime|87f6270a-0337-4e38-8f6e-5edae3e0659b]75%    5.679400e+04  
[MFLOG|0|2023-12-12T21:22:37.196475Z|runtime|2099583c-918f-4b0f-9bb5-42fa9f9f97a3]max    1.027358e+06  
