[MFLOG|0|2023-12-12T00:50:07.317181Z|runtime|0837efdc-4d80-4e44-a0dd-d44058b2fc73]    amount        term  rate  payment grade          employment     length  \
[MFLOG|0|2023-12-12T00:50:07.358457Z|runtime|d0489530-05c7-430a-8c35-8e7571ff0e72]0   8000.0   36 months  0.14   272.07     C       Warehouseman     3 years   
[MFLOG|0|2023-12-12T00:50:07.358567Z|runtime|98877467-4c66-41bf-a639-2ac76488b881]1  11000.0   36 months  0.10   354.89     B      Vice President  10+ years   
[MFLOG|0|2023-12-12T00:50:07.358613Z|runtime|52b0a359-3226-4215-bd15-e606eefea8f0]2  35000.0   36 months  0.15  1220.33     D      Owner/Attorney  10+ years   
[MFLOG|0|2023-12-12T00:50:07.358659Z|runtime|80977208-469a-4333-bc1f-768cad9dec9b]3  20000.0   60 months  0.12   447.83     C             Analyst    2 years   
[MFLOG|0|2023-12-12T00:50:07.358689Z|runtime|1ae4935f-7318-42f0-9a53-bd973d071704]4  12000.0   60 months  0.12   266.88     B  medical technician  10+ years   
[MFLOG|0|2023-12-12T00:50:07.358714Z|runtime|a6b23ac0-7b2a-43f1-83aa-e88cd70f314b]
[MFLOG|0|2023-12-12T00:50:07.358740Z|runtime|2828e5a0-5e93-49b0-9cd5-47c3132b6cd0]       home    income         verified       status              reason state  \
[MFLOG|0|2023-12-12T00:50:07.358761Z|runtime|dd60995b-cd5f-4b29-8c68-88e06f5bcfae]0      RENT   49966.0  Source Verified  Charged Off         credit_card    CA   
[MFLOG|0|2023-12-12T00:50:07.358782Z|runtime|cae89c16-2374-4136-b5bb-1d8d8ca1b11e]1  MORTGAGE   50000.0     Not Verified   Fully Paid  debt_consolidation    PA   
[MFLOG|0|2023-12-12T00:50:07.358801Z|runtime|c38578de-70ad-4850-87f0-99e46f6e605f]2      RENT  360000.0         Verified      Current  debt_consolidation    CA   
[MFLOG|0|2023-12-12T00:50:07.358824Z|runtime|dc3e64f2-cb73-4769-a5d6-06cd5922c724]3  MORTGAGE   60000.0  Source Verified   Fully Paid  debt_consolidation    CA   
[MFLOG|0|2023-12-12T00:50:07.358845Z|runtime|7d6ae858-48df-47fd-9bda-8e903e256660]4  MORTGAGE   64000.0  Source Verified      Current  debt_consolidation    NJ   
[MFLOG|0|2023-12-12T00:50:07.358867Z|runtime|60d58700-5484-4fec-bfc8-a84674af1f3a]
[MFLOG|0|2023-12-12T00:50:07.358885Z|runtime|20173f01-9b1a-4756-804b-d1cb364140c8]   debtIncRat  delinq2yr  inq6mth  openAcc  pubRec  revolRatio  totalAcc  \
[MFLOG|0|2023-12-12T00:50:07.358904Z|runtime|b455a20d-e6f7-468d-a63c-80a7c6d1c4fd]0       30.05        0.0      0.0     11.0     0.0        0.55      15.0   
[MFLOG|0|2023-12-12T00:50:07.358922Z|runtime|386ce8cc-85cf-4cf8-9694-06b26320e341]1        8.74        0.0      2.0     12.0     0.0        0.36      15.0   
[MFLOG|0|2023-12-12T00:50:07.358940Z|runtime|41391b55-fae4-4316-95b1-93e990d53179]2       14.50        0.0      1.0      8.0     0.0        0.83      14.0   
[MFLOG|0|2023-12-12T00:50:07.358958Z|runtime|989b1f1a-807f-4756-b43b-c3b7d74ba6de]3       14.14        0.0      0.0     12.0     3.0        0.01      48.0   
[MFLOG|0|2023-12-12T00:50:07.358978Z|runtime|3c5a9fbb-1e54-4b45-a8ef-5fd1b7fdeaf0]4        5.14        0.0      0.0      8.0     0.0        0.58      22.0   
[MFLOG|0|2023-12-12T00:50:07.359204Z|runtime|0d06ef51-2326-4c17-b4fd-e5c11efcd083]
[MFLOG|0|2023-12-12T00:50:07.359264Z|runtime|fe4a3058-cc6a-455a-92dd-f2eb51955e05]   totalBal  totalRevLim  accOpen24    avgBal   bcOpen  bcRatio  totalLim  \
[MFLOG|0|2023-12-12T00:50:07.359294Z|runtime|aaf8559c-fa02-4e23-b56d-04b4e7f5cf1c]0   48054.0       8100.0        8.0    4369.0     43.0     95.7   60629.0   
[MFLOG|0|2023-12-12T00:50:07.359317Z|runtime|c6d9133b-1b4f-44da-b2d9-49381cd27950]1  265838.0      33400.0        4.0   22153.0  19756.0     37.5  297500.0   
[MFLOG|0|2023-12-12T00:50:07.359339Z|runtime|411df03a-4e9c-4066-a8f4-8184880abdd9]2  850150.0      83000.0        2.0  121450.0   7686.0     83.2  907300.0   
[MFLOG|0|2023-12-12T00:50:07.359359Z|runtime|96cb1926-babd-44bc-b118-e617ff8808df]3   20671.0      14200.0        8.0    1723.0  11061.0      1.2   46964.0   
[MFLOG|0|2023-12-12T00:50:07.359380Z|runtime|631fca00-6d02-44ca-aec6-c0d5d367fcb5]4  128034.0      14600.0        3.0   18291.0   5904.0     58.4  134600.0   
[MFLOG|0|2023-12-12T00:50:07.359404Z|runtime|ee5f75f5-8412-4cef-b859-9f6a2fd51b42]
[MFLOG|0|2023-12-12T00:50:07.359424Z|runtime|f06cbae1-758e-4cce-ac28-0fc98fbb04ef]   totalRevBal  totalBcLim  totalIlLim  
[MFLOG|0|2023-12-12T00:50:07.359447Z|runtime|1627c748-af80-4a2a-94b2-4fd6b8001221]0      48054.0      1000.0     52529.0  
[MFLOG|0|2023-12-12T00:50:07.359467Z|runtime|822694d0-d7aa-4efa-a092-5ad536ef7a82]1      11844.0     31600.0         0.0  
[MFLOG|0|2023-12-12T00:50:07.359487Z|runtime|4968255c-bfbf-4da6-917f-6864f0c0f583]2     173260.0     83000.0    100000.0  
[MFLOG|0|2023-12-12T00:50:07.359509Z|runtime|ed19064b-ab9a-4c23-82d8-03878b62cc8d]3      20671.0     11200.0     32764.0  
[MFLOG|0|2023-12-12T00:50:07.359528Z|runtime|dc1faa03-403b-4c55-9253-273c34fe20d3]4       8475.0     14200.0         0.0  
[MFLOG|0|2023-12-12T00:50:07.359547Z|runtime|d9c52d66-6bab-48c6-968d-3cc416a885aa]Dimensions of the dataset: (50000, 30)
[MFLOG|0|2023-12-12T00:50:07.359570Z|runtime|d7ef7394-48e5-44f1-b884-28fe399bfd4c]             amount          rate       payment        income    debtIncRat  \
[MFLOG|0|2023-12-12T00:50:07.622835Z|runtime|8f86364d-2c67-4540-a747-30edbfd0ad99]count  49999.000000  49999.000000  49999.000000  4.999900e+04  49999.000000   
[MFLOG|0|2023-12-12T00:50:07.622928Z|runtime|aa47f06e-eabb-4452-8d9e-26534162139a]mean   15145.527911      0.130407    442.737519  7.617379e+04     18.731157   
[MFLOG|0|2023-12-12T00:50:07.622951Z|runtime|b851ef7e-f12a-42cf-a475-1d34833b1ce1]std     8527.772776      0.044192    244.835744  6.523503e+04      8.444506   
[MFLOG|0|2023-12-12T00:50:07.622969Z|runtime|31954242-df51-40b3-b90a-17c64a0abbec]min     1000.000000      0.050000     30.540000  4.000000e+03      0.000000   
[MFLOG|0|2023-12-12T00:50:07.622986Z|runtime|78661b30-0407-40f0-88ab-0fc37fae8036]25%     8500.000000      0.100000    265.840000  4.623850e+04     12.390000   
[MFLOG|0|2023-12-12T00:50:07.623005Z|runtime|725691b1-2091-4944-b467-71e4ff703330]50%    13800.000000      0.130000    385.790000  6.500000e+04     18.210000   
[MFLOG|0|2023-12-12T00:50:07.623028Z|runtime|11f8eda1-ba8e-448a-a27d-6d13e282e602]75%    20000.000000      0.160000    578.680000  9.000000e+04     24.730000   
[MFLOG|0|2023-12-12T00:50:07.623044Z|runtime|b1272f17-428d-48b5-989c-461e4b206c3a]max    35000.000000      0.290000   1407.010000  7.446395e+06     61.210000   
[MFLOG|0|2023-12-12T00:50:07.623060Z|runtime|172fc2ed-1887-49e5-bffa-8a2855ea3830]
[MFLOG|0|2023-12-12T00:50:07.623076Z|runtime|d18986b5-0f8e-4217-9445-f167f9369d5e]          delinq2yr       inq6mth       openAcc        pubRec    revolRatio  \
[MFLOG|0|2023-12-12T00:50:07.623092Z|runtime|9e057b2e-9bdf-4eca-aaa2-6baaa11bbe90]count  49999.000000  49999.000000  49999.000000  49999.000000  49981.000000   
[MFLOG|0|2023-12-12T00:50:07.623108Z|runtime|ec9372e7-d92f-4a69-bf6d-c0b14a6315f6]mean       0.346167      0.639553     11.849217      0.232925      0.546419   
[MFLOG|0|2023-12-12T00:50:07.623124Z|runtime|3297f67b-41e5-4b48-85e8-59e4ee7831e1]std        0.907636      0.938869      5.524801      0.624342      0.236451   
[MFLOG|0|2023-12-12T00:50:07.623140Z|runtime|76613daf-cd15-4b76-b260-7738e22049d2]min        0.000000      0.000000      1.000000      0.000000      0.000000   
[MFLOG|0|2023-12-12T00:50:07.623156Z|runtime|f576f1a9-fd31-443a-9d3f-3a417a3f0b6a]25%        0.000000      0.000000      8.000000      0.000000      0.370000   
[MFLOG|0|2023-12-12T00:50:07.623172Z|runtime|2145e51b-3fa5-4c26-868a-a897147e6992]50%        0.000000      0.000000     11.000000      0.000000      0.550000   
[MFLOG|0|2023-12-12T00:50:07.623187Z|runtime|9addab49-7153-4dbc-a1fe-2d62041d361d]75%        0.000000      1.000000     15.000000      0.000000      0.730000   
[MFLOG|0|2023-12-12T00:50:07.623202Z|runtime|7da5b951-0b96-4411-9687-67fe8e2dbd5c]max       15.000000      6.000000     76.000000     28.000000      1.670000   
[MFLOG|0|2023-12-12T00:50:07.623218Z|runtime|78b1facf-220a-431c-b6b8-692f4661e614]
[MFLOG|0|2023-12-12T00:50:07.623236Z|runtime|276454bf-f067-43eb-bc82-bb8c082f024a]           totalAcc      totalBal   totalRevLim     accOpen24         avgBal  \
[MFLOG|0|2023-12-12T00:50:07.623252Z|runtime|3f1332bc-64bd-43f9-b8f6-577becf34783]count  49999.000000  4.999900e+04  4.999900e+04  49999.000000   49999.000000   
[MFLOG|0|2023-12-12T00:50:07.623269Z|runtime|8ebc2319-a42f-442d-9368-a462185b8843]mean      25.749595  1.397782e+05  3.243594e+04      4.557831   13189.526651   
[MFLOG|0|2023-12-12T00:50:07.623285Z|runtime|d5cec8e6-d1f7-4008-89c4-568d7effcce1]std       12.097421  1.526384e+05  3.269753e+04      3.079680   15561.787118   
[MFLOG|0|2023-12-12T00:50:07.623301Z|runtime|4147b4db-7a59-45d0-80cb-3cf37b21f8ff]min        3.000000  0.000000e+00  0.000000e+00      0.000000       0.000000   
[MFLOG|0|2023-12-12T00:50:07.623316Z|runtime|27826dad-4228-4de0-af69-de0398ae3d53]25%       17.000000  3.061900e+04  1.400000e+04      2.000000    3170.000000   
[MFLOG|0|2023-12-12T00:50:07.623333Z|runtime|b76b553a-420a-4e0b-827f-06b20f478162]50%       24.000000  8.107300e+04  2.400000e+04      4.000000    7356.000000   
[MFLOG|0|2023-12-12T00:50:07.623350Z|runtime|e8a156ea-12df-476c-823c-dfb6b84a9591]75%       33.000000  2.094385e+05  4.030000e+04      6.000000   18223.500000   
[MFLOG|0|2023-12-12T00:50:07.623365Z|runtime|d6d4d4e2-332d-46f4-b187-c65a5d4589e3]max      162.000000  2.552960e+06  1.060800e+06     50.000000  358652.000000   
[MFLOG|0|2023-12-12T00:50:07.623381Z|runtime|0d3129df-db7d-47b5-b1b0-963d7455d48d]
[MFLOG|0|2023-12-12T00:50:07.623396Z|runtime|3515134a-1132-4f6b-973b-8077c9bdd26b]              bcOpen       bcRatio      totalLim   totalRevBal     totalBcLim  \
[MFLOG|0|2023-12-12T00:50:07.623412Z|runtime|5c9c67a3-da35-4699-91e2-44199ed5120f]count   49511.000000  49479.000000  4.999900e+04  4.999900e+04   49999.000000   
[MFLOG|0|2023-12-12T00:50:07.623428Z|runtime|fd3c6427-10ba-4176-b264-9e82feb53275]mean     9154.930945     63.188468  1.718866e+05  5.088178e+04   21190.290466   
[MFLOG|0|2023-12-12T00:50:07.623444Z|runtime|b1f90cb4-46a1-413e-a051-81420e150944]std     14296.865563     27.205695  1.697017e+05  4.731099e+04   21250.776922   
[MFLOG|0|2023-12-12T00:50:07.623460Z|runtime|574da3e2-4d32-4eff-a45d-c8f1073fdd94]min         0.000000      0.000000  6.000000e+02  0.000000e+00       0.000000   
[MFLOG|0|2023-12-12T00:50:07.623476Z|runtime|1e37ff02-f2c7-4686-9f3d-00c5c009f63b]25%      1235.000000     43.100000  5.000100e+04  2.211000e+04    7500.000000   
[MFLOG|0|2023-12-12T00:50:07.623491Z|runtime|5dfeec64-4149-4815-85c9-306f6e047076]50%      4052.000000     67.100000  1.120710e+05  3.862600e+04   14700.000000   
[MFLOG|0|2023-12-12T00:50:07.623507Z|runtime|2fae0386-e717-4ff5-845b-ec3f51d946cb]75%     10868.500000     87.000000  2.498060e+05  6.390300e+04   27600.000000   
[MFLOG|0|2023-12-12T00:50:07.623523Z|runtime|671d7973-0822-4da9-96e2-1c19f20863ef]max    373005.000000    161.000000  2.711061e+06  1.094819e+06  560800.000000   
[MFLOG|0|2023-12-12T00:50:07.623539Z|runtime|1f55dfc8-21c5-412c-88db-128451abecbc]
[MFLOG|0|2023-12-12T00:50:07.623555Z|runtime|a9712f8b-de4d-498d-bfba-28b90a251203]         totalIlLim  
[MFLOG|0|2023-12-12T00:50:07.623575Z|runtime|4047ddaa-f7bb-49a3-a6b4-e6c5697857bc]count  4.999900e+04  
[MFLOG|0|2023-12-12T00:50:07.623592Z|runtime|5d5d3fca-62b4-4460-bea7-ed277e661ef0]mean   4.244567e+04  
[MFLOG|0|2023-12-12T00:50:07.623609Z|runtime|9843a393-9ced-4ade-8ab6-d7bded988ce5]std    4.329564e+04  
[MFLOG|0|2023-12-12T00:50:07.623627Z|runtime|80214a77-e063-4a0c-b941-fb29465ccf5b]min    0.000000e+00  
[MFLOG|0|2023-12-12T00:50:07.623643Z|runtime|c0e27b4f-741f-4a20-834d-03079b4dcd18]25%    1.500000e+04  
[MFLOG|0|2023-12-12T00:50:07.623661Z|runtime|bf1aabf7-ee4c-4ff4-9e9f-5a19c1b9a279]50%    3.200000e+04  
[MFLOG|0|2023-12-12T00:50:07.623678Z|runtime|d2cec9c6-05a2-4805-8a64-b25e7623b801]75%    5.679400e+04  
[MFLOG|0|2023-12-12T00:50:07.623694Z|runtime|9d060242-0882-40db-b2a6-2b1ba177e9dc]max    1.027358e+06  
