[MFLOG|0|2023-12-12T22:19:06.114681Z|runtime|42cd5904-be0e-40ad-aa4e-54e13f3b3b21]    amount        term  rate  payment grade          employment     length  \
[MFLOG|0|2023-12-12T22:19:06.154189Z|runtime|652ca5da-a4aa-4793-a2e4-34994776616f]0   8000.0   36 months  0.14   272.07     C       Warehouseman     3 years   
[MFLOG|0|2023-12-12T22:19:06.154348Z|runtime|1c0dd75a-dc4a-4857-a4da-3d2821afad84]1  11000.0   36 months  0.10   354.89     B      Vice President  10+ years   
[MFLOG|0|2023-12-12T22:19:06.154397Z|runtime|bbc41b80-ca09-4d48-86da-b4bcae81cc3e]2  35000.0   36 months  0.15  1220.33     D      Owner/Attorney  10+ years   
[MFLOG|0|2023-12-12T22:19:06.154431Z|runtime|28bab611-fd53-4f27-92a7-bc16aea6b59d]3  20000.0   60 months  0.12   447.83     C             Analyst    2 years   
[MFLOG|0|2023-12-12T22:19:06.154457Z|runtime|4316abab-cad5-4dc2-94c0-557794a016d2]4  12000.0   60 months  0.12   266.88     B  medical technician  10+ years   
[MFLOG|0|2023-12-12T22:19:06.154479Z|runtime|1653af6f-5f6a-480d-bcd4-087442ca0b4e]
[MFLOG|0|2023-12-12T22:19:06.154518Z|runtime|c9aba97d-6569-4bc9-a0f5-05ebf19c6f3e]       home    income         verified       status              reason state  \
[MFLOG|0|2023-12-12T22:19:06.154542Z|runtime|16dce0aa-50d4-4f3a-b7b9-9a0da2a6e326]0      RENT   49966.0  Source Verified  Charged Off         credit_card    CA   
[MFLOG|0|2023-12-12T22:19:06.154723Z|runtime|a0fc2d0e-9b04-4435-9637-1c85cdea2c41]1  MORTGAGE   50000.0     Not Verified   Fully Paid  debt_consolidation    PA   
[MFLOG|0|2023-12-12T22:19:06.154761Z|runtime|64e1d1b4-1a74-4ef8-8867-16d5a2f494a6]2      RENT  360000.0         Verified      Current  debt_consolidation    CA   
[MFLOG|0|2023-12-12T22:19:06.154786Z|runtime|17712a8f-71d1-4d15-a189-e2828f24b569]3  MORTGAGE   60000.0  Source Verified   Fully Paid  debt_consolidation    CA   
[MFLOG|0|2023-12-12T22:19:06.154811Z|runtime|e2262f06-84ec-441b-9283-0e85b6c98b7f]4  MORTGAGE   64000.0  Source Verified      Current  debt_consolidation    NJ   
[MFLOG|0|2023-12-12T22:19:06.154887Z|runtime|f508542a-d529-4ac8-ba15-85c37045fa73]
[MFLOG|0|2023-12-12T22:19:06.154914Z|runtime|ea431550-ec1f-44c2-b555-577039010535]   debtIncRat  delinq2yr  inq6mth  openAcc  pubRec  revolRatio  totalAcc  \
[MFLOG|0|2023-12-12T22:19:06.154936Z|runtime|2c138969-e6ef-4d97-9b9e-11d5bcdae757]0       30.05        0.0      0.0     11.0     0.0        0.55      15.0   
[MFLOG|0|2023-12-12T22:19:06.155012Z|runtime|3d2dadeb-fd92-41e6-8426-b2cd4e0c1fa1]1        8.74        0.0      2.0     12.0     0.0        0.36      15.0   
[MFLOG|0|2023-12-12T22:19:06.155035Z|runtime|cef56d34-04cf-4233-9987-3cee3e1fdd84]2       14.50        0.0      1.0      8.0     0.0        0.83      14.0   
[MFLOG|0|2023-12-12T22:19:06.155061Z|runtime|c1057950-8d0b-4bb9-88e7-e72e09505869]3       14.14        0.0      0.0     12.0     3.0        0.01      48.0   
[MFLOG|0|2023-12-12T22:19:06.155087Z|runtime|cc05a943-426a-4ba5-a894-c350eb41d3f3]4        5.14        0.0      0.0      8.0     0.0        0.58      22.0   
[MFLOG|0|2023-12-12T22:19:06.155107Z|runtime|c09ce840-4375-472e-8942-1070693bbffa]
[MFLOG|0|2023-12-12T22:19:06.155127Z|runtime|2f45834a-8295-4bbd-bf8c-7f6c39a2e91e]   totalBal  totalRevLim  accOpen24    avgBal   bcOpen  bcRatio  totalLim  \
[MFLOG|0|2023-12-12T22:19:06.155147Z|runtime|990cdcf8-f1f3-4e22-8ff4-de51903e4e96]0   48054.0       8100.0        8.0    4369.0     43.0     95.7   60629.0   
[MFLOG|0|2023-12-12T22:19:06.155170Z|runtime|7e154639-37cf-4368-847c-f05b5fb2a26b]1  265838.0      33400.0        4.0   22153.0  19756.0     37.5  297500.0   
[MFLOG|0|2023-12-12T22:19:06.155193Z|runtime|0530972c-fedd-4629-aa95-a7d67c4145dd]2  850150.0      83000.0        2.0  121450.0   7686.0     83.2  907300.0   
[MFLOG|0|2023-12-12T22:19:06.155255Z|runtime|a4be2294-514b-43b9-a1a1-3b7ab2d24a90]3   20671.0      14200.0        8.0    1723.0  11061.0      1.2   46964.0   
[MFLOG|0|2023-12-12T22:19:06.155281Z|runtime|c791e726-2e11-4f2c-8820-bf72d8a0f098]4  128034.0      14600.0        3.0   18291.0   5904.0     58.4  134600.0   
[MFLOG|0|2023-12-12T22:19:06.155305Z|runtime|a4fb9f44-92ec-42b6-aedf-667e5ad15078]
[MFLOG|0|2023-12-12T22:19:06.155328Z|runtime|788eb04c-0267-4f27-b6dc-35c853e83609]   totalRevBal  totalBcLim  totalIlLim  
[MFLOG|0|2023-12-12T22:19:06.155390Z|runtime|70cbf0b2-7985-464e-be9e-67bd8b2b94f5]0      48054.0      1000.0     52529.0  
[MFLOG|0|2023-12-12T22:19:06.155467Z|runtime|64078780-244b-466d-8eba-0c6d8086056b]1      11844.0     31600.0         0.0  
[MFLOG|0|2023-12-12T22:19:06.155525Z|runtime|53811bc1-79b9-492d-bfd6-98e57281ad9a]2     173260.0     83000.0    100000.0  
[MFLOG|0|2023-12-12T22:19:06.155556Z|runtime|ca2b0a55-39a7-4643-9e71-97d77ec77ba5]3      20671.0     11200.0     32764.0  
[MFLOG|0|2023-12-12T22:19:06.155583Z|runtime|f9d1423b-fff1-4664-80b3-b6670e4e3807]4       8475.0     14200.0         0.0  
[MFLOG|0|2023-12-12T22:19:06.155605Z|runtime|62447396-0cb0-4596-b74a-cf73643eff7b]Dimensions of the dataset: (50000, 30)
[MFLOG|0|2023-12-12T22:19:06.155628Z|runtime|e89bf481-ca51-4300-9874-01a8b89154b7]             amount          rate       payment        income    debtIncRat  \
[MFLOG|0|2023-12-12T22:19:06.412129Z|runtime|c420a948-d8f3-4836-8503-fca91e8d96b9]count  49999.000000  49999.000000  49999.000000  4.999900e+04  49999.000000   
[MFLOG|0|2023-12-12T22:19:06.412219Z|runtime|e67a66cc-7657-4db3-b5cf-24793e73f68e]mean   15145.527911      0.130407    442.737519  7.617379e+04     18.731157   
[MFLOG|0|2023-12-12T22:19:06.412241Z|runtime|23ebf500-b85d-4cb8-8bbd-337ba8ec423f]std     8527.772776      0.044192    244.835744  6.523503e+04      8.444506   
[MFLOG|0|2023-12-12T22:19:06.412258Z|runtime|40410870-1d1e-4584-b0f4-47beded2ab4d]min     1000.000000      0.050000     30.540000  4.000000e+03      0.000000   
[MFLOG|0|2023-12-12T22:19:06.412280Z|runtime|a540d7fe-c3cd-4902-899e-c4f50c60e971]25%     8500.000000      0.100000    265.840000  4.623850e+04     12.390000   
[MFLOG|0|2023-12-12T22:19:06.412300Z|runtime|ab4bb91b-d837-4c15-bed7-3d03f98ec0f2]50%    13800.000000      0.130000    385.790000  6.500000e+04     18.210000   
[MFLOG|0|2023-12-12T22:19:06.412317Z|runtime|c1a0d699-b987-4254-b6d4-065199b6e2da]75%    20000.000000      0.160000    578.680000  9.000000e+04     24.730000   
[MFLOG|0|2023-12-12T22:19:06.412334Z|runtime|25b29403-b7fb-4299-b22c-b5f322e13c85]max    35000.000000      0.290000   1407.010000  7.446395e+06     61.210000   
[MFLOG|0|2023-12-12T22:19:06.412349Z|runtime|d75c4d8c-11c2-4444-adbd-88c2d0a4eee8]
[MFLOG|0|2023-12-12T22:19:06.412365Z|runtime|f4c2a37b-6625-498b-a53c-345f3d0de9f9]          delinq2yr       inq6mth       openAcc        pubRec    revolRatio  \
[MFLOG|0|2023-12-12T22:19:06.412389Z|runtime|609f8d70-76fb-4acc-a10c-7ccee2de0477]count  49999.000000  49999.000000  49999.000000  49999.000000  49981.000000   
[MFLOG|0|2023-12-12T22:19:06.412406Z|runtime|7211885f-c970-4e26-90d5-549e27da34ab]mean       0.346167      0.639553     11.849217      0.232925      0.546419   
[MFLOG|0|2023-12-12T22:19:06.412422Z|runtime|f1667bba-e007-49cf-b9b6-a774150ef492]std        0.907636      0.938869      5.524801      0.624342      0.236451   
[MFLOG|0|2023-12-12T22:19:06.412439Z|runtime|f1a54a1d-2d40-4a9d-a9ed-66a7e02df704]min        0.000000      0.000000      1.000000      0.000000      0.000000   
[MFLOG|0|2023-12-12T22:19:06.412460Z|runtime|87a889d2-a387-49c6-929e-f2927a6b2a95]25%        0.000000      0.000000      8.000000      0.000000      0.370000   
[MFLOG|0|2023-12-12T22:19:06.412477Z|runtime|e43a1b6b-bc07-4e70-b78e-addbd18d9859]50%        0.000000      0.000000     11.000000      0.000000      0.550000   
[MFLOG|0|2023-12-12T22:19:06.412494Z|runtime|627711d4-16fb-4320-86d9-0d9fe2a6af32]75%        0.000000      1.000000     15.000000      0.000000      0.730000   
[MFLOG|0|2023-12-12T22:19:06.412510Z|runtime|b31efa4d-9e9c-4c27-89b5-b59e346ae46f]max       15.000000      6.000000     76.000000     28.000000      1.670000   
[MFLOG|0|2023-12-12T22:19:06.412527Z|runtime|8f2e9dfa-e835-46bc-a9be-568cbfdb5c75]
[MFLOG|0|2023-12-12T22:19:06.412543Z|runtime|f5d42f70-578b-4825-a302-8d0d9ed61369]           totalAcc      totalBal   totalRevLim     accOpen24         avgBal  \
[MFLOG|0|2023-12-12T22:19:06.412563Z|runtime|1e9f7a66-5478-48f7-823b-d5a5ab0f95be]count  49999.000000  4.999900e+04  4.999900e+04  49999.000000   49999.000000   
[MFLOG|0|2023-12-12T22:19:06.412579Z|runtime|9ebf435c-ad6d-4853-9256-e2e8f971db57]mean      25.749595  1.397782e+05  3.243594e+04      4.557831   13189.526651   
[MFLOG|0|2023-12-12T22:19:06.412594Z|runtime|6df237c2-eb13-461b-a4f5-db6ee690bc49]std       12.097421  1.526384e+05  3.269753e+04      3.079680   15561.787118   
[MFLOG|0|2023-12-12T22:19:06.412609Z|runtime|197f2cdc-cf1b-46a7-a75c-4d0ae9c2e8a6]min        3.000000  0.000000e+00  0.000000e+00      0.000000       0.000000   
[MFLOG|0|2023-12-12T22:19:06.412624Z|runtime|4085b75a-c6df-41bc-847e-ff4c06c1165e]25%       17.000000  3.061900e+04  1.400000e+04      2.000000    3170.000000   
[MFLOG|0|2023-12-12T22:19:06.414137Z|runtime|afd5a2b4-dc7f-4a5b-9fd0-e3d434fa6898]50%       24.000000  8.107300e+04  2.400000e+04      4.000000    7356.000000   
[MFLOG|0|2023-12-12T22:19:06.414157Z|runtime|388fd9c6-bdd8-40b6-9bc0-a19dc25f8898]75%       33.000000  2.094385e+05  4.030000e+04      6.000000   18223.500000   
[MFLOG|0|2023-12-12T22:19:06.414173Z|runtime|487d2ae6-2828-4882-baea-ffd0a811a183]max      162.000000  2.552960e+06  1.060800e+06     50.000000  358652.000000   
[MFLOG|0|2023-12-12T22:19:06.414189Z|runtime|6e5e099a-3962-4e4f-a7d7-878df7232ca0]
[MFLOG|0|2023-12-12T22:19:06.414210Z|runtime|caebc418-ffed-4634-bf46-6b5b0c0a428f]              bcOpen       bcRatio      totalLim   totalRevBal     totalBcLim  \
[MFLOG|0|2023-12-12T22:19:06.414227Z|runtime|255e717e-a189-4b80-890b-8b097f8407e8]count   49511.000000  49479.000000  4.999900e+04  4.999900e+04   49999.000000   
[MFLOG|0|2023-12-12T22:19:06.414242Z|runtime|a157058f-a921-4f9b-ab82-f1d4bd94f857]mean     9154.930945     63.188468  1.718866e+05  5.088178e+04   21190.290466   
[MFLOG|0|2023-12-12T22:19:06.414259Z|runtime|c8dd4328-5f3d-42a6-b5e7-45a6554c9659]std     14296.865563     27.205695  1.697017e+05  4.731099e+04   21250.776922   
[MFLOG|0|2023-12-12T22:19:06.414275Z|runtime|a26b88b5-31fe-4208-88d9-671194c6c988]min         0.000000      0.000000  6.000000e+02  0.000000e+00       0.000000   
[MFLOG|0|2023-12-12T22:19:06.414290Z|runtime|de94b667-b03b-4fb5-a854-fb8f69ab69f0]25%      1235.000000     43.100000  5.000100e+04  2.211000e+04    7500.000000   
[MFLOG|0|2023-12-12T22:19:06.414307Z|runtime|6bb6065a-fe21-478f-883e-a5e64bdf4997]50%      4052.000000     67.100000  1.120710e+05  3.862600e+04   14700.000000   
[MFLOG|0|2023-12-12T22:19:06.414323Z|runtime|3ce1d29f-c5b9-453d-b748-3ccf979ac44c]75%     10868.500000     87.000000  2.498060e+05  6.390300e+04   27600.000000   
[MFLOG|0|2023-12-12T22:19:06.414339Z|runtime|5a82dbec-122e-44fc-9dcf-9f18254e5a15]max    373005.000000    161.000000  2.711061e+06  1.094819e+06  560800.000000   
[MFLOG|0|2023-12-12T22:19:06.414356Z|runtime|f3f296a9-1807-41c3-a68d-a567698bb7df]
[MFLOG|0|2023-12-12T22:19:06.414372Z|runtime|c47bc96d-9e51-4642-ac97-7f73b6cb0245]         totalIlLim  
[MFLOG|0|2023-12-12T22:19:06.414389Z|runtime|db42dd75-b7ea-48b1-93be-1a854a515658]count  4.999900e+04  
[MFLOG|0|2023-12-12T22:19:06.414405Z|runtime|983c9437-b139-42eb-8d06-969a2a5b4d94]mean   4.244567e+04  
[MFLOG|0|2023-12-12T22:19:06.414421Z|runtime|ab08bcd1-080f-409d-b966-12df50d24c88]std    4.329564e+04  
[MFLOG|0|2023-12-12T22:19:06.414441Z|runtime|234bed9d-d27b-4b8e-9aca-bce2be52a157]min    0.000000e+00  
[MFLOG|0|2023-12-12T22:19:06.414457Z|runtime|472e4ef5-e405-4a65-91ca-716531568229]25%    1.500000e+04  
[MFLOG|0|2023-12-12T22:19:06.414473Z|runtime|aa9a8bf7-8596-494a-88b3-c9d40f957dbe]50%    3.200000e+04  
[MFLOG|0|2023-12-12T22:19:06.414489Z|runtime|01ebab3e-e2a1-4c42-9e53-ea2ea787f938]75%    5.679400e+04  
[MFLOG|0|2023-12-12T22:19:06.414506Z|runtime|8ca8419e-ee3d-48d8-a5c2-cb3aa236131c]max    1.027358e+06  
