[MFLOG|0|2023-12-12T23:11:58.847096Z|runtime|c587f643-1a55-40f7-a996-77a675b8cfe7]    amount        term  rate  payment grade          employment     length  \
[MFLOG|0|2023-12-12T23:11:58.909555Z|runtime|5b6d28fc-4908-40ec-9c92-c56f8a18b9b8]0   8000.0   36 months  0.14   272.07     C       Warehouseman     3 years   
[MFLOG|0|2023-12-12T23:11:58.909715Z|runtime|39b966a1-566a-40e4-a89c-a85e21fff881]1  11000.0   36 months  0.10   354.89     B      Vice President  10+ years   
[MFLOG|0|2023-12-12T23:11:58.909789Z|runtime|ef3a3579-a53e-4049-b6f4-35e9048dada4]2  35000.0   36 months  0.15  1220.33     D      Owner/Attorney  10+ years   
[MFLOG|0|2023-12-12T23:11:58.909841Z|runtime|271f211f-9fca-4326-b512-908c59e71f3a]3  20000.0   60 months  0.12   447.83     C             Analyst    2 years   
[MFLOG|0|2023-12-12T23:11:58.909882Z|runtime|a6d300d7-8900-4d00-8946-c098a1e6f68f]4  12000.0   60 months  0.12   266.88     B  medical technician  10+ years   
[MFLOG|0|2023-12-12T23:11:58.909914Z|runtime|4e89ec30-5067-4ae6-aea7-c003f6a0ca78]
[MFLOG|0|2023-12-12T23:11:58.909956Z|runtime|577f37ce-5f10-4b11-8fb4-5a9908d608d7]       home    income         verified       status              reason state  \
[MFLOG|0|2023-12-12T23:11:58.909992Z|runtime|22e4b175-1c3d-4ad3-b1c5-10cbd53eeee0]0      RENT   49966.0  Source Verified  Charged Off         credit_card    CA   
[MFLOG|0|2023-12-12T23:11:58.910028Z|runtime|49d3b813-124b-4dd3-94bf-a61fb3d07eb7]1  MORTGAGE   50000.0     Not Verified   Fully Paid  debt_consolidation    PA   
[MFLOG|0|2023-12-12T23:11:58.910057Z|runtime|5f88d6b9-f4d2-4d9e-98b0-407d016fc8af]2      RENT  360000.0         Verified      Current  debt_consolidation    CA   
[MFLOG|0|2023-12-12T23:11:58.910086Z|runtime|274d883f-d31f-430c-b272-ac5e47f0b1a0]3  MORTGAGE   60000.0  Source Verified   Fully Paid  debt_consolidation    CA   
[MFLOG|0|2023-12-12T23:11:58.910114Z|runtime|c77268b5-dfef-4988-9f8f-563797d091f2]4  MORTGAGE   64000.0  Source Verified      Current  debt_consolidation    NJ   
[MFLOG|0|2023-12-12T23:11:58.910143Z|runtime|65e45bb5-66a6-4ff5-8950-4676c7797da3]
[MFLOG|0|2023-12-12T23:11:58.910176Z|runtime|e25d7466-aa16-46b6-87dc-44a7515ae0e8]   debtIncRat  delinq2yr  inq6mth  openAcc  pubRec  revolRatio  totalAcc  \
[MFLOG|0|2023-12-12T23:11:58.910205Z|runtime|28096eb7-0198-4dbf-b796-fd71551393aa]0       30.05        0.0      0.0     11.0     0.0        0.55      15.0   
[MFLOG|0|2023-12-12T23:11:58.910235Z|runtime|7da86c47-5621-407f-9db7-1b6bb5bfbdd7]1        8.74        0.0      2.0     12.0     0.0        0.36      15.0   
[MFLOG|0|2023-12-12T23:11:58.910266Z|runtime|74624233-97e5-4cfc-8f89-e469d85b94e4]2       14.50        0.0      1.0      8.0     0.0        0.83      14.0   
[MFLOG|0|2023-12-12T23:11:58.910311Z|runtime|f4ad2f38-b628-427f-bc20-b4d2322800de]3       14.14        0.0      0.0     12.0     3.0        0.01      48.0   
[MFLOG|0|2023-12-12T23:11:58.910341Z|runtime|98d12d50-8d66-496e-91e1-962cc9de53b9]4        5.14        0.0      0.0      8.0     0.0        0.58      22.0   
[MFLOG|0|2023-12-12T23:11:58.910370Z|runtime|987b5aa4-ce38-4ecc-a873-5e3f3d8a1161]
[MFLOG|0|2023-12-12T23:11:58.910402Z|runtime|1df76ddf-bed8-4708-9803-25bde17cc629]   totalBal  totalRevLim  accOpen24    avgBal   bcOpen  bcRatio  totalLim  \
[MFLOG|0|2023-12-12T23:11:58.910431Z|runtime|2a3d5aeb-76bb-4dd8-919a-d6282afbb2f1]0   48054.0       8100.0        8.0    4369.0     43.0     95.7   60629.0   
[MFLOG|0|2023-12-12T23:11:58.910459Z|runtime|2fda1b1f-5dbb-4d14-a624-dfd15d9534da]1  265838.0      33400.0        4.0   22153.0  19756.0     37.5  297500.0   
[MFLOG|0|2023-12-12T23:11:58.910487Z|runtime|d71f4881-13a3-4fad-a8b4-d713c357b3c7]2  850150.0      83000.0        2.0  121450.0   7686.0     83.2  907300.0   
[MFLOG|0|2023-12-12T23:11:58.910520Z|runtime|19e0e7e1-61c8-4371-a9ce-adf4017812cc]3   20671.0      14200.0        8.0    1723.0  11061.0      1.2   46964.0   
[MFLOG|0|2023-12-12T23:11:58.910550Z|runtime|8e729c69-2d12-4331-9be9-4a16b5153bad]4  128034.0      14600.0        3.0   18291.0   5904.0     58.4  134600.0   
[MFLOG|0|2023-12-12T23:11:58.910580Z|runtime|8f5ea7f0-4d5d-4e8e-ac59-690a9ddb39dd]
[MFLOG|0|2023-12-12T23:11:58.910610Z|runtime|2823517f-1376-4eca-8a5f-b7eb116259cb]   totalRevBal  totalBcLim  totalIlLim  
[MFLOG|0|2023-12-12T23:11:58.910640Z|runtime|a5bf05fb-a5ca-4bd4-8b54-3ed87ea6a25a]0      48054.0      1000.0     52529.0  
[MFLOG|0|2023-12-12T23:11:58.910669Z|runtime|444177c6-9559-4671-bdb4-58a517245443]1      11844.0     31600.0         0.0  
[MFLOG|0|2023-12-12T23:11:58.910698Z|runtime|8f14989f-d538-402b-9bb3-f628e8128b07]2     173260.0     83000.0    100000.0  
[MFLOG|0|2023-12-12T23:11:58.910726Z|runtime|44ba7e6c-fda0-44c8-9974-c4cf0e73ce0b]3      20671.0     11200.0     32764.0  
[MFLOG|0|2023-12-12T23:11:58.910755Z|runtime|517f4bc0-656e-4672-b16e-c2ec84b2a1cb]4       8475.0     14200.0         0.0  
[MFLOG|0|2023-12-12T23:11:58.910784Z|runtime|658130a7-b356-424e-908e-74b34d0af56e]Dimensions of the dataset: (50000, 30)
[MFLOG|0|2023-12-12T23:11:58.910816Z|runtime|8ce64d91-36d1-41d6-93a2-2632df26e289]             amount          rate       payment        income    debtIncRat  \
[MFLOG|0|2023-12-12T23:11:59.241131Z|runtime|f5ef1840-5bfd-40a2-b8b8-62e25f36aaa8]count  49999.000000  49999.000000  49999.000000  4.999900e+04  49999.000000   
[MFLOG|0|2023-12-12T23:11:59.241233Z|runtime|6e190b06-b152-4ed1-820e-d807d0759e8c]mean   15145.527911      0.130407    442.737519  7.617379e+04     18.731157   
[MFLOG|0|2023-12-12T23:11:59.241264Z|runtime|ca9853ef-eb02-45ce-bea5-f8e2f24503d0]std     8527.772776      0.044192    244.835744  6.523503e+04      8.444506   
[MFLOG|0|2023-12-12T23:11:59.241292Z|runtime|c883a066-611c-4411-bf06-1bfb4c7aa8ca]min     1000.000000      0.050000     30.540000  4.000000e+03      0.000000   
[MFLOG|0|2023-12-12T23:11:59.241317Z|runtime|57a3a93e-2a31-4828-8352-c96fa00e1b0d]25%     8500.000000      0.100000    265.840000  4.623850e+04     12.390000   
[MFLOG|0|2023-12-12T23:11:59.241343Z|runtime|51349e6c-fcc9-453f-b23d-b2eb3b8d2c94]50%    13800.000000      0.130000    385.790000  6.500000e+04     18.210000   
[MFLOG|0|2023-12-12T23:11:59.241368Z|runtime|c547278e-9ab0-4aa6-823c-eae2aaf6582a]75%    20000.000000      0.160000    578.680000  9.000000e+04     24.730000   
[MFLOG|0|2023-12-12T23:11:59.241392Z|runtime|92385d10-722f-4896-895a-e0adae4f2c15]max    35000.000000      0.290000   1407.010000  7.446395e+06     61.210000   
[MFLOG|0|2023-12-12T23:11:59.241417Z|runtime|5839c4a6-fa4c-41d4-bece-4637662a2949]
[MFLOG|0|2023-12-12T23:11:59.241443Z|runtime|74c29524-f1ba-4a69-b5ae-dac93ffe9196]          delinq2yr       inq6mth       openAcc        pubRec    revolRatio  \
[MFLOG|0|2023-12-12T23:11:59.241468Z|runtime|93a23ac0-9291-4dde-b655-a0c61ba872c1]count  49999.000000  49999.000000  49999.000000  49999.000000  49981.000000   
[MFLOG|0|2023-12-12T23:11:59.241492Z|runtime|af806390-ea20-447e-b021-8c42620d2175]mean       0.346167      0.639553     11.849217      0.232925      0.546419   
[MFLOG|0|2023-12-12T23:11:59.241517Z|runtime|d09935e2-de72-4700-8f2a-255ac2d32081]std        0.907636      0.938869      5.524801      0.624342      0.236451   
[MFLOG|0|2023-12-12T23:11:59.241541Z|runtime|529f840d-0a1e-462e-9a96-710e77892ed9]min        0.000000      0.000000      1.000000      0.000000      0.000000   
[MFLOG|0|2023-12-12T23:11:59.241565Z|runtime|0ec91231-d24d-43bd-a0d8-4f2123d87a6d]25%        0.000000      0.000000      8.000000      0.000000      0.370000   
[MFLOG|0|2023-12-12T23:11:59.241591Z|runtime|7a6f8d84-d759-4ee7-aefd-095856692f95]50%        0.000000      0.000000     11.000000      0.000000      0.550000   
[MFLOG|0|2023-12-12T23:11:59.241615Z|runtime|c0b73a3b-d0fd-4aba-8382-baae3d96365c]75%        0.000000      1.000000     15.000000      0.000000      0.730000   
[MFLOG|0|2023-12-12T23:11:59.241639Z|runtime|0341fb05-6cbe-408f-b091-25060ca6c38d]max       15.000000      6.000000     76.000000     28.000000      1.670000   
[MFLOG|0|2023-12-12T23:11:59.241664Z|runtime|55e554c6-7bf7-4ee1-918b-02ea231c8359]
[MFLOG|0|2023-12-12T23:11:59.241689Z|runtime|91ebf8b1-c44b-4f6a-a9c2-c75f4eaafaa1]           totalAcc      totalBal   totalRevLim     accOpen24         avgBal  \
[MFLOG|0|2023-12-12T23:11:59.241714Z|runtime|6bc3d462-0c43-452e-a410-9885d0e2c55e]count  49999.000000  4.999900e+04  4.999900e+04  49999.000000   49999.000000   
[MFLOG|0|2023-12-12T23:11:59.241739Z|runtime|541c7920-7cfb-47f7-8265-604dd256ca0e]mean      25.749595  1.397782e+05  3.243594e+04      4.557831   13189.526651   
[MFLOG|0|2023-12-12T23:11:59.241763Z|runtime|67614510-895d-44ea-bd81-1ce57a6df49e]std       12.097421  1.526384e+05  3.269753e+04      3.079680   15561.787118   
[MFLOG|0|2023-12-12T23:11:59.241787Z|runtime|c32a9615-5de8-4f18-85ab-f4532238351b]min        3.000000  0.000000e+00  0.000000e+00      0.000000       0.000000   
[MFLOG|0|2023-12-12T23:11:59.241812Z|runtime|5cdbb416-4eb2-46da-9abb-034567aa4fe5]25%       17.000000  3.061900e+04  1.400000e+04      2.000000    3170.000000   
[MFLOG|0|2023-12-12T23:11:59.241837Z|runtime|c7d03bb9-a645-454f-8ccf-a57457f337e4]50%       24.000000  8.107300e+04  2.400000e+04      4.000000    7356.000000   
[MFLOG|0|2023-12-12T23:11:59.241861Z|runtime|e6471de1-3f8b-40d0-b957-92e0c0f58daa]75%       33.000000  2.094385e+05  4.030000e+04      6.000000   18223.500000   
[MFLOG|0|2023-12-12T23:11:59.241885Z|runtime|0a2fc110-86f3-4978-9341-f766f9d86c2f]max      162.000000  2.552960e+06  1.060800e+06     50.000000  358652.000000   
[MFLOG|0|2023-12-12T23:11:59.241909Z|runtime|897b51a1-255d-4c41-a3e3-93eed7437dd2]
[MFLOG|0|2023-12-12T23:11:59.241934Z|runtime|fa604bec-66cf-4076-bc11-7d60c337b502]              bcOpen       bcRatio      totalLim   totalRevBal     totalBcLim  \
[MFLOG|0|2023-12-12T23:11:59.241957Z|runtime|1d03584e-123a-43bc-81fc-8e71f53f89e9]count   49511.000000  49479.000000  4.999900e+04  4.999900e+04   49999.000000   
[MFLOG|0|2023-12-12T23:11:59.241981Z|runtime|a06c92f5-678b-410b-8f4c-dae4ccb5fa62]mean     9154.930945     63.188468  1.718866e+05  5.088178e+04   21190.290466   
[MFLOG|0|2023-12-12T23:11:59.242005Z|runtime|d89fb60e-62d9-4ca3-819b-ad652bfc2802]std     14296.865563     27.205695  1.697017e+05  4.731099e+04   21250.776922   
[MFLOG|0|2023-12-12T23:11:59.242030Z|runtime|1a152f0f-945d-4575-bba6-dd5f0a4f01fe]min         0.000000      0.000000  6.000000e+02  0.000000e+00       0.000000   
[MFLOG|0|2023-12-12T23:11:59.242054Z|runtime|819df0c1-269c-45a6-8c51-f893068e5a90]25%      1235.000000     43.100000  5.000100e+04  2.211000e+04    7500.000000   
[MFLOG|0|2023-12-12T23:11:59.242078Z|runtime|1a7d774c-8ba0-493c-8737-60a11a613f0a]50%      4052.000000     67.100000  1.120710e+05  3.862600e+04   14700.000000   
[MFLOG|0|2023-12-12T23:11:59.242102Z|runtime|9b5bddcc-f91f-49db-8c76-25c7adf19816]75%     10868.500000     87.000000  2.498060e+05  6.390300e+04   27600.000000   
[MFLOG|0|2023-12-12T23:11:59.242126Z|runtime|3ff42411-26e5-4bba-af7c-571f1b68eaeb]max    373005.000000    161.000000  2.711061e+06  1.094819e+06  560800.000000   
[MFLOG|0|2023-12-12T23:11:59.242150Z|runtime|6ead763a-9994-4f95-9700-8844232f0c7b]
[MFLOG|0|2023-12-12T23:11:59.242174Z|runtime|57ba5a7e-82a8-4bc3-aed1-e0ef3b8289ce]         totalIlLim  
[MFLOG|0|2023-12-12T23:11:59.242198Z|runtime|0bc2af88-7305-4b83-8f6b-196def9149df]count  4.999900e+04  
[MFLOG|0|2023-12-12T23:11:59.242227Z|runtime|9a6854db-077b-4ea2-8706-c863d4f6df8a]mean   4.244567e+04  
[MFLOG|0|2023-12-12T23:11:59.242261Z|runtime|5d9c2f49-3cca-4aa5-bf2f-2decde324082]std    4.329564e+04  
[MFLOG|0|2023-12-12T23:11:59.242289Z|runtime|3cc6f32a-b915-4546-9233-074b40c5f397]min    0.000000e+00  
[MFLOG|0|2023-12-12T23:11:59.242313Z|runtime|e5cda8e8-2d8d-4598-a27b-fa65e4b7c81b]25%    1.500000e+04  
[MFLOG|0|2023-12-12T23:11:59.242338Z|runtime|ed2ecb39-9da0-4c03-bc16-9d426ea3a234]50%    3.200000e+04  
[MFLOG|0|2023-12-12T23:11:59.242362Z|runtime|0aa0a057-6292-4266-bb15-589fe7b12fe3]75%    5.679400e+04  
[MFLOG|0|2023-12-12T23:11:59.242387Z|runtime|5321ce8e-abc8-43eb-bedb-90ace851fee6]max    1.027358e+06  
