[MFLOG|0|2023-12-09T01:10:48.341269Z|runtime|15741ff4-f29e-4474-bbb7-70f507d0fba9]    amount        term  rate  payment grade          employment     length  \
[MFLOG|0|2023-12-09T01:10:48.408609Z|runtime|67840bcc-589b-488f-addc-d17a61735e9b]0   8000.0   36 months  0.14   272.07     C       Warehouseman     3 years   
[MFLOG|0|2023-12-09T01:10:48.408740Z|runtime|7b08291c-059c-4e4b-9fb2-cd2585fc3419]1  11000.0   36 months  0.10   354.89     B      Vice President  10+ years   
[MFLOG|0|2023-12-09T01:10:48.408816Z|runtime|937d58e7-9101-47b1-927e-dbbd3928b2a0]2  35000.0   36 months  0.15  1220.33     D      Owner/Attorney  10+ years   
[MFLOG|0|2023-12-09T01:10:48.408866Z|runtime|59504cea-a949-4e6a-a0cb-f2dfa25952cc]3  20000.0   60 months  0.12   447.83     C             Analyst    2 years   
[MFLOG|0|2023-12-09T01:10:48.408905Z|runtime|ad854e87-b7db-45a7-ba27-f04effcc77f7]4  12000.0   60 months  0.12   266.88     B  medical technician  10+ years   
[MFLOG|0|2023-12-09T01:10:48.408938Z|runtime|5262cbf2-463c-4147-963e-13246d84312c]
[MFLOG|0|2023-12-09T01:10:48.408973Z|runtime|2bf7355d-a4c0-4087-a09d-21080df1c89e]       home    income         verified       status              reason state  \
[MFLOG|0|2023-12-09T01:10:48.409007Z|runtime|1d46c5ad-1760-43bf-8e98-ea6953e7d9f2]0      RENT   49966.0  Source Verified  Charged Off         credit_card    CA   
[MFLOG|0|2023-12-09T01:10:48.409057Z|runtime|762faad1-ff6a-4fe7-b5a3-1ecc644dc31d]1  MORTGAGE   50000.0     Not Verified   Fully Paid  debt_consolidation    PA   
[MFLOG|0|2023-12-09T01:10:48.409092Z|runtime|e2d0ce1b-1518-4ec1-bee6-ea2fc0013380]2      RENT  360000.0         Verified      Current  debt_consolidation    CA   
[MFLOG|0|2023-12-09T01:10:48.409125Z|runtime|79906caa-0b03-4baa-9288-c4085243ba07]3  MORTGAGE   60000.0  Source Verified   Fully Paid  debt_consolidation    CA   
[MFLOG|0|2023-12-09T01:10:48.409186Z|runtime|cf12099d-d0ba-4198-8206-1e231556cc67]4  MORTGAGE   64000.0  Source Verified      Current  debt_consolidation    NJ   
[MFLOG|0|2023-12-09T01:10:48.409214Z|runtime|0a5725c3-3787-4af6-b66a-fd5176ec1ee9]
[MFLOG|0|2023-12-09T01:10:48.409246Z|runtime|540b8cf3-5a13-44df-8d8c-f2e9b74c40a8]   debtIncRat  delinq2yr  inq6mth  openAcc  pubRec  revolRatio  totalAcc  \
[MFLOG|0|2023-12-09T01:10:48.409275Z|runtime|a641b572-c40b-48b6-b9f1-8719ff44c805]0       30.05        0.0      0.0     11.0     0.0        0.55      15.0   
[MFLOG|0|2023-12-09T01:10:48.409303Z|runtime|f56c77eb-b476-473b-a051-a6880cc7bb1b]1        8.74        0.0      2.0     12.0     0.0        0.36      15.0   
[MFLOG|0|2023-12-09T01:10:48.409339Z|runtime|3b0d1e13-efde-4a58-af07-1541ba50e023]2       14.50        0.0      1.0      8.0     0.0        0.83      14.0   
[MFLOG|0|2023-12-09T01:10:48.409370Z|runtime|4e137be4-31a5-4326-9f11-e5d0dbc671de]3       14.14        0.0      0.0     12.0     3.0        0.01      48.0   
[MFLOG|0|2023-12-09T01:10:48.409402Z|runtime|8832a160-8295-420a-b030-c5df6e347b6d]4        5.14        0.0      0.0      8.0     0.0        0.58      22.0   
[MFLOG|0|2023-12-09T01:10:48.409437Z|runtime|b8201f67-46bd-42eb-8d5b-8260983ce584]
[MFLOG|0|2023-12-09T01:10:48.409466Z|runtime|6a8b5c78-3962-4991-9955-2da24bf7fd99]   totalBal  totalRevLim  accOpen24    avgBal   bcOpen  bcRatio  totalLim  \
[MFLOG|0|2023-12-09T01:10:48.409494Z|runtime|bc05df76-3cf9-4171-91c2-c6d8d22faced]0   48054.0       8100.0        8.0    4369.0     43.0     95.7   60629.0   
[MFLOG|0|2023-12-09T01:10:48.409524Z|runtime|82991121-790e-438a-a480-69890f353321]1  265838.0      33400.0        4.0   22153.0  19756.0     37.5  297500.0   
[MFLOG|0|2023-12-09T01:10:48.409554Z|runtime|323e98b0-8b9f-467b-aceb-cf424d61daa8]2  850150.0      83000.0        2.0  121450.0   7686.0     83.2  907300.0   
[MFLOG|0|2023-12-09T01:10:48.409586Z|runtime|6a458ad6-6f80-445a-9a4a-297336a255be]3   20671.0      14200.0        8.0    1723.0  11061.0      1.2   46964.0   
[MFLOG|0|2023-12-09T01:10:48.409615Z|runtime|89b40730-070c-445f-886c-05e2eaa80670]4  128034.0      14600.0        3.0   18291.0   5904.0     58.4  134600.0   
[MFLOG|0|2023-12-09T01:10:48.409644Z|runtime|063f787c-1fcc-4e22-85c3-1e8d7f2db454]
[MFLOG|0|2023-12-09T01:10:48.409676Z|runtime|761b014d-0cae-405d-a3c4-da1098fef999]   totalRevBal  totalBcLim  totalIlLim  
[MFLOG|0|2023-12-09T01:10:48.409706Z|runtime|04aaa2b1-2acb-4fee-8eca-69aff1aa3ad2]0      48054.0      1000.0     52529.0  
[MFLOG|0|2023-12-09T01:10:48.409735Z|runtime|bd973f92-a0b0-4646-b4f2-c955e8853be1]1      11844.0     31600.0         0.0  
[MFLOG|0|2023-12-09T01:10:48.409764Z|runtime|38d577ef-022d-404f-b7e6-a1ee11a1c5cf]2     173260.0     83000.0    100000.0  
[MFLOG|0|2023-12-09T01:10:48.409793Z|runtime|a19be373-fe70-4f09-815d-6c53dcc57ea4]3      20671.0     11200.0     32764.0  
[MFLOG|0|2023-12-09T01:10:48.409822Z|runtime|2dea1199-9ec5-4b0a-8676-115c14a21525]4       8475.0     14200.0         0.0  
[MFLOG|0|2023-12-09T01:10:48.409850Z|runtime|f87822e5-9404-4258-adb0-79d728d67dcd]Dimensions of the dataset: (50000, 30)
[MFLOG|0|2023-12-09T01:10:48.409891Z|runtime|55054af3-eb04-4785-9ec7-9c5dcd020750]             amount          rate       payment        income    debtIncRat  \
[MFLOG|0|2023-12-09T01:10:48.675654Z|runtime|c8d182ac-a463-4ee0-bf6a-d38bbc7fc69f]count  49999.000000  49999.000000  49999.000000  4.999900e+04  49999.000000   
[MFLOG|0|2023-12-09T01:10:48.675775Z|runtime|8e2add4c-8b7d-49be-8975-1081140d5062]mean   15145.527911      0.130407    442.737519  7.617379e+04     18.731157   
[MFLOG|0|2023-12-09T01:10:48.675810Z|runtime|d1f173c0-b4b6-4797-b13f-975b5d0dbcba]std     8527.772776      0.044192    244.835744  6.523503e+04      8.444506   
[MFLOG|0|2023-12-09T01:10:48.675837Z|runtime|b5159cb7-f46c-460d-bac1-df4918f60640]min     1000.000000      0.050000     30.540000  4.000000e+03      0.000000   
[MFLOG|0|2023-12-09T01:10:48.675863Z|runtime|3f3e3031-d60a-41e9-8ebf-6faa254853b1]25%     8500.000000      0.100000    265.840000  4.623850e+04     12.390000   
[MFLOG|0|2023-12-09T01:10:48.675890Z|runtime|383723ed-e80a-4f28-a9ef-d5c2360722fc]50%    13800.000000      0.130000    385.790000  6.500000e+04     18.210000   
[MFLOG|0|2023-12-09T01:10:48.675920Z|runtime|28a8024c-951d-4fde-ada6-4e5ee3318e87]75%    20000.000000      0.160000    578.680000  9.000000e+04     24.730000   
[MFLOG|0|2023-12-09T01:10:48.675944Z|runtime|1b3d140a-4cb4-4891-93eb-4f97ce37634a]max    35000.000000      0.290000   1407.010000  7.446395e+06     61.210000   
[MFLOG|0|2023-12-09T01:10:48.675969Z|runtime|4c65be54-62de-446a-8d78-dd762768148a]
[MFLOG|0|2023-12-09T01:10:48.675998Z|runtime|1e3c58a0-1d45-4e74-a9b2-4c32714da793]          delinq2yr       inq6mth       openAcc        pubRec    revolRatio  \
[MFLOG|0|2023-12-09T01:10:48.676022Z|runtime|31504145-3fa1-46ca-bf22-a56d5e4c421f]count  49999.000000  49999.000000  49999.000000  49999.000000  49981.000000   
[MFLOG|0|2023-12-09T01:10:48.676046Z|runtime|9c00f6cc-af0c-499a-9f56-a5b9c8b7e17f]mean       0.346167      0.639553     11.849217      0.232925      0.546419   
[MFLOG|0|2023-12-09T01:10:48.676071Z|runtime|80593a38-898f-44f9-bc6d-c1a30879c41d]std        0.907636      0.938869      5.524801      0.624342      0.236451   
[MFLOG|0|2023-12-09T01:10:48.676098Z|runtime|12ac90d0-3dd0-4e48-a497-0d9e11e077a0]min        0.000000      0.000000      1.000000      0.000000      0.000000   
[MFLOG|0|2023-12-09T01:10:48.676123Z|runtime|d1a10dff-328a-4831-aeba-8872975c50ef]25%        0.000000      0.000000      8.000000      0.000000      0.370000   
[MFLOG|0|2023-12-09T01:10:48.676151Z|runtime|dcf8d9c7-8e4e-41d1-9720-8b6c80353212]50%        0.000000      0.000000     11.000000      0.000000      0.550000   
[MFLOG|0|2023-12-09T01:10:48.676176Z|runtime|3c18289a-14ac-4ea2-94f7-13945a8032c9]75%        0.000000      1.000000     15.000000      0.000000      0.730000   
[MFLOG|0|2023-12-09T01:10:48.676201Z|runtime|3e4052ce-79e9-4cb1-8f17-379b3249db9a]max       15.000000      6.000000     76.000000     28.000000      1.670000   
[MFLOG|0|2023-12-09T01:10:48.676228Z|runtime|5240267b-b6b4-49b6-86b9-03d8f8a0953c]
[MFLOG|0|2023-12-09T01:10:48.676252Z|runtime|4ec211e8-f70d-413f-bc55-e0ce1dc6d746]           totalAcc      totalBal   totalRevLim     accOpen24         avgBal  \
[MFLOG|0|2023-12-09T01:10:48.676276Z|runtime|df31b89d-3ec6-4ed6-8bcf-95be2854b3ce]count  49999.000000  4.999900e+04  4.999900e+04  49999.000000   49999.000000   
[MFLOG|0|2023-12-09T01:10:48.676301Z|runtime|b43f08fc-7ab7-48bb-bfe0-b2c058c458bf]mean      25.749595  1.397782e+05  3.243594e+04      4.557831   13189.526651   
[MFLOG|0|2023-12-09T01:10:48.676326Z|runtime|b806f754-6926-41af-b231-83b9b54406ec]std       12.097421  1.526384e+05  3.269753e+04      3.079680   15561.787118   
[MFLOG|0|2023-12-09T01:10:48.676350Z|runtime|459b36a1-83ed-47ed-958c-e1f67aeab2d9]min        3.000000  0.000000e+00  0.000000e+00      0.000000       0.000000   
[MFLOG|0|2023-12-09T01:10:48.676377Z|runtime|f71baaa8-c0e9-45b3-a6f6-befd06597e32]25%       17.000000  3.061900e+04  1.400000e+04      2.000000    3170.000000   
[MFLOG|0|2023-12-09T01:10:48.676405Z|runtime|c4f4e847-1478-4061-b5c4-0a56b54faa59]50%       24.000000  8.107300e+04  2.400000e+04      4.000000    7356.000000   
[MFLOG|0|2023-12-09T01:10:48.676430Z|runtime|a9691783-5ff5-4859-9fab-65eae6a87b01]75%       33.000000  2.094385e+05  4.030000e+04      6.000000   18223.500000   
[MFLOG|0|2023-12-09T01:10:48.676457Z|runtime|b1fafd3b-660d-4a85-96fc-62c24ebe4dc9]max      162.000000  2.552960e+06  1.060800e+06     50.000000  358652.000000   
[MFLOG|0|2023-12-09T01:10:48.676484Z|runtime|aae3f42d-f85d-413f-b89d-b10af655b7ef]
[MFLOG|0|2023-12-09T01:10:48.676508Z|runtime|26436c58-5b81-453d-b1fc-6621e85833e7]              bcOpen       bcRatio      totalLim   totalRevBal     totalBcLim  \
[MFLOG|0|2023-12-09T01:10:48.676532Z|runtime|90060f2c-3330-44d3-ab31-6cf4b4729cba]count   49511.000000  49479.000000  4.999900e+04  4.999900e+04   49999.000000   
[MFLOG|0|2023-12-09T01:10:48.676555Z|runtime|6f05d3fc-322f-405f-94ae-c64b14d500be]mean     9154.930945     63.188468  1.718866e+05  5.088178e+04   21190.290466   
[MFLOG|0|2023-12-09T01:10:48.676579Z|runtime|82252e14-452a-45aa-9f58-29d52122c521]std     14296.865563     27.205695  1.697017e+05  4.731099e+04   21250.776922   
[MFLOG|0|2023-12-09T01:10:48.676604Z|runtime|321a5a7b-0c2d-4f67-8004-c64e6a13fea1]min         0.000000      0.000000  6.000000e+02  0.000000e+00       0.000000   
[MFLOG|0|2023-12-09T01:10:48.676628Z|runtime|4ff4111e-72fb-46bc-811f-13359ba6fda5]25%      1235.000000     43.100000  5.000100e+04  2.211000e+04    7500.000000   
[MFLOG|0|2023-12-09T01:10:48.676655Z|runtime|8d1a8e8b-07ed-406b-9e67-0f91d6153112]50%      4052.000000     67.100000  1.120710e+05  3.862600e+04   14700.000000   
[MFLOG|0|2023-12-09T01:10:48.676679Z|runtime|07f2af6a-3fb4-4e46-8ff9-a906f04ae970]75%     10868.500000     87.000000  2.498060e+05  6.390300e+04   27600.000000   
[MFLOG|0|2023-12-09T01:10:48.676707Z|runtime|c655c01a-49ba-4741-b7de-3fe71114b034]max    373005.000000    161.000000  2.711061e+06  1.094819e+06  560800.000000   
[MFLOG|0|2023-12-09T01:10:48.676733Z|runtime|8c6d43a8-6a3c-4cf5-8a2a-6348cab05103]
[MFLOG|0|2023-12-09T01:10:48.676757Z|runtime|33a19774-3da1-496b-8448-f5c45454e737]         totalIlLim  
[MFLOG|0|2023-12-09T01:10:48.676781Z|runtime|199b348b-93c4-4965-9222-160632ea71ba]count  4.999900e+04  
[MFLOG|0|2023-12-09T01:10:48.676805Z|runtime|ffc4cfa8-c772-4bc0-ac0e-eea814f27bb7]mean   4.244567e+04  
[MFLOG|0|2023-12-09T01:10:48.676829Z|runtime|23d15b2d-caa4-4fd3-8db6-51eeeb7e6318]std    4.329564e+04  
[MFLOG|0|2023-12-09T01:10:48.676853Z|runtime|cb31c142-ac7c-41b7-bae9-5c41c268996b]min    0.000000e+00  
[MFLOG|0|2023-12-09T01:10:48.676877Z|runtime|de460ac4-44d4-4251-83ba-fbe43e9cf63a]25%    1.500000e+04  
[MFLOG|0|2023-12-09T01:10:48.676901Z|runtime|6e056210-af0a-4955-b1e1-282d688072ec]50%    3.200000e+04  
[MFLOG|0|2023-12-09T01:10:48.676925Z|runtime|a61e1cb9-5d71-4106-b1ed-138ae0d5310d]75%    5.679400e+04  
[MFLOG|0|2023-12-09T01:10:48.676948Z|runtime|a1056ef1-a23e-4d15-a04d-61354ecbfba7]max    1.027358e+06  
