[MFLOG|0|2023-12-12T00:35:40.947733Z|runtime|779e80f8-f38d-4366-af5c-c0291eb852c3]    amount        term  rate  payment grade          employment     length  \
[MFLOG|0|2023-12-12T00:35:40.986759Z|runtime|1f4a8506-0242-4127-906c-d3c28d366ef3]0   8000.0   36 months  0.14   272.07     C       Warehouseman     3 years   
[MFLOG|0|2023-12-12T00:35:40.986911Z|runtime|6d604648-c537-4465-af37-33ed6d06f16d]1  11000.0   36 months  0.10   354.89     B      Vice President  10+ years   
[MFLOG|0|2023-12-12T00:35:40.986970Z|runtime|639e747b-40a2-48f3-92a1-c3ecd13f5a03]2  35000.0   36 months  0.15  1220.33     D      Owner/Attorney  10+ years   
[MFLOG|0|2023-12-12T00:35:40.987006Z|runtime|7ad83b15-fc24-4aa8-a489-05043d8d8633]3  20000.0   60 months  0.12   447.83     C             Analyst    2 years   
[MFLOG|0|2023-12-12T00:35:40.987040Z|runtime|906729d6-e6ed-4282-8617-eedfb018682c]4  12000.0   60 months  0.12   266.88     B  medical technician  10+ years   
[MFLOG|0|2023-12-12T00:35:40.987064Z|runtime|9efa9434-70e2-49cd-86bd-942c898642f2]
[MFLOG|0|2023-12-12T00:35:40.987091Z|runtime|1ab4b884-66f2-4387-9fd9-2e6463643d14]       home    income         verified       status              reason state  \
[MFLOG|0|2023-12-12T00:35:40.987116Z|runtime|df15bc92-6407-4818-9ff8-68a6860aee50]0      RENT   49966.0  Source Verified  Charged Off         credit_card    CA   
[MFLOG|0|2023-12-12T00:35:40.987138Z|runtime|b17d927e-97a4-46cb-99fc-b8ecaf7c59e6]1  MORTGAGE   50000.0     Not Verified   Fully Paid  debt_consolidation    PA   
[MFLOG|0|2023-12-12T00:35:40.987160Z|runtime|b4950715-9914-4d7f-b94c-4bdfc2868092]2      RENT  360000.0         Verified      Current  debt_consolidation    CA   
[MFLOG|0|2023-12-12T00:35:40.987180Z|runtime|48ff2308-a102-4377-b817-e94d8ee87174]3  MORTGAGE   60000.0  Source Verified   Fully Paid  debt_consolidation    CA   
[MFLOG|0|2023-12-12T00:35:40.987199Z|runtime|4230fd12-d112-48d1-be07-40f6c9a87aac]4  MORTGAGE   64000.0  Source Verified      Current  debt_consolidation    NJ   
[MFLOG|0|2023-12-12T00:35:40.987228Z|runtime|a3064e5b-f654-4a45-9088-30b1a7d97efa]
[MFLOG|0|2023-12-12T00:35:40.987248Z|runtime|5fdf317a-15a7-4e0f-8334-1f4a77e38a22]   debtIncRat  delinq2yr  inq6mth  openAcc  pubRec  revolRatio  totalAcc  \
[MFLOG|0|2023-12-12T00:35:40.987267Z|runtime|46b9519b-cf83-4759-bc07-40f4f2acc9e8]0       30.05        0.0      0.0     11.0     0.0        0.55      15.0   
[MFLOG|0|2023-12-12T00:35:40.987288Z|runtime|8180d3fd-7fe5-469c-b1b3-234b2f396020]1        8.74        0.0      2.0     12.0     0.0        0.36      15.0   
[MFLOG|0|2023-12-12T00:35:40.987307Z|runtime|6ed69201-7529-4fab-839e-4c5220a66181]2       14.50        0.0      1.0      8.0     0.0        0.83      14.0   
[MFLOG|0|2023-12-12T00:35:40.987331Z|runtime|1a4dfd5e-e8c7-4970-bbb8-f53c1d8bb3c3]3       14.14        0.0      0.0     12.0     3.0        0.01      48.0   
[MFLOG|0|2023-12-12T00:35:40.987350Z|runtime|56e7c3c9-0366-4de7-9b0d-f5c2a67b356f]4        5.14        0.0      0.0      8.0     0.0        0.58      22.0   
[MFLOG|0|2023-12-12T00:35:40.987370Z|runtime|ffaa3dd9-bb6b-4c1e-8584-9bf976ac60ae]
[MFLOG|0|2023-12-12T00:35:40.987395Z|runtime|46726fe9-5062-4483-805d-a1ace7e63eb1]   totalBal  totalRevLim  accOpen24    avgBal   bcOpen  bcRatio  totalLim  \
[MFLOG|0|2023-12-12T00:35:40.987420Z|runtime|bcfd15c4-9bf7-411b-a050-d24a3e8bd5e2]0   48054.0       8100.0        8.0    4369.0     43.0     95.7   60629.0   
[MFLOG|0|2023-12-12T00:35:40.987439Z|runtime|61238b72-4ff1-44e4-8f02-3dbee01d9def]1  265838.0      33400.0        4.0   22153.0  19756.0     37.5  297500.0   
[MFLOG|0|2023-12-12T00:35:40.987459Z|runtime|69351ef3-0655-43ed-9f38-3c6cccc814cc]2  850150.0      83000.0        2.0  121450.0   7686.0     83.2  907300.0   
[MFLOG|0|2023-12-12T00:35:40.987480Z|runtime|4ce27d6a-095a-49a9-a802-47dfb58753a6]3   20671.0      14200.0        8.0    1723.0  11061.0      1.2   46964.0   
[MFLOG|0|2023-12-12T00:35:40.987500Z|runtime|ba597d20-619b-4615-9b17-6c3d6c7493d6]4  128034.0      14600.0        3.0   18291.0   5904.0     58.4  134600.0   
[MFLOG|0|2023-12-12T00:35:40.987524Z|runtime|f4843149-5b7f-4ab7-90c9-b92244dab944]
[MFLOG|0|2023-12-12T00:35:40.987549Z|runtime|e33ef9b6-e33f-41ec-82c8-bae75ddb6149]   totalRevBal  totalBcLim  totalIlLim  
[MFLOG|0|2023-12-12T00:35:40.987569Z|runtime|4517ee3f-10b2-46ea-868e-b549708a0105]0      48054.0      1000.0     52529.0  
[MFLOG|0|2023-12-12T00:35:40.987590Z|runtime|8ee4432a-5957-4567-844b-b68504edac6e]1      11844.0     31600.0         0.0  
[MFLOG|0|2023-12-12T00:35:40.987609Z|runtime|83f67564-996f-47c2-8c0d-d599b0573cfa]2     173260.0     83000.0    100000.0  
[MFLOG|0|2023-12-12T00:35:40.987629Z|runtime|2065b468-1a2c-49bf-8511-a36bc75315ce]3      20671.0     11200.0     32764.0  
[MFLOG|0|2023-12-12T00:35:40.987648Z|runtime|2d5dbf39-9527-4bcd-adfc-516b6296bf01]4       8475.0     14200.0         0.0  
[MFLOG|0|2023-12-12T00:35:40.987667Z|runtime|f55e9727-b7ba-4fde-a0eb-ed02a969ca09]Dimensions of the dataset: (50000, 30)
[MFLOG|0|2023-12-12T00:35:40.987690Z|runtime|59972e16-8620-425a-aad5-b0055e5205dc]             amount          rate       payment        income    debtIncRat  \
[MFLOG|0|2023-12-12T00:35:41.257131Z|runtime|e8b436c8-d1c8-4d0c-a450-665b62a55815]count  49999.000000  49999.000000  49999.000000  4.999900e+04  49999.000000   
[MFLOG|0|2023-12-12T00:35:41.257248Z|runtime|c227eef4-4524-4a01-923c-e9064dcd650e]mean   15145.527911      0.130407    442.737519  7.617379e+04     18.731157   
[MFLOG|0|2023-12-12T00:35:41.257272Z|runtime|f66ac3da-f0ef-4066-8242-00ac24e637fb]std     8527.772776      0.044192    244.835744  6.523503e+04      8.444506   
[MFLOG|0|2023-12-12T00:35:41.257291Z|runtime|f89570b2-978a-40f1-a0a2-5292c0dcedd4]min     1000.000000      0.050000     30.540000  4.000000e+03      0.000000   
[MFLOG|0|2023-12-12T00:35:41.257310Z|runtime|067a529b-b854-49c4-b80f-859a63be2ad2]25%     8500.000000      0.100000    265.840000  4.623850e+04     12.390000   
[MFLOG|0|2023-12-12T00:35:41.257327Z|runtime|370c3b21-c036-4d7d-89b7-ca2b9cc34dd5]50%    13800.000000      0.130000    385.790000  6.500000e+04     18.210000   
[MFLOG|0|2023-12-12T00:35:41.257345Z|runtime|7cb2b611-9972-413f-a200-754e7ce0c6ed]75%    20000.000000      0.160000    578.680000  9.000000e+04     24.730000   
[MFLOG|0|2023-12-12T00:35:41.257361Z|runtime|c63fab17-cd66-4bbc-9607-e3a4a05822aa]max    35000.000000      0.290000   1407.010000  7.446395e+06     61.210000   
[MFLOG|0|2023-12-12T00:35:41.257377Z|runtime|140bd849-ec68-4f8e-bc5c-8ffc3a8964a4]
[MFLOG|0|2023-12-12T00:35:41.257393Z|runtime|93550c5f-e6a4-412c-a098-acf1f3816118]          delinq2yr       inq6mth       openAcc        pubRec    revolRatio  \
[MFLOG|0|2023-12-12T00:35:41.257409Z|runtime|44977806-47ce-4829-ba3b-ed67e237947d]count  49999.000000  49999.000000  49999.000000  49999.000000  49981.000000   
[MFLOG|0|2023-12-12T00:35:41.257425Z|runtime|8fece268-3ea6-4b51-bb1c-cb77dce924a5]mean       0.346167      0.639553     11.849217      0.232925      0.546419   
[MFLOG|0|2023-12-12T00:35:41.257442Z|runtime|7d6e102a-0a42-4ea9-a6f6-9e41f330d4c0]std        0.907636      0.938869      5.524801      0.624342      0.236451   
[MFLOG|0|2023-12-12T00:35:41.257459Z|runtime|d605523d-b400-4b46-adca-b23feb142bec]min        0.000000      0.000000      1.000000      0.000000      0.000000   
[MFLOG|0|2023-12-12T00:35:41.257475Z|runtime|b45c3562-1dd5-4d25-90c5-c8a63558931b]25%        0.000000      0.000000      8.000000      0.000000      0.370000   
[MFLOG|0|2023-12-12T00:35:41.257491Z|runtime|dbc2564a-2f50-4913-91a9-5276d59083eb]50%        0.000000      0.000000     11.000000      0.000000      0.550000   
[MFLOG|0|2023-12-12T00:35:41.257507Z|runtime|5280a4a0-c090-49b4-affa-64986517c9fe]75%        0.000000      1.000000     15.000000      0.000000      0.730000   
[MFLOG|0|2023-12-12T00:35:41.257522Z|runtime|7217ac0c-f08e-47e3-b1d9-e978ce374b63]max       15.000000      6.000000     76.000000     28.000000      1.670000   
[MFLOG|0|2023-12-12T00:35:41.257538Z|runtime|f9d23636-3fbb-4a34-b929-2266cbc912c6]
[MFLOG|0|2023-12-12T00:35:41.257555Z|runtime|f94d073c-fa77-42c5-81ad-71d89c91be14]           totalAcc      totalBal   totalRevLim     accOpen24         avgBal  \
[MFLOG|0|2023-12-12T00:35:41.257571Z|runtime|944a6142-dd3e-4c0a-a8c0-42953da4ddab]count  49999.000000  4.999900e+04  4.999900e+04  49999.000000   49999.000000   
[MFLOG|0|2023-12-12T00:35:41.257588Z|runtime|008f24df-02a0-4901-b58e-77cace9b5a9a]mean      25.749595  1.397782e+05  3.243594e+04      4.557831   13189.526651   
[MFLOG|0|2023-12-12T00:35:41.257605Z|runtime|7b7fa2a5-c7d8-4eaf-9203-8e4946195fb0]std       12.097421  1.526384e+05  3.269753e+04      3.079680   15561.787118   
[MFLOG|0|2023-12-12T00:35:41.257621Z|runtime|41fabd3b-bad5-49ef-88dd-87b5d4bdc979]min        3.000000  0.000000e+00  0.000000e+00      0.000000       0.000000   
[MFLOG|0|2023-12-12T00:35:41.257636Z|runtime|030bd034-92f0-4ee5-b3fe-fd786a2fa6e5]25%       17.000000  3.061900e+04  1.400000e+04      2.000000    3170.000000   
[MFLOG|0|2023-12-12T00:35:41.257653Z|runtime|375a5bff-917c-4ba6-9763-b0d4eea7d7cb]50%       24.000000  8.107300e+04  2.400000e+04      4.000000    7356.000000   
[MFLOG|0|2023-12-12T00:35:41.257669Z|runtime|83550cb4-58bf-436f-98d8-b1e297516d64]75%       33.000000  2.094385e+05  4.030000e+04      6.000000   18223.500000   
[MFLOG|0|2023-12-12T00:35:41.257685Z|runtime|5ed68097-4ac3-4806-a39d-4e8433c645a9]max      162.000000  2.552960e+06  1.060800e+06     50.000000  358652.000000   
[MFLOG|0|2023-12-12T00:35:41.257701Z|runtime|e20bc138-ab0d-40ab-a5d6-1f06cf2d85c9]
[MFLOG|0|2023-12-12T00:35:41.257716Z|runtime|3feaf07f-66af-4392-8733-8067a9a97fef]              bcOpen       bcRatio      totalLim   totalRevBal     totalBcLim  \
[MFLOG|0|2023-12-12T00:35:41.257732Z|runtime|c1395979-22e1-41da-ae4d-f8e59132abc6]count   49511.000000  49479.000000  4.999900e+04  4.999900e+04   49999.000000   
[MFLOG|0|2023-12-12T00:35:41.257747Z|runtime|1bff02c0-7dee-4d83-8055-e396295820da]mean     9154.930945     63.188468  1.718866e+05  5.088178e+04   21190.290466   
[MFLOG|0|2023-12-12T00:35:41.257763Z|runtime|1a8a668b-5095-45df-b908-6d613a599c9d]std     14296.865563     27.205695  1.697017e+05  4.731099e+04   21250.776922   
[MFLOG|0|2023-12-12T00:35:41.257779Z|runtime|994a9cad-4b76-4093-b614-2dc186ea6921]min         0.000000      0.000000  6.000000e+02  0.000000e+00       0.000000   
[MFLOG|0|2023-12-12T00:35:41.257795Z|runtime|66296aab-8616-4422-992b-55bcedd857d0]25%      1235.000000     43.100000  5.000100e+04  2.211000e+04    7500.000000   
[MFLOG|0|2023-12-12T00:35:41.257810Z|runtime|1c64449c-7bb7-4865-a73e-38a64a1d42a4]50%      4052.000000     67.100000  1.120710e+05  3.862600e+04   14700.000000   
[MFLOG|0|2023-12-12T00:35:41.257826Z|runtime|1a27e9e8-4de0-42cd-8ca4-cae4922a6753]75%     10868.500000     87.000000  2.498060e+05  6.390300e+04   27600.000000   
[MFLOG|0|2023-12-12T00:35:41.257842Z|runtime|67392faa-76a3-4323-99cf-903e41a113c9]max    373005.000000    161.000000  2.711061e+06  1.094819e+06  560800.000000   
[MFLOG|0|2023-12-12T00:35:41.257857Z|runtime|cfc5f62e-a1bd-4a28-8bd5-362895dd87a5]
[MFLOG|0|2023-12-12T00:35:41.257872Z|runtime|ce64ada9-e097-4c31-bc9d-06ec3f54025c]         totalIlLim  
[MFLOG|0|2023-12-12T00:35:41.257888Z|runtime|fbc17605-e5cf-495c-9038-e57b9ca57754]count  4.999900e+04  
[MFLOG|0|2023-12-12T00:35:41.257908Z|runtime|fb48b830-8907-461e-b855-e3d6be4b207e]mean   4.244567e+04  
[MFLOG|0|2023-12-12T00:35:41.257928Z|runtime|fafab8d4-6f72-49ea-a40f-df400aea1841]std    4.329564e+04  
[MFLOG|0|2023-12-12T00:35:41.257947Z|runtime|fdae7c68-1e2f-4956-ae59-03205e0f37f2]min    0.000000e+00  
[MFLOG|0|2023-12-12T00:35:41.257963Z|runtime|c301b116-4c5d-45c1-878c-f93101dea9d0]25%    1.500000e+04  
[MFLOG|0|2023-12-12T00:35:41.257979Z|runtime|0131dd0d-dee1-472d-a57c-0d97782289de]50%    3.200000e+04  
[MFLOG|0|2023-12-12T00:35:41.257995Z|runtime|6f707091-3ae0-4144-a389-2aea81b63e66]75%    5.679400e+04  
[MFLOG|0|2023-12-12T00:35:41.258010Z|runtime|4be9db40-99d1-4e4a-ac73-d9a994a627b2]max    1.027358e+06  
