[MFLOG|0|2023-12-12T22:38:55.643563Z|runtime|d84ef857-1148-4415-bb76-e9223034e53f]    amount        term  rate  payment grade          employment     length  \
[MFLOG|0|2023-12-12T22:38:55.706620Z|runtime|32c0199a-2e00-49d7-853e-724f270c872e]0   8000.0   36 months  0.14   272.07     C       Warehouseman     3 years   
[MFLOG|0|2023-12-12T22:38:55.706782Z|runtime|a8c2b680-75f7-4e31-a9d6-efd8b588d6d0]1  11000.0   36 months  0.10   354.89     B      Vice President  10+ years   
[MFLOG|0|2023-12-12T22:38:55.706846Z|runtime|5a79c030-c223-4820-bda6-4e613b82ca53]2  35000.0   36 months  0.15  1220.33     D      Owner/Attorney  10+ years   
[MFLOG|0|2023-12-12T22:38:55.706894Z|runtime|0c23bec9-4333-4982-94d0-80253fefaf50]3  20000.0   60 months  0.12   447.83     C             Analyst    2 years   
[MFLOG|0|2023-12-12T22:38:55.706936Z|runtime|41b940d3-21a1-4970-b838-f8f139095018]4  12000.0   60 months  0.12   266.88     B  medical technician  10+ years   
[MFLOG|0|2023-12-12T22:38:55.706977Z|runtime|46fa6ebb-401a-4b79-9000-f925516ca5db]
[MFLOG|0|2023-12-12T22:38:55.707013Z|runtime|09c44578-e6d4-499f-a2c4-9226555f38d4]       home    income         verified       status              reason state  \
[MFLOG|0|2023-12-12T22:38:55.707048Z|runtime|68924447-c7f1-487e-bd9b-240def8173e2]0      RENT   49966.0  Source Verified  Charged Off         credit_card    CA   
[MFLOG|0|2023-12-12T22:38:55.707108Z|runtime|b7fd2efb-c329-402c-b3c7-08e5fb5069b1]1  MORTGAGE   50000.0     Not Verified   Fully Paid  debt_consolidation    PA   
[MFLOG|0|2023-12-12T22:38:55.707137Z|runtime|e990f678-2bcc-4a8b-bde9-c9b11800c16d]2      RENT  360000.0         Verified      Current  debt_consolidation    CA   
[MFLOG|0|2023-12-12T22:38:55.707171Z|runtime|4a925890-0601-4276-9df1-10fe5dbef144]3  MORTGAGE   60000.0  Source Verified   Fully Paid  debt_consolidation    CA   
[MFLOG|0|2023-12-12T22:38:55.707203Z|runtime|28eab57b-f15e-454c-aab2-79939978fa94]4  MORTGAGE   64000.0  Source Verified      Current  debt_consolidation    NJ   
[MFLOG|0|2023-12-12T22:38:55.707235Z|runtime|36a56334-eec3-43c1-a54c-c306ef1125d4]
[MFLOG|0|2023-12-12T22:38:55.707267Z|runtime|14ab5dce-b531-468d-9778-3f519fb9385e]   debtIncRat  delinq2yr  inq6mth  openAcc  pubRec  revolRatio  totalAcc  \
[MFLOG|0|2023-12-12T22:38:55.707309Z|runtime|14ef5e89-d4b7-4188-8c8a-472084365fe3]0       30.05        0.0      0.0     11.0     0.0        0.55      15.0   
[MFLOG|0|2023-12-12T22:38:55.707339Z|runtime|047978ba-7358-4e4f-93de-cc5a5d929a50]1        8.74        0.0      2.0     12.0     0.0        0.36      15.0   
[MFLOG|0|2023-12-12T22:38:55.707367Z|runtime|03fb4276-5f1e-478b-a30a-d44f6b357192]2       14.50        0.0      1.0      8.0     0.0        0.83      14.0   
[MFLOG|0|2023-12-12T22:38:55.707399Z|runtime|67d7c6e1-b36e-443e-a0e5-25c16ff3144a]3       14.14        0.0      0.0     12.0     3.0        0.01      48.0   
[MFLOG|0|2023-12-12T22:38:55.707478Z|runtime|99e0d05d-5c75-4b80-aead-c8ec61cd0523]4        5.14        0.0      0.0      8.0     0.0        0.58      22.0   
[MFLOG|0|2023-12-12T22:38:55.707510Z|runtime|7d27644c-0954-4e59-845e-674f47bda52f]
[MFLOG|0|2023-12-12T22:38:55.707547Z|runtime|ee710451-d6d2-48ba-9205-952db8969350]   totalBal  totalRevLim  accOpen24    avgBal   bcOpen  bcRatio  totalLim  \
[MFLOG|0|2023-12-12T22:38:55.707576Z|runtime|b7433058-a40f-4155-adcc-92cabc426664]0   48054.0       8100.0        8.0    4369.0     43.0     95.7   60629.0   
[MFLOG|0|2023-12-12T22:38:55.707605Z|runtime|dac6be72-58b8-48b2-9bef-9daa02d45572]1  265838.0      33400.0        4.0   22153.0  19756.0     37.5  297500.0   
[MFLOG|0|2023-12-12T22:38:55.707636Z|runtime|66f4d5a6-55e9-4b84-abcd-45d2e66ea329]2  850150.0      83000.0        2.0  121450.0   7686.0     83.2  907300.0   
[MFLOG|0|2023-12-12T22:38:55.707668Z|runtime|47932d66-1641-4b7a-9766-d4633ca04892]3   20671.0      14200.0        8.0    1723.0  11061.0      1.2   46964.0   
[MFLOG|0|2023-12-12T22:38:55.707698Z|runtime|5f30de1e-7547-44d2-8c3b-c319a375b9b7]4  128034.0      14600.0        3.0   18291.0   5904.0     58.4  134600.0   
[MFLOG|0|2023-12-12T22:38:55.707730Z|runtime|9b8282af-dd3a-4800-bdf9-dfe1e14eb885]
[MFLOG|0|2023-12-12T22:38:55.707760Z|runtime|95ead3c5-6e7f-40e5-a45f-ebb092903a7a]   totalRevBal  totalBcLim  totalIlLim  
[MFLOG|0|2023-12-12T22:38:55.707790Z|runtime|fb1d884c-570a-4688-8f42-48e8d68d0c53]0      48054.0      1000.0     52529.0  
[MFLOG|0|2023-12-12T22:38:55.707823Z|runtime|e1798cf0-2648-440b-af16-1725e8af4b1b]1      11844.0     31600.0         0.0  
[MFLOG|0|2023-12-12T22:38:55.707853Z|runtime|af217ae3-b1d8-4476-94d3-7540c5b7d8ea]2     173260.0     83000.0    100000.0  
[MFLOG|0|2023-12-12T22:38:55.707883Z|runtime|b10c440b-9dc8-4108-8694-7cb52fe1e1e2]3      20671.0     11200.0     32764.0  
[MFLOG|0|2023-12-12T22:38:55.707913Z|runtime|3116441d-a67c-489a-9c23-49a0528c038e]4       8475.0     14200.0         0.0  
[MFLOG|0|2023-12-12T22:38:55.707943Z|runtime|59dd72aa-60c3-4991-b5bd-6ad02b147102]Dimensions of the dataset: (50000, 30)
[MFLOG|0|2023-12-12T22:38:55.707979Z|runtime|cb98c71d-2567-4a3b-9d88-9bcbe8efdf81]             amount          rate       payment        income    debtIncRat  \
[MFLOG|0|2023-12-12T22:38:56.038094Z|runtime|3535a777-188f-4c51-bc54-bb0589013be8]count  49999.000000  49999.000000  49999.000000  4.999900e+04  49999.000000   
[MFLOG|0|2023-12-12T22:38:56.038218Z|runtime|83d4c315-6a07-42ed-b5e6-937f4f605388]mean   15145.527911      0.130407    442.737519  7.617379e+04     18.731157   
[MFLOG|0|2023-12-12T22:38:56.038259Z|runtime|140c29fc-e2cf-422d-8417-53ecca10aab2]std     8527.772776      0.044192    244.835744  6.523503e+04      8.444506   
[MFLOG|0|2023-12-12T22:38:56.038292Z|runtime|f480cefa-f099-4dfe-b30b-a1e12d78a988]min     1000.000000      0.050000     30.540000  4.000000e+03      0.000000   
[MFLOG|0|2023-12-12T22:38:56.038320Z|runtime|efbd021d-90a8-4a74-856a-a0dd44e6bb67]25%     8500.000000      0.100000    265.840000  4.623850e+04     12.390000   
[MFLOG|0|2023-12-12T22:38:56.038347Z|runtime|ba97e649-f061-4a3a-8311-acd1df639e8d]50%    13800.000000      0.130000    385.790000  6.500000e+04     18.210000   
[MFLOG|0|2023-12-12T22:38:56.038373Z|runtime|ca87994e-b478-4c66-92ed-6225290ec62f]75%    20000.000000      0.160000    578.680000  9.000000e+04     24.730000   
[MFLOG|0|2023-12-12T22:38:56.038402Z|runtime|f51a6eb8-39c5-48d6-94b4-b91ba8341775]max    35000.000000      0.290000   1407.010000  7.446395e+06     61.210000   
[MFLOG|0|2023-12-12T22:38:56.038428Z|runtime|aebd922d-463c-450b-815c-4d35d8b4f9ec]
[MFLOG|0|2023-12-12T22:38:56.038496Z|runtime|e72e418a-fc2d-427b-b880-238c019c5b51]          delinq2yr       inq6mth       openAcc        pubRec    revolRatio  \
[MFLOG|0|2023-12-12T22:38:56.038526Z|runtime|9a8cf0d1-8113-40d3-ba00-65350766e249]count  49999.000000  49999.000000  49999.000000  49999.000000  49981.000000   
[MFLOG|0|2023-12-12T22:38:56.038552Z|runtime|466916fe-7064-4fdc-952d-14fe75313c26]mean       0.346167      0.639553     11.849217      0.232925      0.546419   
[MFLOG|0|2023-12-12T22:38:56.038577Z|runtime|9ffd605c-f2e4-4fc5-8d74-f240cf923941]std        0.907636      0.938869      5.524801      0.624342      0.236451   
[MFLOG|0|2023-12-12T22:38:56.038602Z|runtime|694fc904-facd-403e-8976-2db44c3cd8b7]min        0.000000      0.000000      1.000000      0.000000      0.000000   
[MFLOG|0|2023-12-12T22:38:56.038626Z|runtime|089dec02-2a84-4042-85d5-08ebfce2f08b]25%        0.000000      0.000000      8.000000      0.000000      0.370000   
[MFLOG|0|2023-12-12T22:38:56.038656Z|runtime|a8cf21b8-e40c-41ff-adc2-db668a99d0bd]50%        0.000000      0.000000     11.000000      0.000000      0.550000   
[MFLOG|0|2023-12-12T22:38:56.038681Z|runtime|b01a88f5-d085-4ef5-8943-31bcab477a15]75%        0.000000      1.000000     15.000000      0.000000      0.730000   
[MFLOG|0|2023-12-12T22:38:56.038706Z|runtime|35e33166-bb68-4157-b530-cefe763f9f47]max       15.000000      6.000000     76.000000     28.000000      1.670000   
[MFLOG|0|2023-12-12T22:38:56.038733Z|runtime|c110b0ad-615f-4fac-beb5-67244825e847]
[MFLOG|0|2023-12-12T22:38:56.038760Z|runtime|1eb5592f-a031-43fa-92d0-ce2b2059468a]           totalAcc      totalBal   totalRevLim     accOpen24         avgBal  \
[MFLOG|0|2023-12-12T22:38:56.038785Z|runtime|71f4569a-edd8-48c4-953a-8df9206673c9]count  49999.000000  4.999900e+04  4.999900e+04  49999.000000   49999.000000   
[MFLOG|0|2023-12-12T22:38:56.038811Z|runtime|05447692-b58c-4795-a1a0-48fe28303ca7]mean      25.749595  1.397782e+05  3.243594e+04      4.557831   13189.526651   
[MFLOG|0|2023-12-12T22:38:56.038837Z|runtime|96f383b5-d09c-4349-8d7e-c256d9c09149]std       12.097421  1.526384e+05  3.269753e+04      3.079680   15561.787118   
[MFLOG|0|2023-12-12T22:38:56.038861Z|runtime|1da34645-d37a-44cd-852a-0193cbff6bc2]min        3.000000  0.000000e+00  0.000000e+00      0.000000       0.000000   
[MFLOG|0|2023-12-12T22:38:56.038889Z|runtime|bf0520ea-4d62-416a-b22a-ba69d463f579]25%       17.000000  3.061900e+04  1.400000e+04      2.000000    3170.000000   
[MFLOG|0|2023-12-12T22:38:56.038919Z|runtime|5712e70c-fc52-43e2-a3c9-d5cb7e4f94be]50%       24.000000  8.107300e+04  2.400000e+04      4.000000    7356.000000   
[MFLOG|0|2023-12-12T22:38:56.038943Z|runtime|1510231b-fd3a-4963-978f-afc377b2e9fe]75%       33.000000  2.094385e+05  4.030000e+04      6.000000   18223.500000   
[MFLOG|0|2023-12-12T22:38:56.038969Z|runtime|f8be5b32-1868-4a63-8c85-82e0e5d1ea61]max      162.000000  2.552960e+06  1.060800e+06     50.000000  358652.000000   
[MFLOG|0|2023-12-12T22:38:56.038998Z|runtime|aee856ce-2c73-467d-bb45-405c4738b944]
[MFLOG|0|2023-12-12T22:38:56.039026Z|runtime|fdc09cd9-324b-4a25-a529-abf18c7b7a2e]              bcOpen       bcRatio      totalLim   totalRevBal     totalBcLim  \
[MFLOG|0|2023-12-12T22:38:56.039052Z|runtime|68951536-16d1-4b75-a1b0-74905bd94058]count   49511.000000  49479.000000  4.999900e+04  4.999900e+04   49999.000000   
[MFLOG|0|2023-12-12T22:38:56.039077Z|runtime|c868112c-13fb-412d-82db-deef8bcbd07c]mean     9154.930945     63.188468  1.718866e+05  5.088178e+04   21190.290466   
[MFLOG|0|2023-12-12T22:38:56.039106Z|runtime|85877b8f-4c6c-490c-a295-36f24139ff4f]std     14296.865563     27.205695  1.697017e+05  4.731099e+04   21250.776922   
[MFLOG|0|2023-12-12T22:38:56.039131Z|runtime|a9de9e92-3f6f-45f8-b353-222cb07222cc]min         0.000000      0.000000  6.000000e+02  0.000000e+00       0.000000   
[MFLOG|0|2023-12-12T22:38:56.039156Z|runtime|4cfcdc2d-137e-4a00-81a9-9b6c099e0a0b]25%      1235.000000     43.100000  5.000100e+04  2.211000e+04    7500.000000   
[MFLOG|0|2023-12-12T22:38:56.039180Z|runtime|0f120880-69f0-4bc4-9061-39ecb483ef84]50%      4052.000000     67.100000  1.120710e+05  3.862600e+04   14700.000000   
[MFLOG|0|2023-12-12T22:38:56.039206Z|runtime|163adce8-56cf-4069-8fb5-e29052f35868]75%     10868.500000     87.000000  2.498060e+05  6.390300e+04   27600.000000   
[MFLOG|0|2023-12-12T22:38:56.039232Z|runtime|5e062c8a-7936-4b0d-bc7d-6912d5e561fc]max    373005.000000    161.000000  2.711061e+06  1.094819e+06  560800.000000   
[MFLOG|0|2023-12-12T22:38:56.039259Z|runtime|59131e28-e756-4ed9-a3d6-397d690458bd]
[MFLOG|0|2023-12-12T22:38:56.039284Z|runtime|55ab2ee0-b89c-49fa-a485-edd9fadef6dd]         totalIlLim  
[MFLOG|0|2023-12-12T22:38:56.039311Z|runtime|78f166b5-dc4d-40d6-ac13-8d389c862dbc]count  4.999900e+04  
[MFLOG|0|2023-12-12T22:38:56.039338Z|runtime|683bef2c-c005-402a-a78b-7fad70a24180]mean   4.244567e+04  
[MFLOG|0|2023-12-12T22:38:56.039366Z|runtime|473b14f8-12a2-4d0c-85b2-5c6baaae7b33]std    4.329564e+04  
[MFLOG|0|2023-12-12T22:38:56.039392Z|runtime|d1c1552b-4bd3-4a80-8d65-d5a005c3cb8c]min    0.000000e+00  
[MFLOG|0|2023-12-12T22:38:56.039417Z|runtime|ae51c747-005a-4589-9e0d-cb57841b8e2d]25%    1.500000e+04  
[MFLOG|0|2023-12-12T22:38:56.039445Z|runtime|f612c4b3-dc91-466b-987b-85e7b21a5f8a]50%    3.200000e+04  
[MFLOG|0|2023-12-12T22:38:56.039469Z|runtime|0b580d13-1cb1-42c4-9905-2facb048b47d]75%    5.679400e+04  
[MFLOG|0|2023-12-12T22:38:56.039493Z|runtime|e612a002-0ba2-48ec-bc1d-af471223bf20]max    1.027358e+06  
