[MFLOG|0|2023-12-09T01:01:57.791098Z|runtime|778af2c2-426f-425c-a3f0-1e32939c92e2]    amount        term  rate  payment grade          employment     length  \
[MFLOG|0|2023-12-09T01:01:57.854775Z|runtime|d3fd5b97-d8f3-4c22-b51e-d5f21c61aa0c]0   8000.0   36 months  0.14   272.07     C       Warehouseman     3 years   
[MFLOG|0|2023-12-09T01:01:57.854928Z|runtime|9c7b8ab9-671f-4a3f-8806-45661cffc336]1  11000.0   36 months  0.10   354.89     B      Vice President  10+ years   
[MFLOG|0|2023-12-09T01:01:57.855092Z|runtime|edba8dc9-f288-4bec-a5b6-7ce99067b095]2  35000.0   36 months  0.15  1220.33     D      Owner/Attorney  10+ years   
[MFLOG|0|2023-12-09T01:01:57.855141Z|runtime|504e9d62-ad08-448a-adf0-af1444e7122f]3  20000.0   60 months  0.12   447.83     C             Analyst    2 years   
[MFLOG|0|2023-12-09T01:01:57.855187Z|runtime|f0c35eba-bd0f-43ee-975e-7a982344699b]4  12000.0   60 months  0.12   266.88     B  medical technician  10+ years   
[MFLOG|0|2023-12-09T01:01:57.855234Z|runtime|7749bf86-d19d-4968-8d2d-d40bd3b86416]
[MFLOG|0|2023-12-09T01:01:57.855274Z|runtime|afb3ddce-6686-452b-a18f-87aba9ccd7b2]       home    income         verified       status              reason state  \
[MFLOG|0|2023-12-09T01:01:57.855308Z|runtime|0cc48c1c-195b-4937-acb0-3d51598a67c3]0      RENT   49966.0  Source Verified  Charged Off         credit_card    CA   
[MFLOG|0|2023-12-09T01:01:57.855338Z|runtime|2e365c07-2402-4a7c-aa1c-371709e56740]1  MORTGAGE   50000.0     Not Verified   Fully Paid  debt_consolidation    PA   
[MFLOG|0|2023-12-09T01:01:57.855367Z|runtime|67bd5a0b-6a7a-4741-9809-6fab67534738]2      RENT  360000.0         Verified      Current  debt_consolidation    CA   
[MFLOG|0|2023-12-09T01:01:57.855396Z|runtime|2f9258c3-6493-4b9e-8b5e-f8d48ed33044]3  MORTGAGE   60000.0  Source Verified   Fully Paid  debt_consolidation    CA   
[MFLOG|0|2023-12-09T01:01:57.855484Z|runtime|634f5170-2682-4415-8355-74c527c8f95c]4  MORTGAGE   64000.0  Source Verified      Current  debt_consolidation    NJ   
[MFLOG|0|2023-12-09T01:01:57.855575Z|runtime|ec180014-b8cf-4970-b4af-f2caf9d15fd9]
[MFLOG|0|2023-12-09T01:01:57.855620Z|runtime|9e7bf337-1624-4ae0-940a-2614f34c34d7]   debtIncRat  delinq2yr  inq6mth  openAcc  pubRec  revolRatio  totalAcc  \
[MFLOG|0|2023-12-09T01:01:57.855659Z|runtime|d4c4f916-8a58-462d-aec4-8412676bf581]0       30.05        0.0      0.0     11.0     0.0        0.55      15.0   
[MFLOG|0|2023-12-09T01:01:57.855698Z|runtime|0829d129-b694-4037-b51f-82c44b728aeb]1        8.74        0.0      2.0     12.0     0.0        0.36      15.0   
[MFLOG|0|2023-12-09T01:01:57.855740Z|runtime|30463a87-c731-4833-9c5c-f61fd92cedb2]2       14.50        0.0      1.0      8.0     0.0        0.83      14.0   
[MFLOG|0|2023-12-09T01:01:57.855773Z|runtime|df4f4adf-b71b-4da8-9fc9-00827d5d95aa]3       14.14        0.0      0.0     12.0     3.0        0.01      48.0   
[MFLOG|0|2023-12-09T01:01:57.855808Z|runtime|28fbbc6c-3e39-4558-8a50-108263b3ef3e]4        5.14        0.0      0.0      8.0     0.0        0.58      22.0   
[MFLOG|0|2023-12-09T01:01:57.855838Z|runtime|7848bb3d-ed3b-4467-b60b-ac7e7f2a5ebb]
[MFLOG|0|2023-12-09T01:01:57.855872Z|runtime|ed183bdb-0d1d-4683-bac8-88e0fb4b0617]   totalBal  totalRevLim  accOpen24    avgBal   bcOpen  bcRatio  totalLim  \
[MFLOG|0|2023-12-09T01:01:57.855907Z|runtime|48e50f2e-052f-40f8-adf0-7dc5bec017eb]0   48054.0       8100.0        8.0    4369.0     43.0     95.7   60629.0   
[MFLOG|0|2023-12-09T01:01:57.855941Z|runtime|f8837f1b-0653-415e-bc25-0db37d76e2dd]1  265838.0      33400.0        4.0   22153.0  19756.0     37.5  297500.0   
[MFLOG|0|2023-12-09T01:01:57.855970Z|runtime|cc8f8476-5e12-4cf1-9a41-e0e0066982e8]2  850150.0      83000.0        2.0  121450.0   7686.0     83.2  907300.0   
[MFLOG|0|2023-12-09T01:01:57.856003Z|runtime|68498e9b-d157-450b-9b6f-d300a44e6b89]3   20671.0      14200.0        8.0    1723.0  11061.0      1.2   46964.0   
[MFLOG|0|2023-12-09T01:01:57.856045Z|runtime|79724ef4-37e6-4bf1-a0fd-8b1ed50ef3a0]4  128034.0      14600.0        3.0   18291.0   5904.0     58.4  134600.0   
[MFLOG|0|2023-12-09T01:01:57.856075Z|runtime|19b5f930-e105-4335-8fea-8c82c9672d72]
[MFLOG|0|2023-12-09T01:01:57.856108Z|runtime|80b4da4e-a301-4d84-bfd4-8668b6c8d239]   totalRevBal  totalBcLim  totalIlLim  
[MFLOG|0|2023-12-09T01:01:57.856142Z|runtime|7e0e970e-5900-41cc-b84a-a82210e4c361]0      48054.0      1000.0     52529.0  
[MFLOG|0|2023-12-09T01:01:57.856180Z|runtime|57023e49-eefa-46c0-995f-dc9b54e2ce44]1      11844.0     31600.0         0.0  
[MFLOG|0|2023-12-09T01:01:57.856212Z|runtime|7d216ce9-4d49-41a7-ad24-214c2f60b489]2     173260.0     83000.0    100000.0  
[MFLOG|0|2023-12-09T01:01:57.856241Z|runtime|b6ddd456-a95d-4e24-bcfc-e12ba84a2cef]3      20671.0     11200.0     32764.0  
[MFLOG|0|2023-12-09T01:01:57.856273Z|runtime|560f8848-3160-4d80-8f87-28a81df8278e]4       8475.0     14200.0         0.0  
[MFLOG|0|2023-12-09T01:01:57.856306Z|runtime|c32c6c83-0ab1-4826-999f-dfe51dec6572]Dimensions of the dataset: (50000, 30)
[MFLOG|0|2023-12-09T01:01:57.856338Z|runtime|d3c25885-0a2f-4402-9bc1-18a50a338505]             amount          rate       payment        income    debtIncRat  \
[MFLOG|0|2023-12-09T01:01:58.111555Z|runtime|bac23df0-ac7d-4e64-8677-fc812a59a0b5]count  49999.000000  49999.000000  49999.000000  4.999900e+04  49999.000000   
[MFLOG|0|2023-12-09T01:01:58.111666Z|runtime|d4f19f7a-ac85-4360-bd68-45537111ddac]mean   15145.527911      0.130407    442.737519  7.617379e+04     18.731157   
[MFLOG|0|2023-12-09T01:01:58.111699Z|runtime|8c91fa3b-b11d-4d83-a324-e06a54d4d183]std     8527.772776      0.044192    244.835744  6.523503e+04      8.444506   
[MFLOG|0|2023-12-09T01:01:58.111727Z|runtime|2f8466b5-c7fc-47c5-b70b-fcc3d122c90e]min     1000.000000      0.050000     30.540000  4.000000e+03      0.000000   
[MFLOG|0|2023-12-09T01:01:58.111753Z|runtime|53ecd116-8b1e-409a-8bec-1fe404920f51]25%     8500.000000      0.100000    265.840000  4.623850e+04     12.390000   
[MFLOG|0|2023-12-09T01:01:58.111785Z|runtime|458075a8-cfdf-4f06-a75e-2345f9da76af]50%    13800.000000      0.130000    385.790000  6.500000e+04     18.210000   
[MFLOG|0|2023-12-09T01:01:58.111813Z|runtime|f160a742-e451-471c-b5e5-6dd2cd09e0a2]75%    20000.000000      0.160000    578.680000  9.000000e+04     24.730000   
[MFLOG|0|2023-12-09T01:01:58.111838Z|runtime|02e09b10-c326-49ef-b82f-bc088863d5f4]max    35000.000000      0.290000   1407.010000  7.446395e+06     61.210000   
[MFLOG|0|2023-12-09T01:01:58.111863Z|runtime|5cf9d31b-51f9-4325-91f3-7c188c61ac15]
[MFLOG|0|2023-12-09T01:01:58.111889Z|runtime|a50c1975-371e-4367-b7ea-286a7ef8ed9b]          delinq2yr       inq6mth       openAcc        pubRec    revolRatio  \
[MFLOG|0|2023-12-09T01:01:58.111914Z|runtime|9abeb8ab-9563-47e2-afae-0cb468766b82]count  49999.000000  49999.000000  49999.000000  49999.000000  49981.000000   
[MFLOG|0|2023-12-09T01:01:58.111938Z|runtime|1fb506fb-ce10-4554-a00a-6550946b8519]mean       0.346167      0.639553     11.849217      0.232925      0.546419   
[MFLOG|0|2023-12-09T01:01:58.111967Z|runtime|02c29ed0-7d57-4b2e-bf47-599e4ee29ecc]std        0.907636      0.938869      5.524801      0.624342      0.236451   
[MFLOG|0|2023-12-09T01:01:58.111992Z|runtime|44350db8-ad42-42a4-8939-c1ebbad2a55d]min        0.000000      0.000000      1.000000      0.000000      0.000000   
[MFLOG|0|2023-12-09T01:01:58.112016Z|runtime|0d2f7191-1609-4ece-a7f8-d04e4e74726d]25%        0.000000      0.000000      8.000000      0.000000      0.370000   
[MFLOG|0|2023-12-09T01:01:58.112040Z|runtime|d494f2db-26ec-4726-aadc-607a989d0509]50%        0.000000      0.000000     11.000000      0.000000      0.550000   
[MFLOG|0|2023-12-09T01:01:58.112063Z|runtime|a8ce54f7-d220-458d-85b4-622eac274943]75%        0.000000      1.000000     15.000000      0.000000      0.730000   
[MFLOG|0|2023-12-09T01:01:58.112087Z|runtime|c73b454f-a08f-4c6f-8f70-ebb5d679532c]max       15.000000      6.000000     76.000000     28.000000      1.670000   
[MFLOG|0|2023-12-09T01:01:58.112111Z|runtime|27c07ac5-34ef-4d23-93cd-2c8183be356e]
[MFLOG|0|2023-12-09T01:01:58.112136Z|runtime|bb561db8-4d42-477a-aa51-23547d760a92]           totalAcc      totalBal   totalRevLim     accOpen24         avgBal  \
[MFLOG|0|2023-12-09T01:01:58.112160Z|runtime|d6ff1f70-58d5-4fe0-b2bc-9a196002e156]count  49999.000000  4.999900e+04  4.999900e+04  49999.000000   49999.000000   
[MFLOG|0|2023-12-09T01:01:58.112188Z|runtime|2220f0cf-536f-4a84-b121-a947b6bdd442]mean      25.749595  1.397782e+05  3.243594e+04      4.557831   13189.526651   
[MFLOG|0|2023-12-09T01:01:58.112214Z|runtime|7cb2e158-5282-4f74-bfcc-b37a868b4464]std       12.097421  1.526384e+05  3.269753e+04      3.079680   15561.787118   
[MFLOG|0|2023-12-09T01:01:58.112239Z|runtime|4193dea7-496c-49ca-808f-9eaa806aae53]min        3.000000  0.000000e+00  0.000000e+00      0.000000       0.000000   
[MFLOG|0|2023-12-09T01:01:58.112263Z|runtime|3df1361a-cc1b-427a-b6d8-b2d90c5a8944]25%       17.000000  3.061900e+04  1.400000e+04      2.000000    3170.000000   
[MFLOG|0|2023-12-09T01:01:58.112292Z|runtime|e3f3b68c-9702-4658-9f01-f8908ac62751]50%       24.000000  8.107300e+04  2.400000e+04      4.000000    7356.000000   
[MFLOG|0|2023-12-09T01:01:58.112316Z|runtime|6240beb0-99d1-4632-8d99-b1d9081259cc]75%       33.000000  2.094385e+05  4.030000e+04      6.000000   18223.500000   
[MFLOG|0|2023-12-09T01:01:58.112340Z|runtime|c2fe50ce-f250-4ca1-8a49-279373acae98]max      162.000000  2.552960e+06  1.060800e+06     50.000000  358652.000000   
[MFLOG|0|2023-12-09T01:01:58.112364Z|runtime|d9e11c30-e510-43d5-9ea6-2d1a4f414d29]
[MFLOG|0|2023-12-09T01:01:58.112388Z|runtime|4adedc9a-5a3f-40e4-b132-fd95fd9b87d3]              bcOpen       bcRatio      totalLim   totalRevBal     totalBcLim  \
[MFLOG|0|2023-12-09T01:01:58.112412Z|runtime|3aec6c06-1812-4510-8e53-697d18456d38]count   49511.000000  49479.000000  4.999900e+04  4.999900e+04   49999.000000   
[MFLOG|0|2023-12-09T01:01:58.112436Z|runtime|744a5b6c-3ce8-432e-b297-194d1123f3cc]mean     9154.930945     63.188468  1.718866e+05  5.088178e+04   21190.290466   
[MFLOG|0|2023-12-09T01:01:58.112463Z|runtime|257a0bad-e91e-4f3c-8058-e25f13afd62d]std     14296.865563     27.205695  1.697017e+05  4.731099e+04   21250.776922   
[MFLOG|0|2023-12-09T01:01:58.112490Z|runtime|8cb8fa47-c698-4e09-8ede-e18083f57e00]min         0.000000      0.000000  6.000000e+02  0.000000e+00       0.000000   
[MFLOG|0|2023-12-09T01:01:58.112514Z|runtime|f793ebbe-fb9f-4770-9e25-899404ebadd0]25%      1235.000000     43.100000  5.000100e+04  2.211000e+04    7500.000000   
[MFLOG|0|2023-12-09T01:01:58.112541Z|runtime|75bf09d7-b7a1-4809-97ac-f44273333eb9]50%      4052.000000     67.100000  1.120710e+05  3.862600e+04   14700.000000   
[MFLOG|0|2023-12-09T01:01:58.112565Z|runtime|6135e59e-29b7-4a21-b66c-a025fd0cd087]75%     10868.500000     87.000000  2.498060e+05  6.390300e+04   27600.000000   
[MFLOG|0|2023-12-09T01:01:58.112589Z|runtime|6abaf7ec-3629-48dd-869d-76cdb9c7fc85]max    373005.000000    161.000000  2.711061e+06  1.094819e+06  560800.000000   
[MFLOG|0|2023-12-09T01:01:58.112612Z|runtime|60f3f2a5-065e-4752-ac30-a46adecd6254]
[MFLOG|0|2023-12-09T01:01:58.112636Z|runtime|008d356d-137c-4d45-acb3-5327b9fe6b3a]         totalIlLim  
[MFLOG|0|2023-12-09T01:01:58.112661Z|runtime|ae18067a-dc87-4f76-990a-cd289c4b31a9]count  4.999900e+04  
[MFLOG|0|2023-12-09T01:01:58.112686Z|runtime|6e2f96d9-bf95-435d-8107-60f6d80e19fa]mean   4.244567e+04  
[MFLOG|0|2023-12-09T01:01:58.112717Z|runtime|c5353763-ed42-4f08-b08b-2647439d3364]std    4.329564e+04  
[MFLOG|0|2023-12-09T01:01:58.112749Z|runtime|dd0e2df1-4e83-40ea-a8e6-7a3e2ad06d70]min    0.000000e+00  
[MFLOG|0|2023-12-09T01:01:58.112773Z|runtime|862d4923-286e-48e4-8b20-498c14beb936]25%    1.500000e+04  
[MFLOG|0|2023-12-09T01:01:58.112799Z|runtime|2cb805be-8c62-4f01-bf92-196543f0a789]50%    3.200000e+04  
[MFLOG|0|2023-12-09T01:01:58.112823Z|runtime|b6ef20ec-eecc-4eef-82ca-239f0bafec6e]75%    5.679400e+04  
[MFLOG|0|2023-12-09T01:01:58.112847Z|runtime|06c5c2a8-430d-4731-989f-b1ac4402b313]max    1.027358e+06  
