[MFLOG|0|2023-12-12T21:28:58.087732Z|runtime|2abd586b-98a1-4832-b4e1-d6e4f75b5157]    amount        term  rate  payment grade          employment     length  \
[MFLOG|0|2023-12-12T21:28:58.149796Z|runtime|d6bb22d7-5aad-4d1f-9cdd-96122deb0259]0   8000.0   36 months  0.14   272.07     C       Warehouseman     3 years   
[MFLOG|0|2023-12-12T21:28:58.149955Z|runtime|54b8ff90-2103-4c35-889e-78b7ece16191]1  11000.0   36 months  0.10   354.89     B      Vice President  10+ years   
[MFLOG|0|2023-12-12T21:28:58.150033Z|runtime|92e63450-c869-4caa-9303-6e7f45c319fa]2  35000.0   36 months  0.15  1220.33     D      Owner/Attorney  10+ years   
[MFLOG|0|2023-12-12T21:28:58.150091Z|runtime|d56d669e-b70e-4b7d-adde-3442889d72af]3  20000.0   60 months  0.12   447.83     C             Analyst    2 years   
[MFLOG|0|2023-12-12T21:28:58.150130Z|runtime|2a1a26f2-a169-4565-9eb0-a855ceabef07]4  12000.0   60 months  0.12   266.88     B  medical technician  10+ years   
[MFLOG|0|2023-12-12T21:28:58.150168Z|runtime|3a0dd567-d5d7-4bd2-8003-af23b9d85c7d]
[MFLOG|0|2023-12-12T21:28:58.150221Z|runtime|5e4f06bf-2af4-4117-b05f-9dbe420805e0]       home    income         verified       status              reason state  \
[MFLOG|0|2023-12-12T21:28:58.150259Z|runtime|54706201-4096-4258-8b0c-da652affba7f]0      RENT   49966.0  Source Verified  Charged Off         credit_card    CA   
[MFLOG|0|2023-12-12T21:28:58.150290Z|runtime|9782d821-402f-4e11-8721-76f07d79651d]1  MORTGAGE   50000.0     Not Verified   Fully Paid  debt_consolidation    PA   
[MFLOG|0|2023-12-12T21:28:58.150319Z|runtime|a49191fd-53bc-4313-aeed-cecca06b2857]2      RENT  360000.0         Verified      Current  debt_consolidation    CA   
[MFLOG|0|2023-12-12T21:28:58.150348Z|runtime|667a3ade-6963-4281-96f7-7a9d20bd40d8]3  MORTGAGE   60000.0  Source Verified   Fully Paid  debt_consolidation    CA   
[MFLOG|0|2023-12-12T21:28:58.150375Z|runtime|6fad6ab9-432d-44ef-98a7-e2c8e14e8787]4  MORTGAGE   64000.0  Source Verified      Current  debt_consolidation    NJ   
[MFLOG|0|2023-12-12T21:28:58.150411Z|runtime|67f77a44-3f7e-4267-b7b2-0c15af1519f3]
[MFLOG|0|2023-12-12T21:28:58.150440Z|runtime|880f2110-2a94-4308-bf57-018914a762dc]   debtIncRat  delinq2yr  inq6mth  openAcc  pubRec  revolRatio  totalAcc  \
[MFLOG|0|2023-12-12T21:28:58.150472Z|runtime|ff2c73f7-ac5a-4b65-bff9-79a5aa796ea3]0       30.05        0.0      0.0     11.0     0.0        0.55      15.0   
[MFLOG|0|2023-12-12T21:28:58.150503Z|runtime|0ea05dc4-4420-4b5d-ab6f-ddc7cac56ab1]1        8.74        0.0      2.0     12.0     0.0        0.36      15.0   
[MFLOG|0|2023-12-12T21:28:58.150532Z|runtime|e8411fc9-2921-4c9e-98a1-413ec2515f48]2       14.50        0.0      1.0      8.0     0.0        0.83      14.0   
[MFLOG|0|2023-12-12T21:28:58.150560Z|runtime|b47e499b-2811-4505-8f73-dd425ce32f5f]3       14.14        0.0      0.0     12.0     3.0        0.01      48.0   
[MFLOG|0|2023-12-12T21:28:58.150590Z|runtime|cb0fc63d-f657-4413-9ea6-05925f000df7]4        5.14        0.0      0.0      8.0     0.0        0.58      22.0   
[MFLOG|0|2023-12-12T21:28:58.150620Z|runtime|0155a043-5495-43ed-8b1c-4ff4ce375d61]
[MFLOG|0|2023-12-12T21:28:58.150650Z|runtime|980b80fb-8663-4c6c-ba84-b873990113bc]   totalBal  totalRevLim  accOpen24    avgBal   bcOpen  bcRatio  totalLim  \
[MFLOG|0|2023-12-12T21:28:58.150680Z|runtime|7b0302b3-aa32-41e1-bd1c-9c7042c46f6b]0   48054.0       8100.0        8.0    4369.0     43.0     95.7   60629.0   
[MFLOG|0|2023-12-12T21:28:58.150708Z|runtime|74c501a3-2404-4af6-8b86-a775c6425349]1  265838.0      33400.0        4.0   22153.0  19756.0     37.5  297500.0   
[MFLOG|0|2023-12-12T21:28:58.150740Z|runtime|35322791-81ca-4f5f-b1e2-5428cdd0913e]2  850150.0      83000.0        2.0  121450.0   7686.0     83.2  907300.0   
[MFLOG|0|2023-12-12T21:28:58.150773Z|runtime|58a322bd-19bc-4da4-8218-51869672551f]3   20671.0      14200.0        8.0    1723.0  11061.0      1.2   46964.0   
[MFLOG|0|2023-12-12T21:28:58.150805Z|runtime|7b283d9f-4be2-4c31-ad9c-3681a83d0935]4  128034.0      14600.0        3.0   18291.0   5904.0     58.4  134600.0   
[MFLOG|0|2023-12-12T21:28:58.150838Z|runtime|ce30dd4b-0cb0-4de1-ad78-f26066e52375]
[MFLOG|0|2023-12-12T21:28:58.150868Z|runtime|aea751ef-b4c4-41bd-8d9e-1b74a49749a6]   totalRevBal  totalBcLim  totalIlLim  
[MFLOG|0|2023-12-12T21:28:58.150899Z|runtime|d751fe58-00eb-4381-b53a-d29191b82c0e]0      48054.0      1000.0     52529.0  
[MFLOG|0|2023-12-12T21:28:58.150929Z|runtime|4ef24537-c097-4392-9e77-0621bc9fb96f]1      11844.0     31600.0         0.0  
[MFLOG|0|2023-12-12T21:28:58.150959Z|runtime|febf5b15-bec4-41b5-8903-c01877a2c752]2     173260.0     83000.0    100000.0  
[MFLOG|0|2023-12-12T21:28:58.150991Z|runtime|504f93c9-fbbd-4752-94a6-6b8dc648c47b]3      20671.0     11200.0     32764.0  
[MFLOG|0|2023-12-12T21:28:58.151021Z|runtime|7884b326-bf59-4e59-baff-117c225342e2]4       8475.0     14200.0         0.0  
[MFLOG|0|2023-12-12T21:28:58.151058Z|runtime|33c549ab-5de6-4875-aa37-f0c3c7a2bd39]Dimensions of the dataset: (50000, 30)
[MFLOG|0|2023-12-12T21:28:58.151095Z|runtime|5577caf5-7e2d-403c-97b3-d1f12a50b6c1]             amount          rate       payment        income    debtIncRat  \
[MFLOG|0|2023-12-12T21:28:58.493335Z|runtime|ad08cdf9-94de-422d-a117-ef43684055de]count  49999.000000  49999.000000  49999.000000  4.999900e+04  49999.000000   
[MFLOG|0|2023-12-12T21:28:58.493478Z|runtime|f8bd72c9-85e7-429b-864a-419d23c7b9c3]mean   15145.527911      0.130407    442.737519  7.617379e+04     18.731157   
[MFLOG|0|2023-12-12T21:28:58.493516Z|runtime|96fc0aec-fc7a-438e-9338-6867c5c55ba5]std     8527.772776      0.044192    244.835744  6.523503e+04      8.444506   
[MFLOG|0|2023-12-12T21:28:58.493549Z|runtime|e7bbc992-acaf-4af2-bf60-d55f2b65519d]min     1000.000000      0.050000     30.540000  4.000000e+03      0.000000   
[MFLOG|0|2023-12-12T21:28:58.493576Z|runtime|4d65c642-7126-4014-b9e7-ac578c92fd43]25%     8500.000000      0.100000    265.840000  4.623850e+04     12.390000   
[MFLOG|0|2023-12-12T21:28:58.493601Z|runtime|619bb411-1400-49a0-8850-8c82f138c3af]50%    13800.000000      0.130000    385.790000  6.500000e+04     18.210000   
[MFLOG|0|2023-12-12T21:28:58.493631Z|runtime|c2002717-9301-4c17-b678-8158c68e207e]75%    20000.000000      0.160000    578.680000  9.000000e+04     24.730000   
[MFLOG|0|2023-12-12T21:28:58.493657Z|runtime|5cf70163-04b2-4f4e-a766-d6849dfcd505]max    35000.000000      0.290000   1407.010000  7.446395e+06     61.210000   
[MFLOG|0|2023-12-12T21:28:58.493682Z|runtime|e00918f7-38ba-4dca-9c25-0fc75e5449fe]
[MFLOG|0|2023-12-12T21:28:58.493712Z|runtime|91a35ff4-166d-4f17-b9b1-cfdc957b5b6e]          delinq2yr       inq6mth       openAcc        pubRec    revolRatio  \
[MFLOG|0|2023-12-12T21:28:58.493738Z|runtime|10337ebc-4bc1-463b-9952-abbaa2324135]count  49999.000000  49999.000000  49999.000000  49999.000000  49981.000000   
[MFLOG|0|2023-12-12T21:28:58.493763Z|runtime|e15bfadc-16da-43a6-a432-d1c18585f1d3]mean       0.346167      0.639553     11.849217      0.232925      0.546419   
[MFLOG|0|2023-12-12T21:28:58.493788Z|runtime|8607751b-5722-4781-93bc-a6f800c99796]std        0.907636      0.938869      5.524801      0.624342      0.236451   
[MFLOG|0|2023-12-12T21:28:58.493812Z|runtime|4d3cb31e-9ae2-4db9-9623-be7c072a694c]min        0.000000      0.000000      1.000000      0.000000      0.000000   
[MFLOG|0|2023-12-12T21:28:58.493836Z|runtime|715413bc-8755-4701-9838-896d8b8f288f]25%        0.000000      0.000000      8.000000      0.000000      0.370000   
[MFLOG|0|2023-12-12T21:28:58.493864Z|runtime|5dc0a33d-ed92-4862-ba7a-c9d0da559cbc]50%        0.000000      0.000000     11.000000      0.000000      0.550000   
[MFLOG|0|2023-12-12T21:28:58.493889Z|runtime|7f0ca49f-bfd9-4982-ba00-84784ddf9888]75%        0.000000      1.000000     15.000000      0.000000      0.730000   
[MFLOG|0|2023-12-12T21:28:58.493915Z|runtime|f878a3e4-75f5-48d6-b311-74feafd36b9a]max       15.000000      6.000000     76.000000     28.000000      1.670000   
[MFLOG|0|2023-12-12T21:28:58.493945Z|runtime|a3052820-54ff-4797-9292-35504d2368fb]
[MFLOG|0|2023-12-12T21:28:58.493971Z|runtime|ef193216-4ed2-4416-adbc-2d2a4e5b2b06]           totalAcc      totalBal   totalRevLim     accOpen24         avgBal  \
[MFLOG|0|2023-12-12T21:28:58.493996Z|runtime|607f00c5-35b8-4f22-b3e0-c6ef09d30cd1]count  49999.000000  4.999900e+04  4.999900e+04  49999.000000   49999.000000   
[MFLOG|0|2023-12-12T21:28:58.494021Z|runtime|f85c1bc7-5c52-4dd1-8a09-1a804b284bc0]mean      25.749595  1.397782e+05  3.243594e+04      4.557831   13189.526651   
[MFLOG|0|2023-12-12T21:28:58.494045Z|runtime|06872912-eb14-41ed-a667-8690d50a69d4]std       12.097421  1.526384e+05  3.269753e+04      3.079680   15561.787118   
[MFLOG|0|2023-12-12T21:28:58.494070Z|runtime|ff6f38db-22d0-47a1-b3c9-54f35bb14b45]min        3.000000  0.000000e+00  0.000000e+00      0.000000       0.000000   
[MFLOG|0|2023-12-12T21:28:58.494095Z|runtime|0fc71ee8-8b92-4834-8a1e-2490d1d4afd4]25%       17.000000  3.061900e+04  1.400000e+04      2.000000    3170.000000   
[MFLOG|0|2023-12-12T21:28:58.494123Z|runtime|c4c6b645-09d7-49f1-ada3-e2feb92b5a63]50%       24.000000  8.107300e+04  2.400000e+04      4.000000    7356.000000   
[MFLOG|0|2023-12-12T21:28:58.494148Z|runtime|46e88a10-b988-4347-a33a-b9a727777b9e]75%       33.000000  2.094385e+05  4.030000e+04      6.000000   18223.500000   
[MFLOG|0|2023-12-12T21:28:58.494171Z|runtime|5bfc8442-b764-4fe7-9e3d-5c1fee69969f]max      162.000000  2.552960e+06  1.060800e+06     50.000000  358652.000000   
[MFLOG|0|2023-12-12T21:28:58.494195Z|runtime|9eefadcd-be3b-474b-a5ab-2d24c1c91b56]
[MFLOG|0|2023-12-12T21:28:58.494219Z|runtime|d2cbe86a-0c3c-4bfd-80f3-32f771e1cdb4]              bcOpen       bcRatio      totalLim   totalRevBal     totalBcLim  \
[MFLOG|0|2023-12-12T21:28:58.494243Z|runtime|d8e78b18-a271-4694-a1ce-e986c0894802]count   49511.000000  49479.000000  4.999900e+04  4.999900e+04   49999.000000   
[MFLOG|0|2023-12-12T21:28:58.494267Z|runtime|c768d3fd-e751-4163-b95a-815be679a752]mean     9154.930945     63.188468  1.718866e+05  5.088178e+04   21190.290466   
[MFLOG|0|2023-12-12T21:28:58.494291Z|runtime|11dd5361-052f-4689-b532-efa96d623718]std     14296.865563     27.205695  1.697017e+05  4.731099e+04   21250.776922   
[MFLOG|0|2023-12-12T21:28:58.494323Z|runtime|9b387d69-8a16-4d3c-a92f-cce519ef902b]min         0.000000      0.000000  6.000000e+02  0.000000e+00       0.000000   
[MFLOG|0|2023-12-12T21:28:58.494347Z|runtime|56268383-5f33-445e-b8af-cd7024332fed]25%      1235.000000     43.100000  5.000100e+04  2.211000e+04    7500.000000   
[MFLOG|0|2023-12-12T21:28:58.494371Z|runtime|89622a12-0b33-4a8e-b1a7-a901bce0ae6a]50%      4052.000000     67.100000  1.120710e+05  3.862600e+04   14700.000000   
[MFLOG|0|2023-12-12T21:28:58.494399Z|runtime|d51b3c61-5b77-44d8-8804-84f19079eb76]75%     10868.500000     87.000000  2.498060e+05  6.390300e+04   27600.000000   
[MFLOG|0|2023-12-12T21:28:58.494427Z|runtime|9da660ac-3415-4793-88be-8dadb87a465e]max    373005.000000    161.000000  2.711061e+06  1.094819e+06  560800.000000   
[MFLOG|0|2023-12-12T21:28:58.494453Z|runtime|791fa825-d957-4620-a8b0-381ec740d833]
[MFLOG|0|2023-12-12T21:28:58.494480Z|runtime|6bd875d3-ed3e-424d-9b1e-957bf5866f4c]         totalIlLim  
[MFLOG|0|2023-12-12T21:28:58.494509Z|runtime|51e7b220-4168-49b3-9fd7-f5170b671fc2]count  4.999900e+04  
[MFLOG|0|2023-12-12T21:28:58.494535Z|runtime|1fabcfe9-6d7c-4470-96fe-bf377c0ab285]mean   4.244567e+04  
[MFLOG|0|2023-12-12T21:28:58.494559Z|runtime|2f4ee795-80e9-489d-abac-9271be0f3a02]std    4.329564e+04  
[MFLOG|0|2023-12-12T21:28:58.494584Z|runtime|5dc041f3-e6ea-4876-8af9-7e3bcc586c7a]min    0.000000e+00  
[MFLOG|0|2023-12-12T21:28:58.494611Z|runtime|911a2ed3-cb3a-4138-a8bd-36d89e54a655]25%    1.500000e+04  
[MFLOG|0|2023-12-12T21:28:58.494638Z|runtime|87d92fbb-ada6-41f2-a0d6-a82f3a793e5f]50%    3.200000e+04  
[MFLOG|0|2023-12-12T21:28:58.494662Z|runtime|d2836804-49a1-4861-aa16-56047d331c63]75%    5.679400e+04  
[MFLOG|0|2023-12-12T21:28:58.494686Z|runtime|f6ac4874-5f3f-4078-88b6-c10fba8f3c90]max    1.027358e+06  
