[MFLOG|0|2023-12-09T00:34:13.446079Z|runtime|75b8ba1a-0a8a-4b59-b0f0-020de24aa2e4]    amount        term  rate  payment grade          employment     length  \
[MFLOG|0|2023-12-09T00:34:13.529359Z|runtime|f2424be5-6d2a-49cf-a097-6f4408ebf55e]0   8000.0   36 months  0.14   272.07     C       Warehouseman     3 years   
[MFLOG|0|2023-12-09T00:34:13.529539Z|runtime|6501ad5b-ca4b-4810-965d-41634713bcb4]1  11000.0   36 months  0.10   354.89     B      Vice President  10+ years   
[MFLOG|0|2023-12-09T00:34:13.529634Z|runtime|cefdba5e-1200-4f5e-9fdc-8ad979e798bf]2  35000.0   36 months  0.15  1220.33     D      Owner/Attorney  10+ years   
[MFLOG|0|2023-12-09T00:34:13.529725Z|runtime|388c83ec-8c92-44d1-9d79-849c76f33f8e]3  20000.0   60 months  0.12   447.83     C             Analyst    2 years   
[MFLOG|0|2023-12-09T00:34:13.529765Z|runtime|2e9d39c8-d3af-464d-8df8-0f257b01f38a]4  12000.0   60 months  0.12   266.88     B  medical technician  10+ years   
[MFLOG|0|2023-12-09T00:34:13.529800Z|runtime|2ea6e6cc-09a2-4350-8564-d6ccd2ac6c8e]
[MFLOG|0|2023-12-09T00:34:13.529844Z|runtime|d3afb6db-7694-45c1-8f45-ac3718d4db2c]       home    income         verified       status              reason state  \
[MFLOG|0|2023-12-09T00:34:13.529878Z|runtime|314b4ee8-38c3-4ba1-aed0-219ae2ba9e07]0      RENT   49966.0  Source Verified  Charged Off         credit_card    CA   
[MFLOG|0|2023-12-09T00:34:13.529908Z|runtime|c5674b2b-07e7-402d-a208-e56c7d741429]1  MORTGAGE   50000.0     Not Verified   Fully Paid  debt_consolidation    PA   
[MFLOG|0|2023-12-09T00:34:13.529939Z|runtime|45d31178-d7c8-4c03-b2ba-3027bbf8e99b]2      RENT  360000.0         Verified      Current  debt_consolidation    CA   
[MFLOG|0|2023-12-09T00:34:13.529971Z|runtime|9e3731fb-db16-42b6-b863-9fe1b051be0a]3  MORTGAGE   60000.0  Source Verified   Fully Paid  debt_consolidation    CA   
[MFLOG|0|2023-12-09T00:34:13.530016Z|runtime|a4f3815d-580f-4b82-bfe5-218a93e2713c]4  MORTGAGE   64000.0  Source Verified      Current  debt_consolidation    NJ   
[MFLOG|0|2023-12-09T00:34:13.530048Z|runtime|1a0cd2a1-fd3f-47fa-af14-1dbada08b4ac]
[MFLOG|0|2023-12-09T00:34:13.530081Z|runtime|a4525141-07e6-4afe-98bb-3ee346dd81f4]   debtIncRat  delinq2yr  inq6mth  openAcc  pubRec  revolRatio  totalAcc  \
[MFLOG|0|2023-12-09T00:34:13.530114Z|runtime|6c46c8a3-1332-42f5-a2ba-ea96faa784cc]0       30.05        0.0      0.0     11.0     0.0        0.55      15.0   
[MFLOG|0|2023-12-09T00:34:13.530148Z|runtime|b17ea426-4803-4709-9264-4fa1e2c7af25]1        8.74        0.0      2.0     12.0     0.0        0.36      15.0   
[MFLOG|0|2023-12-09T00:34:13.530179Z|runtime|7bb6c3bf-3d47-4e58-9800-faa18c26675c]2       14.50        0.0      1.0      8.0     0.0        0.83      14.0   
[MFLOG|0|2023-12-09T00:34:13.530214Z|runtime|24442c8a-ca1b-4633-a947-db2a43400532]3       14.14        0.0      0.0     12.0     3.0        0.01      48.0   
[MFLOG|0|2023-12-09T00:34:13.530246Z|runtime|23781d60-2da5-4f50-82c0-d197701437c0]4        5.14        0.0      0.0      8.0     0.0        0.58      22.0   
[MFLOG|0|2023-12-09T00:34:13.530274Z|runtime|41f93216-8fa0-4132-9225-97eb8da6aeb6]
[MFLOG|0|2023-12-09T00:34:13.530309Z|runtime|94e77466-ec94-49ce-b0ad-d2a51fc17fd9]   totalBal  totalRevLim  accOpen24    avgBal   bcOpen  bcRatio  totalLim  \
[MFLOG|0|2023-12-09T00:34:13.530346Z|runtime|d027a025-15eb-462d-8b4c-d285468740a7]0   48054.0       8100.0        8.0    4369.0     43.0     95.7   60629.0   
[MFLOG|0|2023-12-09T00:34:13.530378Z|runtime|baf7d071-aac2-4112-8f43-354152dc50f7]1  265838.0      33400.0        4.0   22153.0  19756.0     37.5  297500.0   
[MFLOG|0|2023-12-09T00:34:13.530417Z|runtime|3361605f-df4b-4555-a31b-b406f682446f]2  850150.0      83000.0        2.0  121450.0   7686.0     83.2  907300.0   
[MFLOG|0|2023-12-09T00:34:13.530446Z|runtime|322e642c-ac29-4d54-8534-a17a8c2dfe0b]3   20671.0      14200.0        8.0    1723.0  11061.0      1.2   46964.0   
[MFLOG|0|2023-12-09T00:34:13.530482Z|runtime|aaee39c3-8078-405b-810c-ec3325039e16]4  128034.0      14600.0        3.0   18291.0   5904.0     58.4  134600.0   
[MFLOG|0|2023-12-09T00:34:13.530512Z|runtime|e22383ae-d5a7-40d8-b423-6c835af307ca]
[MFLOG|0|2023-12-09T00:34:13.530542Z|runtime|c75e4e53-2667-44ba-9644-2f21e572e7fe]   totalRevBal  totalBcLim  totalIlLim  
[MFLOG|0|2023-12-09T00:34:13.530573Z|runtime|20293a24-02d4-4add-add3-ce4169f02f23]0      48054.0      1000.0     52529.0  
[MFLOG|0|2023-12-09T00:34:13.530611Z|runtime|f8983425-1d1c-4ad5-91a7-9bbf76900661]1      11844.0     31600.0         0.0  
[MFLOG|0|2023-12-09T00:34:13.530641Z|runtime|5503fcfb-3a7a-4515-85ff-9e16724fa619]2     173260.0     83000.0    100000.0  
[MFLOG|0|2023-12-09T00:34:13.530671Z|runtime|0989d11e-d688-4bb1-b5dd-8b08d4216b43]3      20671.0     11200.0     32764.0  
[MFLOG|0|2023-12-09T00:34:13.530703Z|runtime|83bc681b-fb48-47cf-a0c2-e1de4e25aa5d]4       8475.0     14200.0         0.0  
[MFLOG|0|2023-12-09T00:34:13.530732Z|runtime|e599917a-df6e-4c63-b9ff-d41985401f33]Dimensions of the dataset: (50000, 30)
[MFLOG|0|2023-12-09T00:34:13.530766Z|runtime|a1b6624e-c735-448e-82f3-ae27b35747b1]             amount          rate       payment        income    debtIncRat  \
[MFLOG|0|2023-12-09T00:34:13.794549Z|runtime|9b5dee7f-b3ad-47fd-86cb-6f4d8453918e]count  49999.000000  49999.000000  49999.000000  4.999900e+04  49999.000000   
[MFLOG|0|2023-12-09T00:34:13.794623Z|runtime|83003077-6b6c-48ec-a955-b9876d0702b8]mean   15145.527911      0.130407    442.737519  7.617379e+04     18.731157   
[MFLOG|0|2023-12-09T00:34:13.794654Z|runtime|78b9b5e3-2e6d-427e-98ce-a33a1afdc60b]std     8527.772776      0.044192    244.835744  6.523503e+04      8.444506   
[MFLOG|0|2023-12-09T00:34:13.794680Z|runtime|2284da2d-7355-41e0-8fe9-1e7a80697339]min     1000.000000      0.050000     30.540000  4.000000e+03      0.000000   
[MFLOG|0|2023-12-09T00:34:13.794704Z|runtime|c49010cc-e267-477d-9206-fd7cd698dc84]25%     8500.000000      0.100000    265.840000  4.623850e+04     12.390000   
[MFLOG|0|2023-12-09T00:34:13.794728Z|runtime|2ebce5df-914a-4949-9bfc-004e8595466b]50%    13800.000000      0.130000    385.790000  6.500000e+04     18.210000   
[MFLOG|0|2023-12-09T00:34:13.794757Z|runtime|3b7eab7f-9779-4d66-962d-43a2c90b224c]75%    20000.000000      0.160000    578.680000  9.000000e+04     24.730000   
[MFLOG|0|2023-12-09T00:34:13.794789Z|runtime|1ddc39f7-355d-4ffb-89ad-3d215f33eac3]max    35000.000000      0.290000   1407.010000  7.446395e+06     61.210000   
[MFLOG|0|2023-12-09T00:34:13.794817Z|runtime|cac7795b-8f5b-4f40-a956-86daff6e8ab3]
[MFLOG|0|2023-12-09T00:34:13.794845Z|runtime|8b703c55-4686-4638-8340-a0c42a431c93]          delinq2yr       inq6mth       openAcc        pubRec    revolRatio  \
[MFLOG|0|2023-12-09T00:34:13.794869Z|runtime|f49df4a3-eaa8-49f9-bc60-84c59411f769]count  49999.000000  49999.000000  49999.000000  49999.000000  49981.000000   
[MFLOG|0|2023-12-09T00:34:13.794893Z|runtime|dfc7b9f8-1c4d-42e2-b428-1f861f22129c]mean       0.346167      0.639553     11.849217      0.232925      0.546419   
[MFLOG|0|2023-12-09T00:34:13.794942Z|runtime|248e03d1-adef-44af-aa44-142c3094276a]std        0.907636      0.938869      5.524801      0.624342      0.236451   
[MFLOG|0|2023-12-09T00:34:13.794970Z|runtime|a289b993-32a0-4dec-a502-a2b2d9e3031e]min        0.000000      0.000000      1.000000      0.000000      0.000000   
[MFLOG|0|2023-12-09T00:34:13.795000Z|runtime|ab0973c7-4bff-4e51-95f6-cd15468af4e4]25%        0.000000      0.000000      8.000000      0.000000      0.370000   
[MFLOG|0|2023-12-09T00:34:13.795029Z|runtime|2c79c99f-7ebf-4054-bdbb-0bcfa635b348]50%        0.000000      0.000000     11.000000      0.000000      0.550000   
[MFLOG|0|2023-12-09T00:34:13.795053Z|runtime|0397c91b-ee6b-4820-8480-8331e37a4654]75%        0.000000      1.000000     15.000000      0.000000      0.730000   
[MFLOG|0|2023-12-09T00:34:13.795099Z|runtime|dc7a8109-09e8-44bc-9ee0-13c935e0f4dd]max       15.000000      6.000000     76.000000     28.000000      1.670000   
[MFLOG|0|2023-12-09T00:34:13.795124Z|runtime|fbcd31d3-c032-4c78-8513-559a335791b9]
[MFLOG|0|2023-12-09T00:34:13.795151Z|runtime|98a6560e-4b71-4b22-9548-ac95e6a60dd9]           totalAcc      totalBal   totalRevLim     accOpen24         avgBal  \
[MFLOG|0|2023-12-09T00:34:13.795176Z|runtime|7448b6d5-2b5d-482e-a7ee-36cc0af28428]count  49999.000000  4.999900e+04  4.999900e+04  49999.000000   49999.000000   
[MFLOG|0|2023-12-09T00:34:13.795205Z|runtime|57353758-def7-47b3-890a-468a9e8e015e]mean      25.749595  1.397782e+05  3.243594e+04      4.557831   13189.526651   
[MFLOG|0|2023-12-09T00:34:13.795230Z|runtime|055f8a1b-6dd0-4430-a793-b2dbee8e7e66]std       12.097421  1.526384e+05  3.269753e+04      3.079680   15561.787118   
[MFLOG|0|2023-12-09T00:34:13.795255Z|runtime|24c0d6f0-247d-451d-84d4-512ccbaaf497]min        3.000000  0.000000e+00  0.000000e+00      0.000000       0.000000   
[MFLOG|0|2023-12-09T00:34:13.795280Z|runtime|dddadbf9-09c2-4322-94c9-64a288313564]25%       17.000000  3.061900e+04  1.400000e+04      2.000000    3170.000000   
[MFLOG|0|2023-12-09T00:34:13.795306Z|runtime|b69cb0f8-ca51-4b27-a919-b98b86a66742]50%       24.000000  8.107300e+04  2.400000e+04      4.000000    7356.000000   
[MFLOG|0|2023-12-09T00:34:13.795330Z|runtime|dcc2862b-cd05-4b63-96d4-b591ef8b3773]75%       33.000000  2.094385e+05  4.030000e+04      6.000000   18223.500000   
[MFLOG|0|2023-12-09T00:34:13.795354Z|runtime|ddeb138d-80fc-4ccc-9504-a3c1421b63d4]max      162.000000  2.552960e+06  1.060800e+06     50.000000  358652.000000   
[MFLOG|0|2023-12-09T00:34:13.795378Z|runtime|09d6d5c9-a097-41fb-bcbb-4a7401ab5457]
[MFLOG|0|2023-12-09T00:34:13.795402Z|runtime|63d69400-67e5-470a-a036-317104e89676]              bcOpen       bcRatio      totalLim   totalRevBal     totalBcLim  \
[MFLOG|0|2023-12-09T00:34:13.795427Z|runtime|58f16956-2dee-4df5-b45c-6e8d8d1299cd]count   49511.000000  49479.000000  4.999900e+04  4.999900e+04   49999.000000   
[MFLOG|0|2023-12-09T00:34:13.795452Z|runtime|20722e04-b73c-460a-a73a-3fc1359bfb2c]mean     9154.930945     63.188468  1.718866e+05  5.088178e+04   21190.290466   
[MFLOG|0|2023-12-09T00:34:13.795476Z|runtime|d5e31820-56db-48ee-aa67-898c081768ea]std     14296.865563     27.205695  1.697017e+05  4.731099e+04   21250.776922   
[MFLOG|0|2023-12-09T00:34:13.795503Z|runtime|e8df9e74-e269-4a67-969b-21d3911692a7]min         0.000000      0.000000  6.000000e+02  0.000000e+00       0.000000   
[MFLOG|0|2023-12-09T00:34:13.795528Z|runtime|0b9eda75-8b69-4cc3-a42f-c478bb9cd2eb]25%      1235.000000     43.100000  5.000100e+04  2.211000e+04    7500.000000   
[MFLOG|0|2023-12-09T00:34:13.795552Z|runtime|cf39a8a3-4899-47e4-906d-e9e5d7b0f824]50%      4052.000000     67.100000  1.120710e+05  3.862600e+04   14700.000000   
[MFLOG|0|2023-12-09T00:34:13.795577Z|runtime|99bff578-54e2-4f77-812a-9855f1eba3a7]75%     10868.500000     87.000000  2.498060e+05  6.390300e+04   27600.000000   
[MFLOG|0|2023-12-09T00:34:13.795601Z|runtime|580c6163-65b7-4f91-9eba-5cee3604d564]max    373005.000000    161.000000  2.711061e+06  1.094819e+06  560800.000000   
[MFLOG|0|2023-12-09T00:34:13.795625Z|runtime|fafabb17-676f-4c3c-98c2-2bb1ae34ed7f]
[MFLOG|0|2023-12-09T00:34:13.795648Z|runtime|d33ee442-2bbb-4682-b348-4ea71f7c07ef]         totalIlLim  
[MFLOG|0|2023-12-09T00:34:13.795674Z|runtime|443a3499-3000-47dd-801f-fc4a4a79db3b]count  4.999900e+04  
[MFLOG|0|2023-12-09T00:34:13.795698Z|runtime|53b05a4d-1ba6-45c5-81b8-e51199342a4c]mean   4.244567e+04  
[MFLOG|0|2023-12-09T00:34:13.795723Z|runtime|7cea00fa-fe84-42e5-b8d3-84a0bdaa7ed7]std    4.329564e+04  
[MFLOG|0|2023-12-09T00:34:13.795747Z|runtime|bda0aeeb-e821-4a38-a7ea-bff97854a423]min    0.000000e+00  
[MFLOG|0|2023-12-09T00:34:13.795772Z|runtime|05894359-6312-45ea-81d9-43375e2f6be2]25%    1.500000e+04  
[MFLOG|0|2023-12-09T00:34:13.795797Z|runtime|01483d2d-0485-4e25-b856-82e71781ae6d]50%    3.200000e+04  
[MFLOG|0|2023-12-09T00:34:13.795821Z|runtime|bc7a2596-368d-4da0-a83d-e5d3372c1e20]75%    5.679400e+04  
[MFLOG|0|2023-12-09T00:34:13.795845Z|runtime|0b6c231d-8baa-4b16-afa8-97b1adcdb202]max    1.027358e+06  
