[MFLOG|0|2023-12-12T21:55:20.006216Z|runtime|fdedefcf-3e4a-431f-aad1-f3ef4976a804]    amount        term  rate  payment grade          employment     length  \
[MFLOG|0|2023-12-12T21:55:20.077671Z|runtime|750f95c8-9326-4485-88ad-716daf6d5e95]0   8000.0   36 months  0.14   272.07     C       Warehouseman     3 years   
[MFLOG|0|2023-12-12T21:55:20.077803Z|runtime|cf03bd1c-0a6e-4571-b5d0-006ecef9061f]1  11000.0   36 months  0.10   354.89     B      Vice President  10+ years   
[MFLOG|0|2023-12-12T21:55:20.077890Z|runtime|d1d49a6a-4435-4413-b1fc-75d34b9224e5]2  35000.0   36 months  0.15  1220.33     D      Owner/Attorney  10+ years   
[MFLOG|0|2023-12-12T21:55:20.077934Z|runtime|82049c56-d624-4ecd-973f-cd7afe183e34]3  20000.0   60 months  0.12   447.83     C             Analyst    2 years   
[MFLOG|0|2023-12-12T21:55:20.077970Z|runtime|48599ca6-1dfd-49a1-a7cc-acfb99191044]4  12000.0   60 months  0.12   266.88     B  medical technician  10+ years   
[MFLOG|0|2023-12-12T21:55:20.078006Z|runtime|a094ef4b-2a84-47b2-851f-bbe0af591948]
[MFLOG|0|2023-12-12T21:55:20.078052Z|runtime|e5bc7135-30fd-4f8a-b6c5-fc56377144fd]       home    income         verified       status              reason state  \
[MFLOG|0|2023-12-12T21:55:20.078086Z|runtime|91de0af2-7dca-4cf8-8b85-f2a3769bee81]0      RENT   49966.0  Source Verified  Charged Off         credit_card    CA   
[MFLOG|0|2023-12-12T21:55:20.078116Z|runtime|28a4a23b-d1b1-462e-8ead-6bd168ab9e9a]1  MORTGAGE   50000.0     Not Verified   Fully Paid  debt_consolidation    PA   
[MFLOG|0|2023-12-12T21:55:20.078145Z|runtime|3ae2e114-c7fe-4521-9c88-82a0c99a5379]2      RENT  360000.0         Verified      Current  debt_consolidation    CA   
[MFLOG|0|2023-12-12T21:55:20.078180Z|runtime|805ced08-6f42-48e6-b79e-424ebf4c0b0e]3  MORTGAGE   60000.0  Source Verified   Fully Paid  debt_consolidation    CA   
[MFLOG|0|2023-12-12T21:55:20.078213Z|runtime|8dad5333-fdb5-4b1e-9fc2-e1a6860c632b]4  MORTGAGE   64000.0  Source Verified      Current  debt_consolidation    NJ   
[MFLOG|0|2023-12-12T21:55:20.078246Z|runtime|1bad737c-694d-4c39-a753-989919c47425]
[MFLOG|0|2023-12-12T21:55:20.078276Z|runtime|8b26a7f6-4d69-4559-8635-76b67ae38707]   debtIncRat  delinq2yr  inq6mth  openAcc  pubRec  revolRatio  totalAcc  \
[MFLOG|0|2023-12-12T21:55:20.078305Z|runtime|df5a4a07-41c4-4e3a-85f1-28f4adc692d8]0       30.05        0.0      0.0     11.0     0.0        0.55      15.0   
[MFLOG|0|2023-12-12T21:55:20.078335Z|runtime|684f02a4-51d2-4dfd-9493-2e2ffeee64c2]1        8.74        0.0      2.0     12.0     0.0        0.36      15.0   
[MFLOG|0|2023-12-12T21:55:20.078371Z|runtime|f59c742a-43fc-4877-9a7f-a23d8b32a480]2       14.50        0.0      1.0      8.0     0.0        0.83      14.0   
[MFLOG|0|2023-12-12T21:55:20.078401Z|runtime|86a412b7-1380-43c4-8c57-fc67d600103a]3       14.14        0.0      0.0     12.0     3.0        0.01      48.0   
[MFLOG|0|2023-12-12T21:55:20.078437Z|runtime|2d0b0b4d-88c0-4404-847b-e9bcb5d7181b]4        5.14        0.0      0.0      8.0     0.0        0.58      22.0   
[MFLOG|0|2023-12-12T21:55:20.078464Z|runtime|de0638c6-1a08-4a69-be4d-3d421fe69d40]
[MFLOG|0|2023-12-12T21:55:20.078493Z|runtime|93db3c93-f95c-4d60-8173-5938d2d6bca8]   totalBal  totalRevLim  accOpen24    avgBal   bcOpen  bcRatio  totalLim  \
[MFLOG|0|2023-12-12T21:55:20.078523Z|runtime|2171dc31-a26e-49be-91e7-b89180dff517]0   48054.0       8100.0        8.0    4369.0     43.0     95.7   60629.0   
[MFLOG|0|2023-12-12T21:55:20.078554Z|runtime|0d019e12-220d-49d7-a37f-4e41c4ccdc05]1  265838.0      33400.0        4.0   22153.0  19756.0     37.5  297500.0   
[MFLOG|0|2023-12-12T21:55:20.078589Z|runtime|f3864f83-0103-4294-b8fb-537d1e9206bc]2  850150.0      83000.0        2.0  121450.0   7686.0     83.2  907300.0   
[MFLOG|0|2023-12-12T21:55:20.078616Z|runtime|5a1f4611-9a23-483e-bbfc-66778146dbb0]3   20671.0      14200.0        8.0    1723.0  11061.0      1.2   46964.0   
[MFLOG|0|2023-12-12T21:55:20.078647Z|runtime|f2f3d7ff-295b-42a4-8024-6e977f15d739]4  128034.0      14600.0        3.0   18291.0   5904.0     58.4  134600.0   
[MFLOG|0|2023-12-12T21:55:20.078677Z|runtime|533dbe2c-ab71-4a04-a1c5-89cd7191d3c0]
[MFLOG|0|2023-12-12T21:55:20.078715Z|runtime|e4521eee-fbe5-4232-b8ee-65a8248e498a]   totalRevBal  totalBcLim  totalIlLim  
[MFLOG|0|2023-12-12T21:55:20.078748Z|runtime|d2451e3c-19b7-4b5a-8812-0ea579960149]0      48054.0      1000.0     52529.0  
[MFLOG|0|2023-12-12T21:55:20.078777Z|runtime|c7aca594-3ba4-4e73-8e48-a69fcbed7143]1      11844.0     31600.0         0.0  
[MFLOG|0|2023-12-12T21:55:20.078806Z|runtime|ee2097c4-5429-4d06-8122-7a7c1abea3aa]2     173260.0     83000.0    100000.0  
[MFLOG|0|2023-12-12T21:55:20.078835Z|runtime|8ecec524-2339-4da8-bf1f-88ac19b652a1]3      20671.0     11200.0     32764.0  
[MFLOG|0|2023-12-12T21:55:20.078867Z|runtime|3a7108d5-6c7b-4a9b-b121-858fb7e86db3]4       8475.0     14200.0         0.0  
[MFLOG|0|2023-12-12T21:55:20.078897Z|runtime|c635082b-4a90-4136-aaa1-40c169f15b09]Dimensions of the dataset: (50000, 30)
[MFLOG|0|2023-12-12T21:55:20.078936Z|runtime|faaf6edd-05c2-47f5-ac56-26f0f4b87368]             amount          rate       payment        income    debtIncRat  \
[MFLOG|0|2023-12-12T21:55:20.412465Z|runtime|f6890b2b-33c5-4f56-bda7-b11490fc1082]count  49999.000000  49999.000000  49999.000000  4.999900e+04  49999.000000   
[MFLOG|0|2023-12-12T21:55:20.412582Z|runtime|026a6f2c-b3ac-4d78-996b-7d3298e93c6b]mean   15145.527911      0.130407    442.737519  7.617379e+04     18.731157   
[MFLOG|0|2023-12-12T21:55:20.412627Z|runtime|da63d715-e79c-4aaa-a30a-2cc0354b43e6]std     8527.772776      0.044192    244.835744  6.523503e+04      8.444506   
[MFLOG|0|2023-12-12T21:55:20.412660Z|runtime|66a66552-ea3a-42b0-99b2-9f39682e022f]min     1000.000000      0.050000     30.540000  4.000000e+03      0.000000   
[MFLOG|0|2023-12-12T21:55:20.412687Z|runtime|813430f1-a456-4281-9036-69933ba7aee3]25%     8500.000000      0.100000    265.840000  4.623850e+04     12.390000   
[MFLOG|0|2023-12-12T21:55:20.412715Z|runtime|cfea204f-6f5b-4634-a821-d0754da30c83]50%    13800.000000      0.130000    385.790000  6.500000e+04     18.210000   
[MFLOG|0|2023-12-12T21:55:20.412748Z|runtime|ae09f5a4-ebfc-4c2a-be62-cbf86e57bfba]75%    20000.000000      0.160000    578.680000  9.000000e+04     24.730000   
[MFLOG|0|2023-12-12T21:55:20.412773Z|runtime|c43726c6-8006-4d8f-8950-e509aa2268bb]max    35000.000000      0.290000   1407.010000  7.446395e+06     61.210000   
[MFLOG|0|2023-12-12T21:55:20.412798Z|runtime|d25e3299-9d21-4fd7-819d-3fd90872f2f0]
[MFLOG|0|2023-12-12T21:55:20.412826Z|runtime|e3caf9ab-f924-4c54-87de-e910fbd25599]          delinq2yr       inq6mth       openAcc        pubRec    revolRatio  \
[MFLOG|0|2023-12-12T21:55:20.412854Z|runtime|9ca67c3b-b228-41dd-9ff3-ede3b028415e]count  49999.000000  49999.000000  49999.000000  49999.000000  49981.000000   
[MFLOG|0|2023-12-12T21:55:20.412887Z|runtime|9f0d7be5-e741-45c1-baeb-54a67c1334e0]mean       0.346167      0.639553     11.849217      0.232925      0.546419   
[MFLOG|0|2023-12-12T21:55:20.412914Z|runtime|e34fd352-bfc7-46a5-93b7-ee6cedc04fc7]std        0.907636      0.938869      5.524801      0.624342      0.236451   
[MFLOG|0|2023-12-12T21:55:20.412949Z|runtime|29c703b0-a655-4d58-9b16-1237410fe2b4]min        0.000000      0.000000      1.000000      0.000000      0.000000   
[MFLOG|0|2023-12-12T21:55:20.412977Z|runtime|ef995221-823d-4407-b980-0395c868d049]25%        0.000000      0.000000      8.000000      0.000000      0.370000   
[MFLOG|0|2023-12-12T21:55:20.413002Z|runtime|7009de91-1032-4a77-b198-adf69df836e2]50%        0.000000      0.000000     11.000000      0.000000      0.550000   
[MFLOG|0|2023-12-12T21:55:20.413030Z|runtime|bacfedc1-830a-46a6-a89a-4d46a5fa7d1c]75%        0.000000      1.000000     15.000000      0.000000      0.730000   
[MFLOG|0|2023-12-12T21:55:20.413055Z|runtime|5ccd047a-7618-47b1-9da8-1854bda51673]max       15.000000      6.000000     76.000000     28.000000      1.670000   
[MFLOG|0|2023-12-12T21:55:20.413082Z|runtime|9839dfee-10ab-4c78-821b-03e6c90335c0]
[MFLOG|0|2023-12-12T21:55:20.413108Z|runtime|faf777d6-3b8b-4b1c-a564-ac52d2709fc9]           totalAcc      totalBal   totalRevLim     accOpen24         avgBal  \
[MFLOG|0|2023-12-12T21:55:20.413137Z|runtime|7c1d0f1d-098e-4406-aabd-ab74a49061ca]count  49999.000000  4.999900e+04  4.999900e+04  49999.000000   49999.000000   
[MFLOG|0|2023-12-12T21:55:20.413163Z|runtime|45e53812-c3cf-42a2-a95e-a4e9a51c0cb7]mean      25.749595  1.397782e+05  3.243594e+04      4.557831   13189.526651   
[MFLOG|0|2023-12-12T21:55:20.413188Z|runtime|0407c666-4d67-408c-bbca-4c67a67cd231]std       12.097421  1.526384e+05  3.269753e+04      3.079680   15561.787118   
[MFLOG|0|2023-12-12T21:55:20.413221Z|runtime|9956dd56-7087-4815-ac57-ce1148257270]min        3.000000  0.000000e+00  0.000000e+00      0.000000       0.000000   
[MFLOG|0|2023-12-12T21:55:20.413250Z|runtime|9616a359-fa06-4cc3-b3b9-e4b1327f8933]25%       17.000000  3.061900e+04  1.400000e+04      2.000000    3170.000000   
[MFLOG|0|2023-12-12T21:55:20.413277Z|runtime|588b9402-6a6c-4d64-88ea-1bf9a09fc48b]50%       24.000000  8.107300e+04  2.400000e+04      4.000000    7356.000000   
[MFLOG|0|2023-12-12T21:55:20.413308Z|runtime|20d37e27-71c5-49b5-919c-8b2bdfde3e22]75%       33.000000  2.094385e+05  4.030000e+04      6.000000   18223.500000   
[MFLOG|0|2023-12-12T21:55:20.413332Z|runtime|eef3ce54-492c-4d08-a4aa-60e85215a2ec]max      162.000000  2.552960e+06  1.060800e+06     50.000000  358652.000000   
[MFLOG|0|2023-12-12T21:55:20.413356Z|runtime|c81b09c9-a614-4469-9575-ba844670bcc5]
[MFLOG|0|2023-12-12T21:55:20.413384Z|runtime|67dc0cd9-44d9-47b2-b8bf-257b6d21c187]              bcOpen       bcRatio      totalLim   totalRevBal     totalBcLim  \
[MFLOG|0|2023-12-12T21:55:20.413409Z|runtime|006d6307-ce04-4167-bfdb-eb84f686032e]count   49511.000000  49479.000000  4.999900e+04  4.999900e+04   49999.000000   
[MFLOG|0|2023-12-12T21:55:20.413437Z|runtime|acd709ef-c97d-488a-b867-ea5cd7015820]mean     9154.930945     63.188468  1.718866e+05  5.088178e+04   21190.290466   
[MFLOG|0|2023-12-12T21:55:20.413461Z|runtime|d5266e41-cce3-48da-8735-9897b50293d1]std     14296.865563     27.205695  1.697017e+05  4.731099e+04   21250.776922   
[MFLOG|0|2023-12-12T21:55:20.413500Z|runtime|67e322d7-f887-4d11-b225-8d254a0dcea4]min         0.000000      0.000000  6.000000e+02  0.000000e+00       0.000000   
[MFLOG|0|2023-12-12T21:55:20.413531Z|runtime|52dab236-1a4d-410e-9fc7-001cc1176e4d]25%      1235.000000     43.100000  5.000100e+04  2.211000e+04    7500.000000   
[MFLOG|0|2023-12-12T21:55:20.413557Z|runtime|5902773a-346c-446b-88f9-b3c4aaf68062]50%      4052.000000     67.100000  1.120710e+05  3.862600e+04   14700.000000   
[MFLOG|0|2023-12-12T21:55:20.413591Z|runtime|b33879f5-e54a-42ba-be5a-02e19f84a512]75%     10868.500000     87.000000  2.498060e+05  6.390300e+04   27600.000000   
[MFLOG|0|2023-12-12T21:55:20.413616Z|runtime|f40878c3-ac13-4c69-997f-a2cd34a44e0b]max    373005.000000    161.000000  2.711061e+06  1.094819e+06  560800.000000   
[MFLOG|0|2023-12-12T21:55:20.413640Z|runtime|94e8b926-533a-4df8-ac94-f2a3c868bc68]
[MFLOG|0|2023-12-12T21:55:20.413665Z|runtime|8b904a07-9801-4059-af64-7dc451f77e43]         totalIlLim  
[MFLOG|0|2023-12-12T21:55:20.413694Z|runtime|d4ce4aa5-7ee9-4a21-a4bc-78fd1174bf36]count  4.999900e+04  
[MFLOG|0|2023-12-12T21:55:20.413721Z|runtime|77d86c84-b54f-4d6a-bc62-3c139b9a9c49]mean   4.244567e+04  
[MFLOG|0|2023-12-12T21:55:20.413747Z|runtime|47af16cb-a0ec-4108-81ea-db87456d495c]std    4.329564e+04  
[MFLOG|0|2023-12-12T21:55:20.413772Z|runtime|a18cf17c-9329-4936-b8cb-630cb4c137cc]min    0.000000e+00  
[MFLOG|0|2023-12-12T21:55:20.413797Z|runtime|16bd106d-61e2-48f7-ac26-f57690f22a7a]25%    1.500000e+04  
[MFLOG|0|2023-12-12T21:55:20.413824Z|runtime|0c392e04-e769-4be7-89ef-adbeb3756b16]50%    3.200000e+04  
[MFLOG|0|2023-12-12T21:55:20.413849Z|runtime|40e728b1-631a-40da-a6f4-ead2f8ef55fd]75%    5.679400e+04  
[MFLOG|0|2023-12-12T21:55:20.413873Z|runtime|0a74c7a7-c6c1-4512-a88f-c4874fb662e0]max    1.027358e+06  
