[MFLOG|0|2023-12-12T21:21:20.683519Z|runtime|48453156-1ed3-4302-aaa8-c06da6bb7224]    amount        term  rate  payment grade          employment     length  \
[MFLOG|0|2023-12-12T21:21:20.752732Z|runtime|dd46764a-780b-4bb7-a418-2ec01681e14b]0   8000.0   36 months  0.14   272.07     C       Warehouseman     3 years   
[MFLOG|0|2023-12-12T21:21:20.752875Z|runtime|6983b6c5-8c82-40ba-be13-ff6123386b47]1  11000.0   36 months  0.10   354.89     B      Vice President  10+ years   
[MFLOG|0|2023-12-12T21:21:20.752944Z|runtime|86d3280f-8f1d-490f-bec3-c3491cc8d4b1]2  35000.0   36 months  0.15  1220.33     D      Owner/Attorney  10+ years   
[MFLOG|0|2023-12-12T21:21:20.752997Z|runtime|e6c574a8-3bcb-4191-b1b0-c498c9be0896]3  20000.0   60 months  0.12   447.83     C             Analyst    2 years   
[MFLOG|0|2023-12-12T21:21:20.753043Z|runtime|4d1791b4-0696-427d-b751-e766ff93374b]4  12000.0   60 months  0.12   266.88     B  medical technician  10+ years   
[MFLOG|0|2023-12-12T21:21:20.753089Z|runtime|8fcc098f-a445-458f-bde0-26835d1830af]
[MFLOG|0|2023-12-12T21:21:20.753129Z|runtime|d41e54a2-e24c-40b4-bf2a-ad589c90b983]       home    income         verified       status              reason state  \
[MFLOG|0|2023-12-12T21:21:20.753160Z|runtime|2f9a6e22-2164-4dc8-a926-82cd14bfc851]0      RENT   49966.0  Source Verified  Charged Off         credit_card    CA   
[MFLOG|0|2023-12-12T21:21:20.753190Z|runtime|74b2b508-8848-4573-a671-50a5e21963ef]1  MORTGAGE   50000.0     Not Verified   Fully Paid  debt_consolidation    PA   
[MFLOG|0|2023-12-12T21:21:20.753218Z|runtime|aa9386cb-430f-445b-8534-f70a9016267f]2      RENT  360000.0         Verified      Current  debt_consolidation    CA   
[MFLOG|0|2023-12-12T21:21:20.753247Z|runtime|66d1a3c9-a7ca-48b3-a180-0107df2228d1]3  MORTGAGE   60000.0  Source Verified   Fully Paid  debt_consolidation    CA   
[MFLOG|0|2023-12-12T21:21:20.753278Z|runtime|5ef321e6-d646-4357-a498-a85c70d66439]4  MORTGAGE   64000.0  Source Verified      Current  debt_consolidation    NJ   
[MFLOG|0|2023-12-12T21:21:20.753307Z|runtime|77b0a1e9-f4cd-413d-80b1-e8450354a8c1]
[MFLOG|0|2023-12-12T21:21:20.753335Z|runtime|e27d57a3-889d-4fb3-b372-97c1c7e466f3]   debtIncRat  delinq2yr  inq6mth  openAcc  pubRec  revolRatio  totalAcc  \
[MFLOG|0|2023-12-12T21:21:20.753367Z|runtime|e1a35925-a341-4cb2-a990-89cd268bea84]0       30.05        0.0      0.0     11.0     0.0        0.55      15.0   
[MFLOG|0|2023-12-12T21:21:20.753396Z|runtime|b0767479-243a-46d0-ad78-b2b87d5b9618]1        8.74        0.0      2.0     12.0     0.0        0.36      15.0   
[MFLOG|0|2023-12-12T21:21:20.753424Z|runtime|ee09361e-1006-4a58-af9f-01147d7eb265]2       14.50        0.0      1.0      8.0     0.0        0.83      14.0   
[MFLOG|0|2023-12-12T21:21:20.753452Z|runtime|46385d0c-9aab-4660-8811-286f6fb4ee94]3       14.14        0.0      0.0     12.0     3.0        0.01      48.0   
[MFLOG|0|2023-12-12T21:21:20.753480Z|runtime|9f1d24ca-d01c-4dee-92f9-7505255b621b]4        5.14        0.0      0.0      8.0     0.0        0.58      22.0   
[MFLOG|0|2023-12-12T21:21:20.753507Z|runtime|51dccdfe-e536-4f7e-8ede-5068ff2fc312]
[MFLOG|0|2023-12-12T21:21:20.753535Z|runtime|8df10d14-09c6-4484-bc6b-808fade2a327]   totalBal  totalRevLim  accOpen24    avgBal   bcOpen  bcRatio  totalLim  \
[MFLOG|0|2023-12-12T21:21:20.753563Z|runtime|a3477899-9350-48c3-b859-8a5648d0d41e]0   48054.0       8100.0        8.0    4369.0     43.0     95.7   60629.0   
[MFLOG|0|2023-12-12T21:21:20.753590Z|runtime|e6288800-f632-4424-83da-1aa9121a4fb1]1  265838.0      33400.0        4.0   22153.0  19756.0     37.5  297500.0   
[MFLOG|0|2023-12-12T21:21:20.753618Z|runtime|3882e68f-43b1-4194-881c-e7c05d475a31]2  850150.0      83000.0        2.0  121450.0   7686.0     83.2  907300.0   
[MFLOG|0|2023-12-12T21:21:20.753647Z|runtime|e8481574-e557-4865-b3d7-33be45c763e3]3   20671.0      14200.0        8.0    1723.0  11061.0      1.2   46964.0   
[MFLOG|0|2023-12-12T21:21:20.753676Z|runtime|20ef8b9c-daec-4d72-a3e2-0039fe80cda4]4  128034.0      14600.0        3.0   18291.0   5904.0     58.4  134600.0   
[MFLOG|0|2023-12-12T21:21:20.753706Z|runtime|fff7a389-d620-427b-9cca-9ae96b3d5710]
[MFLOG|0|2023-12-12T21:21:20.753735Z|runtime|b71f4734-9852-470d-ae5f-fc7f839c854c]   totalRevBal  totalBcLim  totalIlLim  
[MFLOG|0|2023-12-12T21:21:20.753765Z|runtime|40b0c46e-fac7-458e-8720-dbe621165a2b]0      48054.0      1000.0     52529.0  
[MFLOG|0|2023-12-12T21:21:20.753795Z|runtime|14d02a80-11cc-408d-b10a-8728805acd76]1      11844.0     31600.0         0.0  
[MFLOG|0|2023-12-12T21:21:20.753824Z|runtime|5fc4a8b5-c201-47cd-9740-c6b8965f6a70]2     173260.0     83000.0    100000.0  
[MFLOG|0|2023-12-12T21:21:20.753853Z|runtime|dc0963f5-e418-4c4c-a423-16a3e9b62ccf]3      20671.0     11200.0     32764.0  
[MFLOG|0|2023-12-12T21:21:20.753883Z|runtime|8fce170c-51e8-4a7f-9c7e-58a17dcb4244]4       8475.0     14200.0         0.0  
[MFLOG|0|2023-12-12T21:21:20.753912Z|runtime|d4cf8eec-b017-4324-ba90-3af24129f1d4]Dimensions of the dataset: (50000, 30)
[MFLOG|0|2023-12-12T21:21:20.753944Z|runtime|ccc08f66-361d-4824-a1ee-f825696d1281]             amount          rate       payment        income    debtIncRat  \
[MFLOG|0|2023-12-12T21:21:21.085542Z|runtime|44e84820-acdf-4b59-b56b-e8f8d7f8b07c]count  49999.000000  49999.000000  49999.000000  4.999900e+04  49999.000000   
[MFLOG|0|2023-12-12T21:21:21.085634Z|runtime|956df9c5-90f3-4a02-9b9b-ddbc69c1dabe]mean   15145.527911      0.130407    442.737519  7.617379e+04     18.731157   
[MFLOG|0|2023-12-12T21:21:21.085664Z|runtime|8dd4edbb-280b-4fee-8a94-7df2d889f2c0]std     8527.772776      0.044192    244.835744  6.523503e+04      8.444506   
[MFLOG|0|2023-12-12T21:21:21.085689Z|runtime|55c81171-1385-4bc3-a440-c4a4f76457d8]min     1000.000000      0.050000     30.540000  4.000000e+03      0.000000   
[MFLOG|0|2023-12-12T21:21:21.085715Z|runtime|a93dc7c0-4fc5-4f50-bbba-3fb08f3e1286]25%     8500.000000      0.100000    265.840000  4.623850e+04     12.390000   
[MFLOG|0|2023-12-12T21:21:21.085739Z|runtime|a5f181d5-ae4a-4b2e-89b6-1085e0d718a1]50%    13800.000000      0.130000    385.790000  6.500000e+04     18.210000   
[MFLOG|0|2023-12-12T21:21:21.085772Z|runtime|2bbadcd1-61ff-4713-943b-d229e6bf49ad]75%    20000.000000      0.160000    578.680000  9.000000e+04     24.730000   
[MFLOG|0|2023-12-12T21:21:21.085797Z|runtime|06b914b0-027c-4d33-9ccc-ed6dc5d239b6]max    35000.000000      0.290000   1407.010000  7.446395e+06     61.210000   
[MFLOG|0|2023-12-12T21:21:21.085822Z|runtime|0a99d5ed-16a5-41a0-a035-fb5ef61ecd2a]
[MFLOG|0|2023-12-12T21:21:21.085848Z|runtime|1a2eea59-9fa2-4f0a-a200-9566384fd611]          delinq2yr       inq6mth       openAcc        pubRec    revolRatio  \
[MFLOG|0|2023-12-12T21:21:21.085872Z|runtime|6e4cab8a-7440-4343-b731-cf7e80ea9a39]count  49999.000000  49999.000000  49999.000000  49999.000000  49981.000000   
[MFLOG|0|2023-12-12T21:21:21.085897Z|runtime|84f0b6d4-c7c7-4efb-a60b-6730f4df116b]mean       0.346167      0.639553     11.849217      0.232925      0.546419   
[MFLOG|0|2023-12-12T21:21:21.085922Z|runtime|e7a17a63-120e-4b9d-82d8-ed12700e1ddd]std        0.907636      0.938869      5.524801      0.624342      0.236451   
[MFLOG|0|2023-12-12T21:21:21.085946Z|runtime|ea9a7c5c-7ffb-4ecd-871d-bb8411f42821]min        0.000000      0.000000      1.000000      0.000000      0.000000   
[MFLOG|0|2023-12-12T21:21:21.085970Z|runtime|34f49858-9fef-4b48-847e-610f84ff6640]25%        0.000000      0.000000      8.000000      0.000000      0.370000   
[MFLOG|0|2023-12-12T21:21:21.085993Z|runtime|9e76f691-07be-4bf3-802e-64535ba91a48]50%        0.000000      0.000000     11.000000      0.000000      0.550000   
[MFLOG|0|2023-12-12T21:21:21.086018Z|runtime|799a24f8-aefd-4a08-aeb6-a65d3bd32fac]75%        0.000000      1.000000     15.000000      0.000000      0.730000   
[MFLOG|0|2023-12-12T21:21:21.086041Z|runtime|9a9deea1-6755-449d-925b-c5ad15b13162]max       15.000000      6.000000     76.000000     28.000000      1.670000   
[MFLOG|0|2023-12-12T21:21:21.086066Z|runtime|66fe2511-1b3d-4168-99ee-c4ba469d0786]
[MFLOG|0|2023-12-12T21:21:21.086091Z|runtime|a4d9cfa5-ed7a-420d-a355-407ea5813d39]           totalAcc      totalBal   totalRevLim     accOpen24         avgBal  \
[MFLOG|0|2023-12-12T21:21:21.086116Z|runtime|86918379-584a-4a48-ba07-ded4f73afe79]count  49999.000000  4.999900e+04  4.999900e+04  49999.000000   49999.000000   
[MFLOG|0|2023-12-12T21:21:21.086140Z|runtime|397a6671-0a25-4e76-b174-7d8378dccc0f]mean      25.749595  1.397782e+05  3.243594e+04      4.557831   13189.526651   
[MFLOG|0|2023-12-12T21:21:21.086164Z|runtime|cd176d74-8730-4872-83ac-48bebd7d3703]std       12.097421  1.526384e+05  3.269753e+04      3.079680   15561.787118   
[MFLOG|0|2023-12-12T21:21:21.086189Z|runtime|3ca41460-81df-461f-bd39-4872d5f699c6]min        3.000000  0.000000e+00  0.000000e+00      0.000000       0.000000   
[MFLOG|0|2023-12-12T21:21:21.086213Z|runtime|7ffdd2d1-612a-4b82-8229-320464d02c4f]25%       17.000000  3.061900e+04  1.400000e+04      2.000000    3170.000000   
[MFLOG|0|2023-12-12T21:21:21.086238Z|runtime|0cfd2981-203e-4e9d-9273-9c1e458fcd46]50%       24.000000  8.107300e+04  2.400000e+04      4.000000    7356.000000   
[MFLOG|0|2023-12-12T21:21:21.086263Z|runtime|e18b8f36-cced-4d89-9709-3f6228dfca20]75%       33.000000  2.094385e+05  4.030000e+04      6.000000   18223.500000   
[MFLOG|0|2023-12-12T21:21:21.086288Z|runtime|9b380946-2e23-4541-9e71-cd959ce28347]max      162.000000  2.552960e+06  1.060800e+06     50.000000  358652.000000   
[MFLOG|0|2023-12-12T21:21:21.086312Z|runtime|61152b61-10b5-493e-919b-eda748d90dbe]
[MFLOG|0|2023-12-12T21:21:21.086335Z|runtime|c8467e34-3a15-4513-b736-0e4a2c922ab1]              bcOpen       bcRatio      totalLim   totalRevBal     totalBcLim  \
[MFLOG|0|2023-12-12T21:21:21.086360Z|runtime|7be06169-0299-4ead-b4be-8a2624556492]count   49511.000000  49479.000000  4.999900e+04  4.999900e+04   49999.000000   
[MFLOG|0|2023-12-12T21:21:21.086384Z|runtime|9a3f2ff6-9cd4-4465-b9b2-7b13c7d0488a]mean     9154.930945     63.188468  1.718866e+05  5.088178e+04   21190.290466   
[MFLOG|0|2023-12-12T21:21:21.086408Z|runtime|b19f320f-6bd0-4473-9df2-cf0e3f0db6c5]std     14296.865563     27.205695  1.697017e+05  4.731099e+04   21250.776922   
[MFLOG|0|2023-12-12T21:21:21.086439Z|runtime|4f36f777-6100-4b4e-8657-d9e8f59d0235]min         0.000000      0.000000  6.000000e+02  0.000000e+00       0.000000   
[MFLOG|0|2023-12-12T21:21:21.086463Z|runtime|351183ba-8bc2-4aa1-b4dd-92ac08abe59f]25%      1235.000000     43.100000  5.000100e+04  2.211000e+04    7500.000000   
[MFLOG|0|2023-12-12T21:21:21.086486Z|runtime|2ce26ce5-607f-4f5f-8f20-eb5ad0102723]50%      4052.000000     67.100000  1.120710e+05  3.862600e+04   14700.000000   
[MFLOG|0|2023-12-12T21:21:21.086510Z|runtime|9fc45aad-879e-476c-91f4-af2537c43b96]75%     10868.500000     87.000000  2.498060e+05  6.390300e+04   27600.000000   
[MFLOG|0|2023-12-12T21:21:21.086534Z|runtime|9ac95047-48e3-4b78-8df2-2e10d5173002]max    373005.000000    161.000000  2.711061e+06  1.094819e+06  560800.000000   
[MFLOG|0|2023-12-12T21:21:21.086558Z|runtime|a601e562-d6d8-4886-a271-350d967e2dbf]
[MFLOG|0|2023-12-12T21:21:21.086582Z|runtime|cb59d8fb-b624-4679-ba75-6ba25135b4c2]         totalIlLim  
[MFLOG|0|2023-12-12T21:21:21.086622Z|runtime|d33238cb-3db6-4dea-9998-31b85a8c5209]count  4.999900e+04  
[MFLOG|0|2023-12-12T21:21:21.086651Z|runtime|48a35ceb-2d4b-4c7e-8ae2-843a2a4863b4]mean   4.244567e+04  
[MFLOG|0|2023-12-12T21:21:21.086676Z|runtime|4b558045-3fbe-4c77-b405-3c52d42749ac]std    4.329564e+04  
[MFLOG|0|2023-12-12T21:21:21.086703Z|runtime|c6459522-8430-4a34-b5a3-d3b54fd43aa0]min    0.000000e+00  
[MFLOG|0|2023-12-12T21:21:21.086728Z|runtime|1dec4486-3acf-4c1c-9548-e510aa561406]25%    1.500000e+04  
[MFLOG|0|2023-12-12T21:21:21.086752Z|runtime|0a3c59c4-7aa2-4dad-a186-5fb729c02060]50%    3.200000e+04  
[MFLOG|0|2023-12-12T21:21:21.086776Z|runtime|03b3793a-c012-4987-9f4e-d8a8848cb241]75%    5.679400e+04  
[MFLOG|0|2023-12-12T21:21:21.086804Z|runtime|1de02be3-ab66-4559-bbdf-4d51e8ab1385]max    1.027358e+06  
