[MFLOG|0|2023-12-12T00:24:40.266197Z|runtime|19792cb5-6517-4507-88f5-84a167850bfc]Column Name: amount | Column type: float64
[MFLOG|0|2023-12-12T00:24:40.266414Z|runtime|97b9a780-a0b7-4393-9367-23b0f0f693ec]-----------------------------------
[MFLOG|0|2023-12-12T00:24:40.266447Z|runtime|d6902ebc-d9c8-4277-8c95-fc8a273d552a]Column Name: term | Column type: object
[MFLOG|0|2023-12-12T00:24:40.266470Z|runtime|fd4c4bb4-5f5c-43e0-8321-521164b64582]-----------------------------------
[MFLOG|0|2023-12-12T00:24:40.266496Z|runtime|a54424d8-e500-4730-88d6-20b4cc0a0505]Column Name: rate | Column type: float64
[MFLOG|0|2023-12-12T00:24:40.266523Z|runtime|18ae60ec-2498-43c3-8adc-f0d1c755c793]-----------------------------------
[MFLOG|0|2023-12-12T00:24:40.266555Z|runtime|be9771f5-7a73-4d69-b17e-3067c3c8f8c7]Column Name: payment | Column type: float64
[MFLOG|0|2023-12-12T00:24:40.266617Z|runtime|766aa2fd-edd5-48d7-9a8f-0e5c551be793]-----------------------------------
[MFLOG|0|2023-12-12T00:24:40.266691Z|runtime|2f6ba507-db9b-470b-bbe3-3649c0892a23]Column Name: grade | Column type: object
[MFLOG|0|2023-12-12T00:24:40.266721Z|runtime|76818bb4-9214-4925-8995-30e8ecc05287]-----------------------------------
[MFLOG|0|2023-12-12T00:24:40.266744Z|runtime|aad01d59-f37d-48c2-ae3a-d8bd1a469e83]Column Name: employment | Column type: object
[MFLOG|0|2023-12-12T00:24:40.266765Z|runtime|f202f7f3-4bac-489f-a8f5-5a4ca14f88af]-----------------------------------
[MFLOG|0|2023-12-12T00:24:40.266786Z|runtime|5077b35b-1f13-4078-a6e7-148226038e17]Column Name: length | Column type: object
[MFLOG|0|2023-12-12T00:24:40.266806Z|runtime|68b9bb73-c087-4636-a26c-721b34cd3106]-----------------------------------
[MFLOG|0|2023-12-12T00:24:40.266824Z|runtime|02a045db-5872-4496-afd8-7b8080a988a9]Column Name: home | Column type: object
[MFLOG|0|2023-12-12T00:24:40.266847Z|runtime|b827a123-1fa9-4e7e-8aa2-701bebc0092c]-----------------------------------
[MFLOG|0|2023-12-12T00:24:40.266873Z|runtime|ac9455c8-c8cd-480c-b90c-f40bb148a7ec]Column Name: income | Column type: float64
[MFLOG|0|2023-12-12T00:24:40.266897Z|runtime|bf6135e9-a5e8-4036-8b85-ec7d9b8196d6]-----------------------------------
[MFLOG|0|2023-12-12T00:24:40.266916Z|runtime|8ed8eabc-c77f-4837-9194-4856bf839f7e]Column Name: verified | Column type: object
[MFLOG|0|2023-12-12T00:24:40.266934Z|runtime|608eb24b-8083-4dc6-b7f8-f79426ae68df]-----------------------------------
[MFLOG|0|2023-12-12T00:24:40.266953Z|runtime|2f485189-bf4f-4ddf-991d-946f4bebe131]Column Name: status | Column type: object
[MFLOG|0|2023-12-12T00:24:40.266971Z|runtime|b060c4be-f575-45bd-ac08-5a12ddee1481]-----------------------------------
[MFLOG|0|2023-12-12T00:24:40.266989Z|runtime|aebf4215-06ea-440a-86e2-d4a2fce93d97]Column Name: reason | Column type: object
[MFLOG|0|2023-12-12T00:24:40.267007Z|runtime|65e8ecf0-7fcd-436d-899c-343261ae6997]-----------------------------------
[MFLOG|0|2023-12-12T00:24:40.267025Z|runtime|4b7f0abe-a7ac-4f9f-9482-179939a26dc6]Column Name: state | Column type: object
[MFLOG|0|2023-12-12T00:24:40.267044Z|runtime|2a10007e-ffb0-4ada-aedf-44da6179c6e0]-----------------------------------
[MFLOG|0|2023-12-12T00:24:40.267062Z|runtime|f85ef7f6-9c07-4800-bb1d-11fe9d3edcf3]Column Name: debtIncRat | Column type: float64
[MFLOG|0|2023-12-12T00:24:40.267080Z|runtime|1ca219df-b6e1-4aaf-9b0f-50f3643b52f2]-----------------------------------
[MFLOG|0|2023-12-12T00:24:40.267099Z|runtime|b6356a99-ebe8-429a-8079-e2d53fac8fb8]Column Name: delinq2yr | Column type: float64
[MFLOG|0|2023-12-12T00:24:40.267117Z|runtime|166beb6a-1b81-4889-a606-d143bcbcdc74]-----------------------------------
[MFLOG|0|2023-12-12T00:24:40.267135Z|runtime|13604bd0-3c3f-4751-9583-99d0d9e7f786]Column Name: inq6mth | Column type: float64
[MFLOG|0|2023-12-12T00:24:40.267153Z|runtime|f351538a-aa41-4cca-9a0a-db3fd3d25224]-----------------------------------
[MFLOG|0|2023-12-12T00:24:40.267171Z|runtime|8bc27dc8-8bfe-4cc1-b8ec-6b7bf186916f]Column Name: openAcc | Column type: float64
[MFLOG|0|2023-12-12T00:24:40.267190Z|runtime|57d870a8-f63d-4682-a209-43776daa0882]-----------------------------------
[MFLOG|0|2023-12-12T00:24:40.267209Z|runtime|e3b43367-968c-496f-a1cc-126538f28e70]Column Name: pubRec | Column type: float64
[MFLOG|0|2023-12-12T00:24:40.267227Z|runtime|8327bb84-fdbe-419d-9274-1b350651fc58]-----------------------------------
[MFLOG|0|2023-12-12T00:24:40.267247Z|runtime|680c1573-02c3-4606-8e75-489dfb97ca14]Column Name: revolRatio | Column type: float64
[MFLOG|0|2023-12-12T00:24:40.267854Z|runtime|2d2c94ba-e2f8-4f96-80a9-d901f62fd19d]-----------------------------------
[MFLOG|0|2023-12-12T00:24:40.267884Z|runtime|99081b6c-b821-414b-b372-00954d8e07ee]Column Name: totalAcc | Column type: float64
[MFLOG|0|2023-12-12T00:24:40.267905Z|runtime|9a9a14c5-69b5-45df-ba19-721c3f7d4e17]-----------------------------------
[MFLOG|0|2023-12-12T00:24:40.267925Z|runtime|fbc2a20c-f441-4b23-9eca-c25c7da7e2b4]Column Name: totalBal | Column type: float64
[MFLOG|0|2023-12-12T00:24:40.267945Z|runtime|d541a635-5768-4eee-900a-6ba5f3627dcc]-----------------------------------
[MFLOG|0|2023-12-12T00:24:40.267963Z|runtime|58b2b0fb-b45a-4083-b310-e2688b4489fd]Column Name: totalRevLim | Column type: float64
[MFLOG|0|2023-12-12T00:24:40.267984Z|runtime|f33e99a1-7c46-4d16-bf4e-6bb5e84c94b5]-----------------------------------
[MFLOG|0|2023-12-12T00:24:40.268003Z|runtime|258a6f50-34b4-4ca2-a6eb-58c1bb1b46c0]Column Name: accOpen24 | Column type: float64
[MFLOG|0|2023-12-12T00:24:40.268021Z|runtime|54d575fc-fa95-4d45-98b9-2dad428b40a5]-----------------------------------
[MFLOG|0|2023-12-12T00:24:40.268040Z|runtime|fde71890-70e7-4647-a9f1-be7664611cbb]Column Name: avgBal | Column type: float64
[MFLOG|0|2023-12-12T00:24:40.268058Z|runtime|dc9ef6b1-20df-4f80-abe7-25b2d135b5b4]-----------------------------------
[MFLOG|0|2023-12-12T00:24:40.268076Z|runtime|b421cf44-3735-4ba1-a37b-57b1b771820d]Column Name: bcOpen | Column type: float64
[MFLOG|0|2023-12-12T00:24:40.268095Z|runtime|c41d5130-e41e-47c8-9643-47b454eb2f2c]-----------------------------------
[MFLOG|0|2023-12-12T00:24:40.268113Z|runtime|82ba2779-7519-4d89-9250-0952d814eab1]Column Name: bcRatio | Column type: float64
[MFLOG|0|2023-12-12T00:24:40.268131Z|runtime|898d9969-14a6-4c27-a1cc-934e4c500582]-----------------------------------
[MFLOG|0|2023-12-12T00:24:40.268150Z|runtime|2f511f16-98bc-4f66-b9de-f92e29a7cbd6]Column Name: totalLim | Column type: float64
[MFLOG|0|2023-12-12T00:24:40.268173Z|runtime|b970d450-d511-425d-affc-e69d178879b7]-----------------------------------
[MFLOG|0|2023-12-12T00:24:40.268191Z|runtime|f36565fd-2f62-4b9d-ae3b-e666cf7f45e2]Column Name: totalRevBal | Column type: float64
[MFLOG|0|2023-12-12T00:24:40.268210Z|runtime|6cd15e2c-054d-4a1f-ac9f-a3799fb71ca8]-----------------------------------
[MFLOG|0|2023-12-12T00:24:40.268228Z|runtime|9abbe188-eef4-412d-a665-de22c36938d1]Column Name: totalBcLim | Column type: float64
[MFLOG|0|2023-12-12T00:24:40.268246Z|runtime|6894376f-669f-47eb-b6d2-f8f4499f148f]-----------------------------------
[MFLOG|0|2023-12-12T00:24:40.268264Z|runtime|d3911c9c-ae42-4d4e-b29d-c5dc93cc9320]Column Name: totalIlLim | Column type: float64
[MFLOG|0|2023-12-12T00:24:40.268282Z|runtime|1beebc4e-807c-40f7-98f6-ebf1e8dc3d4c]-----------------------------------
[MFLOG|0|2023-12-12T00:24:40.268299Z|runtime|a8f3635a-7159-46c0-9254-4ad3dc35435b]Columns of type object are: ['term', 'grade', 'employment', 'length', 'home', 'verified', 'status', 'reason', 'state']
[MFLOG|0|2023-12-12T00:24:40.268319Z|runtime|fcb2f634-7138-4058-b313-8d9660fb1b45]COL:term
[MFLOG|0|2023-12-12T00:24:40.268337Z|runtime|413ff7cb-cd64-4c0d-9870-06bb51be9a99]-------------
[MFLOG|0|2023-12-12T00:24:40.268362Z|runtime|e269ef0a-3c0e-46ff-9eb3-d027d0dc86fc]Number of NaNs: 1
[MFLOG|0|2023-12-12T00:24:40.277308Z|runtime|2218cd86-ff78-4173-990c-edb25b2b01e8]term
[MFLOG|0|2023-12-12T00:24:43.675965Z|runtime|7c665d2a-9a41-4b6c-b989-1a7a37443662] 36 months    33753
[MFLOG|0|2023-12-12T00:24:43.677041Z|runtime|aca444c4-e82f-4548-9f31-9afc5a456310] 60 months    16246
[MFLOG|0|2023-12-12T00:24:43.677130Z|runtime|da5576a7-805a-430b-80e1-ac1da01dee40]Name: count, dtype: int64
[MFLOG|0|2023-12-12T00:24:43.677207Z|runtime|84461d98-62c1-498b-bae4-743db9c02823]term
[MFLOG|0|2023-12-12T00:24:43.678086Z|runtime|796cce15-e0fc-4ee8-ae0a-bee25eb3c79f]0    33753
[MFLOG|0|2023-12-12T00:24:43.678155Z|runtime|d138da69-3ed7-48c1-824b-77a6cbecc421]1    16246
[MFLOG|0|2023-12-12T00:24:43.678212Z|runtime|06fdc7f3-82f3-430b-9f9e-a10a3a092ba7]Name: count, dtype: int64
[MFLOG|0|2023-12-12T00:24:43.678259Z|runtime|27db26dd-895b-4e20-abd9-e8aae421bddb]COL:grade
[MFLOG|0|2023-12-12T00:24:43.678325Z|runtime|0597db67-c498-419b-93b4-c7ffa726ccc9]-------------
[MFLOG|0|2023-12-12T00:24:43.678381Z|runtime|aeee0dd2-2a2d-4db9-9b4b-bfe74e2e7e33]Number of NaNs: 0
[MFLOG|0|2023-12-12T00:24:43.681168Z|runtime|6c7285cd-775c-4fcc-b6e4-f9597fa56ada]grade
[MFLOG|0|2023-12-12T00:24:44.195158Z|runtime|eb56b7a3-5060-41c5-b1b8-3019d680b0b2]C    14137
[MFLOG|0|2023-12-12T00:24:44.195368Z|runtime|a913de67-27f8-4da2-96e0-292a7fdb9b5c]B    13755
[MFLOG|0|2023-12-12T00:24:44.195419Z|runtime|910375b6-19f4-4e7b-8c47-835b315fdc83]A     8203
[MFLOG|0|2023-12-12T00:24:44.195455Z|runtime|6546dbfb-9e36-4739-96e5-74ae08169774]D     8186
[MFLOG|0|2023-12-12T00:24:44.195504Z|runtime|bf6f3507-9221-45fc-aba4-3c38afb2cc28]E     4200
[MFLOG|0|2023-12-12T00:24:44.195537Z|runtime|b2183b73-584e-41c1-832f-2e82eb78fdfd]F     1240
[MFLOG|0|2023-12-12T00:24:44.195570Z|runtime|35b7456e-0c24-4e94-8ea6-fff3989cd966]G      278
[MFLOG|0|2023-12-12T00:24:44.195601Z|runtime|85b8f1e4-d933-4dc8-93c8-edfdbd85647c]Name: count, dtype: int64
[MFLOG|0|2023-12-12T00:24:44.195639Z|runtime|c3e32cc8-84c1-4893-ab12-69bd1a476bc4]COL:employment
[MFLOG|0|2023-12-12T00:24:44.196942Z|runtime|c545a137-32f4-4ab6-bf19-8a49ad844ac6]-------------
[MFLOG|0|2023-12-12T00:24:44.196985Z|runtime|2224a116-1d63-441a-b5a7-f0d9a8aabc72]Number of NaNs: 2784
[MFLOG|0|2023-12-12T00:24:44.205413Z|runtime|a5815f2f-2313-4b0b-9774-ce82cfef056c]----------------------
[MFLOG|0|2023-12-12T00:24:44.205547Z|runtime|e08839e8-4257-49b6-b823-36a57978d39a]employment
[MFLOG|0|2023-12-12T00:24:44.207742Z|runtime|1a46ca3d-ab79-4c80-96dc-5e08d66efe3c]Teacher                               940
[MFLOG|0|2023-12-12T00:24:44.207803Z|runtime|12d6546f-aba4-4969-9c85-5030731a239a]Manager                               815
[MFLOG|0|2023-12-12T00:24:44.207899Z|runtime|fb65c1bd-ad4d-452b-a1c4-e1908b8f645e]RN                                    405
[MFLOG|0|2023-12-12T00:24:44.207961Z|runtime|53e03b74-53d1-41ae-b4e1-b3e238b965a0]Owner                                 390
[MFLOG|0|2023-12-12T00:24:44.207989Z|runtime|a2d037f3-4d4f-4303-90c1-28631f858f4f]Registered Nurse                      387
[MFLOG|0|2023-12-12T00:24:44.208062Z|runtime|7294f3b0-2905-4d49-96e6-7f9594d87ba7]                                     ... 
[MFLOG|0|2023-12-12T00:24:44.208127Z|runtime|aee117be-8a53-48cd-afbb-65d72a09ba3e]Vice President Strategic Marketing      1
[MFLOG|0|2023-12-12T00:24:44.208171Z|runtime|1a8f2066-e4aa-4b2a-820d-7ebbc037eca2]Finance/Business Director               1
[MFLOG|0|2023-12-12T00:24:44.208248Z|runtime|5767f145-1d4c-4171-bd43-b0d80b492dc1]Integration Specialist III              1
[MFLOG|0|2023-12-12T00:24:44.208279Z|runtime|f6e04b1c-05f8-4e1b-bcb5-23184d4e8cd4] cashier                                1
[MFLOG|0|2023-12-12T00:24:44.208349Z|runtime|c5e6f04f-a05d-4b44-bc3b-edea59276c91]welding tech                            1
[MFLOG|0|2023-12-12T00:24:44.208385Z|runtime|f8763154-f655-41c9-80f3-6014a85e9b52]Name: count, Length: 21400, dtype: int64
[MFLOG|0|2023-12-12T00:24:44.208428Z|runtime|2d08edf1-0dd4-4447-b117-95732a6a301f]----------------------
[MFLOG|0|2023-12-12T00:24:44.208462Z|runtime|1dbbdb40-dd77-4861-a623-134fb57de405]Unique Values: 21401
[MFLOG|0|2023-12-12T00:24:44.214672Z|runtime|4bb656b7-33e3-490c-bc93-52986afe6ae0]COL:length
[MFLOG|0|2023-12-12T00:24:44.215922Z|runtime|8bb76d95-9969-49d3-a5f9-7824ed079f46]-------------
[MFLOG|0|2023-12-12T00:24:44.215956Z|runtime|bad00912-08a9-4458-b5e7-c6499ffb00c1]Number of NaNs: 2680
[MFLOG|0|2023-12-12T00:24:44.225256Z|runtime|010f8afe-3e6b-49b0-95be-72b39670f3fe]length
[MFLOG|0|2023-12-12T00:24:44.225319Z|runtime|debe00ff-f1ac-4452-ab7d-70e82cbfd4b0]10+ years    16896
[MFLOG|0|2023-12-12T00:24:44.225342Z|runtime|05ad8ed6-403e-4022-ab2a-430902b57672]2 years       4456
[MFLOG|0|2023-12-12T00:24:44.225381Z|runtime|3b2a0039-3bb1-4bea-b21e-f1c5583382be]< 1 year      3985
[MFLOG|0|2023-12-12T00:24:44.225403Z|runtime|5ada247e-0b5b-4739-9532-9b57c8decfbb]3 years       3939
[MFLOG|0|2023-12-12T00:24:44.225424Z|runtime|a86c0166-741d-4431-bbac-03814bb4e122]1 year        3215
[MFLOG|0|2023-12-12T00:24:44.225446Z|runtime|905c5e08-62ab-4d0c-9d67-52823aaf7f5d]5 years       2946
[MFLOG|0|2023-12-12T00:24:44.225467Z|runtime|d030030a-b856-4a99-86ff-f12331aa6921]4 years       2944
[MFLOG|0|2023-12-12T00:24:44.225488Z|runtime|cdeff218-c074-4fea-82ec-9f8e68077f99]8 years       2528
[MFLOG|0|2023-12-12T00:24:44.225509Z|runtime|c509383f-b092-4251-885e-667a2b7dd5c3]7 years       2333
[MFLOG|0|2023-12-12T00:24:44.225530Z|runtime|8abb94d0-c2e4-489b-a7e1-3fa946368dbd]6 years       2185
[MFLOG|0|2023-12-12T00:24:44.225551Z|runtime|4ddcac86-7a00-4807-a5f6-8e6e4b558019]9 years       1892
[MFLOG|0|2023-12-12T00:24:44.225572Z|runtime|f2498a95-e9ce-43b8-ab4f-d4399bd4d913]Name: count, dtype: int64
[MFLOG|0|2023-12-12T00:24:44.225594Z|runtime|e847a36e-3bc0-4f55-9886-022433acd625]Index(['10+ years', '2 years', '< 1 year', '3 years', '1 year', '5 years',
[MFLOG|0|2023-12-12T00:24:45.737598Z|runtime|be192e93-82ff-4b9d-8931-a5304dc258f5]       '4 years', '8 years', '7 years', '6 years', '9 years'],
[MFLOG|0|2023-12-12T00:24:45.737964Z|runtime|dfffaf2e-2e4e-4eea-a47d-46227f6515c7]      dtype='object', name='length')
[MFLOG|0|2023-12-12T00:24:45.738065Z|runtime|afae803a-b5cb-4418-b391-c3d028214a98]COL:home
[MFLOG|0|2023-12-12T00:24:45.740696Z|runtime|487d8fd0-efef-40e0-8fed-89c4a9c5b55c]-------------
[MFLOG|0|2023-12-12T00:24:45.740923Z|runtime|01481ed8-de72-425f-b316-386f1b88b4b0]Number of NaNs: 0
[MFLOG|0|2023-12-12T00:24:45.746158Z|runtime|d2034891-3929-449d-b63f-6f748070b1a4]home
[MFLOG|0|2023-12-12T00:24:46.255274Z|runtime|461b0c1c-c301-4c09-8ae5-749e19dbebae]MORTGAGE    23852
[MFLOG|0|2023-12-12T00:24:46.255441Z|runtime|d121f495-c5a5-4abd-8740-fc44b5d90b9c]RENT        18762
[MFLOG|0|2023-12-12T00:24:46.255497Z|runtime|192ca036-6ac6-44b7-8bac-19fda7863b4e]OWN          4705
[MFLOG|0|2023-12-12T00:24:46.255558Z|runtime|67c4b845-05ad-4bbe-9f2d-db06d12a048b]Name: count, dtype: int64
[MFLOG|0|2023-12-12T00:24:46.255602Z|runtime|2671c1b9-6fa4-4919-aa51-1279636613b8]COL:verified
[MFLOG|0|2023-12-12T00:24:46.257229Z|runtime|b605d4c7-0006-449f-94bc-8ce9a6befde3]-------------
[MFLOG|0|2023-12-12T00:24:46.257291Z|runtime|733ce7d0-5b58-4906-9882-dc68e36a9e7f]Number of NaNs: 0
[MFLOG|0|2023-12-12T00:24:46.260368Z|runtime|84c053c5-90dc-4ccc-80cb-4d966badbfb6]verified
[MFLOG|0|2023-12-12T00:24:46.732896Z|runtime|d614dbc6-4a56-4c2f-936e-7437ac9789a5]Source Verified    20617
[MFLOG|0|2023-12-12T00:24:46.733061Z|runtime|1cbb6af6-0927-4e40-969b-e22465920404]Not Verified       14103
[MFLOG|0|2023-12-12T00:24:46.733121Z|runtime|a075f00e-406d-4358-b9ad-fb647e22d05f]Verified           12599
[MFLOG|0|2023-12-12T00:24:46.733162Z|runtime|ae3241c8-d600-4fd7-82d9-3730c4a51518]Name: count, dtype: int64
[MFLOG|0|2023-12-12T00:24:46.733206Z|runtime|b7df965d-7f02-4236-9b6f-ae53b8b32efd]Number of NaNs: 0
[MFLOG|0|2023-12-12T00:24:46.736200Z|runtime|1dc0e079-b2e6-4f59-8570-399c766c267c]status
[MFLOG|0|2023-12-12T00:24:46.744488Z|runtime|b6ceec45-ce33-4271-8cd6-b7af4941f674]Fully Paid            25771
[MFLOG|0|2023-12-12T00:24:46.744578Z|runtime|b480495c-e4e1-424d-85e6-8bff1ce5e26b]Current               13722
[MFLOG|0|2023-12-12T00:24:46.744615Z|runtime|12758a57-d15a-4348-86d5-834af727a8cf]Charged Off            7059
[MFLOG|0|2023-12-12T00:24:46.744665Z|runtime|b268e1f7-7129-4b51-b21a-897b400225f1]Late (31-120 days)      420
[MFLOG|0|2023-12-12T00:24:46.744697Z|runtime|2a424d6d-2ce6-4fda-abeb-0781aed20efe]In Grace Period         252
[MFLOG|0|2023-12-12T00:24:46.744729Z|runtime|d2b0add3-e15d-4d04-9495-262397701d39]Late (16-30 days)        93
[MFLOG|0|2023-12-12T00:24:46.744760Z|runtime|84e7d8cb-845a-493f-aa51-1281f430300d]Default                   2
[MFLOG|0|2023-12-12T00:24:46.744798Z|runtime|e2b0704b-814f-47a0-9ba8-63a45cbd2fa3]Name: count, dtype: int64
[MFLOG|0|2023-12-12T00:24:46.744835Z|runtime|98f8a695-7135-49d8-b1c9-53248127722f]status
[MFLOG|0|2023-12-12T00:24:47.163084Z|runtime|44e1587f-45a9-4bdf-9698-b88c99097f1e]Fully Paid     25771
[MFLOG|0|2023-12-12T00:24:47.163207Z|runtime|59dae879-bee2-463f-b126-178a15105607]Charged Off     7059
[MFLOG|0|2023-12-12T00:24:47.163250Z|runtime|ab00e149-2e9c-40af-b66b-b9ba14d33ab5]Default            2
[MFLOG|0|2023-12-12T00:24:47.163284Z|runtime|5ed7da99-297e-43b3-ae35-d234e0b2785c]Name: count, dtype: int64
[MFLOG|0|2023-12-12T00:24:47.163338Z|runtime|15d014f9-c139-45b6-a65b-8abf72eee3c5]status
[MFLOG|0|2023-12-12T00:24:47.164182Z|runtime|ad856e4c-dafd-4a42-99cb-dddce7a176c4]0    25771
[MFLOG|0|2023-12-12T00:24:47.164237Z|runtime|f81aab7a-731c-46f1-a83a-9fb3a670eaba]1     7061
[MFLOG|0|2023-12-12T00:24:47.164266Z|runtime|cdea61bb-bb40-4eb1-90ef-7cfbdf05582c]Name: count, dtype: int64
[MFLOG|0|2023-12-12T00:24:47.164296Z|runtime|3c77ccac-7840-4ece-89d0-6a475a5f3479]COL:reason
[MFLOG|0|2023-12-12T00:24:47.164323Z|runtime|31c7021e-45f5-4112-a216-672b7bf8d05c]-------------
[MFLOG|0|2023-12-12T00:24:47.164355Z|runtime|f6a6a598-2a54-4373-86e7-4661beaa28a2]Number of NaNs: 0
[MFLOG|0|2023-12-12T00:24:47.165997Z|runtime|94ba4816-03a6-49ed-84b5-d0029133e179]reason
[MFLOG|0|2023-12-12T00:24:47.170779Z|runtime|645d5959-f28b-4974-8189-0aba6b453e45]debt_consolidation    19993
[MFLOG|0|2023-12-12T00:24:47.170817Z|runtime|4b4dc30e-92dd-420b-a74d-24aa40b1bd7f]credit_card            7409
[MFLOG|0|2023-12-12T00:24:47.170846Z|runtime|05c3e2e8-c63c-4688-a897-b01722ff3aec]home_improvement       1886
[MFLOG|0|2023-12-12T00:24:47.170877Z|runtime|a2d09e15-d0b7-4763-b854-dc3828a0088b]other                  1474
[MFLOG|0|2023-12-12T00:24:47.170906Z|runtime|b843ff13-b10e-40db-8991-3cc24309c4f2]major_purchase          582
[MFLOG|0|2023-12-12T00:24:47.170934Z|runtime|f54f2f46-8963-400a-ad21-776066a4f639]medical                 356
[MFLOG|0|2023-12-12T00:24:47.170963Z|runtime|28bfe61e-f8c5-427c-a51b-528f8c432fda]small_business          309
[MFLOG|0|2023-12-12T00:24:47.170991Z|runtime|7f8ce7b1-0b71-4b7c-8fce-e43390e201c5]car                     267
[MFLOG|0|2023-12-12T00:24:47.171020Z|runtime|6377afe1-513c-44cb-ba82-841f77441bc9]moving                  203
[MFLOG|0|2023-12-12T00:24:47.171048Z|runtime|7a22b562-5d0a-4270-a1af-b731753098f3]vacation                200
[MFLOG|0|2023-12-12T00:24:47.171077Z|runtime|461fa992-263c-4dba-9281-23a5cd3ccd48]house                   124
[MFLOG|0|2023-12-12T00:24:47.171105Z|runtime|2c694347-912a-4465-a64c-24c8cdb11089]renewable_energy         27
[MFLOG|0|2023-12-12T00:24:47.171133Z|runtime|c838cecb-0a5f-4f10-a52e-235da870bfd6]wedding                   2
[MFLOG|0|2023-12-12T00:24:47.171161Z|runtime|2ec51788-c1a3-46a6-b35a-3a9d9ce1306e]Name: count, dtype: int64
[MFLOG|0|2023-12-12T00:24:47.171190Z|runtime|9e8d7acb-b292-4296-9199-1a931d0ec2e8]reason
[MFLOG|0|2023-12-12T00:24:47.588230Z|runtime|8fcdc90c-582b-4245-91c9-a4749ec17ec8]debt_consolidation    19993
[MFLOG|0|2023-12-12T00:24:47.588344Z|runtime|025b5718-0748-43b5-83fb-fa675a45c4db]credit_card            7409
[MFLOG|0|2023-12-12T00:24:47.588394Z|runtime|c03a46c8-78e2-40db-82b1-d3b96c95cfe3]other                  5430
[MFLOG|0|2023-12-12T00:24:47.588425Z|runtime|ff75aa9d-71da-4a1b-af38-a0ab31aef73c]Name: count, dtype: int64
[MFLOG|0|2023-12-12T00:24:47.588458Z|runtime|b48617dd-cd9b-439b-8473-1274d9976ec1]COL:state
[MFLOG|0|2023-12-12T00:24:47.589190Z|runtime|87fada02-a326-4a50-8b01-79a3ba3d4810]-------------
[MFLOG|0|2023-12-12T00:24:47.589234Z|runtime|6afe4e0b-7fe7-4fcb-8f56-54ad4559aae9]Number of NaNs: 0
[MFLOG|0|2023-12-12T00:24:47.590985Z|runtime|bfadc61c-8dc4-46dd-9930-fbef2d5e6fa5]state
[MFLOG|0|2023-12-12T00:24:47.604823Z|runtime|06c25d7d-5a9f-4587-a4ab-d3c08a683f39]CA    4797
[MFLOG|0|2023-12-12T00:24:47.604901Z|runtime|ea6ffbf2-b55f-45d9-ac2b-83c0ec916ff7]TX    2698
[MFLOG|0|2023-12-12T00:24:47.604932Z|runtime|6da876e7-aabe-4369-83e0-4ea1743ac1a2]NY    2689
[MFLOG|0|2023-12-12T00:24:47.604958Z|runtime|0b37f342-a7ca-401b-a71a-894ef26cd163]FL    2203
[MFLOG|0|2023-12-12T00:24:47.604984Z|runtime|99fe9000-bfa2-40b6-8315-ffbe39e4e8a7]IL    1250
[MFLOG|0|2023-12-12T00:24:47.605010Z|runtime|73cf3af6-91ce-4ae4-887f-76ee9c4ee3e0]NJ    1171
[MFLOG|0|2023-12-12T00:24:47.605036Z|runtime|86ee24ca-a80d-4878-8e99-be2015208071]PA    1165
[MFLOG|0|2023-12-12T00:24:47.605061Z|runtime|5d725bdd-c328-41d9-9fd5-1f70d27ab6c8]OH    1079
[MFLOG|0|2023-12-12T00:24:47.605085Z|runtime|fbbc16a3-b9ea-49da-826b-136e0ea2860d]GA    1047
[MFLOG|0|2023-12-12T00:24:47.605111Z|runtime|db80e3b9-a0d7-40c1-bbc2-05515524a111]VA     998
[MFLOG|0|2023-12-12T00:24:47.605136Z|runtime|8f82cdd6-6473-4f7b-83cc-cd128824ba33]NC     878
[MFLOG|0|2023-12-12T00:24:47.605162Z|runtime|edcd9965-9d30-4465-b42f-6f9147d3ca7b]MI     863
[MFLOG|0|2023-12-12T00:24:47.605187Z|runtime|1f4d3d77-4023-4b3f-ad76-a9bfefa7caae]MD     774
[MFLOG|0|2023-12-12T00:24:47.605212Z|runtime|4d5633d1-c344-4cad-b2c8-dd36a250f383]CO     767
[MFLOG|0|2023-12-12T00:24:47.605236Z|runtime|d719acb7-4010-4d7c-9272-2f6976b67eb2]AZ     756
[MFLOG|0|2023-12-12T00:24:47.605260Z|runtime|917f15c4-96f5-4c96-873d-9e96afb4a4bb]WA     750
[MFLOG|0|2023-12-12T00:24:47.605285Z|runtime|40437b73-cf40-4ede-bb1e-cf5b723675da]MA     724
[MFLOG|0|2023-12-12T00:24:47.605309Z|runtime|59c7eb91-020c-49d4-943e-d8bf989c706a]MN     588
[MFLOG|0|2023-12-12T00:24:47.605334Z|runtime|f161d6f6-1e9b-4606-8d12-3833a48e5396]IN     561
[MFLOG|0|2023-12-12T00:24:47.605359Z|runtime|fe3c92a1-b6b9-4354-b90f-e054b97fa31c]TN     527
[MFLOG|0|2023-12-12T00:24:47.605383Z|runtime|d361a933-9a17-4cc8-9010-edc2577c4166]MO     521
[MFLOG|0|2023-12-12T00:24:47.605407Z|runtime|842eb64c-34fc-4398-995a-4c0ebef2b559]NV     467
[MFLOG|0|2023-12-12T00:24:47.605431Z|runtime|d9208e24-d5a0-49df-a23d-a4bfc0c309c7]CT     458
[MFLOG|0|2023-12-12T00:24:47.605455Z|runtime|0d02438c-5cad-4e1d-baa5-8a452978586f]OR     432
[MFLOG|0|2023-12-12T00:24:47.605480Z|runtime|fc9d9fae-2b59-4a46-a9b3-7f1cab7fbadb]WI     426
[MFLOG|0|2023-12-12T00:24:47.605504Z|runtime|7e11a8f8-439a-4c43-a22f-8b890ce33fa7]SC     401
[MFLOG|0|2023-12-12T00:24:47.605528Z|runtime|bcb306fe-9d30-4f3f-83a6-d68053a7fac2]AL     388
[MFLOG|0|2023-12-12T00:24:47.605553Z|runtime|792cdecc-219b-4313-94de-46ca9d9bc8ec]LA     380
[MFLOG|0|2023-12-12T00:24:47.605578Z|runtime|f32361f3-6222-4348-895a-7ec8e4834eb8]OK     321
[MFLOG|0|2023-12-12T00:24:47.605602Z|runtime|00751935-7bdd-4e16-a39e-f05efc69548c]KY     310
[MFLOG|0|2023-12-12T00:24:47.605627Z|runtime|70a952aa-6885-4ceb-a6ae-6ff1c7f008b7]KS     308
[MFLOG|0|2023-12-12T00:24:47.605652Z|runtime|7e03ef90-6f97-4e0d-a57c-76788f38b504]AR     233
[MFLOG|0|2023-12-12T00:24:47.605676Z|runtime|b2a31fa3-c58c-4575-a976-0c2aaf6cba0b]UT     231
[MFLOG|0|2023-12-12T00:24:47.605700Z|runtime|14630858-42af-43eb-9af1-42814d6e8451]HI     187
[MFLOG|0|2023-12-12T00:24:47.605724Z|runtime|66414a16-319b-4afa-8d81-d69a40950b50]NM     185
[MFLOG|0|2023-12-12T00:24:47.605746Z|runtime|b6778d6b-312a-4351-93c2-d03375d9de2c]RI     169
[MFLOG|0|2023-12-12T00:24:47.605768Z|runtime|fd5d5fce-8c77-4405-ae8f-6e6bdc71bfe8]WV     167
[MFLOG|0|2023-12-12T00:24:47.605790Z|runtime|3da33236-8063-4439-9523-0566835d2689]MS     157
[MFLOG|0|2023-12-12T00:24:47.605812Z|runtime|b7380a9f-162b-4845-952e-b958157ff613]NH     152
[MFLOG|0|2023-12-12T00:24:47.605835Z|runtime|9d27c4d3-35c8-4020-9e76-a6e01d964ae1]DC     100
[MFLOG|0|2023-12-12T00:24:47.605857Z|runtime|6269f630-8cbb-4366-8ac9-36bca74571e9]MT      99
[MFLOG|0|2023-12-12T00:24:47.605880Z|runtime|06346981-9c41-4217-b4f6-7bab5a605f82]DE      87
[MFLOG|0|2023-12-12T00:24:47.605902Z|runtime|ff301534-4fe5-4d24-a3bf-18a88ff217e2]AK      79
[MFLOG|0|2023-12-12T00:24:47.605924Z|runtime|d7826abb-6d15-4a42-a354-0dba7ab6cca6]SD      67
[MFLOG|0|2023-12-12T00:24:47.605946Z|runtime|e4c5da56-85d4-44d9-9ba2-fa7551487132]VT      66
[MFLOG|0|2023-12-12T00:24:47.605968Z|runtime|b2183695-a05d-4172-9815-1a11720fc304]WY      62
[MFLOG|0|2023-12-12T00:24:47.605989Z|runtime|f87e11e8-e014-4591-b389-719f283641ba]NE      57
[MFLOG|0|2023-12-12T00:24:47.606012Z|runtime|41cc7df2-d0d4-4412-88b0-12e85c82c462]ME      20
[MFLOG|0|2023-12-12T00:24:47.606034Z|runtime|a8960134-a998-47a0-ad93-c3f8669efb60]ND      17
[MFLOG|0|2023-12-12T00:24:47.606056Z|runtime|004a7599-426d-4ad4-a5f8-3bc6449daae8]Name: count, dtype: int64
[MFLOG|0|2023-12-12T00:24:47.606082Z|runtime|b6a4154b-f284-45cf-b733-8241a8bbba0d]count    32818.000000
[MFLOG|0|2023-12-12T00:24:47.606721Z|runtime|023dd57d-c695-40b7-a6de-5c4778d1fc8a]mean         0.538935
[MFLOG|0|2023-12-12T00:24:47.606751Z|runtime|9f579732-ed3d-432a-9a91-f9cf2fcdb6e0]std          0.237466
[MFLOG|0|2023-12-12T00:24:47.606774Z|runtime|458bcc5f-4a27-428e-98ad-a2ba7aa42c89]min          0.000000
[MFLOG|0|2023-12-12T00:24:47.606797Z|runtime|06e3aa5e-809f-443b-bb7e-88499ae527f5]25%          0.360000
[MFLOG|0|2023-12-12T00:24:47.606820Z|runtime|ee929469-f642-48c3-a26e-0f2ca6fe2bd5]50%          0.540000
[MFLOG|0|2023-12-12T00:24:47.606842Z|runtime|1ce8afab-0c2c-4a5c-a932-7eee9c65d314]75%          0.720000
[MFLOG|0|2023-12-12T00:24:47.606864Z|runtime|9931e19e-bee6-4c2d-b457-09212a9f9d3d]max          1.290000
[MFLOG|0|2023-12-12T00:24:47.606887Z|runtime|e3793160-7dae-48e5-a34d-10147837646c]Name: revolRatio, dtype: float64
[MFLOG|0|2023-12-12T00:24:47.606911Z|runtime|c8044eb8-027e-4772-b1ba-ada354709c16]count     32499.000000
[MFLOG|0|2023-12-12T00:24:47.608440Z|runtime|0ea55ca9-3620-454e-b122-1b4f7682bcd4]mean       8974.010000
[MFLOG|0|2023-12-12T00:24:47.608471Z|runtime|f1fedbdf-36b7-457c-b1d1-c7991d9b2cdd]std       13832.553766
[MFLOG|0|2023-12-12T00:24:47.608495Z|runtime|a8066820-d4e5-411b-bb3b-065bd4a63f9a]min           0.000000
[MFLOG|0|2023-12-12T00:24:47.608518Z|runtime|0ce697f3-058d-486d-acfd-d0dae5f6b1db]25%        1219.000000
[MFLOG|0|2023-12-12T00:24:47.608540Z|runtime|80f7ef07-7333-45a7-aca7-1a9515f21aac]50%        4008.000000
[MFLOG|0|2023-12-12T00:24:47.608563Z|runtime|2972e775-9950-4c01-b747-1db6e0fd1959]75%       10669.500000
[MFLOG|0|2023-12-12T00:24:47.608586Z|runtime|3355bd90-fd11-408f-923e-4663b4be1a11]max      225313.000000
[MFLOG|0|2023-12-12T00:24:47.608609Z|runtime|eb3fac06-d14f-492a-9ae1-fcc56bf7a1c6]Name: bcOpen, dtype: float64
[MFLOG|0|2023-12-12T00:24:47.608633Z|runtime|9c07c170-7c05-498a-aee1-13a7894b36f2]count    32475.000000
[MFLOG|0|2023-12-12T00:25:02.957448Z|runtime|7c608b29-caa6-448c-b1f4-f6d6d29d75c5]mean        62.497370
[MFLOG|0|2023-12-12T00:25:02.958106Z|runtime|4238bef1-98f5-49db-82de-c55dcf29e3b7]std         27.407538
[MFLOG|0|2023-12-12T00:25:02.958140Z|runtime|5f30965e-79b7-4426-8d48-4feb1ec6a434]min          0.000000
[MFLOG|0|2023-12-12T00:25:02.958164Z|runtime|39353e94-1c9d-4ea9-bb57-20b0a6a5261f]25%         42.100000
[MFLOG|0|2023-12-12T00:25:02.958184Z|runtime|635fd8e4-8c65-4d19-9f4f-31da769d6903]50%         66.000000
[MFLOG|0|2023-12-12T00:25:02.958203Z|runtime|a2b62e67-7540-4334-9362-b198622fabd7]75%         86.400000
[MFLOG|0|2023-12-12T00:25:02.958222Z|runtime|9baab2ed-82c4-4a57-b3af-7f6dc39af062]max        158.400000
[MFLOG|0|2023-12-12T00:25:02.958240Z|runtime|bef73bad-95cc-421c-8d46-45bcf939f4b6]Name: bcRatio, dtype: float64
[MFLOG|0|2023-12-12T00:25:02.958269Z|runtime|68d16e10-fa4f-44ae-ad93-0b1a40d4584e]Possibly pivotal columns: ['term', 'rate', 'debtIncRat', 'accOpen24']
[MFLOG|0|2023-12-12T00:25:04.862964Z|runtime|ab5075da-5ffa-4f6f-91f3-d22bc485ac72]Percentage of defaults: 0.21506457115009747
[MFLOG|0|2023-12-12T00:25:04.864272Z|runtime|494f294b-e3a9-4ae2-8110-79f577c647aa]Percentage of non-defaults: 0.7849354288499025
