[MFLOG|0|2023-12-12T00:24:38.666079Z|runtime|4e07db95-dca7-453e-828a-60ade2a20a68]    amount        term  rate  payment grade          employment     length  \
[MFLOG|0|2023-12-12T00:24:38.705672Z|runtime|6d49a853-9aff-4018-aca9-ea99f1a6879f]0   8000.0   36 months  0.14   272.07     C       Warehouseman     3 years   
[MFLOG|0|2023-12-12T00:24:38.705771Z|runtime|ae24f76a-dc74-4ef2-a4ec-23ddf8072ffc]1  11000.0   36 months  0.10   354.89     B      Vice President  10+ years   
[MFLOG|0|2023-12-12T00:24:38.705828Z|runtime|10b164c1-fe7a-4de5-940e-89843078b0f7]2  35000.0   36 months  0.15  1220.33     D      Owner/Attorney  10+ years   
[MFLOG|0|2023-12-12T00:24:38.705858Z|runtime|042dabcb-a42c-49c9-b350-639fc3e28952]3  20000.0   60 months  0.12   447.83     C             Analyst    2 years   
[MFLOG|0|2023-12-12T00:24:38.705893Z|runtime|9f9b2b4d-0e31-4bf7-bebe-a6b8b2720bb5]4  12000.0   60 months  0.12   266.88     B  medical technician  10+ years   
[MFLOG|0|2023-12-12T00:24:38.705918Z|runtime|ea7c7578-1f49-4d80-b4e4-e1cdc07e38f0]
[MFLOG|0|2023-12-12T00:24:38.705940Z|runtime|230eaa6b-8848-4179-aae9-d06bf021a10a]       home    income         verified       status              reason state  \
[MFLOG|0|2023-12-12T00:24:38.705962Z|runtime|94329494-4f97-4009-8eba-60edb993515d]0      RENT   49966.0  Source Verified  Charged Off         credit_card    CA   
[MFLOG|0|2023-12-12T00:24:38.705982Z|runtime|94ba4156-0786-4b2a-9d4c-63f1e44d39a6]1  MORTGAGE   50000.0     Not Verified   Fully Paid  debt_consolidation    PA   
[MFLOG|0|2023-12-12T00:24:38.706008Z|runtime|9e97038b-fa1e-42ee-9d2b-7b33e14cb58a]2      RENT  360000.0         Verified      Current  debt_consolidation    CA   
[MFLOG|0|2023-12-12T00:24:38.706028Z|runtime|a9c9c34d-f4af-4213-8b21-a39e0a4c3b5a]3  MORTGAGE   60000.0  Source Verified   Fully Paid  debt_consolidation    CA   
[MFLOG|0|2023-12-12T00:24:38.706049Z|runtime|0bdcf9f2-7156-4a49-bc6a-b7d68b66ddcb]4  MORTGAGE   64000.0  Source Verified      Current  debt_consolidation    NJ   
[MFLOG|0|2023-12-12T00:24:38.706071Z|runtime|87dc545b-1e3d-4939-a714-d9f024bef725]
[MFLOG|0|2023-12-12T00:24:38.706090Z|runtime|237f5e5d-848e-462d-b43d-25faf56f0e28]   debtIncRat  delinq2yr  inq6mth  openAcc  pubRec  revolRatio  totalAcc  \
[MFLOG|0|2023-12-12T00:24:38.706109Z|runtime|39e5bf8d-ef31-40fb-b11d-ff4427c3a95a]0       30.05        0.0      0.0     11.0     0.0        0.55      15.0   
[MFLOG|0|2023-12-12T00:24:38.706127Z|runtime|4fa39371-0ad6-4899-8a67-ab62b3f710bf]1        8.74        0.0      2.0     12.0     0.0        0.36      15.0   
[MFLOG|0|2023-12-12T00:24:38.706145Z|runtime|06907ceb-0fff-4602-b034-0a6b1c473bb9]2       14.50        0.0      1.0      8.0     0.0        0.83      14.0   
[MFLOG|0|2023-12-12T00:24:38.706163Z|runtime|eaa62df3-a9d3-47b7-a725-ca3418983f21]3       14.14        0.0      0.0     12.0     3.0        0.01      48.0   
[MFLOG|0|2023-12-12T00:24:38.706183Z|runtime|baad9f60-d5b4-4a30-8733-4ef54889a05a]4        5.14        0.0      0.0      8.0     0.0        0.58      22.0   
[MFLOG|0|2023-12-12T00:24:38.706468Z|runtime|9a832487-2bb7-4186-9ae0-ac8ce9591a4d]
[MFLOG|0|2023-12-12T00:24:38.706527Z|runtime|1118fdbb-17ef-4479-ab2b-b9fe418ca1ea]   totalBal  totalRevLim  accOpen24    avgBal   bcOpen  bcRatio  totalLim  \
[MFLOG|0|2023-12-12T00:24:38.706557Z|runtime|58f4f61d-a359-42db-9aca-8e22107e32bf]0   48054.0       8100.0        8.0    4369.0     43.0     95.7   60629.0   
[MFLOG|0|2023-12-12T00:24:38.706582Z|runtime|6e3a7160-6501-4aab-af4e-b1209f86c083]1  265838.0      33400.0        4.0   22153.0  19756.0     37.5  297500.0   
[MFLOG|0|2023-12-12T00:24:38.706607Z|runtime|6c29de41-b2e2-44f0-bd92-327f5912dc8c]2  850150.0      83000.0        2.0  121450.0   7686.0     83.2  907300.0   
[MFLOG|0|2023-12-12T00:24:38.706627Z|runtime|3b2c7906-c184-45e3-a66c-dc767e0b25dc]3   20671.0      14200.0        8.0    1723.0  11061.0      1.2   46964.0   
[MFLOG|0|2023-12-12T00:24:38.706648Z|runtime|2c074c36-65c9-4d46-b440-345e677cdb9e]4  128034.0      14600.0        3.0   18291.0   5904.0     58.4  134600.0   
[MFLOG|0|2023-12-12T00:24:38.706668Z|runtime|f8d339e1-301e-4701-8405-c013161dfe8d]
[MFLOG|0|2023-12-12T00:24:38.706689Z|runtime|63650a04-310f-4305-ba87-7fe51ecfffb5]   totalRevBal  totalBcLim  totalIlLim  
[MFLOG|0|2023-12-12T00:24:38.706710Z|runtime|79fc20a8-fd8c-4ffc-bc36-71d6a541715d]0      48054.0      1000.0     52529.0  
[MFLOG|0|2023-12-12T00:24:38.706730Z|runtime|a7c7285e-b3ce-4b96-a4b3-77e5b8c1ea3b]1      11844.0     31600.0         0.0  
[MFLOG|0|2023-12-12T00:24:38.706749Z|runtime|6a4c97b2-5ee0-4d9b-a961-5bc5509c4af5]2     173260.0     83000.0    100000.0  
[MFLOG|0|2023-12-12T00:24:38.706770Z|runtime|d2b3ce5e-0345-4489-b250-537f6f754e4b]3      20671.0     11200.0     32764.0  
[MFLOG|0|2023-12-12T00:24:38.706789Z|runtime|f94ff04b-6aa6-437a-8b92-5ea77f4f59dd]4       8475.0     14200.0         0.0  
[MFLOG|0|2023-12-12T00:24:38.706809Z|runtime|e93e9c72-e48a-4f04-856c-3c58dd6fc9f6]Dimensions of the dataset: (50000, 30)
[MFLOG|0|2023-12-12T00:24:38.706831Z|runtime|145f90cc-6feb-4762-9052-8071a343b7bf]             amount          rate       payment        income    debtIncRat  \
[MFLOG|0|2023-12-12T00:24:38.966536Z|runtime|c15ef7af-082f-4cc0-8dff-2dd255811cbf]count  49999.000000  49999.000000  49999.000000  4.999900e+04  49999.000000   
[MFLOG|0|2023-12-12T00:24:38.966645Z|runtime|70a11b4a-8391-4007-99f2-abe61c8ab089]mean   15145.527911      0.130407    442.737519  7.617379e+04     18.731157   
[MFLOG|0|2023-12-12T00:24:38.966669Z|runtime|74540aac-a501-4d41-b28d-4f1015862d66]std     8527.772776      0.044192    244.835744  6.523503e+04      8.444506   
[MFLOG|0|2023-12-12T00:24:38.966687Z|runtime|accede43-5890-4347-a96c-64d2493548d1]min     1000.000000      0.050000     30.540000  4.000000e+03      0.000000   
[MFLOG|0|2023-12-12T00:24:38.966705Z|runtime|38602872-5f13-46a4-a853-0c14d763bda6]25%     8500.000000      0.100000    265.840000  4.623850e+04     12.390000   
[MFLOG|0|2023-12-12T00:24:38.966722Z|runtime|faf27b35-8cd1-4fff-9861-7c59efb0d91a]50%    13800.000000      0.130000    385.790000  6.500000e+04     18.210000   
[MFLOG|0|2023-12-12T00:24:38.966739Z|runtime|330d095d-a837-4dad-9443-0318e2fd81db]75%    20000.000000      0.160000    578.680000  9.000000e+04     24.730000   
[MFLOG|0|2023-12-12T00:24:38.966756Z|runtime|b0259568-bbcc-4c67-9680-ef370d72e478]max    35000.000000      0.290000   1407.010000  7.446395e+06     61.210000   
[MFLOG|0|2023-12-12T00:24:38.966772Z|runtime|b7817e0e-7682-4e57-b832-55efeec3e05b]
[MFLOG|0|2023-12-12T00:24:38.966788Z|runtime|1fc9ac6e-909d-4d6e-967c-cc529a066a39]          delinq2yr       inq6mth       openAcc        pubRec    revolRatio  \
[MFLOG|0|2023-12-12T00:24:38.966804Z|runtime|618fe066-9cf1-4e88-bb89-853e4c36cc19]count  49999.000000  49999.000000  49999.000000  49999.000000  49981.000000   
[MFLOG|0|2023-12-12T00:24:38.966820Z|runtime|d1bd2933-80a1-4ba9-9d91-6e5af9bb6862]mean       0.346167      0.639553     11.849217      0.232925      0.546419   
[MFLOG|0|2023-12-12T00:24:38.966837Z|runtime|21f6385e-5758-423a-89e0-5cd7642b3376]std        0.907636      0.938869      5.524801      0.624342      0.236451   
[MFLOG|0|2023-12-12T00:24:38.966853Z|runtime|ecfcb820-3e36-406a-8a03-602de1b96ee7]min        0.000000      0.000000      1.000000      0.000000      0.000000   
[MFLOG|0|2023-12-12T00:24:38.966871Z|runtime|5ac34816-13d2-48f6-9c73-09dc251cd32b]25%        0.000000      0.000000      8.000000      0.000000      0.370000   
[MFLOG|0|2023-12-12T00:24:38.966887Z|runtime|123fbec1-ce39-43fc-a32b-b4a4c68b9c11]50%        0.000000      0.000000     11.000000      0.000000      0.550000   
[MFLOG|0|2023-12-12T00:24:38.966903Z|runtime|ee102a0c-eec9-4544-9505-cd688e3f9c84]75%        0.000000      1.000000     15.000000      0.000000      0.730000   
[MFLOG|0|2023-12-12T00:24:38.966918Z|runtime|1aa25d1b-ecba-4ff4-bef7-0294569eab8c]max       15.000000      6.000000     76.000000     28.000000      1.670000   
[MFLOG|0|2023-12-12T00:24:38.966934Z|runtime|bd6d1044-0a5c-48e3-8c85-73c9474fa7b5]
[MFLOG|0|2023-12-12T00:24:38.966951Z|runtime|240e34b7-8b06-4b59-a4d6-47f04858036a]           totalAcc      totalBal   totalRevLim     accOpen24         avgBal  \
[MFLOG|0|2023-12-12T00:24:38.966967Z|runtime|1e4f0209-8b70-4a26-8479-42e419ada90b]count  49999.000000  4.999900e+04  4.999900e+04  49999.000000   49999.000000   
[MFLOG|0|2023-12-12T00:24:38.966985Z|runtime|5267e4f9-0709-4840-9633-28502835026a]mean      25.749595  1.397782e+05  3.243594e+04      4.557831   13189.526651   
[MFLOG|0|2023-12-12T00:24:38.967001Z|runtime|5f1ce0c5-5e00-4d55-8128-bbb54e60e363]std       12.097421  1.526384e+05  3.269753e+04      3.079680   15561.787118   
[MFLOG|0|2023-12-12T00:24:38.967017Z|runtime|1a406ecc-a4ff-4d3b-ba4e-827b123192bf]min        3.000000  0.000000e+00  0.000000e+00      0.000000       0.000000   
[MFLOG|0|2023-12-12T00:24:38.967033Z|runtime|7da2063b-08aa-40cd-99fc-032191e94ae6]25%       17.000000  3.061900e+04  1.400000e+04      2.000000    3170.000000   
[MFLOG|0|2023-12-12T00:24:38.967050Z|runtime|a1754743-2bf4-4509-9287-823fce8c9ef4]50%       24.000000  8.107300e+04  2.400000e+04      4.000000    7356.000000   
[MFLOG|0|2023-12-12T00:24:38.967066Z|runtime|e6c1c19b-59d1-4a5d-8dbb-824747ce1084]75%       33.000000  2.094385e+05  4.030000e+04      6.000000   18223.500000   
[MFLOG|0|2023-12-12T00:24:38.967082Z|runtime|a7be466a-95e4-4019-b24e-f5576441eadb]max      162.000000  2.552960e+06  1.060800e+06     50.000000  358652.000000   
[MFLOG|0|2023-12-12T00:24:38.967098Z|runtime|5d7b10e1-305c-4782-98ce-4a5b21b222b7]
[MFLOG|0|2023-12-12T00:24:38.967114Z|runtime|2dd66f08-087a-4705-9862-62105675a0c3]              bcOpen       bcRatio      totalLim   totalRevBal     totalBcLim  \
[MFLOG|0|2023-12-12T00:24:38.967130Z|runtime|b5dd9751-0951-47b9-9e65-15b81ab221bf]count   49511.000000  49479.000000  4.999900e+04  4.999900e+04   49999.000000   
[MFLOG|0|2023-12-12T00:24:38.967146Z|runtime|8ecf64d9-b7a2-4e7c-9032-c5d13d55fd48]mean     9154.930945     63.188468  1.718866e+05  5.088178e+04   21190.290466   
[MFLOG|0|2023-12-12T00:24:38.967162Z|runtime|9696078b-ea3e-4840-9e7f-dbfb8fd67adf]std     14296.865563     27.205695  1.697017e+05  4.731099e+04   21250.776922   
[MFLOG|0|2023-12-12T00:24:38.967179Z|runtime|3e279043-1166-4aa2-bfc7-a65e12949c01]min         0.000000      0.000000  6.000000e+02  0.000000e+00       0.000000   
[MFLOG|0|2023-12-12T00:24:38.967194Z|runtime|dbdf335b-022c-4939-9bd3-f98d53e18a40]25%      1235.000000     43.100000  5.000100e+04  2.211000e+04    7500.000000   
[MFLOG|0|2023-12-12T00:24:38.967211Z|runtime|9901ce53-dffe-4e64-922b-2528b8ded41a]50%      4052.000000     67.100000  1.120710e+05  3.862600e+04   14700.000000   
[MFLOG|0|2023-12-12T00:24:38.967227Z|runtime|4f742030-2e43-487a-a05c-961c116b91dc]75%     10868.500000     87.000000  2.498060e+05  6.390300e+04   27600.000000   
[MFLOG|0|2023-12-12T00:24:38.967243Z|runtime|f36d532d-4b08-461e-9719-9df459a7e579]max    373005.000000    161.000000  2.711061e+06  1.094819e+06  560800.000000   
[MFLOG|0|2023-12-12T00:24:38.967259Z|runtime|ac3c1357-226a-4281-8589-976be949ab0a]
[MFLOG|0|2023-12-12T00:24:38.967276Z|runtime|c27a5f20-f336-4109-9450-a0b5b2f9c1cd]         totalIlLim  
[MFLOG|0|2023-12-12T00:24:38.967297Z|runtime|4df75528-563b-4758-872c-28daf92ec95e]count  4.999900e+04  
[MFLOG|0|2023-12-12T00:24:38.967314Z|runtime|2cade8dd-5550-4d5d-9249-23872fe416ed]mean   4.244567e+04  
[MFLOG|0|2023-12-12T00:24:38.967335Z|runtime|b5f6544a-7a62-40d1-8225-a12d49a9da7d]std    4.329564e+04  
[MFLOG|0|2023-12-12T00:24:38.967353Z|runtime|3756e6a7-9a16-41d3-8ff3-196647575c12]min    0.000000e+00  
[MFLOG|0|2023-12-12T00:24:38.967369Z|runtime|7e2662f2-8a05-4968-b481-ab36f837136c]25%    1.500000e+04  
[MFLOG|0|2023-12-12T00:24:38.967387Z|runtime|f8da8cf0-2467-4161-b0ba-48562dba5caf]50%    3.200000e+04  
[MFLOG|0|2023-12-12T00:24:38.967404Z|runtime|fa0ff7f1-d71a-4281-bf4e-00a6dca072c1]75%    5.679400e+04  
[MFLOG|0|2023-12-12T00:24:38.967421Z|runtime|37856aae-4155-4881-a871-b7e16de90a9b]max    1.027358e+06  
