[MFLOG|0|2023-12-09T00:59:33.112655Z|runtime|c41e764f-1891-41d0-9d1c-4ddcd8871d6f]Column Name: amount | Column type: float64
[MFLOG|0|2023-12-09T00:59:33.113013Z|runtime|91568fbb-453d-4785-ae09-da440d8dd57e]-----------------------------------
[MFLOG|0|2023-12-09T00:59:33.113067Z|runtime|82274f8d-e910-465c-bbc4-f452abce77da]Column Name: term | Column type: object
[MFLOG|0|2023-12-09T00:59:33.113105Z|runtime|05351ab8-9808-4329-acf2-60ddea63bab5]-----------------------------------
[MFLOG|0|2023-12-09T00:59:33.113144Z|runtime|a4f55ea8-097b-4846-9827-8dcd38a239fd]Column Name: rate | Column type: float64
[MFLOG|0|2023-12-09T00:59:33.113181Z|runtime|839c3ec0-db8e-41d8-a26d-4723dde62367]-----------------------------------
[MFLOG|0|2023-12-09T00:59:33.113215Z|runtime|6cd947b3-0067-418e-8d03-0a209ed70e88]Column Name: payment | Column type: float64
[MFLOG|0|2023-12-09T00:59:33.113243Z|runtime|13f7f802-b51b-4916-ac15-59a27914680d]-----------------------------------
[MFLOG|0|2023-12-09T00:59:33.113271Z|runtime|4e05e6ed-53dd-4186-824e-53a4367bc314]Column Name: grade | Column type: object
[MFLOG|0|2023-12-09T00:59:33.113303Z|runtime|620aafd3-ec79-4d79-a6fb-9a7286e80a72]-----------------------------------
[MFLOG|0|2023-12-09T00:59:33.113330Z|runtime|9c5123c7-d6cd-4379-b7e3-037cc3a0f67b]Column Name: employment | Column type: object
[MFLOG|0|2023-12-09T00:59:33.113357Z|runtime|2cc6c2cc-f307-47e0-9809-6e46e60d846b]-----------------------------------
[MFLOG|0|2023-12-09T00:59:33.113385Z|runtime|e4810398-7230-473c-a2da-1f9dfa82c0f8]Column Name: length | Column type: object
[MFLOG|0|2023-12-09T00:59:33.113413Z|runtime|b1552427-eb3e-4b53-a172-9e8b67db3657]-----------------------------------
[MFLOG|0|2023-12-09T00:59:33.113440Z|runtime|05a3920f-358a-41e3-8e5c-0d920809994a]Column Name: home | Column type: object
[MFLOG|0|2023-12-09T00:59:33.113467Z|runtime|ebcd0418-2c22-4411-809f-503b54f1c16b]-----------------------------------
[MFLOG|0|2023-12-09T00:59:33.113498Z|runtime|2c5de352-1ff0-4085-8f71-187419a29bd4]Column Name: income | Column type: float64
[MFLOG|0|2023-12-09T00:59:33.113525Z|runtime|90ab3c8a-2ac8-4499-aa53-90d2c6e3847b]-----------------------------------
[MFLOG|0|2023-12-09T00:59:33.113552Z|runtime|1a55aa3e-d3ba-4a40-928a-078b759055b3]Column Name: verified | Column type: object
[MFLOG|0|2023-12-09T00:59:33.113581Z|runtime|3e619034-b9b3-4e8a-995f-026e2932c0f9]-----------------------------------
[MFLOG|0|2023-12-09T00:59:33.113608Z|runtime|11684fd7-a42c-4e86-bd24-d5410ad381b7]Column Name: status | Column type: object
[MFLOG|0|2023-12-09T00:59:33.113635Z|runtime|a38e63c0-3dff-40a2-b65d-46ac4c3232e6]-----------------------------------
[MFLOG|0|2023-12-09T00:59:33.113662Z|runtime|8bc24339-160c-46c3-a70e-8161c4ec8f90]Column Name: reason | Column type: object
[MFLOG|0|2023-12-09T00:59:33.113689Z|runtime|2b759779-651b-4d07-a274-992e4bb0a9b6]-----------------------------------
[MFLOG|0|2023-12-09T00:59:33.113716Z|runtime|0eb14939-89b6-421e-83f9-1f63fe592f15]Column Name: state | Column type: object
[MFLOG|0|2023-12-09T00:59:33.113745Z|runtime|92388e3a-3505-4274-a2b6-968387d7efe8]-----------------------------------
[MFLOG|0|2023-12-09T00:59:33.113776Z|runtime|d72166f2-91ea-4b7b-9919-69d5d3375769]Column Name: debtIncRat | Column type: float64
[MFLOG|0|2023-12-09T00:59:33.115264Z|runtime|c88f1c93-e1c6-4cfc-b05f-bb827ca0eea8]-----------------------------------
[MFLOG|0|2023-12-09T00:59:33.115301Z|runtime|134b6522-f37b-4c93-9220-11a4126a5c3f]Column Name: delinq2yr | Column type: float64
[MFLOG|0|2023-12-09T00:59:33.115331Z|runtime|618da406-46d3-4725-827e-7acec4f861ff]-----------------------------------
[MFLOG|0|2023-12-09T00:59:33.115359Z|runtime|709b5eaa-f761-4c34-9046-2cbf1ed11fa7]Column Name: inq6mth | Column type: float64
[MFLOG|0|2023-12-09T00:59:33.115386Z|runtime|86d19bd2-98f7-4c90-80fb-775fd44dd4f9]-----------------------------------
[MFLOG|0|2023-12-09T00:59:33.115414Z|runtime|26d92ad0-7da1-4c42-8ad6-98d2b82b2685]Column Name: openAcc | Column type: float64
[MFLOG|0|2023-12-09T00:59:33.115442Z|runtime|5e66794f-197f-4a6f-944a-6cb07fff7469]-----------------------------------
[MFLOG|0|2023-12-09T00:59:33.115470Z|runtime|9ffddb63-8f59-4ad4-8d78-33f45bf7413b]Column Name: pubRec | Column type: float64
[MFLOG|0|2023-12-09T00:59:33.115498Z|runtime|241608b2-ea40-40c3-9d57-c36178795b16]-----------------------------------
[MFLOG|0|2023-12-09T00:59:33.115526Z|runtime|841729a5-a078-4514-9ca9-0741525a3139]Column Name: revolRatio | Column type: float64
[MFLOG|0|2023-12-09T00:59:33.115554Z|runtime|5c983db5-cbd2-4b9b-95e7-d9b5726122c8]-----------------------------------
[MFLOG|0|2023-12-09T00:59:33.115581Z|runtime|8e087b6a-a41a-42c8-b847-4b75063a8881]Column Name: totalAcc | Column type: float64
[MFLOG|0|2023-12-09T00:59:33.115608Z|runtime|a8c3e087-6604-4aa4-8dee-2b6fea1871c6]-----------------------------------
[MFLOG|0|2023-12-09T00:59:33.115636Z|runtime|2d7c164d-0d58-49ae-806a-3d349ff16b7f]Column Name: totalBal | Column type: float64
[MFLOG|0|2023-12-09T00:59:33.115664Z|runtime|7c89a921-ec69-42ed-9b24-469fb01de273]-----------------------------------
[MFLOG|0|2023-12-09T00:59:33.115690Z|runtime|cf62d329-1bd6-47ad-8c36-9b6c4d6cf2fa]Column Name: totalRevLim | Column type: float64
[MFLOG|0|2023-12-09T00:59:33.115718Z|runtime|7e056362-5b08-41dd-9ce0-b88d4a476d9a]-----------------------------------
[MFLOG|0|2023-12-09T00:59:33.115745Z|runtime|5e26feb8-ef06-448f-9775-82df18e28cfa]Column Name: accOpen24 | Column type: float64
[MFLOG|0|2023-12-09T00:59:33.115771Z|runtime|e97f393b-54eb-48fb-b2fd-7eb3438453ef]-----------------------------------
[MFLOG|0|2023-12-09T00:59:33.115798Z|runtime|1dc2a8b4-d9a9-4aa4-9f2a-7a6ab2894c8b]Column Name: avgBal | Column type: float64
[MFLOG|0|2023-12-09T00:59:33.115825Z|runtime|19d101ca-2345-4518-9360-ec7ddc8159cc]-----------------------------------
[MFLOG|0|2023-12-09T00:59:33.115851Z|runtime|ddb6dd0c-4d42-41ed-b507-5e6565f80af6]Column Name: bcOpen | Column type: float64
[MFLOG|0|2023-12-09T00:59:33.115884Z|runtime|839c15e1-2c41-416f-b3fc-ca59967f3c9e]-----------------------------------
[MFLOG|0|2023-12-09T00:59:33.115911Z|runtime|abaaf551-147d-474b-93a2-7bb9813287b2]Column Name: bcRatio | Column type: float64
[MFLOG|0|2023-12-09T00:59:33.115938Z|runtime|79180cec-6a9a-4e33-a035-c19b66e07c7a]-----------------------------------
[MFLOG|0|2023-12-09T00:59:33.115964Z|runtime|d4d1635a-78d3-4720-b566-92dc525d3047]Column Name: totalLim | Column type: float64
[MFLOG|0|2023-12-09T00:59:33.115991Z|runtime|52c2851c-9852-4435-8647-ca8bab2de38e]-----------------------------------
[MFLOG|0|2023-12-09T00:59:33.116017Z|runtime|af3ae391-b820-4288-bcad-d1732b174880]Column Name: totalRevBal | Column type: float64
[MFLOG|0|2023-12-09T00:59:33.116044Z|runtime|51e4f373-f2df-48a9-9eb3-3f1097ae8056]-----------------------------------
[MFLOG|0|2023-12-09T00:59:33.116074Z|runtime|fb5ad70f-689f-4e38-a0f1-b0ff15634ff6]Column Name: totalBcLim | Column type: float64
[MFLOG|0|2023-12-09T00:59:33.116101Z|runtime|f3fefa7b-844b-48a2-bad1-f71d22dae200]-----------------------------------
[MFLOG|0|2023-12-09T00:59:33.116127Z|runtime|ab2019ec-c458-479b-b900-f4f2e20b5672]Column Name: totalIlLim | Column type: float64
[MFLOG|0|2023-12-09T00:59:33.116154Z|runtime|0eae4d37-6887-4b36-887c-eca670623f9a]-----------------------------------
[MFLOG|0|2023-12-09T00:59:33.116181Z|runtime|d2dfe9e7-bc6d-414a-be10-bd05c12eef3a]Columns of type object are: ['term', 'grade', 'employment', 'length', 'home', 'verified', 'status', 'reason', 'state']
[MFLOG|0|2023-12-09T00:59:33.116209Z|runtime|901b38bd-676f-46b2-96fc-c413c21452cd]COL:term
[MFLOG|0|2023-12-09T00:59:33.116238Z|runtime|3125c4c4-3936-48b9-9e4f-11968f65df92]-------------
[MFLOG|0|2023-12-09T00:59:33.116274Z|runtime|f42c8492-3c6c-4201-b3de-10185cac5410]Number of NaNs: 1
[MFLOG|0|2023-12-09T00:59:33.129889Z|runtime|7aa37cf3-3c6f-4588-9b2f-177810ec1605]term
[MFLOG|0|2023-12-09T00:59:35.956620Z|runtime|c0a8ff60-1fd8-442c-b420-3312df32b447] 36 months    33753
[MFLOG|0|2023-12-09T00:59:35.956960Z|runtime|0e788175-5358-4ac9-b1af-6b17bcb766ed] 60 months    16246
[MFLOG|0|2023-12-09T00:59:35.957024Z|runtime|f6b35005-e8d9-4574-b5be-e96eddeec962]Name: count, dtype: int64
[MFLOG|0|2023-12-09T00:59:35.957085Z|runtime|8482cd36-2968-436a-b33e-a6f36e87b4b4]term
[MFLOG|0|2023-12-09T00:59:35.958789Z|runtime|8c96a579-ea74-473d-800f-a8e4e635d122]0    33753
[MFLOG|0|2023-12-09T00:59:35.958840Z|runtime|cf7b32db-a5d8-4332-8c3f-a44abc226cb3]1    16246
[MFLOG|0|2023-12-09T00:59:35.958885Z|runtime|c54191ef-a175-4ca8-9428-f0b9975dd4bc]Name: count, dtype: int64
[MFLOG|0|2023-12-09T00:59:35.958921Z|runtime|7381a354-8372-4c4e-8ebd-46f40a939508]COL:grade
[MFLOG|0|2023-12-09T00:59:35.958963Z|runtime|da6c0993-97cd-400b-9e4f-5a837a50a3c7]-------------
[MFLOG|0|2023-12-09T00:59:35.959006Z|runtime|6abbfa50-5411-4fcf-bbcc-307d0fb23077]Number of NaNs: 0
[MFLOG|0|2023-12-09T00:59:35.961071Z|runtime|5135ac52-1ad2-436e-943b-c195137f0bce]grade
[MFLOG|0|2023-12-09T00:59:37.077290Z|runtime|85b5458f-c3e0-468d-a191-40a6d8b92410]C    14137
[MFLOG|0|2023-12-09T00:59:37.077577Z|runtime|180e79c2-44e6-4a3e-bd99-f8b565dcfe3e]B    13755
[MFLOG|0|2023-12-09T00:59:37.077640Z|runtime|261db77e-4451-4eca-956b-edf10b07ad9f]A     8203
[MFLOG|0|2023-12-09T00:59:37.077679Z|runtime|5bb02f7c-8eab-494b-bcbc-28c6aedfeeae]D     8186
[MFLOG|0|2023-12-09T00:59:37.077713Z|runtime|690e7476-749e-44fe-9006-70bae03ae6d4]E     4200
[MFLOG|0|2023-12-09T00:59:37.077746Z|runtime|af6de3cf-75fb-423f-aee4-a5aaf9d7691d]F     1240
[MFLOG|0|2023-12-09T00:59:37.077778Z|runtime|ccb549cc-140f-40af-b384-371e6175e238]G      278
[MFLOG|0|2023-12-09T00:59:37.077810Z|runtime|3f016923-4322-4fa5-8a75-5f13814adcd0]Name: count, dtype: int64
[MFLOG|0|2023-12-09T00:59:37.077854Z|runtime|965cba58-a9c3-40e8-bf1d-ab5fb6d3442b]COL:employment
[MFLOG|0|2023-12-09T00:59:37.078978Z|runtime|cb894b2d-5623-40db-909d-bf85219b50bb]-------------
[MFLOG|0|2023-12-09T00:59:37.079029Z|runtime|b7aba0d9-b12c-4be8-9f2f-c53bc19585e9]Number of NaNs: 2784
[MFLOG|0|2023-12-09T00:59:37.088667Z|runtime|1436ac3a-ef9c-4b8e-b4a7-6ec678a286e7]----------------------
[MFLOG|0|2023-12-09T00:59:37.088728Z|runtime|8b9187b8-aa7a-473d-b6ea-3a16fdaa62cf]employment
[MFLOG|0|2023-12-09T00:59:37.091174Z|runtime|9d46bc8d-e896-4d03-b934-f349fd6b6b55]Teacher                               940
[MFLOG|0|2023-12-09T00:59:37.091215Z|runtime|f9d8ef3a-88f6-4434-9161-19032be37b2a]Manager                               815
[MFLOG|0|2023-12-09T00:59:37.091245Z|runtime|affc3791-9016-49f0-a5bb-f858cde0f5c3]RN                                    405
[MFLOG|0|2023-12-09T00:59:37.091273Z|runtime|dd871b9f-2ada-421d-b168-e05a944047a2]Owner                                 390
[MFLOG|0|2023-12-09T00:59:37.091300Z|runtime|97f9284c-cfa6-4c24-8296-9eb59c2e2bc1]Registered Nurse                      387
[MFLOG|0|2023-12-09T00:59:37.091328Z|runtime|560973cc-522d-4fd3-be5c-bb73bae0953c]                                     ... 
[MFLOG|0|2023-12-09T00:59:37.091355Z|runtime|29fa5398-d49b-46f5-888c-7ff0ab3410e4]Vice President Strategic Marketing      1
[MFLOG|0|2023-12-09T00:59:37.091384Z|runtime|a26d86ce-43e7-4c2d-b207-274bda0728dd]Finance/Business Director               1
[MFLOG|0|2023-12-09T00:59:37.091412Z|runtime|1a4a285a-cb5b-4338-bae7-0bab1fe09e9b]Integration Specialist III              1
[MFLOG|0|2023-12-09T00:59:37.091440Z|runtime|c728f268-4517-4535-ba75-6b24256a5618] cashier                                1
[MFLOG|0|2023-12-09T00:59:37.091469Z|runtime|ea9d91c8-1fc8-4e4b-8328-4768c72f1c8e]welding tech                            1
[MFLOG|0|2023-12-09T00:59:37.091497Z|runtime|fa80c130-3a84-4529-a62a-464b7bf6d025]Name: count, Length: 21400, dtype: int64
[MFLOG|0|2023-12-09T00:59:37.091525Z|runtime|f86100db-fa29-41a3-b9cd-c8607c20951d]----------------------
[MFLOG|0|2023-12-09T00:59:37.091561Z|runtime|29407df2-7f25-416d-996b-ddb2381e8c2b]Unique Values: 21401
[MFLOG|0|2023-12-09T00:59:37.098044Z|runtime|6b2b424f-3ee1-433f-b098-e2a91f36e13d]COL:length
[MFLOG|0|2023-12-09T00:59:37.099586Z|runtime|38cb9407-cfa0-451e-af3e-5dd9a7ad40e0]-------------
[MFLOG|0|2023-12-09T00:59:37.099641Z|runtime|a06f6f12-a1c3-4bd2-990b-85428ea7a111]Number of NaNs: 2680
[MFLOG|0|2023-12-09T00:59:37.111285Z|runtime|b08a1904-0268-4c5d-8b45-3ce31bd0f782]length
[MFLOG|0|2023-12-09T00:59:37.111417Z|runtime|bcd1c363-d288-4fcf-a917-d869c11c9cb1]10+ years    16896
[MFLOG|0|2023-12-09T00:59:37.111457Z|runtime|fe72c5c5-6325-43ef-b684-4a30192a6924]2 years       4456
[MFLOG|0|2023-12-09T00:59:37.111499Z|runtime|d9ff656c-70d4-4293-a400-b2271aa1a728]< 1 year      3985
[MFLOG|0|2023-12-09T00:59:37.111528Z|runtime|17ec6cd1-7737-4e04-b0f1-d5afa76fd1c8]3 years       3939
[MFLOG|0|2023-12-09T00:59:37.111556Z|runtime|ccfc1f22-eed2-40f7-9eed-ba666d0a52e8]1 year        3215
[MFLOG|0|2023-12-09T00:59:37.111584Z|runtime|7ff91a91-815e-4089-8660-4acbb7b51f4b]5 years       2946
[MFLOG|0|2023-12-09T00:59:37.111616Z|runtime|74c2dac1-fa9f-441d-b1dd-2f02cafc8151]4 years       2944
[MFLOG|0|2023-12-09T00:59:37.111644Z|runtime|1e1d4ca8-ccca-4a3e-b14e-42e2c6e8bc43]8 years       2528
[MFLOG|0|2023-12-09T00:59:37.111676Z|runtime|5bf272f0-b64e-4171-aff6-ac308820561c]7 years       2333
[MFLOG|0|2023-12-09T00:59:37.111704Z|runtime|82179e0e-2c83-43c8-b819-67a27c35c72a]6 years       2185
[MFLOG|0|2023-12-09T00:59:37.111731Z|runtime|06ed544a-500a-4bc3-bef3-b7fdbc1071df]9 years       1892
[MFLOG|0|2023-12-09T00:59:37.111759Z|runtime|f407d9e9-1c94-4b1c-94d0-8c10c58adb56]Name: count, dtype: int64
[MFLOG|0|2023-12-09T00:59:37.111788Z|runtime|79a53f5f-8b49-47af-8e58-16676e4f9631]Index(['10+ years', '2 years', '< 1 year', '3 years', '1 year', '5 years',
[MFLOG|0|2023-12-09T00:59:39.760758Z|runtime|6e5edf23-c56c-469f-ba29-c1b4eda65b58]       '4 years', '8 years', '7 years', '6 years', '9 years'],
[MFLOG|0|2023-12-09T00:59:39.761344Z|runtime|edfd7372-3911-4618-a2bc-ff43cdbf74e1]      dtype='object', name='length')
[MFLOG|0|2023-12-09T00:59:39.761573Z|runtime|1ddf5619-fc61-4819-8f9a-0ee566ec6ab3]COL:home
[MFLOG|0|2023-12-09T00:59:39.764195Z|runtime|5794d317-5e28-4a45-a1e2-93102c31d794]-------------
[MFLOG|0|2023-12-09T00:59:39.764292Z|runtime|1363afc3-e879-4c44-9850-c4428d36e96b]Number of NaNs: 0
[MFLOG|0|2023-12-09T00:59:39.769210Z|runtime|ddaf8d9b-740a-4b6c-9f25-1290aae19a78]home
[MFLOG|0|2023-12-09T00:59:40.658354Z|runtime|66ef8d2d-eb90-47cc-9ef0-fb1b70551b4b]MORTGAGE    23852
[MFLOG|0|2023-12-09T00:59:40.658529Z|runtime|9168379e-4c1f-480f-943e-7dc09ac70da0]RENT        18762
[MFLOG|0|2023-12-09T00:59:40.658589Z|runtime|68ff5a5c-6b93-4595-a399-094b702e348a]OWN          4705
[MFLOG|0|2023-12-09T00:59:40.658636Z|runtime|e1c64c87-60f6-49c4-8290-279d3bccc7de]Name: count, dtype: int64
[MFLOG|0|2023-12-09T00:59:40.658684Z|runtime|be6963b0-fa75-4c6d-a08c-4e03c2e6d9d2]COL:verified
[MFLOG|0|2023-12-09T00:59:40.660438Z|runtime|24c3fa8c-5324-4f08-b370-1232d7fbd682]-------------
[MFLOG|0|2023-12-09T00:59:40.660497Z|runtime|18c8a90f-adf3-46d1-9ec9-bf2a642c8de6]Number of NaNs: 0
[MFLOG|0|2023-12-09T00:59:40.663957Z|runtime|4c2a93d3-eab5-4816-8f2a-dae338d48efe]verified
[MFLOG|0|2023-12-09T00:59:41.622989Z|runtime|f3effd08-06b5-40c6-b807-d294cae8e31b]Source Verified    20617
[MFLOG|0|2023-12-09T00:59:41.623165Z|runtime|561234a0-3853-44fb-ae80-58d47094b6e5]Not Verified       14103
[MFLOG|0|2023-12-09T00:59:41.623255Z|runtime|f5ae9004-9e1d-46f2-a063-ca809f9a4c7c]Verified           12599
[MFLOG|0|2023-12-09T00:59:41.623287Z|runtime|f938add8-4b91-4205-a0c9-74f2d13acd15]Name: count, dtype: int64
[MFLOG|0|2023-12-09T00:59:41.623325Z|runtime|ce8dddb7-3f94-4bd1-afbd-c0a93594d5f2]Number of NaNs: 0
[MFLOG|0|2023-12-09T00:59:41.625532Z|runtime|4e9c5005-07ee-445e-aab4-33394b4f6f23]status
[MFLOG|0|2023-12-09T00:59:41.633524Z|runtime|3b27cf7a-425e-4b56-a177-592a0eb1a18f]Fully Paid            25771
[MFLOG|0|2023-12-09T00:59:41.633603Z|runtime|c103cc38-82d1-401f-b89b-ff7048d356c2]Current               13722
[MFLOG|0|2023-12-09T00:59:41.633637Z|runtime|a71c8b36-9025-4050-9ab3-7e5a5140f43e]Charged Off            7059
[MFLOG|0|2023-12-09T00:59:41.633666Z|runtime|4447d499-e3a2-40a8-9e3b-9a8952186f76]Late (31-120 days)      420
[MFLOG|0|2023-12-09T00:59:41.633703Z|runtime|4065538b-5420-45f6-aee2-3ae30affe976]In Grace Period         252
[MFLOG|0|2023-12-09T00:59:41.633730Z|runtime|8296c69c-75c3-41ef-b4df-0daf4a30a39f]Late (16-30 days)        93
[MFLOG|0|2023-12-09T00:59:41.633764Z|runtime|7e6790bd-f1da-44a5-9e79-11bf51865768]Default                   2
[MFLOG|0|2023-12-09T00:59:41.633791Z|runtime|0d169227-5f42-4da6-9e8d-c32f23eb827b]Name: count, dtype: int64
[MFLOG|0|2023-12-09T00:59:41.633822Z|runtime|b13dccc6-100b-4e77-ad40-e9b93602c31c]status
[MFLOG|0|2023-12-09T00:59:42.486057Z|runtime|f3c04b5f-cbc6-4025-837e-88d2f0cc95b6]Fully Paid     25771
[MFLOG|0|2023-12-09T00:59:42.486276Z|runtime|0ce1d2b4-a784-4271-b970-79b23e3ec2ec]Charged Off     7059
[MFLOG|0|2023-12-09T00:59:42.486335Z|runtime|cdbd921a-aa58-44c0-bc1f-d67689333ca1]Default            2
[MFLOG|0|2023-12-09T00:59:42.486378Z|runtime|000e660e-e9f7-41cc-818a-228f77968dd6]Name: count, dtype: int64
[MFLOG|0|2023-12-09T00:59:42.486421Z|runtime|4934a7df-0082-4022-9772-43f9d718d461]status
[MFLOG|0|2023-12-09T00:59:42.487329Z|runtime|561ae0b6-73e6-403b-a373-8619384fcf44]0    25771
[MFLOG|0|2023-12-09T00:59:42.487379Z|runtime|6d556199-4e13-4842-af4d-079453ccf001]1     7061
[MFLOG|0|2023-12-09T00:59:42.487418Z|runtime|207214a1-f824-46d7-82c5-e85e50c78d32]Name: count, dtype: int64
[MFLOG|0|2023-12-09T00:59:42.487455Z|runtime|100ab393-6aa2-4887-9f1d-210e24953777]COL:reason
[MFLOG|0|2023-12-09T00:59:42.487491Z|runtime|be15612d-48f1-4e5b-9cdc-10b152b26037]-------------
[MFLOG|0|2023-12-09T00:59:42.487530Z|runtime|69132468-5397-4620-a7fb-940fed1803ea]Number of NaNs: 0
[MFLOG|0|2023-12-09T00:59:42.489610Z|runtime|101a7bc3-f7d0-42aa-981e-0956c1b6b498]reason
[MFLOG|0|2023-12-09T00:59:42.495340Z|runtime|3a6afc15-b431-4a2d-814c-8e68244aaebc]debt_consolidation    19993
[MFLOG|0|2023-12-09T00:59:42.495382Z|runtime|bd09be06-f2d9-4e76-a6df-6e5fbfef5f76]credit_card            7409
[MFLOG|0|2023-12-09T00:59:42.495415Z|runtime|3f518fe7-e6a2-475e-8e74-1cbcd8fa5dda]home_improvement       1886
[MFLOG|0|2023-12-09T00:59:42.495446Z|runtime|0e6c6015-203c-4263-805b-937d2482b6ad]other                  1474
[MFLOG|0|2023-12-09T00:59:42.495477Z|runtime|02934be0-e64e-4785-99d4-2298f380b2e7]major_purchase          582
[MFLOG|0|2023-12-09T00:59:42.495508Z|runtime|8953acbb-1f7c-46a3-a60f-9a9a7b9cbf31]medical                 356
[MFLOG|0|2023-12-09T00:59:42.495540Z|runtime|96b3197b-b38e-4ddc-bef0-f2c1cd9a25cc]small_business          309
[MFLOG|0|2023-12-09T00:59:42.495571Z|runtime|e6c9fa73-1b63-4dec-8b3e-83fb1c29c996]car                     267
[MFLOG|0|2023-12-09T00:59:42.495607Z|runtime|dbb1b8c0-8805-42fe-bbe8-8380999294d6]moving                  203
[MFLOG|0|2023-12-09T00:59:42.495637Z|runtime|67e80d63-3835-48ed-84be-127dab2e93cc]vacation                200
[MFLOG|0|2023-12-09T00:59:42.495668Z|runtime|0ec7ae6f-0fc5-4c17-aa43-2d4959304e79]house                   124
[MFLOG|0|2023-12-09T00:59:42.495699Z|runtime|a8c2baf4-976e-4a6e-ae38-b96d579575d1]renewable_energy         27
[MFLOG|0|2023-12-09T00:59:42.495730Z|runtime|3d2f87c4-8ea7-43a7-b3af-3ff340fc7945]wedding                   2
[MFLOG|0|2023-12-09T00:59:42.495760Z|runtime|fdb3e6e9-e81c-43d8-8254-c94275594550]Name: count, dtype: int64
[MFLOG|0|2023-12-09T00:59:42.495792Z|runtime|f45a962a-a815-4b7c-a8ae-a6d49e9624e6]reason
[MFLOG|0|2023-12-09T00:59:43.159083Z|runtime|59c26f96-d279-4057-a664-5ec6e3d48238]debt_consolidation    19993
[MFLOG|0|2023-12-09T00:59:43.159268Z|runtime|49658f06-89c8-4948-b7a6-3e18347ba82f]credit_card            7409
[MFLOG|0|2023-12-09T00:59:43.159330Z|runtime|42a94351-2e1f-4498-8c33-c07a7605c672]other                  5430
[MFLOG|0|2023-12-09T00:59:43.159379Z|runtime|7fa9d210-e17f-4025-80ac-51167f423839]Name: count, dtype: int64
[MFLOG|0|2023-12-09T00:59:43.159430Z|runtime|977a1f4e-141c-448d-b01f-87cb26511dda]COL:state
[MFLOG|0|2023-12-09T00:59:43.160545Z|runtime|49beea00-d188-4319-ac55-0e73e98a3488]-------------
[MFLOG|0|2023-12-09T00:59:43.160613Z|runtime|7ebcad22-0eaa-437d-9055-4798d15e8020]Number of NaNs: 0
[MFLOG|0|2023-12-09T00:59:43.163241Z|runtime|2bec14e5-c1c1-42ea-b413-87035c788b30]state
[MFLOG|0|2023-12-09T00:59:43.182781Z|runtime|7717c01f-9300-4661-90ec-a62662ea9aec]CA    4797
[MFLOG|0|2023-12-09T00:59:43.182878Z|runtime|23f8b4aa-2421-44c4-9bb9-a00a87f6e8f7]TX    2698
[MFLOG|0|2023-12-09T00:59:43.182911Z|runtime|47020a8c-b815-4196-be5c-e03e7fa5ffc2]NY    2689
[MFLOG|0|2023-12-09T00:59:43.182943Z|runtime|2f2cdcac-10f2-482e-8f24-43116e919c34]FL    2203
[MFLOG|0|2023-12-09T00:59:43.182974Z|runtime|963172f8-8009-469e-8155-f9227126310b]IL    1250
[MFLOG|0|2023-12-09T00:59:43.183004Z|runtime|61c44293-f81e-40d8-825f-15bc344f78fa]NJ    1171
[MFLOG|0|2023-12-09T00:59:43.183034Z|runtime|bed45326-3015-49c1-943e-af9a66f68b40]PA    1165
[MFLOG|0|2023-12-09T00:59:43.183064Z|runtime|fed2e9c4-7a13-4130-a28b-f4e37ab51178]OH    1079
[MFLOG|0|2023-12-09T00:59:43.183095Z|runtime|42eca7a8-ab69-42df-b889-b303c7c2a5ad]GA    1047
[MFLOG|0|2023-12-09T00:59:43.183125Z|runtime|241c9e04-b03a-44a9-8246-ffeaee7b0e4f]VA     998
[MFLOG|0|2023-12-09T00:59:43.183155Z|runtime|c015a147-9604-4b62-a7a2-8266209ced9a]NC     878
[MFLOG|0|2023-12-09T00:59:43.183185Z|runtime|a26c82f3-df66-4d61-8f30-64e83cd10d81]MI     863
[MFLOG|0|2023-12-09T00:59:43.183216Z|runtime|9ff90483-0ff7-4a20-92e0-ef72e2a8359b]MD     774
[MFLOG|0|2023-12-09T00:59:43.183246Z|runtime|fcfb4f33-ccd6-427a-97fb-c90c18557c4a]CO     767
[MFLOG|0|2023-12-09T00:59:43.183276Z|runtime|3a057767-3fc3-4482-a478-cc1aa44db6b7]AZ     756
[MFLOG|0|2023-12-09T00:59:43.183306Z|runtime|f9e221d3-eda4-4c87-997d-3f93387d23ed]WA     750
[MFLOG|0|2023-12-09T00:59:43.183337Z|runtime|bddd8b51-c7d3-4026-9d49-29a8dae401c6]MA     724
[MFLOG|0|2023-12-09T00:59:43.183367Z|runtime|a4eedb93-1f8c-46aa-bd2a-083f330d2e8d]MN     588
[MFLOG|0|2023-12-09T00:59:43.183398Z|runtime|84eb03da-3432-4b13-a557-904c06bd0baf]IN     561
[MFLOG|0|2023-12-09T00:59:43.183427Z|runtime|6647e33f-7cb0-433e-92d9-70fd8bfb0f2b]TN     527
[MFLOG|0|2023-12-09T00:59:43.183458Z|runtime|bd986ca9-37cb-4dd0-96b6-2621d24dd693]MO     521
[MFLOG|0|2023-12-09T00:59:43.183488Z|runtime|8e4b085b-d166-41a5-937f-e8ec60c3ced7]NV     467
[MFLOG|0|2023-12-09T00:59:43.183518Z|runtime|95b64c21-210a-4b4c-bea0-2dfea7b7d5d1]CT     458
[MFLOG|0|2023-12-09T00:59:43.183548Z|runtime|78fc5e98-f1e2-44a2-b3ab-b89fe675a388]OR     432
[MFLOG|0|2023-12-09T00:59:43.183578Z|runtime|804804d9-3444-4c74-9d92-d46d976dbb9e]WI     426
[MFLOG|0|2023-12-09T00:59:43.183608Z|runtime|916c5ae5-c012-4e2d-b73a-a6be64293bf5]SC     401
[MFLOG|0|2023-12-09T00:59:43.183638Z|runtime|5ed06674-7889-4f9e-bddb-69a9ca9b6ce3]AL     388
[MFLOG|0|2023-12-09T00:59:43.183668Z|runtime|7a99df10-7fc7-4483-8636-aace5b7ccce4]LA     380
[MFLOG|0|2023-12-09T00:59:43.183709Z|runtime|d2692029-5448-485e-92f7-19fa2c079bf4]OK     321
[MFLOG|0|2023-12-09T00:59:43.183740Z|runtime|70284bb6-baf3-4772-a88d-c858a1785217]KY     310
[MFLOG|0|2023-12-09T00:59:43.183769Z|runtime|5fc2d6c2-4e8b-4e56-9b81-9c7598dcdb00]KS     308
[MFLOG|0|2023-12-09T00:59:43.183799Z|runtime|a268aa2e-d7be-499f-be55-b60e78b3a8a2]AR     233
[MFLOG|0|2023-12-09T00:59:43.183829Z|runtime|0d72679c-7d12-4c8d-9cdb-18fcf3e86330]UT     231
[MFLOG|0|2023-12-09T00:59:43.183860Z|runtime|5c2adffb-ce82-41c9-ba1d-4775720b3721]HI     187
[MFLOG|0|2023-12-09T00:59:43.183890Z|runtime|f537939a-cb44-4a8b-82d8-1369f4172675]NM     185
[MFLOG|0|2023-12-09T00:59:43.183920Z|runtime|d47c6c80-4214-40dc-bdc4-81fe54430117]RI     169
[MFLOG|0|2023-12-09T00:59:43.183950Z|runtime|cbbfc33a-cbc7-4d08-9d3c-97dc0abdbb8a]WV     167
[MFLOG|0|2023-12-09T00:59:43.183980Z|runtime|4844de4c-f759-43e4-8935-62bc35d68bda]MS     157
[MFLOG|0|2023-12-09T00:59:43.184010Z|runtime|3e40f0db-197a-4ac0-a9d0-af1e8a4e6992]NH     152
[MFLOG|0|2023-12-09T00:59:43.184040Z|runtime|0943f650-eee9-4f82-97d3-6dbe01fd4c25]DC     100
[MFLOG|0|2023-12-09T00:59:43.184070Z|runtime|0bf38334-27c5-4db0-bf22-a169d47426cf]MT      99
[MFLOG|0|2023-12-09T00:59:43.184100Z|runtime|08950e70-2b96-4ee5-8f52-4106e16c7319]DE      87
[MFLOG|0|2023-12-09T00:59:43.184130Z|runtime|f25456e4-2c7e-49de-9c70-8ed8e92856df]AK      79
[MFLOG|0|2023-12-09T00:59:43.184159Z|runtime|3c4119cb-121f-4148-a591-1810bd4331b9]SD      67
[MFLOG|0|2023-12-09T00:59:43.184189Z|runtime|258e1020-999e-411b-a19b-8a7f7dce2cbe]VT      66
[MFLOG|0|2023-12-09T00:59:43.184218Z|runtime|786f531e-7ef7-4eeb-90fa-f5b0ee0542fe]WY      62
[MFLOG|0|2023-12-09T00:59:43.184248Z|runtime|d8f089ba-fe5f-4671-8054-706ebb4a0674]NE      57
[MFLOG|0|2023-12-09T00:59:43.184278Z|runtime|2cf4edeb-2bd9-4305-aea9-fe6d691360f1]ME      20
[MFLOG|0|2023-12-09T00:59:43.184308Z|runtime|40e0bcd4-2d9b-48f2-8304-0ecf026eda59]ND      17
[MFLOG|0|2023-12-09T00:59:43.184338Z|runtime|6d197835-6c11-4987-b8fd-d209edae74f0]Name: count, dtype: int64
[MFLOG|0|2023-12-09T00:59:43.184378Z|runtime|7e52feaa-65e7-454a-afec-a4eb6249f557]count    32818.000000
[MFLOG|0|2023-12-09T00:59:43.185313Z|runtime|226124a7-28c6-485e-859f-cdeef53dbdcf]mean         0.538935
[MFLOG|0|2023-12-09T00:59:43.185357Z|runtime|618f3d60-853c-45ef-aaec-6491114fd144]std          0.237466
[MFLOG|0|2023-12-09T00:59:43.185388Z|runtime|69f67be3-9369-4713-876d-7120f78e6439]min          0.000000
[MFLOG|0|2023-12-09T00:59:43.185418Z|runtime|83cfbfc4-e4d6-4df8-8e75-6ac5e104ff1b]25%          0.360000
[MFLOG|0|2023-12-09T00:59:43.185449Z|runtime|ba63cf3a-7f43-4147-ad6a-8a6274dfe548]50%          0.540000
[MFLOG|0|2023-12-09T00:59:43.185479Z|runtime|84772c53-def8-40ab-9653-f838f7606354]75%          0.720000
[MFLOG|0|2023-12-09T00:59:43.185510Z|runtime|64f98139-a192-4519-b4cc-a1125e4ef162]max          1.290000
[MFLOG|0|2023-12-09T00:59:43.185541Z|runtime|deb89d5c-a3c1-4db6-acfe-ad0b3c60cbd5]Name: revolRatio, dtype: float64
[MFLOG|0|2023-12-09T00:59:43.185573Z|runtime|e49ec504-fa46-49d0-a049-ceab593316c4]count     32499.000000
[MFLOG|0|2023-12-09T00:59:43.187688Z|runtime|f00f725f-4582-4c8d-9a3a-ea9267c5d79f]mean       8974.010000
[MFLOG|0|2023-12-09T00:59:43.187726Z|runtime|a29ae361-0f65-47e4-842e-6b2b85349e0b]std       13832.553766
[MFLOG|0|2023-12-09T00:59:43.187758Z|runtime|176c595d-2111-4214-9e17-b8be01702e19]min           0.000000
[MFLOG|0|2023-12-09T00:59:43.187789Z|runtime|6ec42572-74a5-4cc9-8867-8f192935fced]25%        1219.000000
[MFLOG|0|2023-12-09T00:59:43.187819Z|runtime|eefeef00-3ac3-4573-aa6f-6a5b24cfecab]50%        4008.000000
[MFLOG|0|2023-12-09T00:59:43.187850Z|runtime|99b7907e-9c66-4a9b-8dd4-db23bf49d5eb]75%       10669.500000
[MFLOG|0|2023-12-09T00:59:43.187880Z|runtime|7856b8a1-f97a-4347-8ba7-62a388128017]max      225313.000000
[MFLOG|0|2023-12-09T00:59:43.187911Z|runtime|4961e6ef-c1b1-4274-abc6-397713bdadc7]Name: bcOpen, dtype: float64
[MFLOG|0|2023-12-09T00:59:43.187943Z|runtime|66b78c33-b9ad-405f-b086-4c5c5d67913e]count    32475.000000
[MFLOG|0|2023-12-09T01:00:26.717901Z|runtime|275bc78a-c357-4758-aeca-633d6e04fb04]mean        62.497370
[MFLOG|0|2023-12-09T01:00:26.719084Z|runtime|b2529841-38a9-44cf-b5c6-2454c2835457]std         27.407538
[MFLOG|0|2023-12-09T01:00:26.719148Z|runtime|2b0cc7bf-88da-498d-a6b8-b54fa25a3547]min          0.000000
[MFLOG|0|2023-12-09T01:00:26.719184Z|runtime|cb7c4bf4-9705-4259-8de8-2150ec1b4553]25%         42.100000
[MFLOG|0|2023-12-09T01:00:26.719214Z|runtime|090a5186-ea08-4432-b906-1641a93612aa]50%         66.000000
[MFLOG|0|2023-12-09T01:00:26.719244Z|runtime|011e1878-1cc0-438d-9865-3913f1af7555]75%         86.400000
[MFLOG|0|2023-12-09T01:00:26.719272Z|runtime|3c893b23-17fd-40bf-9982-efd310a323c1]max        158.400000
[MFLOG|0|2023-12-09T01:00:26.719300Z|runtime|38c99f30-f0bf-45a9-94fd-5a983a578940]Name: bcRatio, dtype: float64
[MFLOG|0|2023-12-09T01:00:26.719347Z|runtime|deb5667a-1999-43d4-8aca-5f0516efe6b7]Possibly pivotal columns: ['term', 'rate', 'debtIncRat', 'accOpen24']
[MFLOG|0|2023-12-09T01:00:30.262728Z|runtime|61f56331-bc0f-4d1d-ad46-f50fa08c7b8f]Percentage of defaults: 0.21506457115009747
[MFLOG|0|2023-12-09T01:00:30.263527Z|runtime|510e7252-1361-490b-bdd1-1255b0dc1341]Percentage of non-defaults: 0.7849354288499025
