[MFLOG|0|2023-12-12T20:49:47.277668Z|runtime|23e693cf-7e3c-4a46-be2d-d12f303a385b]    amount        term  rate  payment grade          employment     length  \
[MFLOG|0|2023-12-12T20:49:47.328755Z|runtime|33c8020a-1bb7-4819-a1ff-c0c7cbfcb102]0   8000.0   36 months  0.14   272.07     C       Warehouseman     3 years   
[MFLOG|0|2023-12-12T20:49:47.328893Z|runtime|429a7cc1-70b1-4158-9c14-a1af44328efc]1  11000.0   36 months  0.10   354.89     B      Vice President  10+ years   
[MFLOG|0|2023-12-12T20:49:47.329020Z|runtime|bec68fb6-2011-42f0-a2e9-9d1423db8cde]2  35000.0   36 months  0.15  1220.33     D      Owner/Attorney  10+ years   
[MFLOG|0|2023-12-12T20:49:47.329077Z|runtime|0c90ba4b-43ef-43c7-8efc-10475d63d62b]3  20000.0   60 months  0.12   447.83     C             Analyst    2 years   
[MFLOG|0|2023-12-12T20:49:47.329115Z|runtime|cf74682d-61b9-4937-a2c8-99f4f61e5586]4  12000.0   60 months  0.12   266.88     B  medical technician  10+ years   
[MFLOG|0|2023-12-12T20:49:47.329178Z|runtime|19aed0ea-304a-420a-bba0-6b00a0706a1c]
[MFLOG|0|2023-12-12T20:49:47.329208Z|runtime|fd5dec06-06fc-4693-831a-777a48a48157]       home    income         verified       status              reason state  \
[MFLOG|0|2023-12-12T20:49:47.329230Z|runtime|0bd7559c-2b84-421c-9e95-ee754edda356]0      RENT   49966.0  Source Verified  Charged Off         credit_card    CA   
[MFLOG|0|2023-12-12T20:49:47.329253Z|runtime|834712bc-4a49-4f9f-b7ae-9761c0b75fde]1  MORTGAGE   50000.0     Not Verified   Fully Paid  debt_consolidation    PA   
[MFLOG|0|2023-12-12T20:49:47.329273Z|runtime|336fc553-dcb9-4071-9d96-203f724b73dc]2      RENT  360000.0         Verified      Current  debt_consolidation    CA   
[MFLOG|0|2023-12-12T20:49:47.329354Z|runtime|15e67ebe-fc89-41d8-bb38-2223b5e13a90]3  MORTGAGE   60000.0  Source Verified   Fully Paid  debt_consolidation    CA   
[MFLOG|0|2023-12-12T20:49:47.329405Z|runtime|d9066d66-0e61-419d-b79f-92a439e7c070]4  MORTGAGE   64000.0  Source Verified      Current  debt_consolidation    NJ   
[MFLOG|0|2023-12-12T20:49:47.329448Z|runtime|90e7824d-bf83-401c-9018-790a1a450085]
[MFLOG|0|2023-12-12T20:49:47.329503Z|runtime|e9844740-d1a4-4717-aedb-56e10209506c]   debtIncRat  delinq2yr  inq6mth  openAcc  pubRec  revolRatio  totalAcc  \
[MFLOG|0|2023-12-12T20:49:47.329529Z|runtime|e4239713-db55-4034-b33d-81f3bc3dbebf]0       30.05        0.0      0.0     11.0     0.0        0.55      15.0   
[MFLOG|0|2023-12-12T20:49:47.329552Z|runtime|277fcaa3-c8b3-4297-9204-68363a23009e]1        8.74        0.0      2.0     12.0     0.0        0.36      15.0   
[MFLOG|0|2023-12-12T20:49:47.329574Z|runtime|a4b2f4b5-5a8d-4bb1-b314-88c11f1f87ef]2       14.50        0.0      1.0      8.0     0.0        0.83      14.0   
[MFLOG|0|2023-12-12T20:49:47.329628Z|runtime|eb238a46-8bcb-4890-8bc3-c140e71f32c4]3       14.14        0.0      0.0     12.0     3.0        0.01      48.0   
[MFLOG|0|2023-12-12T20:49:47.329671Z|runtime|45405334-cb7e-455e-9d78-29619fc0dab3]4        5.14        0.0      0.0      8.0     0.0        0.58      22.0   
[MFLOG|0|2023-12-12T20:49:47.329703Z|runtime|675f194f-447a-4ba2-b924-74a2edaf7665]
[MFLOG|0|2023-12-12T20:49:47.329727Z|runtime|83a002a9-895e-4a80-b225-8efdad76730f]   totalBal  totalRevLim  accOpen24    avgBal   bcOpen  bcRatio  totalLim  \
[MFLOG|0|2023-12-12T20:49:47.329777Z|runtime|be96272b-4d49-46bc-8027-7c231f345283]0   48054.0       8100.0        8.0    4369.0     43.0     95.7   60629.0   
[MFLOG|0|2023-12-12T20:49:47.329806Z|runtime|0d693d66-43fd-49c7-8635-84be65bc1b39]1  265838.0      33400.0        4.0   22153.0  19756.0     37.5  297500.0   
[MFLOG|0|2023-12-12T20:49:47.329849Z|runtime|78549332-7218-4483-9e9e-5226b3053998]2  850150.0      83000.0        2.0  121450.0   7686.0     83.2  907300.0   
[MFLOG|0|2023-12-12T20:49:47.329876Z|runtime|4ec0e684-34de-4dbf-8b46-4997284a90fa]3   20671.0      14200.0        8.0    1723.0  11061.0      1.2   46964.0   
[MFLOG|0|2023-12-12T20:49:47.329923Z|runtime|da3d95b9-77eb-4215-9399-6b828f1cf5cf]4  128034.0      14600.0        3.0   18291.0   5904.0     58.4  134600.0   
[MFLOG|0|2023-12-12T20:49:47.329948Z|runtime|39c8fcda-9b27-49c2-a0c7-c3cee361b866]
[MFLOG|0|2023-12-12T20:49:47.329976Z|runtime|dae4c09a-0259-43bc-9280-f25cb59749df]   totalRevBal  totalBcLim  totalIlLim  
[MFLOG|0|2023-12-12T20:49:47.330011Z|runtime|dd9ebd7d-82bf-45cc-8ff3-9f3dc2e7d56f]0      48054.0      1000.0     52529.0  
[MFLOG|0|2023-12-12T20:49:47.330032Z|runtime|45c40890-f5dc-423d-bd75-de627e8a62e9]1      11844.0     31600.0         0.0  
[MFLOG|0|2023-12-12T20:49:47.330052Z|runtime|c7c216d4-73e8-414d-8f78-eaa03c5b0a6c]2     173260.0     83000.0    100000.0  
[MFLOG|0|2023-12-12T20:49:47.330078Z|runtime|fd322675-4e1e-4b95-a2e6-d67e8b2612c3]3      20671.0     11200.0     32764.0  
[MFLOG|0|2023-12-12T20:49:47.330102Z|runtime|346bcc5a-5ce8-459c-bc0d-a86d58b1ef3f]4       8475.0     14200.0         0.0  
[MFLOG|0|2023-12-12T20:49:47.330121Z|runtime|07c2e12f-617d-4abf-9d2c-5372d5201b0f]Dimensions of the dataset: (50000, 30)
[MFLOG|0|2023-12-12T20:49:47.330144Z|runtime|121839ae-5dbf-4142-9c80-e065eb9e478c]             amount          rate       payment        income    debtIncRat  \
[MFLOG|0|2023-12-12T20:49:47.606737Z|runtime|9aa9758c-bd61-4d38-b46d-f5c8cb33f906]count  49999.000000  49999.000000  49999.000000  4.999900e+04  49999.000000   
[MFLOG|0|2023-12-12T20:49:47.606831Z|runtime|f6e9ec3f-3670-45df-bc6f-24966b97fada]mean   15145.527911      0.130407    442.737519  7.617379e+04     18.731157   
[MFLOG|0|2023-12-12T20:49:47.606853Z|runtime|f340a782-fa28-4412-ab8d-81387658adc5]std     8527.772776      0.044192    244.835744  6.523503e+04      8.444506   
[MFLOG|0|2023-12-12T20:49:47.606870Z|runtime|b1450121-712c-44a8-8658-0045f9f56c24]min     1000.000000      0.050000     30.540000  4.000000e+03      0.000000   
[MFLOG|0|2023-12-12T20:49:47.606887Z|runtime|41eef392-d518-43bb-98c6-1aa4d4504b38]25%     8500.000000      0.100000    265.840000  4.623850e+04     12.390000   
[MFLOG|0|2023-12-12T20:49:47.606904Z|runtime|a043037f-40e7-4daa-a722-f5faca68b17f]50%    13800.000000      0.130000    385.790000  6.500000e+04     18.210000   
[MFLOG|0|2023-12-12T20:49:47.606926Z|runtime|02947c7a-59c4-4d96-bd5f-f19a3858fdc8]75%    20000.000000      0.160000    578.680000  9.000000e+04     24.730000   
[MFLOG|0|2023-12-12T20:49:47.606943Z|runtime|774486a9-9ecd-4b14-9f0e-377da4c7cbac]max    35000.000000      0.290000   1407.010000  7.446395e+06     61.210000   
[MFLOG|0|2023-12-12T20:49:47.606959Z|runtime|fb7a4a34-a376-4220-bb83-4836b6171195]
[MFLOG|0|2023-12-12T20:49:47.606975Z|runtime|6910e762-f0db-4416-9195-eb424615cf01]          delinq2yr       inq6mth       openAcc        pubRec    revolRatio  \
[MFLOG|0|2023-12-12T20:49:47.606991Z|runtime|d1a7026b-7407-48d1-bfe3-c3c1b26feb9f]count  49999.000000  49999.000000  49999.000000  49999.000000  49981.000000   
[MFLOG|0|2023-12-12T20:49:47.607013Z|runtime|5aaaa75a-afbb-4f51-9a51-be0ac0836d3c]mean       0.346167      0.639553     11.849217      0.232925      0.546419   
[MFLOG|0|2023-12-12T20:49:47.607035Z|runtime|0d9a8012-aca6-4af3-83fd-00f029caeffa]std        0.907636      0.938869      5.524801      0.624342      0.236451   
[MFLOG|0|2023-12-12T20:49:47.607052Z|runtime|4539d585-39f1-4172-a51c-7982c915bb77]min        0.000000      0.000000      1.000000      0.000000      0.000000   
[MFLOG|0|2023-12-12T20:49:47.607068Z|runtime|3b3ab288-c798-44ea-9d26-cf2b3780960e]25%        0.000000      0.000000      8.000000      0.000000      0.370000   
[MFLOG|0|2023-12-12T20:49:47.607084Z|runtime|d765e660-9658-4cc7-9d1b-edc8f14e0aa4]50%        0.000000      0.000000     11.000000      0.000000      0.550000   
[MFLOG|0|2023-12-12T20:49:47.607102Z|runtime|8b051afd-f032-4b8e-8559-8494e9795e2b]75%        0.000000      1.000000     15.000000      0.000000      0.730000   
[MFLOG|0|2023-12-12T20:49:47.607117Z|runtime|aa394f2c-f62f-4ac4-ac22-814030c1cbb4]max       15.000000      6.000000     76.000000     28.000000      1.670000   
[MFLOG|0|2023-12-12T20:49:47.607133Z|runtime|246fd0db-fae6-4bf8-b83f-711e30c94620]
[MFLOG|0|2023-12-12T20:49:47.607150Z|runtime|cc771db7-12c5-4535-9dde-d358176214f2]           totalAcc      totalBal   totalRevLim     accOpen24         avgBal  \
[MFLOG|0|2023-12-12T20:49:47.607167Z|runtime|317bf544-9781-482c-9f8d-fb7093239cb6]count  49999.000000  4.999900e+04  4.999900e+04  49999.000000   49999.000000   
[MFLOG|0|2023-12-12T20:49:47.607185Z|runtime|fdfacd3b-1531-4fef-8950-684f1d416737]mean      25.749595  1.397782e+05  3.243594e+04      4.557831   13189.526651   
[MFLOG|0|2023-12-12T20:49:47.607201Z|runtime|0891bc5d-2627-4575-bb11-121357c088fa]std       12.097421  1.526384e+05  3.269753e+04      3.079680   15561.787118   
[MFLOG|0|2023-12-12T20:49:47.607218Z|runtime|034f30e9-e14e-4227-aeed-1e932b1c6792]min        3.000000  0.000000e+00  0.000000e+00      0.000000       0.000000   
[MFLOG|0|2023-12-12T20:49:47.607235Z|runtime|9f229c2e-39f8-44af-ba2e-c519c217cb42]25%       17.000000  3.061900e+04  1.400000e+04      2.000000    3170.000000   
[MFLOG|0|2023-12-12T20:49:47.607252Z|runtime|25ede27d-c3a3-4e31-b740-d2f831d2a4aa]50%       24.000000  8.107300e+04  2.400000e+04      4.000000    7356.000000   
[MFLOG|0|2023-12-12T20:49:47.607268Z|runtime|40bc9fce-077d-40a4-8af4-48cbfbaedb61]75%       33.000000  2.094385e+05  4.030000e+04      6.000000   18223.500000   
[MFLOG|0|2023-12-12T20:49:47.607285Z|runtime|069f4a29-6e77-42eb-8e2d-3316bc4d708c]max      162.000000  2.552960e+06  1.060800e+06     50.000000  358652.000000   
[MFLOG|0|2023-12-12T20:49:47.607301Z|runtime|90a2565a-b37d-4a00-9a19-d9d1cc7f332a]
[MFLOG|0|2023-12-12T20:49:47.607317Z|runtime|ac0c4ed1-c115-4a20-89ef-504c659f85b6]              bcOpen       bcRatio      totalLim   totalRevBal     totalBcLim  \
[MFLOG|0|2023-12-12T20:49:47.607333Z|runtime|6f563acf-bad6-4f09-aff3-c5e652e0884c]count   49511.000000  49479.000000  4.999900e+04  4.999900e+04   49999.000000   
[MFLOG|0|2023-12-12T20:49:47.607349Z|runtime|9fd53d74-b05a-4572-96f4-c8405ada01e6]mean     9154.930945     63.188468  1.718866e+05  5.088178e+04   21190.290466   
[MFLOG|0|2023-12-12T20:49:47.607365Z|runtime|a48d846c-17e9-4393-9b5a-74b2c7f0a028]std     14296.865563     27.205695  1.697017e+05  4.731099e+04   21250.776922   
[MFLOG|0|2023-12-12T20:49:47.607389Z|runtime|7f1d45be-3030-48c6-aa8f-245c834337c6]min         0.000000      0.000000  6.000000e+02  0.000000e+00       0.000000   
[MFLOG|0|2023-12-12T20:49:47.607406Z|runtime|ac8877b1-c137-4c1a-a269-6c97480efc19]25%      1235.000000     43.100000  5.000100e+04  2.211000e+04    7500.000000   
[MFLOG|0|2023-12-12T20:49:47.607422Z|runtime|b0a743b4-1052-48c5-84a1-e2a6d0d5ae8b]50%      4052.000000     67.100000  1.120710e+05  3.862600e+04   14700.000000   
[MFLOG|0|2023-12-12T20:49:47.607438Z|runtime|22ac2048-f803-48cb-b2e9-87e25d766d55]75%     10868.500000     87.000000  2.498060e+05  6.390300e+04   27600.000000   
[MFLOG|0|2023-12-12T20:49:47.607454Z|runtime|79c0f050-7376-48a5-a12e-c0e8f1de1959]max    373005.000000    161.000000  2.711061e+06  1.094819e+06  560800.000000   
[MFLOG|0|2023-12-12T20:49:47.607470Z|runtime|dc423c8f-1f26-4a83-8fd3-a13b98753c6d]
[MFLOG|0|2023-12-12T20:49:47.607486Z|runtime|2fbe0efb-fcc9-4267-983e-e47344dc5127]         totalIlLim  
[MFLOG|0|2023-12-12T20:49:47.607503Z|runtime|bdb68db8-c14c-439f-aa74-74c8bb67a902]count  4.999900e+04  
[MFLOG|0|2023-12-12T20:49:47.607525Z|runtime|9d8a4514-8919-4f46-85d4-7471937f3a05]mean   4.244567e+04  
[MFLOG|0|2023-12-12T20:49:47.607545Z|runtime|395d6391-df23-40ab-b5ff-44068dac8811]std    4.329564e+04  
[MFLOG|0|2023-12-12T20:49:47.607561Z|runtime|3a390a4a-3bf0-46fb-b617-ac6aca4f5b37]min    0.000000e+00  
[MFLOG|0|2023-12-12T20:49:47.607583Z|runtime|11d090a9-6e35-4e8b-be77-2460443292fc]25%    1.500000e+04  
[MFLOG|0|2023-12-12T20:49:47.607604Z|runtime|ecfc7567-0007-42aa-a55c-8a903a3cb7e4]50%    3.200000e+04  
[MFLOG|0|2023-12-12T20:49:47.607621Z|runtime|cdd07632-2912-48fb-bf81-07fbe7c4ff3c]75%    5.679400e+04  
[MFLOG|0|2023-12-12T20:49:47.607637Z|runtime|7ca76184-6483-4478-ae26-c71fbd0d1872]max    1.027358e+06  
