[MFLOG|0|2023-12-09T01:12:18.121881Z|runtime|c832c815-2d11-4669-8ff9-fd60cc197e3e]    amount        term  rate  payment grade          employment     length  \
[MFLOG|0|2023-12-09T01:12:18.198870Z|runtime|6ac18e8b-88c1-4f41-b75a-de469a665b46]0   8000.0   36 months  0.14   272.07     C       Warehouseman     3 years   
[MFLOG|0|2023-12-09T01:12:18.198996Z|runtime|58a6e12f-82f2-4aa8-92eb-00189c638124]1  11000.0   36 months  0.10   354.89     B      Vice President  10+ years   
[MFLOG|0|2023-12-09T01:12:18.199074Z|runtime|941e1b32-f320-4378-8a1f-e840f3a1186c]2  35000.0   36 months  0.15  1220.33     D      Owner/Attorney  10+ years   
[MFLOG|0|2023-12-09T01:12:18.199126Z|runtime|6e7a1ca1-fea5-4bb7-9015-aaf3edca82b0]3  20000.0   60 months  0.12   447.83     C             Analyst    2 years   
[MFLOG|0|2023-12-09T01:12:18.199168Z|runtime|5f7ecbb3-5f28-4041-9604-81fcbbf49914]4  12000.0   60 months  0.12   266.88     B  medical technician  10+ years   
[MFLOG|0|2023-12-09T01:12:18.199205Z|runtime|1440484e-4bff-4802-858e-6d2af21011cc]
[MFLOG|0|2023-12-09T01:12:18.199237Z|runtime|e7787c62-246e-46cc-8047-9ba27572264d]       home    income         verified       status              reason state  \
[MFLOG|0|2023-12-09T01:12:18.199267Z|runtime|c6d74baf-97dd-454c-95c0-b9b9e6d467fe]0      RENT   49966.0  Source Verified  Charged Off         credit_card    CA   
[MFLOG|0|2023-12-09T01:12:18.199296Z|runtime|fcd5bbcc-63de-4d79-9661-c19bb4dfdfd4]1  MORTGAGE   50000.0     Not Verified   Fully Paid  debt_consolidation    PA   
[MFLOG|0|2023-12-09T01:12:18.199325Z|runtime|080472f8-bd56-4540-bb66-fe414980b59d]2      RENT  360000.0         Verified      Current  debt_consolidation    CA   
[MFLOG|0|2023-12-09T01:12:18.199358Z|runtime|4530d30d-54ae-4a36-82ef-42b6d6002e79]3  MORTGAGE   60000.0  Source Verified   Fully Paid  debt_consolidation    CA   
[MFLOG|0|2023-12-09T01:12:18.199387Z|runtime|e6d50931-7f92-46ee-a35f-76ecb81f1c10]4  MORTGAGE   64000.0  Source Verified      Current  debt_consolidation    NJ   
[MFLOG|0|2023-12-09T01:12:18.199414Z|runtime|ae896726-c176-46cc-a9f3-616e261243f4]
[MFLOG|0|2023-12-09T01:12:18.199443Z|runtime|57216ab7-a1af-41f6-9847-8c5d94106d96]   debtIncRat  delinq2yr  inq6mth  openAcc  pubRec  revolRatio  totalAcc  \
[MFLOG|0|2023-12-09T01:12:18.199480Z|runtime|3e8c85ee-18f5-444a-9187-3283aa4e2970]0       30.05        0.0      0.0     11.0     0.0        0.55      15.0   
[MFLOG|0|2023-12-09T01:12:18.199510Z|runtime|2dcaf878-860a-48fd-8c9b-3cbfc2f0d2c8]1        8.74        0.0      2.0     12.0     0.0        0.36      15.0   
[MFLOG|0|2023-12-09T01:12:18.199541Z|runtime|717e5ea5-b2a4-4a80-ac6d-2db79bba3bfa]2       14.50        0.0      1.0      8.0     0.0        0.83      14.0   
[MFLOG|0|2023-12-09T01:12:18.199568Z|runtime|6731a92b-a884-4659-a14f-b330553c62eb]3       14.14        0.0      0.0     12.0     3.0        0.01      48.0   
[MFLOG|0|2023-12-09T01:12:18.199596Z|runtime|6d356f57-3441-414b-834b-04b9fce4431f]4        5.14        0.0      0.0      8.0     0.0        0.58      22.0   
[MFLOG|0|2023-12-09T01:12:18.199626Z|runtime|6b6ff3d9-3065-402b-b862-c8763a2781e9]
[MFLOG|0|2023-12-09T01:12:18.199656Z|runtime|93cc82dc-c8c5-4a34-93b9-2ad144bd057b]   totalBal  totalRevLim  accOpen24    avgBal   bcOpen  bcRatio  totalLim  \
[MFLOG|0|2023-12-09T01:12:18.199686Z|runtime|67558987-f21e-4340-87bb-4fcbbe57b972]0   48054.0       8100.0        8.0    4369.0     43.0     95.7   60629.0   
[MFLOG|0|2023-12-09T01:12:18.199714Z|runtime|b955a638-9d51-40ff-82ab-29ea08bdd215]1  265838.0      33400.0        4.0   22153.0  19756.0     37.5  297500.0   
[MFLOG|0|2023-12-09T01:12:18.199744Z|runtime|5afa8f74-e8f4-4abd-aca8-f285be02d593]2  850150.0      83000.0        2.0  121450.0   7686.0     83.2  907300.0   
[MFLOG|0|2023-12-09T01:12:18.199771Z|runtime|8f81bd38-e82f-4fbf-9384-900f13876c91]3   20671.0      14200.0        8.0    1723.0  11061.0      1.2   46964.0   
[MFLOG|0|2023-12-09T01:12:18.199798Z|runtime|b4b71fdd-5275-4a7d-8399-f34db990a66b]4  128034.0      14600.0        3.0   18291.0   5904.0     58.4  134600.0   
[MFLOG|0|2023-12-09T01:12:18.199832Z|runtime|a6345983-339b-4a87-868f-a3b18a06380b]
[MFLOG|0|2023-12-09T01:12:18.199859Z|runtime|aef7cfb1-dfdf-493f-acf4-6b496b51cdb4]   totalRevBal  totalBcLim  totalIlLim  
[MFLOG|0|2023-12-09T01:12:18.199888Z|runtime|66fb529b-6851-42b9-8e2a-06114457970a]0      48054.0      1000.0     52529.0  
[MFLOG|0|2023-12-09T01:12:18.199915Z|runtime|9f1e211b-7bc4-4c4d-9083-f5d56d5a063c]1      11844.0     31600.0         0.0  
[MFLOG|0|2023-12-09T01:12:18.199942Z|runtime|196070b7-7296-4056-aa8b-5d5be0684934]2     173260.0     83000.0    100000.0  
[MFLOG|0|2023-12-09T01:12:18.199974Z|runtime|ca614b30-90c1-494e-b09a-dd5aa522719d]3      20671.0     11200.0     32764.0  
[MFLOG|0|2023-12-09T01:12:18.200001Z|runtime|8f7b53a1-8afe-4135-bf28-24b997df0f61]4       8475.0     14200.0         0.0  
[MFLOG|0|2023-12-09T01:12:18.200028Z|runtime|619a78ef-f2ef-40df-9208-37538d08cd9b]Dimensions of the dataset: (50000, 30)
[MFLOG|0|2023-12-09T01:12:18.200059Z|runtime|f96495db-5a8d-4755-a529-bcda194f00dd]             amount          rate       payment        income    debtIncRat  \
[MFLOG|0|2023-12-09T01:12:18.449694Z|runtime|1b69e424-39f7-4d45-a06f-29045bd671a6]count  49999.000000  49999.000000  49999.000000  4.999900e+04  49999.000000   
[MFLOG|0|2023-12-09T01:12:18.449794Z|runtime|b1d0dde8-22b8-4b7e-8430-8a398b73e29b]mean   15145.527911      0.130407    442.737519  7.617379e+04     18.731157   
[MFLOG|0|2023-12-09T01:12:18.449824Z|runtime|4ea4168e-2c42-472d-aaf3-b4290cfddb62]std     8527.772776      0.044192    244.835744  6.523503e+04      8.444506   
[MFLOG|0|2023-12-09T01:12:18.449850Z|runtime|db8b2fad-c787-4d43-8d8a-3632ebd96248]min     1000.000000      0.050000     30.540000  4.000000e+03      0.000000   
[MFLOG|0|2023-12-09T01:12:18.449875Z|runtime|00c1b3a7-d8fa-47c7-903b-5579261f583d]25%     8500.000000      0.100000    265.840000  4.623850e+04     12.390000   
[MFLOG|0|2023-12-09T01:12:18.449901Z|runtime|fc701163-cee9-496c-8e28-c14b2f24c553]50%    13800.000000      0.130000    385.790000  6.500000e+04     18.210000   
[MFLOG|0|2023-12-09T01:12:18.449926Z|runtime|33faf8e8-6159-433e-ac63-85414c846ad2]75%    20000.000000      0.160000    578.680000  9.000000e+04     24.730000   
[MFLOG|0|2023-12-09T01:12:18.449950Z|runtime|d7f62e44-371b-4c96-93aa-af86a5a3648c]max    35000.000000      0.290000   1407.010000  7.446395e+06     61.210000   
[MFLOG|0|2023-12-09T01:12:18.449978Z|runtime|f57a6541-7b66-4fb9-b902-7f0cf573617b]
[MFLOG|0|2023-12-09T01:12:18.450012Z|runtime|d76bec81-5c02-4d38-8585-5b4e1ba3f62d]          delinq2yr       inq6mth       openAcc        pubRec    revolRatio  \
[MFLOG|0|2023-12-09T01:12:18.450042Z|runtime|ca947571-51e9-4ec5-970a-7ab33a375f05]count  49999.000000  49999.000000  49999.000000  49999.000000  49981.000000   
[MFLOG|0|2023-12-09T01:12:18.450067Z|runtime|52c3c7f8-dd41-4b32-8d75-2d1edbffe275]mean       0.346167      0.639553     11.849217      0.232925      0.546419   
[MFLOG|0|2023-12-09T01:12:18.450096Z|runtime|acb036b3-d8a0-41ec-a5de-54feca90e105]std        0.907636      0.938869      5.524801      0.624342      0.236451   
[MFLOG|0|2023-12-09T01:12:18.450120Z|runtime|580c1187-754a-4657-ba41-1619b2841680]min        0.000000      0.000000      1.000000      0.000000      0.000000   
[MFLOG|0|2023-12-09T01:12:18.450150Z|runtime|f23e2fed-9e16-40eb-add7-d0c5e5244f23]25%        0.000000      0.000000      8.000000      0.000000      0.370000   
[MFLOG|0|2023-12-09T01:12:18.450174Z|runtime|8a324423-8551-43bb-be1d-b880f0304114]50%        0.000000      0.000000     11.000000      0.000000      0.550000   
[MFLOG|0|2023-12-09T01:12:18.450199Z|runtime|a24b6966-79b0-46a7-9b73-a706eac66d70]75%        0.000000      1.000000     15.000000      0.000000      0.730000   
[MFLOG|0|2023-12-09T01:12:18.450227Z|runtime|f7c3e016-87e1-4d95-ad41-e54bde6f9514]max       15.000000      6.000000     76.000000     28.000000      1.670000   
[MFLOG|0|2023-12-09T01:12:18.450256Z|runtime|37126009-1956-42e6-a992-a82fc05a9b92]
[MFLOG|0|2023-12-09T01:12:18.450286Z|runtime|245e8f44-3d53-47f0-bcd1-1617cad2f138]           totalAcc      totalBal   totalRevLim     accOpen24         avgBal  \
[MFLOG|0|2023-12-09T01:12:18.450312Z|runtime|a7192a96-2402-45c9-a00b-b13a3ac42f2c]count  49999.000000  4.999900e+04  4.999900e+04  49999.000000   49999.000000   
[MFLOG|0|2023-12-09T01:12:18.450337Z|runtime|159ef482-b092-48b3-adad-1e17771f14a0]mean      25.749595  1.397782e+05  3.243594e+04      4.557831   13189.526651   
[MFLOG|0|2023-12-09T01:12:18.450361Z|runtime|bf3bf316-2945-42e1-b3bd-17353c3b496c]std       12.097421  1.526384e+05  3.269753e+04      3.079680   15561.787118   
[MFLOG|0|2023-12-09T01:12:18.450386Z|runtime|0a34a59d-f54b-4787-9cc0-df96a26efc97]min        3.000000  0.000000e+00  0.000000e+00      0.000000       0.000000   
[MFLOG|0|2023-12-09T01:12:18.450410Z|runtime|958962da-e426-4d1a-9a10-d5b2a1d0f399]25%       17.000000  3.061900e+04  1.400000e+04      2.000000    3170.000000   
[MFLOG|0|2023-12-09T01:12:18.450435Z|runtime|a9d91eb4-cf65-4e04-a22c-423fc7a1b935]50%       24.000000  8.107300e+04  2.400000e+04      4.000000    7356.000000   
[MFLOG|0|2023-12-09T01:12:18.450460Z|runtime|42b3b3d7-ba8f-412c-abab-69ac3b908891]75%       33.000000  2.094385e+05  4.030000e+04      6.000000   18223.500000   
[MFLOG|0|2023-12-09T01:12:18.450484Z|runtime|1a771a44-327f-495d-aa45-e43b9bc5cb72]max      162.000000  2.552960e+06  1.060800e+06     50.000000  358652.000000   
[MFLOG|0|2023-12-09T01:12:18.450508Z|runtime|98b586ef-07f0-47fd-9e37-5e912ea61358]
[MFLOG|0|2023-12-09T01:12:18.450532Z|runtime|c30d32e1-ce5d-41e3-bb37-e6e406d5463c]              bcOpen       bcRatio      totalLim   totalRevBal     totalBcLim  \
[MFLOG|0|2023-12-09T01:12:18.450557Z|runtime|f93f4688-4d15-4211-b891-cdd1bb6b53bd]count   49511.000000  49479.000000  4.999900e+04  4.999900e+04   49999.000000   
[MFLOG|0|2023-12-09T01:12:18.450581Z|runtime|18ca1096-641a-4934-8332-150a3bb3b376]mean     9154.930945     63.188468  1.718866e+05  5.088178e+04   21190.290466   
[MFLOG|0|2023-12-09T01:12:18.450605Z|runtime|1b01a585-08fd-4778-b6f9-a1f65c272469]std     14296.865563     27.205695  1.697017e+05  4.731099e+04   21250.776922   
[MFLOG|0|2023-12-09T01:12:18.450629Z|runtime|25c735bc-8f85-4539-b17d-3198fc26a456]min         0.000000      0.000000  6.000000e+02  0.000000e+00       0.000000   
[MFLOG|0|2023-12-09T01:12:18.450653Z|runtime|200e8aeb-1604-449b-8834-903e219ce67a]25%      1235.000000     43.100000  5.000100e+04  2.211000e+04    7500.000000   
[MFLOG|0|2023-12-09T01:12:18.450677Z|runtime|94bf91e4-12ed-45ad-8b62-9bd5312b0983]50%      4052.000000     67.100000  1.120710e+05  3.862600e+04   14700.000000   
[MFLOG|0|2023-12-09T01:12:18.450702Z|runtime|79a82005-5a1a-4801-969b-db9504363db1]75%     10868.500000     87.000000  2.498060e+05  6.390300e+04   27600.000000   
[MFLOG|0|2023-12-09T01:12:18.450726Z|runtime|1262410a-65be-4ff6-8651-c5c5793b1c24]max    373005.000000    161.000000  2.711061e+06  1.094819e+06  560800.000000   
[MFLOG|0|2023-12-09T01:12:18.450750Z|runtime|495539ff-e6b9-4eaf-917b-f87c4007c682]
[MFLOG|0|2023-12-09T01:12:18.450774Z|runtime|2ffd4058-104b-4c93-ba54-eef7e5e6f45f]         totalIlLim  
[MFLOG|0|2023-12-09T01:12:18.450802Z|runtime|a778885b-3fd9-4029-9410-b3b6891ce82d]count  4.999900e+04  
[MFLOG|0|2023-12-09T01:12:18.450829Z|runtime|2b456354-cb92-454c-8c4a-48cd5f7184f4]mean   4.244567e+04  
[MFLOG|0|2023-12-09T01:12:18.450856Z|runtime|a6918e53-85b5-415a-b84d-2b3b1c4d9d6a]std    4.329564e+04  
[MFLOG|0|2023-12-09T01:12:18.450883Z|runtime|ee235593-f3f3-423b-90e7-3b53e34e02f6]min    0.000000e+00  
[MFLOG|0|2023-12-09T01:12:18.450908Z|runtime|f728fcb4-2226-4d96-bee1-c627f3abb31e]25%    1.500000e+04  
[MFLOG|0|2023-12-09T01:12:18.450932Z|runtime|9aa16ae6-1a9f-445d-bf13-78c1e2dd918c]50%    3.200000e+04  
[MFLOG|0|2023-12-09T01:12:18.450957Z|runtime|30a06e5d-28e1-4f55-aa86-1c2287cf1ea2]75%    5.679400e+04  
[MFLOG|0|2023-12-09T01:12:18.450985Z|runtime|7bdb9f5e-c444-4ad1-8630-61fda0e129e9]max    1.027358e+06  
