[MFLOG|0|2023-12-13T00:17:54.010922Z|runtime|482452e0-4a4e-4704-99f6-347c23084a6e]    amount        term  rate  payment grade          employment     length  \
[MFLOG|0|2023-12-13T00:17:54.051139Z|runtime|f1feda3b-e31f-435f-af25-0bbe3c3e93c9]0   8000.0   36 months  0.14   272.07     C       Warehouseman     3 years   
[MFLOG|0|2023-12-13T00:17:54.051245Z|runtime|5e20e029-4031-47ec-a555-0778c6a40ca8]1  11000.0   36 months  0.10   354.89     B      Vice President  10+ years   
[MFLOG|0|2023-12-13T00:17:54.051298Z|runtime|2da299b8-2999-4744-a322-194c6dec7750]2  35000.0   36 months  0.15  1220.33     D      Owner/Attorney  10+ years   
[MFLOG|0|2023-12-13T00:17:54.051327Z|runtime|eb8818cc-4a8d-48e0-a8a0-9e2f90ad48bf]3  20000.0   60 months  0.12   447.83     C             Analyst    2 years   
[MFLOG|0|2023-12-13T00:17:54.051358Z|runtime|9801362c-a630-4fd3-be33-929347f5d95f]4  12000.0   60 months  0.12   266.88     B  medical technician  10+ years   
[MFLOG|0|2023-12-13T00:17:54.051380Z|runtime|103d35b0-a4e3-4f5d-ae0c-76f0d607a1c6]
[MFLOG|0|2023-12-13T00:17:54.051404Z|runtime|dccb7b73-6fb3-41b7-9329-6074fc4dab2b]       home    income         verified       status              reason state  \
[MFLOG|0|2023-12-13T00:17:54.051423Z|runtime|7674a773-9470-4790-9db3-d945331e6dc9]0      RENT   49966.0  Source Verified  Charged Off         credit_card    CA   
[MFLOG|0|2023-12-13T00:17:54.051448Z|runtime|b7ed38a7-45fb-4722-9ece-0e32dac99f84]1  MORTGAGE   50000.0     Not Verified   Fully Paid  debt_consolidation    PA   
[MFLOG|0|2023-12-13T00:17:54.051471Z|runtime|7bc8a151-99c6-4d34-be9c-71dd643de835]2      RENT  360000.0         Verified      Current  debt_consolidation    CA   
[MFLOG|0|2023-12-13T00:17:54.051497Z|runtime|f16a3f90-c33e-46ec-9909-4c1a006ff37f]3  MORTGAGE   60000.0  Source Verified   Fully Paid  debt_consolidation    CA   
[MFLOG|0|2023-12-13T00:17:54.051518Z|runtime|8ab16cd2-d346-42b4-a7c3-c9bffbd2d606]4  MORTGAGE   64000.0  Source Verified      Current  debt_consolidation    NJ   
[MFLOG|0|2023-12-13T00:17:54.051537Z|runtime|bd003989-1c4a-44a7-b608-23580ab71e16]
[MFLOG|0|2023-12-13T00:17:54.051561Z|runtime|7cad7e67-eb90-4252-af38-50bef0f17dd1]   debtIncRat  delinq2yr  inq6mth  openAcc  pubRec  revolRatio  totalAcc  \
[MFLOG|0|2023-12-13T00:17:54.051579Z|runtime|0193d413-6009-4f32-900c-cc5b4302a58f]0       30.05        0.0      0.0     11.0     0.0        0.55      15.0   
[MFLOG|0|2023-12-13T00:17:54.051599Z|runtime|7fac676f-abab-4f2a-a7cb-89e988b48b37]1        8.74        0.0      2.0     12.0     0.0        0.36      15.0   
[MFLOG|0|2023-12-13T00:17:54.051620Z|runtime|f34a4841-8541-4c08-b673-b6cd7acbc56a]2       14.50        0.0      1.0      8.0     0.0        0.83      14.0   
[MFLOG|0|2023-12-13T00:17:54.051641Z|runtime|9648e47c-621f-49f1-80fa-bcfe1e3d0976]3       14.14        0.0      0.0     12.0     3.0        0.01      48.0   
[MFLOG|0|2023-12-13T00:17:54.051660Z|runtime|8b8ae232-de49-4da8-8e89-eebe75ef0326]4        5.14        0.0      0.0      8.0     0.0        0.58      22.0   
[MFLOG|0|2023-12-13T00:17:54.051685Z|runtime|96778326-c238-43ce-b09c-2c3f4752ed9d]
[MFLOG|0|2023-12-13T00:17:54.051707Z|runtime|80b6f393-4e93-4037-8180-d0247dd166bc]   totalBal  totalRevLim  accOpen24    avgBal   bcOpen  bcRatio  totalLim  \
[MFLOG|0|2023-12-13T00:17:54.051728Z|runtime|37c65bcf-a5e8-40a3-8d85-155fa536942c]0   48054.0       8100.0        8.0    4369.0     43.0     95.7   60629.0   
[MFLOG|0|2023-12-13T00:17:54.051746Z|runtime|4690c5a0-da3b-4012-8dcc-6b9b19c624a7]1  265838.0      33400.0        4.0   22153.0  19756.0     37.5  297500.0   
[MFLOG|0|2023-12-13T00:17:54.051764Z|runtime|d4de3f06-df02-4739-9635-54331ba38ea4]2  850150.0      83000.0        2.0  121450.0   7686.0     83.2  907300.0   
[MFLOG|0|2023-12-13T00:17:54.051783Z|runtime|0f26fbac-9d29-45e7-93a2-10696b32f8b5]3   20671.0      14200.0        8.0    1723.0  11061.0      1.2   46964.0   
[MFLOG|0|2023-12-13T00:17:54.051801Z|runtime|eb4c3466-eef4-4c79-af90-bd2c6221faed]4  128034.0      14600.0        3.0   18291.0   5904.0     58.4  134600.0   
[MFLOG|0|2023-12-13T00:17:54.051819Z|runtime|d39e0bca-913a-4317-80ed-d1aada11e527]
[MFLOG|0|2023-12-13T00:17:54.051838Z|runtime|a6ab3add-bf6c-4cfb-9d74-3b9fed345961]   totalRevBal  totalBcLim  totalIlLim  
[MFLOG|0|2023-12-13T00:17:54.051858Z|runtime|874d51b1-3dbb-427c-877a-879aafe0d9ac]0      48054.0      1000.0     52529.0  
[MFLOG|0|2023-12-13T00:17:54.051879Z|runtime|4aafeccd-37a9-443f-aa35-c13eccedc654]1      11844.0     31600.0         0.0  
[MFLOG|0|2023-12-13T00:17:54.051898Z|runtime|7bcb38be-dd31-41a3-8010-86ee456eae62]2     173260.0     83000.0    100000.0  
[MFLOG|0|2023-12-13T00:17:54.051918Z|runtime|360a6572-4cf1-47f3-ae0d-5d053352617d]3      20671.0     11200.0     32764.0  
[MFLOG|0|2023-12-13T00:17:54.051940Z|runtime|5861066d-aa77-4152-bde0-f558214e06d2]4       8475.0     14200.0         0.0  
[MFLOG|0|2023-12-13T00:17:54.051959Z|runtime|764b7c9a-9097-424a-9e8f-4a0f54feea45]Dimensions of the dataset: (50000, 30)
[MFLOG|0|2023-12-13T00:17:54.051982Z|runtime|423e5282-b106-4ee9-a952-1e8dc65cfb06]             amount          rate       payment        income    debtIncRat  \
[MFLOG|0|2023-12-13T00:17:54.322572Z|runtime|e00d15f3-bf1d-42a4-951c-2ced17fa928a]count  49999.000000  49999.000000  49999.000000  4.999900e+04  49999.000000   
[MFLOG|0|2023-12-13T00:17:54.322676Z|runtime|e1de9c78-7b22-4e22-a7ee-eca49278d806]mean   15145.527911      0.130407    442.737519  7.617379e+04     18.731157   
[MFLOG|0|2023-12-13T00:17:54.322703Z|runtime|c2fcecae-3a1a-4e09-ab6b-06635445f891]std     8527.772776      0.044192    244.835744  6.523503e+04      8.444506   
[MFLOG|0|2023-12-13T00:17:54.322724Z|runtime|d2bc0022-cc66-43d3-9267-04bda020e421]min     1000.000000      0.050000     30.540000  4.000000e+03      0.000000   
[MFLOG|0|2023-12-13T00:17:54.322745Z|runtime|6dd6b642-fb9d-4f4c-b4d4-772700d2ff44]25%     8500.000000      0.100000    265.840000  4.623850e+04     12.390000   
[MFLOG|0|2023-12-13T00:17:54.322765Z|runtime|cc098998-911c-4f1f-ab91-eab024e2ad27]50%    13800.000000      0.130000    385.790000  6.500000e+04     18.210000   
[MFLOG|0|2023-12-13T00:17:54.322782Z|runtime|f6dc93e9-f51a-476b-9a25-57e0b7bfa965]75%    20000.000000      0.160000    578.680000  9.000000e+04     24.730000   
[MFLOG|0|2023-12-13T00:17:54.322799Z|runtime|c9c23c99-bd36-4e3d-948d-504dc9ad5479]max    35000.000000      0.290000   1407.010000  7.446395e+06     61.210000   
[MFLOG|0|2023-12-13T00:17:54.322814Z|runtime|fa78f91b-cf0a-456e-8c65-a34dfed806b4]
[MFLOG|0|2023-12-13T00:17:54.322831Z|runtime|59f78710-a230-438c-ba35-aa575912798f]          delinq2yr       inq6mth       openAcc        pubRec    revolRatio  \
[MFLOG|0|2023-12-13T00:17:54.322847Z|runtime|809734ae-2dc2-41f7-8d4c-9c36b73215ec]count  49999.000000  49999.000000  49999.000000  49999.000000  49981.000000   
[MFLOG|0|2023-12-13T00:17:54.322862Z|runtime|5e924b31-4530-4151-95fb-b45a80987de0]mean       0.346167      0.639553     11.849217      0.232925      0.546419   
[MFLOG|0|2023-12-13T00:17:54.322885Z|runtime|69858c9e-f7b4-4d72-8ac8-bb66a6ec6077]std        0.907636      0.938869      5.524801      0.624342      0.236451   
[MFLOG|0|2023-12-13T00:17:54.322902Z|runtime|50f4cb68-d409-46b4-9ec3-cd95a612c587]min        0.000000      0.000000      1.000000      0.000000      0.000000   
[MFLOG|0|2023-12-13T00:17:54.322918Z|runtime|87412635-f74e-410b-a83e-51f7519bd32b]25%        0.000000      0.000000      8.000000      0.000000      0.370000   
[MFLOG|0|2023-12-13T00:17:54.322934Z|runtime|7b49aeeb-ab7a-4aa2-b330-b852e8bd03bf]50%        0.000000      0.000000     11.000000      0.000000      0.550000   
[MFLOG|0|2023-12-13T00:17:54.322950Z|runtime|f3570421-d8ec-4879-982e-0c66b0c18219]75%        0.000000      1.000000     15.000000      0.000000      0.730000   
[MFLOG|0|2023-12-13T00:17:54.322966Z|runtime|2d166dd7-fd67-4646-9118-b4f57e29880b]max       15.000000      6.000000     76.000000     28.000000      1.670000   
[MFLOG|0|2023-12-13T00:17:54.322981Z|runtime|36fbdc6a-ca94-4f1e-a106-2a75732530fb]
[MFLOG|0|2023-12-13T00:17:54.322998Z|runtime|a3291ebd-9252-4817-9086-6759c92558e0]           totalAcc      totalBal   totalRevLim     accOpen24         avgBal  \
[MFLOG|0|2023-12-13T00:17:54.323016Z|runtime|f3fcba1b-d37b-42de-9c5b-4948809f1493]count  49999.000000  4.999900e+04  4.999900e+04  49999.000000   49999.000000   
[MFLOG|0|2023-12-13T00:17:54.323032Z|runtime|b257c839-7798-4dbd-b3f3-4b25669eecad]mean      25.749595  1.397782e+05  3.243594e+04      4.557831   13189.526651   
[MFLOG|0|2023-12-13T00:17:54.323048Z|runtime|7e6c1eb4-7d45-477f-94fc-6da4c679cc71]std       12.097421  1.526384e+05  3.269753e+04      3.079680   15561.787118   
[MFLOG|0|2023-12-13T00:17:54.323063Z|runtime|49ad4c1f-7272-44b1-b9d0-df931bc42580]min        3.000000  0.000000e+00  0.000000e+00      0.000000       0.000000   
[MFLOG|0|2023-12-13T00:17:54.323080Z|runtime|d3b9fd1a-042c-4d0e-ae59-354ec7543731]25%       17.000000  3.061900e+04  1.400000e+04      2.000000    3170.000000   
[MFLOG|0|2023-12-13T00:17:54.323099Z|runtime|58850987-c0e1-4d19-b8d7-733fb12ed6e7]50%       24.000000  8.107300e+04  2.400000e+04      4.000000    7356.000000   
[MFLOG|0|2023-12-13T00:17:54.323116Z|runtime|1d832c8b-7293-4767-a05c-4db2f94998fe]75%       33.000000  2.094385e+05  4.030000e+04      6.000000   18223.500000   
[MFLOG|0|2023-12-13T00:17:54.323131Z|runtime|271d8fc2-a224-4956-a7f3-f518a5ce14aa]max      162.000000  2.552960e+06  1.060800e+06     50.000000  358652.000000   
[MFLOG|0|2023-12-13T00:17:54.323147Z|runtime|9678202a-f556-4f3e-a8d0-c9d3195a3923]
[MFLOG|0|2023-12-13T00:17:54.323163Z|runtime|99bd9211-2136-45b0-8819-08acdfe7db3b]              bcOpen       bcRatio      totalLim   totalRevBal     totalBcLim  \
[MFLOG|0|2023-12-13T00:17:54.323179Z|runtime|9b5f046a-405e-444f-b3d4-880e280a0702]count   49511.000000  49479.000000  4.999900e+04  4.999900e+04   49999.000000   
[MFLOG|0|2023-12-13T00:17:54.323195Z|runtime|ad46afc5-9967-42af-9718-23fada4a689e]mean     9154.930945     63.188468  1.718866e+05  5.088178e+04   21190.290466   
[MFLOG|0|2023-12-13T00:17:54.323210Z|runtime|db54b7e6-dc98-4d03-86c5-2ed42a9e0fa0]std     14296.865563     27.205695  1.697017e+05  4.731099e+04   21250.776922   
[MFLOG|0|2023-12-13T00:17:54.323226Z|runtime|69130356-ef8c-40a1-82bf-59674272b83b]min         0.000000      0.000000  6.000000e+02  0.000000e+00       0.000000   
[MFLOG|0|2023-12-13T00:17:54.323242Z|runtime|7c2fcbb3-c92d-4239-a84c-aba2efcc2a7c]25%      1235.000000     43.100000  5.000100e+04  2.211000e+04    7500.000000   
[MFLOG|0|2023-12-13T00:17:54.323258Z|runtime|91f4af32-a6cb-4e8a-882b-5a3cdaee4253]50%      4052.000000     67.100000  1.120710e+05  3.862600e+04   14700.000000   
[MFLOG|0|2023-12-13T00:17:54.323274Z|runtime|15ee40b8-04ec-4d04-ac07-47a68ee41fee]75%     10868.500000     87.000000  2.498060e+05  6.390300e+04   27600.000000   
[MFLOG|0|2023-12-13T00:17:54.323289Z|runtime|0928cc0f-bf49-4c06-966b-a156f80db5d8]max    373005.000000    161.000000  2.711061e+06  1.094819e+06  560800.000000   
[MFLOG|0|2023-12-13T00:17:54.323306Z|runtime|bdc878ba-0d3d-4fc1-8462-34eebab1baf8]
[MFLOG|0|2023-12-13T00:17:54.323321Z|runtime|8c9f1a6f-e520-4724-8025-f40cd1bcd7cb]         totalIlLim  
[MFLOG|0|2023-12-13T00:17:54.323338Z|runtime|7a66181a-426c-4d0e-8a93-2f2e860dd3c1]count  4.999900e+04  
[MFLOG|0|2023-12-13T00:17:54.323355Z|runtime|1f0617b5-2601-46cc-a869-c35631ba6123]mean   4.244567e+04  
[MFLOG|0|2023-12-13T00:17:54.323371Z|runtime|ea560d60-e36e-4af2-8408-1c288fada40f]std    4.329564e+04  
[MFLOG|0|2023-12-13T00:17:54.323386Z|runtime|2be6a11c-0c97-4401-9c3a-c9edd10da6b0]min    0.000000e+00  
[MFLOG|0|2023-12-13T00:17:54.323403Z|runtime|7cc4dac1-2d74-42b8-a433-bab3a3cfdc84]25%    1.500000e+04  
[MFLOG|0|2023-12-13T00:17:54.323418Z|runtime|cff49674-43ac-4be9-a9e6-a11d19862bb6]50%    3.200000e+04  
[MFLOG|0|2023-12-13T00:17:54.323434Z|runtime|b4ce3997-6525-466a-80c9-748e93f9cac8]75%    5.679400e+04  
[MFLOG|0|2023-12-13T00:17:54.323449Z|runtime|a94f42f3-bee0-4b5d-8a2e-cccbd4dccac5]max    1.027358e+06  
