[MFLOG|0|2023-12-09T00:50:30.483744Z|runtime|fffb24ee-2e59-4a8a-87c5-e0d17131c0c0]    amount        term  rate  payment grade          employment     length  \
[MFLOG|0|2023-12-09T00:50:30.547755Z|runtime|0acfa1b1-c061-4ae3-a16e-7f0cf7139878]0   8000.0   36 months  0.14   272.07     C       Warehouseman     3 years   
[MFLOG|0|2023-12-09T00:50:30.547920Z|runtime|023c1659-7a85-4a53-bcc5-381740c7ac58]1  11000.0   36 months  0.10   354.89     B      Vice President  10+ years   
[MFLOG|0|2023-12-09T00:50:30.548003Z|runtime|401b7935-96eb-4268-9e8a-514f55f95e7e]2  35000.0   36 months  0.15  1220.33     D      Owner/Attorney  10+ years   
[MFLOG|0|2023-12-09T00:50:30.548050Z|runtime|71299d28-0c50-4802-aabb-fe1deca0b3a7]3  20000.0   60 months  0.12   447.83     C             Analyst    2 years   
[MFLOG|0|2023-12-09T00:50:30.548092Z|runtime|8837ef5e-c979-4cfa-a82b-cffde3a0ebb1]4  12000.0   60 months  0.12   266.88     B  medical technician  10+ years   
[MFLOG|0|2023-12-09T00:50:30.548125Z|runtime|db895e07-2d32-4b5a-acfe-9d12047be838]
[MFLOG|0|2023-12-09T00:50:30.548164Z|runtime|75f2da39-827e-4800-8e73-9f08a068a9b8]       home    income         verified       status              reason state  \
[MFLOG|0|2023-12-09T00:50:30.548218Z|runtime|62af2bd1-c596-4332-969c-47df44ec5434]0      RENT   49966.0  Source Verified  Charged Off         credit_card    CA   
[MFLOG|0|2023-12-09T00:50:30.548250Z|runtime|853c40bb-e2d0-41fb-964a-b01120a8a5ee]1  MORTGAGE   50000.0     Not Verified   Fully Paid  debt_consolidation    PA   
[MFLOG|0|2023-12-09T00:50:30.548282Z|runtime|b52acab6-98e7-4305-9e6d-f5cf9617d16e]2      RENT  360000.0         Verified      Current  debt_consolidation    CA   
[MFLOG|0|2023-12-09T00:50:30.548311Z|runtime|d92c3ca1-467a-4adc-8a0e-99c8fd2a26c9]3  MORTGAGE   60000.0  Source Verified   Fully Paid  debt_consolidation    CA   
[MFLOG|0|2023-12-09T00:50:30.548346Z|runtime|c4fb5f0e-2a55-4550-b48f-1f0242228fac]4  MORTGAGE   64000.0  Source Verified      Current  debt_consolidation    NJ   
[MFLOG|0|2023-12-09T00:50:30.548377Z|runtime|762a4482-b5f9-4674-8191-174aac15d66b]
[MFLOG|0|2023-12-09T00:50:30.548411Z|runtime|9c8ebe07-cc6f-4063-97fc-0879c0f649df]   debtIncRat  delinq2yr  inq6mth  openAcc  pubRec  revolRatio  totalAcc  \
[MFLOG|0|2023-12-09T00:50:30.548444Z|runtime|bce72cb5-77d4-47ec-aeb8-afe8665510d7]0       30.05        0.0      0.0     11.0     0.0        0.55      15.0   
[MFLOG|0|2023-12-09T00:50:30.548478Z|runtime|469de44d-4510-4af0-8238-08c78655ebae]1        8.74        0.0      2.0     12.0     0.0        0.36      15.0   
[MFLOG|0|2023-12-09T00:50:30.548509Z|runtime|d13d22f0-1cc3-4f4c-aefe-c616174ff8f6]2       14.50        0.0      1.0      8.0     0.0        0.83      14.0   
[MFLOG|0|2023-12-09T00:50:30.548538Z|runtime|f95cf388-ea93-49cb-ad54-35357ac96b10]3       14.14        0.0      0.0     12.0     3.0        0.01      48.0   
[MFLOG|0|2023-12-09T00:50:30.548631Z|runtime|95453f83-c99c-44e3-9c67-1264615d1dd5]4        5.14        0.0      0.0      8.0     0.0        0.58      22.0   
[MFLOG|0|2023-12-09T00:50:30.548701Z|runtime|2ddd58d4-0226-463c-9cd3-8707fa15804d]
[MFLOG|0|2023-12-09T00:50:30.548743Z|runtime|46c1e7ee-b6a1-4f2a-962b-f12535cded76]   totalBal  totalRevLim  accOpen24    avgBal   bcOpen  bcRatio  totalLim  \
[MFLOG|0|2023-12-09T00:50:30.548780Z|runtime|3b047770-2d05-48a9-a848-6780db0ca22f]0   48054.0       8100.0        8.0    4369.0     43.0     95.7   60629.0   
[MFLOG|0|2023-12-09T00:50:30.548811Z|runtime|08a54020-0612-4239-8f0f-12e4b354d908]1  265838.0      33400.0        4.0   22153.0  19756.0     37.5  297500.0   
[MFLOG|0|2023-12-09T00:50:30.548842Z|runtime|89e376a6-2ce3-4c55-92cc-d5d398dcffb7]2  850150.0      83000.0        2.0  121450.0   7686.0     83.2  907300.0   
[MFLOG|0|2023-12-09T00:50:30.548873Z|runtime|39621bde-bf61-4135-8686-d35ab029725d]3   20671.0      14200.0        8.0    1723.0  11061.0      1.2   46964.0   
[MFLOG|0|2023-12-09T00:50:30.548904Z|runtime|bbb0a745-16da-48c9-bac9-64fbd70439b6]4  128034.0      14600.0        3.0   18291.0   5904.0     58.4  134600.0   
[MFLOG|0|2023-12-09T00:50:30.548946Z|runtime|f314f30a-1de5-4312-840b-a62314817252]
[MFLOG|0|2023-12-09T00:50:30.548987Z|runtime|1d2b96d5-7f00-443c-bb54-3bcb5fc3f5cf]   totalRevBal  totalBcLim  totalIlLim  
[MFLOG|0|2023-12-09T00:50:30.549020Z|runtime|004b2151-0dc2-4742-a168-9418fdcc12c2]0      48054.0      1000.0     52529.0  
[MFLOG|0|2023-12-09T00:50:30.549061Z|runtime|c8c91ef2-b61c-41aa-b8e4-0acf98c6c49c]1      11844.0     31600.0         0.0  
[MFLOG|0|2023-12-09T00:50:30.549095Z|runtime|ad08fe20-ed23-4309-8834-d665f6a720e6]2     173260.0     83000.0    100000.0  
[MFLOG|0|2023-12-09T00:50:30.549129Z|runtime|0cb6c8c4-6a55-4467-be18-31d16490a80c]3      20671.0     11200.0     32764.0  
[MFLOG|0|2023-12-09T00:50:30.549159Z|runtime|9e1ed99f-cd27-4648-a73b-b32f313ed623]4       8475.0     14200.0         0.0  
[MFLOG|0|2023-12-09T00:50:30.549188Z|runtime|b7b0cc81-f10e-454d-b109-e7bccab7d509]Dimensions of the dataset: (50000, 30)
[MFLOG|0|2023-12-09T00:50:30.549221Z|runtime|5e327019-2d35-42d1-af6d-bfd5d662a8b8]             amount          rate       payment        income    debtIncRat  \
[MFLOG|0|2023-12-09T00:50:30.806091Z|runtime|255703ca-7da3-4374-9da0-9931cffdc525]count  49999.000000  49999.000000  49999.000000  4.999900e+04  49999.000000   
[MFLOG|0|2023-12-09T00:50:30.806192Z|runtime|2ab98ea9-e7d4-482a-b1fb-3b27042501d6]mean   15145.527911      0.130407    442.737519  7.617379e+04     18.731157   
[MFLOG|0|2023-12-09T00:50:30.806227Z|runtime|b8128348-f527-4ab7-ba24-e8b10b32bed8]std     8527.772776      0.044192    244.835744  6.523503e+04      8.444506   
[MFLOG|0|2023-12-09T00:50:30.806254Z|runtime|90699cac-4332-4f9a-bafe-dcc2127c4ebd]min     1000.000000      0.050000     30.540000  4.000000e+03      0.000000   
[MFLOG|0|2023-12-09T00:50:30.806279Z|runtime|a295401d-9383-40ec-bca5-792e8d86e284]25%     8500.000000      0.100000    265.840000  4.623850e+04     12.390000   
[MFLOG|0|2023-12-09T00:50:30.806308Z|runtime|51c7a58f-a682-493a-bacd-e13a692e342b]50%    13800.000000      0.130000    385.790000  6.500000e+04     18.210000   
[MFLOG|0|2023-12-09T00:50:30.806336Z|runtime|a0de2ea5-be63-4258-a216-cfbb93a65fab]75%    20000.000000      0.160000    578.680000  9.000000e+04     24.730000   
[MFLOG|0|2023-12-09T00:50:30.806361Z|runtime|b7fae916-1a43-4cec-8f3a-68c9e3c172f1]max    35000.000000      0.290000   1407.010000  7.446395e+06     61.210000   
[MFLOG|0|2023-12-09T00:50:30.806386Z|runtime|b3357c2e-f5c2-49f4-aea1-cd210ef22152]
[MFLOG|0|2023-12-09T00:50:30.806413Z|runtime|285f15a1-3522-49ae-b36b-aa4ac4602301]          delinq2yr       inq6mth       openAcc        pubRec    revolRatio  \
[MFLOG|0|2023-12-09T00:50:30.806438Z|runtime|d6ab019b-bb1f-459a-94f0-dcf3a16c5e9c]count  49999.000000  49999.000000  49999.000000  49999.000000  49981.000000   
[MFLOG|0|2023-12-09T00:50:30.806466Z|runtime|a57d89a2-967d-4f9c-8fb8-0294a0432f2d]mean       0.346167      0.639553     11.849217      0.232925      0.546419   
[MFLOG|0|2023-12-09T00:50:30.806490Z|runtime|b0e992fe-6b1e-45bd-a1cc-3f185ef0254a]std        0.907636      0.938869      5.524801      0.624342      0.236451   
[MFLOG|0|2023-12-09T00:50:30.806515Z|runtime|be40e084-55c1-4dea-8640-20dc6f5f8fca]min        0.000000      0.000000      1.000000      0.000000      0.000000   
[MFLOG|0|2023-12-09T00:50:30.806539Z|runtime|58b0360a-46f2-4920-82c7-ba93ae03c2c5]25%        0.000000      0.000000      8.000000      0.000000      0.370000   
[MFLOG|0|2023-12-09T00:50:30.806562Z|runtime|d72689ce-1793-490b-bb47-a62af6d612a8]50%        0.000000      0.000000     11.000000      0.000000      0.550000   
[MFLOG|0|2023-12-09T00:50:30.806589Z|runtime|8bc8dc60-beea-4727-8e4d-fdefeb0bdb7d]75%        0.000000      1.000000     15.000000      0.000000      0.730000   
[MFLOG|0|2023-12-09T00:50:30.806613Z|runtime|f616cf6b-007c-460e-8457-a18bac3cede9]max       15.000000      6.000000     76.000000     28.000000      1.670000   
[MFLOG|0|2023-12-09T00:50:30.806640Z|runtime|5ff7ce0c-fced-4a40-90fc-9b543e23a601]
[MFLOG|0|2023-12-09T00:50:30.806664Z|runtime|cd0d4fd8-e1af-415e-9f36-08e2ec636c11]           totalAcc      totalBal   totalRevLim     accOpen24         avgBal  \
[MFLOG|0|2023-12-09T00:50:30.806692Z|runtime|76946eb8-5a30-4c0f-addb-a85beed65e0b]count  49999.000000  4.999900e+04  4.999900e+04  49999.000000   49999.000000   
[MFLOG|0|2023-12-09T00:50:30.806722Z|runtime|7be55aad-2042-467c-b875-5744e11a431d]mean      25.749595  1.397782e+05  3.243594e+04      4.557831   13189.526651   
[MFLOG|0|2023-12-09T00:50:30.806749Z|runtime|ded2c4da-91d3-429a-b663-64efe9965c2b]std       12.097421  1.526384e+05  3.269753e+04      3.079680   15561.787118   
[MFLOG|0|2023-12-09T00:50:30.806776Z|runtime|001882c3-f6ad-479b-9793-f0828756ea19]min        3.000000  0.000000e+00  0.000000e+00      0.000000       0.000000   
[MFLOG|0|2023-12-09T00:50:30.806803Z|runtime|c2b9c37f-0761-405c-b46d-7c9e67b6571f]25%       17.000000  3.061900e+04  1.400000e+04      2.000000    3170.000000   
[MFLOG|0|2023-12-09T00:50:30.806832Z|runtime|461bba57-960c-47a6-90d5-13437979cad0]50%       24.000000  8.107300e+04  2.400000e+04      4.000000    7356.000000   
[MFLOG|0|2023-12-09T00:50:30.806857Z|runtime|9878a895-3284-48ff-9a09-5928ddff27b4]75%       33.000000  2.094385e+05  4.030000e+04      6.000000   18223.500000   
[MFLOG|0|2023-12-09T00:50:30.806882Z|runtime|33e081c1-31a8-470a-bdc9-2d20d4b749c5]max      162.000000  2.552960e+06  1.060800e+06     50.000000  358652.000000   
[MFLOG|0|2023-12-09T00:50:30.806906Z|runtime|e36b0452-c849-466e-a66d-1f588d0a1cd0]
[MFLOG|0|2023-12-09T00:50:30.806930Z|runtime|58b9df0e-47ad-4eb3-98d0-c6d149047713]              bcOpen       bcRatio      totalLim   totalRevBal     totalBcLim  \
[MFLOG|0|2023-12-09T00:50:30.806953Z|runtime|e1642353-7bfe-416f-8ee8-f370bc52af02]count   49511.000000  49479.000000  4.999900e+04  4.999900e+04   49999.000000   
[MFLOG|0|2023-12-09T00:50:30.806978Z|runtime|b4a0af31-5ed4-48ea-9aea-c411f9a2912d]mean     9154.930945     63.188468  1.718866e+05  5.088178e+04   21190.290466   
[MFLOG|0|2023-12-09T00:50:30.807001Z|runtime|9675327f-9b75-4e9e-8906-5200780b5f7b]std     14296.865563     27.205695  1.697017e+05  4.731099e+04   21250.776922   
[MFLOG|0|2023-12-09T00:50:30.807026Z|runtime|9dd4567e-e82e-4760-b970-e36cf06428e0]min         0.000000      0.000000  6.000000e+02  0.000000e+00       0.000000   
[MFLOG|0|2023-12-09T00:50:30.807049Z|runtime|05a3fad2-b5d4-4093-a77b-06e14bd5364d]25%      1235.000000     43.100000  5.000100e+04  2.211000e+04    7500.000000   
[MFLOG|0|2023-12-09T00:50:30.807073Z|runtime|0b5409b2-e07e-4428-b819-6804897c8bee]50%      4052.000000     67.100000  1.120710e+05  3.862600e+04   14700.000000   
[MFLOG|0|2023-12-09T00:50:30.807098Z|runtime|75875a99-41fd-4ddc-adf4-a5a4405c086b]75%     10868.500000     87.000000  2.498060e+05  6.390300e+04   27600.000000   
[MFLOG|0|2023-12-09T00:50:30.807122Z|runtime|61d14f36-9ca3-4758-8831-1e83813baffb]max    373005.000000    161.000000  2.711061e+06  1.094819e+06  560800.000000   
[MFLOG|0|2023-12-09T00:50:30.807145Z|runtime|7aec6d87-2502-48f0-bb02-3ed145cc7595]
[MFLOG|0|2023-12-09T00:50:30.807170Z|runtime|e9dc1b64-0063-4583-8507-57e52af81500]         totalIlLim  
[MFLOG|0|2023-12-09T00:50:30.807195Z|runtime|e52250ba-f67f-4c27-8997-8f9c44b0c6a1]count  4.999900e+04  
[MFLOG|0|2023-12-09T00:50:30.807219Z|runtime|add92ad1-bb19-4a4d-a8d2-05b1435bde12]mean   4.244567e+04  
[MFLOG|0|2023-12-09T00:50:30.807243Z|runtime|e1e9c5f0-ca93-47e7-a843-5a0f31c046dd]std    4.329564e+04  
[MFLOG|0|2023-12-09T00:50:30.807268Z|runtime|219b76ea-9829-4dd9-b138-e46e178cdbd2]min    0.000000e+00  
[MFLOG|0|2023-12-09T00:50:30.807291Z|runtime|49abcc23-5b70-40b2-b4f7-770de2900160]25%    1.500000e+04  
[MFLOG|0|2023-12-09T00:50:30.807315Z|runtime|c90ddc4a-8937-4ec6-ab28-218403eca544]50%    3.200000e+04  
[MFLOG|0|2023-12-09T00:50:30.807338Z|runtime|b6ce87f4-356c-4de5-bf23-88035ff7d2e9]75%    5.679400e+04  
[MFLOG|0|2023-12-09T00:50:30.807362Z|runtime|c1678fe4-d500-4586-87c5-27055d8c86cd]max    1.027358e+06  
