[MFLOG|0|2023-12-09T00:15:30.286986Z|runtime|bbd28835-0afc-4283-b55a-c3a638750faa]    amount        term  rate  payment grade          employment     length  \
[MFLOG|0|2023-12-09T00:15:30.361911Z|runtime|f148dfb7-0901-4b0e-a0b9-f554ee090a61]0   8000.0   36 months  0.14   272.07     C       Warehouseman     3 years   
[MFLOG|0|2023-12-09T00:15:30.362084Z|runtime|4453c331-6f8f-45ef-9230-fcfd7ee04780]1  11000.0   36 months  0.10   354.89     B      Vice President  10+ years   
[MFLOG|0|2023-12-09T00:15:30.362185Z|runtime|53cf6886-2d87-4f0a-ba98-d51a712d3da1]2  35000.0   36 months  0.15  1220.33     D      Owner/Attorney  10+ years   
[MFLOG|0|2023-12-09T00:15:30.362238Z|runtime|71b5b766-4d0c-4cd7-9e60-9ea555e0345c]3  20000.0   60 months  0.12   447.83     C             Analyst    2 years   
[MFLOG|0|2023-12-09T00:15:30.362285Z|runtime|db5ade54-b36b-4a6a-98b6-664c315aea4e]4  12000.0   60 months  0.12   266.88     B  medical technician  10+ years   
[MFLOG|0|2023-12-09T00:15:30.362317Z|runtime|ae8b644b-fb7c-472f-b850-11bf6bd4ee98]
[MFLOG|0|2023-12-09T00:15:30.362351Z|runtime|9607884e-2b6b-4461-b389-667a177a4d96]       home    income         verified       status              reason state  \
[MFLOG|0|2023-12-09T00:15:30.362388Z|runtime|5179f843-5124-40a5-9dd4-3704d761d1c0]0      RENT   49966.0  Source Verified  Charged Off         credit_card    CA   
[MFLOG|0|2023-12-09T00:15:30.362421Z|runtime|cbe9a5ac-2a0a-4f0a-aba4-3d72c7818935]1  MORTGAGE   50000.0     Not Verified   Fully Paid  debt_consolidation    PA   
[MFLOG|0|2023-12-09T00:15:30.362452Z|runtime|f8b0cfbf-217f-4b08-bbca-4d73cac22494]2      RENT  360000.0         Verified      Current  debt_consolidation    CA   
[MFLOG|0|2023-12-09T00:15:30.362484Z|runtime|6a5dbee2-f3f7-4b6e-992f-bb3ae43ff24c]3  MORTGAGE   60000.0  Source Verified   Fully Paid  debt_consolidation    CA   
[MFLOG|0|2023-12-09T00:15:30.362515Z|runtime|cd3f37a7-81b1-4758-b225-c0399ca8968b]4  MORTGAGE   64000.0  Source Verified      Current  debt_consolidation    NJ   
[MFLOG|0|2023-12-09T00:15:30.362546Z|runtime|88673b16-5968-4654-9642-a766f9f828df]
[MFLOG|0|2023-12-09T00:15:30.362575Z|runtime|bd3c2dc1-301f-4927-8d7a-09871108e3d9]   debtIncRat  delinq2yr  inq6mth  openAcc  pubRec  revolRatio  totalAcc  \
[MFLOG|0|2023-12-09T00:15:30.362607Z|runtime|6e0d0d18-e349-421c-9d7f-8d6146d07f68]0       30.05        0.0      0.0     11.0     0.0        0.55      15.0   
[MFLOG|0|2023-12-09T00:15:30.362636Z|runtime|fd8c033d-f669-44fb-878c-d47aaa89da2b]1        8.74        0.0      2.0     12.0     0.0        0.36      15.0   
[MFLOG|0|2023-12-09T00:15:30.362663Z|runtime|f0cd8376-640d-4c07-ab44-5d55d669d049]2       14.50        0.0      1.0      8.0     0.0        0.83      14.0   
[MFLOG|0|2023-12-09T00:15:30.362691Z|runtime|d5997f14-06b2-492f-9a02-af8abf11ba2f]3       14.14        0.0      0.0     12.0     3.0        0.01      48.0   
[MFLOG|0|2023-12-09T00:15:30.362720Z|runtime|a98c4200-03e7-49f1-b876-6a2b10b92d1c]4        5.14        0.0      0.0      8.0     0.0        0.58      22.0   
[MFLOG|0|2023-12-09T00:15:30.362751Z|runtime|8c9ccdb3-f6c1-4d52-84f4-9b8a7f84c505]
[MFLOG|0|2023-12-09T00:15:30.362792Z|runtime|c1addb03-06ca-48e4-aff7-821dda37adcd]   totalBal  totalRevLim  accOpen24    avgBal   bcOpen  bcRatio  totalLim  \
[MFLOG|0|2023-12-09T00:15:30.362825Z|runtime|a8a44a2b-7622-46d7-89fb-3c1d61a4c34f]0   48054.0       8100.0        8.0    4369.0     43.0     95.7   60629.0   
[MFLOG|0|2023-12-09T00:15:30.362863Z|runtime|29d573ab-52a2-45d8-95a7-9cb90f0c26be]1  265838.0      33400.0        4.0   22153.0  19756.0     37.5  297500.0   
[MFLOG|0|2023-12-09T00:15:30.362894Z|runtime|28697036-a614-4ded-8b83-30f8c5f03fa9]2  850150.0      83000.0        2.0  121450.0   7686.0     83.2  907300.0   
[MFLOG|0|2023-12-09T00:15:30.362929Z|runtime|1ccf8d33-39fb-4adc-9e54-7dca689c3aff]3   20671.0      14200.0        8.0    1723.0  11061.0      1.2   46964.0   
[MFLOG|0|2023-12-09T00:15:30.362958Z|runtime|6588114d-062a-4fb5-8b01-c3cc86732316]4  128034.0      14600.0        3.0   18291.0   5904.0     58.4  134600.0   
[MFLOG|0|2023-12-09T00:15:30.362991Z|runtime|ad6b6a40-b0f6-43c4-a4d4-a0242b593360]
[MFLOG|0|2023-12-09T00:15:30.363020Z|runtime|25c52748-5dfa-4518-ab13-b20e84a1a451]   totalRevBal  totalBcLim  totalIlLim  
[MFLOG|0|2023-12-09T00:15:30.363054Z|runtime|ba357fe1-d193-4879-8d17-8acf5f8f7737]0      48054.0      1000.0     52529.0  
[MFLOG|0|2023-12-09T00:15:30.363092Z|runtime|28da846d-49dd-419b-a8ed-beeb73aa8079]1      11844.0     31600.0         0.0  
[MFLOG|0|2023-12-09T00:15:30.363122Z|runtime|29c09b57-1a56-4682-9bab-9589501c4cbb]2     173260.0     83000.0    100000.0  
[MFLOG|0|2023-12-09T00:15:30.363151Z|runtime|c3f3a268-b77c-4286-8a55-da0bdd59b25e]3      20671.0     11200.0     32764.0  
[MFLOG|0|2023-12-09T00:15:30.363181Z|runtime|381bf735-b444-403c-a55c-41932871c7b8]4       8475.0     14200.0         0.0  
[MFLOG|0|2023-12-09T00:15:30.363213Z|runtime|2d296725-b4fe-4587-98e0-23cabd931bf1]Dimensions of the dataset: (50000, 30)
[MFLOG|0|2023-12-09T00:15:30.363250Z|runtime|bddc1e7f-7ea7-4769-9db7-8b07c3e26e40]             amount          rate       payment        income    debtIncRat  \
[MFLOG|0|2023-12-09T00:15:30.842145Z|runtime|ad1ff12c-3d31-449f-9b98-1fd45949b36a]count  49999.000000  49999.000000  49999.000000  4.999900e+04  49999.000000   
[MFLOG|0|2023-12-09T00:15:30.842281Z|runtime|00c01eed-eb86-4cc6-b102-e4ae9533739e]mean   15145.527911      0.130407    442.737519  7.617379e+04     18.731157   
[MFLOG|0|2023-12-09T00:15:30.842318Z|runtime|58a3c662-4198-470f-9b6e-c37895638904]std     8527.772776      0.044192    244.835744  6.523503e+04      8.444506   
[MFLOG|0|2023-12-09T00:15:30.842347Z|runtime|d7305205-4bce-4b5b-a434-73bd36f1be89]min     1000.000000      0.050000     30.540000  4.000000e+03      0.000000   
[MFLOG|0|2023-12-09T00:15:30.842373Z|runtime|51f5ad41-95eb-41fc-ab26-772f52011504]25%     8500.000000      0.100000    265.840000  4.623850e+04     12.390000   
[MFLOG|0|2023-12-09T00:15:30.842398Z|runtime|f9425250-4b42-4201-bddf-d10effb3ead0]50%    13800.000000      0.130000    385.790000  6.500000e+04     18.210000   
[MFLOG|0|2023-12-09T00:15:30.842424Z|runtime|3933735f-c3be-4d95-b390-24fe14e68ba8]75%    20000.000000      0.160000    578.680000  9.000000e+04     24.730000   
[MFLOG|0|2023-12-09T00:15:30.842448Z|runtime|1e9fb6cd-ac68-4624-b80f-c86a76116b61]max    35000.000000      0.290000   1407.010000  7.446395e+06     61.210000   
[MFLOG|0|2023-12-09T00:15:30.842473Z|runtime|d7866332-802c-43d7-8bb9-fa7bcdbf8956]
[MFLOG|0|2023-12-09T00:15:30.842498Z|runtime|8df9d070-236f-4057-ac0e-4d97fe87a19f]          delinq2yr       inq6mth       openAcc        pubRec    revolRatio  \
[MFLOG|0|2023-12-09T00:15:30.842530Z|runtime|12e819fd-9dea-4b6d-839b-3ae4801dcb8c]count  49999.000000  49999.000000  49999.000000  49999.000000  49981.000000   
[MFLOG|0|2023-12-09T00:15:30.842555Z|runtime|6ec31de0-170f-45c2-83f8-d0e5818012d6]mean       0.346167      0.639553     11.849217      0.232925      0.546419   
[MFLOG|0|2023-12-09T00:15:30.842586Z|runtime|478d0d79-3df3-44b4-b2e9-cdae94dec9f8]std        0.907636      0.938869      5.524801      0.624342      0.236451   
[MFLOG|0|2023-12-09T00:15:30.842613Z|runtime|0ce63dd4-1328-4dc3-82f8-32000f058364]min        0.000000      0.000000      1.000000      0.000000      0.000000   
[MFLOG|0|2023-12-09T00:15:30.842639Z|runtime|ea9f8e7a-ca6e-4b8a-9a6b-2261046d48d4]25%        0.000000      0.000000      8.000000      0.000000      0.370000   
[MFLOG|0|2023-12-09T00:15:30.842663Z|runtime|1c95ccba-6139-42b1-aaea-7b73e1d220fe]50%        0.000000      0.000000     11.000000      0.000000      0.550000   
[MFLOG|0|2023-12-09T00:15:30.842688Z|runtime|dcb4c297-796e-401d-b678-b563368650f8]75%        0.000000      1.000000     15.000000      0.000000      0.730000   
[MFLOG|0|2023-12-09T00:15:30.842713Z|runtime|0c2c429c-7441-4c27-b060-4e4174f9fd21]max       15.000000      6.000000     76.000000     28.000000      1.670000   
[MFLOG|0|2023-12-09T00:15:30.842742Z|runtime|2101338e-2140-4ab1-97fe-e47dc87952e9]
[MFLOG|0|2023-12-09T00:15:30.842767Z|runtime|fd91bf14-6276-434e-8274-ac5cfa79aa81]           totalAcc      totalBal   totalRevLim     accOpen24         avgBal  \
[MFLOG|0|2023-12-09T00:15:30.842791Z|runtime|33514eb2-bf5b-4977-bef8-cd78ee109c3e]count  49999.000000  4.999900e+04  4.999900e+04  49999.000000   49999.000000   
[MFLOG|0|2023-12-09T00:15:30.842824Z|runtime|67b61aff-34a5-43a7-9ee1-a6ba6c029aef]mean      25.749595  1.397782e+05  3.243594e+04      4.557831   13189.526651   
[MFLOG|0|2023-12-09T00:15:30.842848Z|runtime|31187576-65f1-4f9f-925a-711513b6db6a]std       12.097421  1.526384e+05  3.269753e+04      3.079680   15561.787118   
[MFLOG|0|2023-12-09T00:15:30.842873Z|runtime|a83d45f1-fc36-4a6c-99ad-526cafb2adc7]min        3.000000  0.000000e+00  0.000000e+00      0.000000       0.000000   
[MFLOG|0|2023-12-09T00:15:30.842897Z|runtime|bcfd01a9-4299-4230-8caf-c8764c34a0b8]25%       17.000000  3.061900e+04  1.400000e+04      2.000000    3170.000000   
[MFLOG|0|2023-12-09T00:15:30.842925Z|runtime|5f55759a-79c8-4e49-9fc6-e53cd52f4da6]50%       24.000000  8.107300e+04  2.400000e+04      4.000000    7356.000000   
[MFLOG|0|2023-12-09T00:15:30.842950Z|runtime|f6daa965-847d-4e9f-a281-ceab4f40fe32]75%       33.000000  2.094385e+05  4.030000e+04      6.000000   18223.500000   
[MFLOG|0|2023-12-09T00:15:30.842974Z|runtime|6553b8bd-7770-4801-ad63-f05e8440ebfd]max      162.000000  2.552960e+06  1.060800e+06     50.000000  358652.000000   
[MFLOG|0|2023-12-09T00:15:30.842998Z|runtime|d3d3649e-d469-458b-aadf-e402deef92cf]
[MFLOG|0|2023-12-09T00:15:30.843023Z|runtime|66e21103-d442-46fe-b4bc-18b13d18a78f]              bcOpen       bcRatio      totalLim   totalRevBal     totalBcLim  \
[MFLOG|0|2023-12-09T00:15:30.843047Z|runtime|0d02e745-b39f-4452-8ac6-55e283749e21]count   49511.000000  49479.000000  4.999900e+04  4.999900e+04   49999.000000   
[MFLOG|0|2023-12-09T00:15:30.843072Z|runtime|307e6b82-883c-4fff-99f6-15fcb9abac11]mean     9154.930945     63.188468  1.718866e+05  5.088178e+04   21190.290466   
[MFLOG|0|2023-12-09T00:15:30.843096Z|runtime|fb049c24-6ac4-4bfd-b84e-61b1a7429b0c]std     14296.865563     27.205695  1.697017e+05  4.731099e+04   21250.776922   
[MFLOG|0|2023-12-09T00:15:30.843121Z|runtime|852bcf11-637c-4154-b51a-a21d7a794cdd]min         0.000000      0.000000  6.000000e+02  0.000000e+00       0.000000   
[MFLOG|0|2023-12-09T00:15:30.843148Z|runtime|94046377-dd98-46fd-a87b-9be0e0fd95a2]25%      1235.000000     43.100000  5.000100e+04  2.211000e+04    7500.000000   
[MFLOG|0|2023-12-09T00:15:30.843176Z|runtime|440b2e27-1cc6-4198-8a09-78cdaba6ce5b]50%      4052.000000     67.100000  1.120710e+05  3.862600e+04   14700.000000   
[MFLOG|0|2023-12-09T00:15:30.843200Z|runtime|11330d38-0f11-4ed5-9cd1-101d4026f0b8]75%     10868.500000     87.000000  2.498060e+05  6.390300e+04   27600.000000   
[MFLOG|0|2023-12-09T00:15:30.843224Z|runtime|d647a2ce-52a5-41cc-b0bc-28491b052357]max    373005.000000    161.000000  2.711061e+06  1.094819e+06  560800.000000   
[MFLOG|0|2023-12-09T00:15:30.843248Z|runtime|e961a7aa-14a9-4ffa-8a8a-0dfc5e0f93e6]
[MFLOG|0|2023-12-09T00:15:30.843272Z|runtime|64b01320-6c56-407d-8600-f8c42d87ab9e]         totalIlLim  
[MFLOG|0|2023-12-09T00:15:30.843296Z|runtime|a9808d6e-02d4-4dce-9bfc-6e16aa159b1a]count  4.999900e+04  
[MFLOG|0|2023-12-09T00:15:30.843328Z|runtime|a2d59871-dee6-436f-a34a-6ca72009094c]mean   4.244567e+04  
[MFLOG|0|2023-12-09T00:15:30.843353Z|runtime|1d41183b-8217-4f2f-8917-a87982cb5271]std    4.329564e+04  
[MFLOG|0|2023-12-09T00:15:30.843378Z|runtime|536173dc-24ec-4a70-bfe0-8edd2042148b]min    0.000000e+00  
[MFLOG|0|2023-12-09T00:15:30.843402Z|runtime|d1be762e-2952-4561-bf9c-132668aeba86]25%    1.500000e+04  
[MFLOG|0|2023-12-09T00:15:30.843425Z|runtime|88d27ba3-fc58-4646-a8da-655b64f165b1]50%    3.200000e+04  
[MFLOG|0|2023-12-09T00:15:30.843449Z|runtime|7ba55701-f17b-4cd7-92ff-c1b4f6c16100]75%    5.679400e+04  
[MFLOG|0|2023-12-09T00:15:30.843473Z|runtime|257d7868-e8ea-4cd7-9742-0cf391f8e8ae]max    1.027358e+06  
