[MFLOG|0|2023-12-11T03:09:33.294612Z|runtime|52750bce-2d26-4ee0-bc8e-6d35f7d282ce]    amount        term  rate  payment grade          employment     length  \
[MFLOG|0|2023-12-11T03:09:33.334019Z|runtime|bcd21191-8e81-42f3-8806-b7afb251231f]0   8000.0   36 months  0.14   272.07     C       Warehouseman     3 years   
[MFLOG|0|2023-12-11T03:09:33.334117Z|runtime|4b0b0183-ee49-4624-b462-4806d0998e0d]1  11000.0   36 months  0.10   354.89     B      Vice President  10+ years   
[MFLOG|0|2023-12-11T03:09:33.334157Z|runtime|dcd3e95a-8e9c-48b7-aaab-b7deef308482]2  35000.0   36 months  0.15  1220.33     D      Owner/Attorney  10+ years   
[MFLOG|0|2023-12-11T03:09:33.334192Z|runtime|2aac67e3-bc31-4681-bfd3-1ece8db08ca0]3  20000.0   60 months  0.12   447.83     C             Analyst    2 years   
[MFLOG|0|2023-12-11T03:09:33.334220Z|runtime|604bdfce-655d-4cdc-a238-1dff6ed8b6db]4  12000.0   60 months  0.12   266.88     B  medical technician  10+ years   
[MFLOG|0|2023-12-11T03:09:33.334242Z|runtime|be656b5e-786a-4646-a5af-2c870df131de]
[MFLOG|0|2023-12-11T03:09:33.334268Z|runtime|24170fcf-a6fb-4f0d-9f11-c4c774f1e378]       home    income         verified       status              reason state  \
[MFLOG|0|2023-12-11T03:09:33.334288Z|runtime|ae91aa52-b3c0-4469-9187-139c901df4da]0      RENT   49966.0  Source Verified  Charged Off         credit_card    CA   
[MFLOG|0|2023-12-11T03:09:33.334308Z|runtime|b3ddfee3-06e8-44b6-be58-17a357692aab]1  MORTGAGE   50000.0     Not Verified   Fully Paid  debt_consolidation    PA   
[MFLOG|0|2023-12-11T03:09:33.334327Z|runtime|00a03623-5bcd-4f29-b255-8e31218096dc]2      RENT  360000.0         Verified      Current  debt_consolidation    CA   
[MFLOG|0|2023-12-11T03:09:33.334365Z|runtime|b8dd9c69-df57-4a45-a5d7-9a7b377fa47c]3  MORTGAGE   60000.0  Source Verified   Fully Paid  debt_consolidation    CA   
[MFLOG|0|2023-12-11T03:09:33.334384Z|runtime|52f4e58d-1b7d-4ab5-9b90-d98ade8ce600]4  MORTGAGE   64000.0  Source Verified      Current  debt_consolidation    NJ   
[MFLOG|0|2023-12-11T03:09:33.334407Z|runtime|fc2380ed-22f3-4105-bfc3-e5656991f45c]
[MFLOG|0|2023-12-11T03:09:33.334426Z|runtime|bb0274f9-7664-49f2-9ac9-b99cefa9536a]   debtIncRat  delinq2yr  inq6mth  openAcc  pubRec  revolRatio  totalAcc  \
[MFLOG|0|2023-12-11T03:09:33.334445Z|runtime|ed0396f0-cb65-4eb3-b0d0-f9f2975f5c70]0       30.05        0.0      0.0     11.0     0.0        0.55      15.0   
[MFLOG|0|2023-12-11T03:09:33.334467Z|runtime|0be3bf03-0339-413e-a6de-7e5e2f10f604]1        8.74        0.0      2.0     12.0     0.0        0.36      15.0   
[MFLOG|0|2023-12-11T03:09:33.334486Z|runtime|a6af40a8-7b68-4fa3-9603-59da27d37b3a]2       14.50        0.0      1.0      8.0     0.0        0.83      14.0   
[MFLOG|0|2023-12-11T03:09:33.334505Z|runtime|38a08c07-4492-4b4f-974a-071d3ca958a1]3       14.14        0.0      0.0     12.0     3.0        0.01      48.0   
[MFLOG|0|2023-12-11T03:09:33.334529Z|runtime|cd3d630d-e810-4931-877f-01181a6069ad]4        5.14        0.0      0.0      8.0     0.0        0.58      22.0   
[MFLOG|0|2023-12-11T03:09:33.334547Z|runtime|ee7e926f-b4c2-4b8d-95e7-db8053f45737]
[MFLOG|0|2023-12-11T03:09:33.334572Z|runtime|537331cd-329d-4991-b904-853059e84566]   totalBal  totalRevLim  accOpen24    avgBal   bcOpen  bcRatio  totalLim  \
[MFLOG|0|2023-12-11T03:09:33.334591Z|runtime|29a0660b-3441-4f65-916a-7b8a5a01ac8a]0   48054.0       8100.0        8.0    4369.0     43.0     95.7   60629.0   
[MFLOG|0|2023-12-11T03:09:33.334610Z|runtime|519a9a0b-ffa8-49b3-b47c-3ed481a57529]1  265838.0      33400.0        4.0   22153.0  19756.0     37.5  297500.0   
[MFLOG|0|2023-12-11T03:09:33.334633Z|runtime|88745339-a7e2-4ee3-8e83-e78e72887bb0]2  850150.0      83000.0        2.0  121450.0   7686.0     83.2  907300.0   
[MFLOG|0|2023-12-11T03:09:33.334656Z|runtime|5a7b14cf-2b15-4427-a094-dad573700160]3   20671.0      14200.0        8.0    1723.0  11061.0      1.2   46964.0   
[MFLOG|0|2023-12-11T03:09:33.334677Z|runtime|1203c7e8-435c-43f9-9778-335720914b38]4  128034.0      14600.0        3.0   18291.0   5904.0     58.4  134600.0   
[MFLOG|0|2023-12-11T03:09:33.334697Z|runtime|2668322c-f5b1-42b9-ab1e-053ac3fa0545]
[MFLOG|0|2023-12-11T03:09:33.334716Z|runtime|1fe8966a-3cbf-45ef-8a72-eb0c2638b9d2]   totalRevBal  totalBcLim  totalIlLim  
[MFLOG|0|2023-12-11T03:09:33.334736Z|runtime|897f1691-a1a2-4ce3-80da-173f63261dc1]0      48054.0      1000.0     52529.0  
[MFLOG|0|2023-12-11T03:09:33.334758Z|runtime|5d1cfac4-77f8-4be6-b21b-0db30d9c5f7e]1      11844.0     31600.0         0.0  
[MFLOG|0|2023-12-11T03:09:33.334777Z|runtime|4f2233e5-83c3-4c8d-aabd-8eaa936ff2c7]2     173260.0     83000.0    100000.0  
[MFLOG|0|2023-12-11T03:09:33.334797Z|runtime|fcc347d8-9039-4a98-9a84-6217109782bf]3      20671.0     11200.0     32764.0  
[MFLOG|0|2023-12-11T03:09:33.334817Z|runtime|4680b78c-e8d7-4866-862b-9fd88a39639e]4       8475.0     14200.0         0.0  
[MFLOG|0|2023-12-11T03:09:33.334835Z|runtime|95ae9119-a7d8-47d0-abd1-08986204be9a]Dimensions of the dataset: (50000, 30)
[MFLOG|0|2023-12-11T03:09:33.334860Z|runtime|aae0deb7-a1e7-4633-a291-beee09980880]             amount          rate       payment        income    debtIncRat  \
[MFLOG|0|2023-12-11T03:09:33.596116Z|runtime|3f8a3c8c-2247-42c1-b98f-87d711f6e0cb]count  49999.000000  49999.000000  49999.000000  4.999900e+04  49999.000000   
[MFLOG|0|2023-12-11T03:09:33.596206Z|runtime|14239321-10f2-476e-8acb-d414590b63da]mean   15145.527911      0.130407    442.737519  7.617379e+04     18.731157   
[MFLOG|0|2023-12-11T03:09:33.596235Z|runtime|c8fcd896-bdde-4b8e-b584-0cdb3b10bd38]std     8527.772776      0.044192    244.835744  6.523503e+04      8.444506   
[MFLOG|0|2023-12-11T03:09:33.596253Z|runtime|26d22a58-557b-4ab7-a248-d8acf7ab40c3]min     1000.000000      0.050000     30.540000  4.000000e+03      0.000000   
[MFLOG|0|2023-12-11T03:09:33.596270Z|runtime|1e2a381b-6f49-4c73-aedf-09c6c04957c6]25%     8500.000000      0.100000    265.840000  4.623850e+04     12.390000   
[MFLOG|0|2023-12-11T03:09:33.596288Z|runtime|d1062656-3362-41e6-ac94-7f99062baa2c]50%    13800.000000      0.130000    385.790000  6.500000e+04     18.210000   
[MFLOG|0|2023-12-11T03:09:33.596305Z|runtime|d4b0c133-bdba-439b-87d1-008e28a57b64]75%    20000.000000      0.160000    578.680000  9.000000e+04     24.730000   
[MFLOG|0|2023-12-11T03:09:33.596321Z|runtime|901238f8-77df-407e-811b-4945ae8364cf]max    35000.000000      0.290000   1407.010000  7.446395e+06     61.210000   
[MFLOG|0|2023-12-11T03:09:33.596339Z|runtime|e7f5546d-ae9f-45f0-aaac-f5df2dacbbb4]
[MFLOG|0|2023-12-11T03:09:33.596356Z|runtime|e01bcf8c-3f81-4b6b-9f79-4cdcf41b166c]          delinq2yr       inq6mth       openAcc        pubRec    revolRatio  \
[MFLOG|0|2023-12-11T03:09:33.596374Z|runtime|22096560-5309-4dc6-a328-fd909787c427]count  49999.000000  49999.000000  49999.000000  49999.000000  49981.000000   
[MFLOG|0|2023-12-11T03:09:33.596390Z|runtime|5dadfa73-c967-47bd-adb1-830ee52a741d]mean       0.346167      0.639553     11.849217      0.232925      0.546419   
[MFLOG|0|2023-12-11T03:09:33.596406Z|runtime|07c2296d-1371-420a-8ae3-9afec8524efb]std        0.907636      0.938869      5.524801      0.624342      0.236451   
[MFLOG|0|2023-12-11T03:09:33.596451Z|runtime|23c27511-2593-4bc7-ac3c-00c78ffd07d1]min        0.000000      0.000000      1.000000      0.000000      0.000000   
[MFLOG|0|2023-12-11T03:09:33.596508Z|runtime|17300cbb-c3cc-40b6-8331-28430bb67c16]25%        0.000000      0.000000      8.000000      0.000000      0.370000   
[MFLOG|0|2023-12-11T03:09:33.596533Z|runtime|77c868d4-8ee0-4837-8d80-1f10a21fdafa]50%        0.000000      0.000000     11.000000      0.000000      0.550000   
[MFLOG|0|2023-12-11T03:09:33.596552Z|runtime|b34e92d9-908b-4daa-90a5-a64933fe1548]75%        0.000000      1.000000     15.000000      0.000000      0.730000   
[MFLOG|0|2023-12-11T03:09:33.596570Z|runtime|de26cadd-f971-4c32-abf1-826e0de84552]max       15.000000      6.000000     76.000000     28.000000      1.670000   
[MFLOG|0|2023-12-11T03:09:33.596588Z|runtime|1276651d-1b46-4c95-8754-371084821941]
[MFLOG|0|2023-12-11T03:09:33.596606Z|runtime|d8a87201-bcec-4e6d-9385-bbb8518ff14d]           totalAcc      totalBal   totalRevLim     accOpen24         avgBal  \
[MFLOG|0|2023-12-11T03:09:33.596623Z|runtime|99a86e6c-f7ed-4df2-bc31-e525417fc440]count  49999.000000  4.999900e+04  4.999900e+04  49999.000000   49999.000000   
[MFLOG|0|2023-12-11T03:09:33.596641Z|runtime|9d443924-79e2-4475-a7ad-069c40a54ad7]mean      25.749595  1.397782e+05  3.243594e+04      4.557831   13189.526651   
[MFLOG|0|2023-12-11T03:09:33.596658Z|runtime|394c60ff-06d1-48c3-8022-6d0ab991dcfc]std       12.097421  1.526384e+05  3.269753e+04      3.079680   15561.787118   
[MFLOG|0|2023-12-11T03:09:33.596674Z|runtime|c9f900cd-1444-4d9f-aed6-5228487dbf44]min        3.000000  0.000000e+00  0.000000e+00      0.000000       0.000000   
[MFLOG|0|2023-12-11T03:09:33.596690Z|runtime|b1fb8d21-e2e2-4ca1-b275-f8d2fbf673f0]25%       17.000000  3.061900e+04  1.400000e+04      2.000000    3170.000000   
[MFLOG|0|2023-12-11T03:09:33.596708Z|runtime|983ce3a2-319d-4ef5-a5b3-a34d8d2034b8]50%       24.000000  8.107300e+04  2.400000e+04      4.000000    7356.000000   
[MFLOG|0|2023-12-11T03:09:33.596724Z|runtime|f36b3c29-ded8-44f7-9766-da8b273ac4c7]75%       33.000000  2.094385e+05  4.030000e+04      6.000000   18223.500000   
[MFLOG|0|2023-12-11T03:09:33.596741Z|runtime|9342ff6a-e4b6-4994-be38-904132e9cf2c]max      162.000000  2.552960e+06  1.060800e+06     50.000000  358652.000000   
[MFLOG|0|2023-12-11T03:09:33.596757Z|runtime|34e9c22e-8659-45ce-ad7d-fbeba77079c6]
[MFLOG|0|2023-12-11T03:09:33.596773Z|runtime|21651919-1098-4ad0-b49e-be24a2830357]              bcOpen       bcRatio      totalLim   totalRevBal     totalBcLim  \
[MFLOG|0|2023-12-11T03:09:33.596790Z|runtime|5a4bd4b6-7c9b-4fff-9e8c-76a97c5c850d]count   49511.000000  49479.000000  4.999900e+04  4.999900e+04   49999.000000   
[MFLOG|0|2023-12-11T03:09:33.596806Z|runtime|970eaded-74f1-475e-b99a-ef890801951c]mean     9154.930945     63.188468  1.718866e+05  5.088178e+04   21190.290466   
[MFLOG|0|2023-12-11T03:09:33.596822Z|runtime|62d8479c-be4d-476e-baee-b18ce11ae168]std     14296.865563     27.205695  1.697017e+05  4.731099e+04   21250.776922   
[MFLOG|0|2023-12-11T03:09:33.596839Z|runtime|d61543fb-a517-4c37-83d7-fa0fe6438f4a]min         0.000000      0.000000  6.000000e+02  0.000000e+00       0.000000   
[MFLOG|0|2023-12-11T03:09:33.596855Z|runtime|a265734a-c6d8-48a6-8865-cc25d1e07f89]25%      1235.000000     43.100000  5.000100e+04  2.211000e+04    7500.000000   
[MFLOG|0|2023-12-11T03:09:33.596871Z|runtime|1f97b637-fee8-4057-af8d-dee5618a4fde]50%      4052.000000     67.100000  1.120710e+05  3.862600e+04   14700.000000   
[MFLOG|0|2023-12-11T03:09:33.596888Z|runtime|2070f160-6f31-4e9c-9220-2828ce1f363b]75%     10868.500000     87.000000  2.498060e+05  6.390300e+04   27600.000000   
[MFLOG|0|2023-12-11T03:09:33.596904Z|runtime|39278830-803c-45ff-87f8-dbbe60983bec]max    373005.000000    161.000000  2.711061e+06  1.094819e+06  560800.000000   
[MFLOG|0|2023-12-11T03:09:33.596920Z|runtime|ea52947a-5421-486f-bf6c-e722bd93fed3]
[MFLOG|0|2023-12-11T03:09:33.596936Z|runtime|614658df-5a79-4c4b-ad4d-c60a918f6a65]         totalIlLim  
[MFLOG|0|2023-12-11T03:09:33.596956Z|runtime|4fc7d912-0309-4b32-a436-95481f7e49b0]count  4.999900e+04  
[MFLOG|0|2023-12-11T03:09:33.596973Z|runtime|5357b7d1-1e9b-44a4-a68e-b2e515f84087]mean   4.244567e+04  
[MFLOG|0|2023-12-11T03:09:33.596989Z|runtime|0d8fd7c4-9087-46f1-8237-b75dd3401851]std    4.329564e+04  
[MFLOG|0|2023-12-11T03:09:33.597010Z|runtime|b36c53b2-eb6f-4d17-8093-fc4f214cbc4d]min    0.000000e+00  
[MFLOG|0|2023-12-11T03:09:33.597026Z|runtime|07ee67bf-c34e-45c6-9b0f-bab9d4a14b15]25%    1.500000e+04  
[MFLOG|0|2023-12-11T03:09:33.597043Z|runtime|71c99f95-0677-40d4-85ea-f129bd8c4f9b]50%    3.200000e+04  
[MFLOG|0|2023-12-11T03:09:33.597059Z|runtime|952c6fdd-1afb-4822-b32b-c4c4fafc414a]75%    5.679400e+04  
[MFLOG|0|2023-12-11T03:09:33.597075Z|runtime|73c649cd-c36e-4d8d-b885-8d6044913a62]max    1.027358e+06  
