[MFLOG|0|2023-12-09T00:53:24.682696Z|runtime|dd49335e-efad-4624-9dda-db2ebb27c90d]    amount        term  rate  payment grade          employment     length  \
[MFLOG|0|2023-12-09T00:53:24.748270Z|runtime|08e78fe6-d86a-4f1c-b3eb-75d6479ff209]0   8000.0   36 months  0.14   272.07     C       Warehouseman     3 years   
[MFLOG|0|2023-12-09T00:53:24.748412Z|runtime|93f5a08c-5935-4e2e-bcc6-9a7851c58a20]1  11000.0   36 months  0.10   354.89     B      Vice President  10+ years   
[MFLOG|0|2023-12-09T00:53:24.748481Z|runtime|679b2761-5f13-401e-a72c-673deaa89557]2  35000.0   36 months  0.15  1220.33     D      Owner/Attorney  10+ years   
[MFLOG|0|2023-12-09T00:53:24.748532Z|runtime|98d5269a-0458-4021-b9af-88a42185a36e]3  20000.0   60 months  0.12   447.83     C             Analyst    2 years   
[MFLOG|0|2023-12-09T00:53:24.748567Z|runtime|eb78dedb-2ec5-443d-a5a3-67d4bf25c0fe]4  12000.0   60 months  0.12   266.88     B  medical technician  10+ years   
[MFLOG|0|2023-12-09T00:53:24.748606Z|runtime|8d9b44d4-06f2-4f7f-84b2-7c5f5cbfa896]
[MFLOG|0|2023-12-09T00:53:24.748644Z|runtime|b36d7414-30bf-49cd-b1ca-80d99e9c8fa2]       home    income         verified       status              reason state  \
[MFLOG|0|2023-12-09T00:53:24.748688Z|runtime|517ba1bb-c051-40e5-8a25-e2abce175505]0      RENT   49966.0  Source Verified  Charged Off         credit_card    CA   
[MFLOG|0|2023-12-09T00:53:24.748723Z|runtime|61828476-d336-409f-8715-5d83913bae0f]1  MORTGAGE   50000.0     Not Verified   Fully Paid  debt_consolidation    PA   
[MFLOG|0|2023-12-09T00:53:24.748752Z|runtime|45981eb9-1289-4b07-9063-44a6860cac20]2      RENT  360000.0         Verified      Current  debt_consolidation    CA   
[MFLOG|0|2023-12-09T00:53:24.748781Z|runtime|344c9511-1e19-4036-86c0-f9a40e3cb53e]3  MORTGAGE   60000.0  Source Verified   Fully Paid  debt_consolidation    CA   
[MFLOG|0|2023-12-09T00:53:24.748809Z|runtime|ab309639-b4ea-455a-83b3-0e53b267fb87]4  MORTGAGE   64000.0  Source Verified      Current  debt_consolidation    NJ   
[MFLOG|0|2023-12-09T00:53:24.748841Z|runtime|e5dd88c3-2937-4ba0-9405-2d3952f2c1ca]
[MFLOG|0|2023-12-09T00:53:24.748878Z|runtime|8ae88dd6-667a-4ea3-bf20-234649e269bc]   debtIncRat  delinq2yr  inq6mth  openAcc  pubRec  revolRatio  totalAcc  \
[MFLOG|0|2023-12-09T00:53:24.748907Z|runtime|fbeac49a-6f4e-4d02-8c59-f9b039f7a3f6]0       30.05        0.0      0.0     11.0     0.0        0.55      15.0   
[MFLOG|0|2023-12-09T00:53:24.748938Z|runtime|713623c0-4b96-41db-956e-5c0471e88cea]1        8.74        0.0      2.0     12.0     0.0        0.36      15.0   
[MFLOG|0|2023-12-09T00:53:24.748971Z|runtime|01191b77-f3b5-4bcf-9e08-7d99b676b827]2       14.50        0.0      1.0      8.0     0.0        0.83      14.0   
[MFLOG|0|2023-12-09T00:53:24.748999Z|runtime|ffe0b13f-2a9b-42b7-9b83-1794ed793832]3       14.14        0.0      0.0     12.0     3.0        0.01      48.0   
[MFLOG|0|2023-12-09T00:53:24.749026Z|runtime|6f7aa887-5cef-4161-b81c-8992ca731593]4        5.14        0.0      0.0      8.0     0.0        0.58      22.0   
[MFLOG|0|2023-12-09T00:53:24.749053Z|runtime|f80d3fbb-d67d-4a19-82dc-248f89ac8b1b]
[MFLOG|0|2023-12-09T00:53:24.749085Z|runtime|ee85cd18-b59f-4b4c-965e-57dab812c203]   totalBal  totalRevLim  accOpen24    avgBal   bcOpen  bcRatio  totalLim  \
[MFLOG|0|2023-12-09T00:53:24.749124Z|runtime|56922c6e-b90f-4541-aef4-2bb95648ef9a]0   48054.0       8100.0        8.0    4369.0     43.0     95.7   60629.0   
[MFLOG|0|2023-12-09T00:53:24.749152Z|runtime|4ba69ff1-2b02-4748-b273-1afefaefd7c6]1  265838.0      33400.0        4.0   22153.0  19756.0     37.5  297500.0   
[MFLOG|0|2023-12-09T00:53:24.749180Z|runtime|80be31f9-963a-4f74-b797-b1a793f01f96]2  850150.0      83000.0        2.0  121450.0   7686.0     83.2  907300.0   
[MFLOG|0|2023-12-09T00:53:24.749208Z|runtime|758b9c12-da29-4768-ad37-e794e545756d]3   20671.0      14200.0        8.0    1723.0  11061.0      1.2   46964.0   
[MFLOG|0|2023-12-09T00:53:24.749240Z|runtime|7a41e601-c77d-4aff-ad48-cf4354b758ae]4  128034.0      14600.0        3.0   18291.0   5904.0     58.4  134600.0   
[MFLOG|0|2023-12-09T00:53:24.749274Z|runtime|15e27afb-ea47-4b15-93bd-1008ae7f34e7]
[MFLOG|0|2023-12-09T00:53:24.749306Z|runtime|59016e9d-4b11-4409-af4e-8d3f30f85d76]   totalRevBal  totalBcLim  totalIlLim  
[MFLOG|0|2023-12-09T00:53:24.749337Z|runtime|65be00e5-85cb-4af2-927c-3ebccbace259]0      48054.0      1000.0     52529.0  
[MFLOG|0|2023-12-09T00:53:24.749369Z|runtime|79b43794-7513-4b0d-96ac-5567b8fba9e0]1      11844.0     31600.0         0.0  
[MFLOG|0|2023-12-09T00:53:24.749399Z|runtime|0aeae429-24c5-49f7-bd60-b1dc61c800d4]2     173260.0     83000.0    100000.0  
[MFLOG|0|2023-12-09T00:53:24.749432Z|runtime|f3b0217e-a0cb-43d4-a884-d22809c1ea51]3      20671.0     11200.0     32764.0  
[MFLOG|0|2023-12-09T00:53:24.749466Z|runtime|f4390eba-b39f-4d97-828e-3c44a6215ce9]4       8475.0     14200.0         0.0  
[MFLOG|0|2023-12-09T00:53:24.749495Z|runtime|0225055f-5762-4b9c-9fc5-bbcaa361be4d]Dimensions of the dataset: (50000, 30)
[MFLOG|0|2023-12-09T00:53:24.749527Z|runtime|c5e4bf6b-c5f7-4f90-ac5f-77dc4491a73b]             amount          rate       payment        income    debtIncRat  \
[MFLOG|0|2023-12-09T00:53:25.009508Z|runtime|7dd0c52a-d642-482a-b36c-5324764bdd15]count  49999.000000  49999.000000  49999.000000  4.999900e+04  49999.000000   
[MFLOG|0|2023-12-09T00:53:25.009623Z|runtime|d93abced-9189-45cf-a88a-3fdd9c3657ab]mean   15145.527911      0.130407    442.737519  7.617379e+04     18.731157   
[MFLOG|0|2023-12-09T00:53:25.009656Z|runtime|89654c8a-cf97-4f0e-b207-34481dbf860e]std     8527.772776      0.044192    244.835744  6.523503e+04      8.444506   
[MFLOG|0|2023-12-09T00:53:25.009691Z|runtime|2ccd2bf5-ed28-44ea-aae2-ad6d4865c02e]min     1000.000000      0.050000     30.540000  4.000000e+03      0.000000   
[MFLOG|0|2023-12-09T00:53:25.009723Z|runtime|a8890f06-3601-46a6-8533-ff6b454e59de]25%     8500.000000      0.100000    265.840000  4.623850e+04     12.390000   
[MFLOG|0|2023-12-09T00:53:25.009748Z|runtime|9e85a59d-68e4-460e-a65e-2022f3269031]50%    13800.000000      0.130000    385.790000  6.500000e+04     18.210000   
[MFLOG|0|2023-12-09T00:53:25.009776Z|runtime|32ada48d-6a52-439f-9131-77c6e0383c08]75%    20000.000000      0.160000    578.680000  9.000000e+04     24.730000   
[MFLOG|0|2023-12-09T00:53:25.009804Z|runtime|ae10d915-c1b6-4793-84a9-1cf042dd1806]max    35000.000000      0.290000   1407.010000  7.446395e+06     61.210000   
[MFLOG|0|2023-12-09T00:53:25.009834Z|runtime|a5da3139-4129-41fc-b7e9-2b0abf9a901a]
[MFLOG|0|2023-12-09T00:53:25.009868Z|runtime|2712f84a-5474-4488-aa29-9a4200dd7f1e]          delinq2yr       inq6mth       openAcc        pubRec    revolRatio  \
[MFLOG|0|2023-12-09T00:53:25.009892Z|runtime|ec5a74d0-2732-45dc-b598-627f3437984d]count  49999.000000  49999.000000  49999.000000  49999.000000  49981.000000   
[MFLOG|0|2023-12-09T00:53:25.009919Z|runtime|ed857530-903b-4880-a035-9a21351ff7d1]mean       0.346167      0.639553     11.849217      0.232925      0.546419   
[MFLOG|0|2023-12-09T00:53:25.009949Z|runtime|4197bdfc-204c-40a6-8aa5-0cb23bcb8b64]std        0.907636      0.938869      5.524801      0.624342      0.236451   
[MFLOG|0|2023-12-09T00:53:25.009976Z|runtime|e06d8a73-1609-45af-9eed-0fef74ad60e8]min        0.000000      0.000000      1.000000      0.000000      0.000000   
[MFLOG|0|2023-12-09T00:53:25.010000Z|runtime|7cee7593-c72e-4512-8687-c63e1a246177]25%        0.000000      0.000000      8.000000      0.000000      0.370000   
[MFLOG|0|2023-12-09T00:53:25.010027Z|runtime|4a9e6ef7-54c8-468d-9340-90219fb466bc]50%        0.000000      0.000000     11.000000      0.000000      0.550000   
[MFLOG|0|2023-12-09T00:53:25.010055Z|runtime|1df6a172-deb3-4c63-bd31-33ec59171c8c]75%        0.000000      1.000000     15.000000      0.000000      0.730000   
[MFLOG|0|2023-12-09T00:53:25.010082Z|runtime|b98fef13-3306-4e24-b213-6b4b4e013336]max       15.000000      6.000000     76.000000     28.000000      1.670000   
[MFLOG|0|2023-12-09T00:53:25.010110Z|runtime|598dafa4-a67f-44d0-ab8d-db1134054f8b]
[MFLOG|0|2023-12-09T00:53:25.010136Z|runtime|8cebbcf3-5201-461e-8001-8a8d9877f9ec]           totalAcc      totalBal   totalRevLim     accOpen24         avgBal  \
[MFLOG|0|2023-12-09T00:53:25.010161Z|runtime|db6be253-dc86-4a45-a426-39dc89e9a79f]count  49999.000000  4.999900e+04  4.999900e+04  49999.000000   49999.000000   
[MFLOG|0|2023-12-09T00:53:25.010189Z|runtime|0b9d33de-1d4f-42f3-9982-a456532fc199]mean      25.749595  1.397782e+05  3.243594e+04      4.557831   13189.526651   
[MFLOG|0|2023-12-09T00:53:25.010215Z|runtime|de6a8051-112f-4311-a132-d5947e1fad02]std       12.097421  1.526384e+05  3.269753e+04      3.079680   15561.787118   
[MFLOG|0|2023-12-09T00:53:25.010239Z|runtime|b2309650-727f-4272-a383-b1b9af377ed0]min        3.000000  0.000000e+00  0.000000e+00      0.000000       0.000000   
[MFLOG|0|2023-12-09T00:53:25.010263Z|runtime|868a81e7-8143-4c61-98f4-49000000d7ff]25%       17.000000  3.061900e+04  1.400000e+04      2.000000    3170.000000   
[MFLOG|0|2023-12-09T00:53:25.010288Z|runtime|aae8fc10-af73-4279-b7b0-6333c6413544]50%       24.000000  8.107300e+04  2.400000e+04      4.000000    7356.000000   
[MFLOG|0|2023-12-09T00:53:25.010313Z|runtime|18e89e74-be4e-4809-af84-4592afe0f4b3]75%       33.000000  2.094385e+05  4.030000e+04      6.000000   18223.500000   
[MFLOG|0|2023-12-09T00:53:25.010336Z|runtime|d8a17a0c-a460-43b3-82e3-2bc125198359]max      162.000000  2.552960e+06  1.060800e+06     50.000000  358652.000000   
[MFLOG|0|2023-12-09T00:53:25.010360Z|runtime|c91385f1-ffb0-4424-a828-68f8397ac370]
[MFLOG|0|2023-12-09T00:53:25.010384Z|runtime|2bd7beff-c14d-45ed-a73c-6cde1dd7ccd0]              bcOpen       bcRatio      totalLim   totalRevBal     totalBcLim  \
[MFLOG|0|2023-12-09T00:53:25.010408Z|runtime|afdf68c1-c5b5-4507-b19d-32f69e14b73c]count   49511.000000  49479.000000  4.999900e+04  4.999900e+04   49999.000000   
[MFLOG|0|2023-12-09T00:53:25.010432Z|runtime|2fa8f334-e94b-40df-8e76-bfd2c5bed98c]mean     9154.930945     63.188468  1.718866e+05  5.088178e+04   21190.290466   
[MFLOG|0|2023-12-09T00:53:25.010456Z|runtime|37899f03-901d-4ce9-b8ff-94792f7e0432]std     14296.865563     27.205695  1.697017e+05  4.731099e+04   21250.776922   
[MFLOG|0|2023-12-09T00:53:25.010480Z|runtime|2154ff2d-e0ac-451c-8872-da31813d4a0c]min         0.000000      0.000000  6.000000e+02  0.000000e+00       0.000000   
[MFLOG|0|2023-12-09T00:53:25.010504Z|runtime|5fffdd3a-c54d-4abe-8962-d7e53082ce98]25%      1235.000000     43.100000  5.000100e+04  2.211000e+04    7500.000000   
[MFLOG|0|2023-12-09T00:53:25.010528Z|runtime|e68a0c39-3d04-46a0-bbdc-b951e683ed55]50%      4052.000000     67.100000  1.120710e+05  3.862600e+04   14700.000000   
[MFLOG|0|2023-12-09T00:53:25.010552Z|runtime|312eabe2-2bc1-4975-8cac-2c52dab8980f]75%     10868.500000     87.000000  2.498060e+05  6.390300e+04   27600.000000   
[MFLOG|0|2023-12-09T00:53:25.010575Z|runtime|ce285d7b-61c4-4a87-9d8a-703e0977125d]max    373005.000000    161.000000  2.711061e+06  1.094819e+06  560800.000000   
[MFLOG|0|2023-12-09T00:53:25.010599Z|runtime|43d8dd38-a2cd-4a1f-ab21-b3cac44949bc]
[MFLOG|0|2023-12-09T00:53:25.010623Z|runtime|e3f08263-d7fc-4963-a6e2-3c75024b62d4]         totalIlLim  
[MFLOG|0|2023-12-09T00:53:25.010652Z|runtime|ac68d42a-60bd-4839-9f20-f95ac2aea918]count  4.999900e+04  
[MFLOG|0|2023-12-09T00:53:25.010676Z|runtime|ede636b2-c13a-4cc9-a7bc-f318ff79d3c3]mean   4.244567e+04  
[MFLOG|0|2023-12-09T00:53:25.010700Z|runtime|bdabd953-2c35-466f-b39a-f54955d26819]std    4.329564e+04  
[MFLOG|0|2023-12-09T00:53:25.010724Z|runtime|cc93055b-cad7-42a3-beda-2a56a236577c]min    0.000000e+00  
[MFLOG|0|2023-12-09T00:53:25.010748Z|runtime|669ce8a0-21dc-4c9e-b14c-86150bca527d]25%    1.500000e+04  
[MFLOG|0|2023-12-09T00:53:25.010772Z|runtime|0649805b-7782-443a-968e-3903294df598]50%    3.200000e+04  
[MFLOG|0|2023-12-09T00:53:25.010795Z|runtime|5313b048-fadf-4f86-a1dc-33f13753480d]75%    5.679400e+04  
[MFLOG|0|2023-12-09T00:53:25.010819Z|runtime|3e00d365-bb2a-4e1f-867d-8eea6a6606cb]max    1.027358e+06  
