[MFLOG|0|2023-12-12T00:43:41.280653Z|runtime|86680924-5715-4c94-941b-d2f3ebc8dd68]    amount        term  rate  payment grade          employment     length  \
[MFLOG|0|2023-12-12T00:43:41.321145Z|runtime|3df28415-f493-4fb2-abb5-aaa9293c1097]0   8000.0   36 months  0.14   272.07     C       Warehouseman     3 years   
[MFLOG|0|2023-12-12T00:43:41.321242Z|runtime|e3f3b8b4-cfa4-4030-8e1a-9323b5436f2b]1  11000.0   36 months  0.10   354.89     B      Vice President  10+ years   
[MFLOG|0|2023-12-12T00:43:41.321309Z|runtime|06bc0a1c-b8d8-4a59-a9d0-c1fbf31bb695]2  35000.0   36 months  0.15  1220.33     D      Owner/Attorney  10+ years   
[MFLOG|0|2023-12-12T00:43:41.321350Z|runtime|5e73485c-6635-428e-b43a-58c7b0a0ba90]3  20000.0   60 months  0.12   447.83     C             Analyst    2 years   
[MFLOG|0|2023-12-12T00:43:41.321386Z|runtime|e8858153-1924-43ed-b2c7-501781979a0d]4  12000.0   60 months  0.12   266.88     B  medical technician  10+ years   
[MFLOG|0|2023-12-12T00:43:41.321410Z|runtime|ca05303a-91e0-4b8d-9da8-b7ba43d6608f]
[MFLOG|0|2023-12-12T00:43:41.321431Z|runtime|8378d144-44f5-4ed0-9c7b-ab64bd8dddec]       home    income         verified       status              reason state  \
[MFLOG|0|2023-12-12T00:43:41.321453Z|runtime|5238aa86-315e-4ac2-8ec1-ea9aa63bff07]0      RENT   49966.0  Source Verified  Charged Off         credit_card    CA   
[MFLOG|0|2023-12-12T00:43:41.321480Z|runtime|8fd9d41d-a096-465f-a68d-64c51f0bc499]1  MORTGAGE   50000.0     Not Verified   Fully Paid  debt_consolidation    PA   
[MFLOG|0|2023-12-12T00:43:41.321509Z|runtime|f3153305-40fa-4a17-97d4-cb5f1a89d161]2      RENT  360000.0         Verified      Current  debt_consolidation    CA   
[MFLOG|0|2023-12-12T00:43:41.321531Z|runtime|1d6c184a-0f15-46fa-96e4-91b77768a192]3  MORTGAGE   60000.0  Source Verified   Fully Paid  debt_consolidation    CA   
[MFLOG|0|2023-12-12T00:43:41.321550Z|runtime|93dfaf55-0175-45df-b207-f7d2c16933d6]4  MORTGAGE   64000.0  Source Verified      Current  debt_consolidation    NJ   
[MFLOG|0|2023-12-12T00:43:41.321569Z|runtime|5af6e967-25bc-4220-bc17-50b9107928cf]
[MFLOG|0|2023-12-12T00:43:41.321590Z|runtime|af3ebc13-f34f-4e66-87e6-c173fcab91f4]   debtIncRat  delinq2yr  inq6mth  openAcc  pubRec  revolRatio  totalAcc  \
[MFLOG|0|2023-12-12T00:43:41.321608Z|runtime|d1491b78-9689-4bf8-b6fc-53348f0d4d96]0       30.05        0.0      0.0     11.0     0.0        0.55      15.0   
[MFLOG|0|2023-12-12T00:43:41.321629Z|runtime|f1147df4-08e9-4f23-b1fc-bca00c8d7cf8]1        8.74        0.0      2.0     12.0     0.0        0.36      15.0   
[MFLOG|0|2023-12-12T00:43:41.321651Z|runtime|0e358660-c572-4258-89eb-27f0326f619c]2       14.50        0.0      1.0      8.0     0.0        0.83      14.0   
[MFLOG|0|2023-12-12T00:43:41.321681Z|runtime|30b38965-6942-4172-a1d5-2f772020a9bd]3       14.14        0.0      0.0     12.0     3.0        0.01      48.0   
[MFLOG|0|2023-12-12T00:43:41.321700Z|runtime|49413074-4599-4629-9dcc-8bfd894cbef3]4        5.14        0.0      0.0      8.0     0.0        0.58      22.0   
[MFLOG|0|2023-12-12T00:43:41.321718Z|runtime|3aba7f04-a63a-4b4a-8815-68ee0fded600]
[MFLOG|0|2023-12-12T00:43:41.321740Z|runtime|35a99fa8-d995-4c1b-940f-3af49f4491af]   totalBal  totalRevLim  accOpen24    avgBal   bcOpen  bcRatio  totalLim  \
[MFLOG|0|2023-12-12T00:43:41.321760Z|runtime|e381d596-08d8-4e4b-8fa6-baeba15a024b]0   48054.0       8100.0        8.0    4369.0     43.0     95.7   60629.0   
[MFLOG|0|2023-12-12T00:43:41.321780Z|runtime|f47913e4-ae86-4f1f-bc9c-f6565575bd5c]1  265838.0      33400.0        4.0   22153.0  19756.0     37.5  297500.0   
[MFLOG|0|2023-12-12T00:43:41.321804Z|runtime|1f1b7d31-49ac-46a7-ae45-b2532837dfa9]2  850150.0      83000.0        2.0  121450.0   7686.0     83.2  907300.0   
[MFLOG|0|2023-12-12T00:43:41.321823Z|runtime|48b3b2fb-4146-47ce-9710-943c95bee50a]3   20671.0      14200.0        8.0    1723.0  11061.0      1.2   46964.0   
[MFLOG|0|2023-12-12T00:43:41.321842Z|runtime|19388ef1-9411-48c9-ae0f-5820a08285c3]4  128034.0      14600.0        3.0   18291.0   5904.0     58.4  134600.0   
[MFLOG|0|2023-12-12T00:43:41.321864Z|runtime|80d082a6-9343-4efe-938d-269b92397f5c]
[MFLOG|0|2023-12-12T00:43:41.321884Z|runtime|f56ee2fc-9bed-4f6d-b85a-ea560bfed924]   totalRevBal  totalBcLim  totalIlLim  
[MFLOG|0|2023-12-12T00:43:41.321903Z|runtime|07ac2bc0-6454-40dc-bf80-4ccc14fa28b5]0      48054.0      1000.0     52529.0  
[MFLOG|0|2023-12-12T00:43:41.321926Z|runtime|44c15059-408a-4334-a16f-539d4afedf18]1      11844.0     31600.0         0.0  
[MFLOG|0|2023-12-12T00:43:41.321947Z|runtime|2832d816-784c-4884-8daf-37ed42e39684]2     173260.0     83000.0    100000.0  
[MFLOG|0|2023-12-12T00:43:41.321966Z|runtime|83041e09-678e-4f68-8ed4-8cb0b197e9ac]3      20671.0     11200.0     32764.0  
[MFLOG|0|2023-12-12T00:43:41.321985Z|runtime|5d744424-a99d-41d8-9e91-7d121a989559]4       8475.0     14200.0         0.0  
[MFLOG|0|2023-12-12T00:43:41.322004Z|runtime|175e9233-ed55-4042-9b43-61d8ee111c25]Dimensions of the dataset: (50000, 30)
[MFLOG|0|2023-12-12T00:43:41.322026Z|runtime|ddb863ed-4709-4a53-8585-4e67d6b4a5f1]             amount          rate       payment        income    debtIncRat  \
[MFLOG|0|2023-12-12T00:43:41.580374Z|runtime|217042b2-1a90-42a8-9d6f-15d2862bdc07]count  49999.000000  49999.000000  49999.000000  4.999900e+04  49999.000000   
[MFLOG|0|2023-12-12T00:43:41.580499Z|runtime|7fc493b7-4860-4e2b-bcc4-5ad48a002e46]mean   15145.527911      0.130407    442.737519  7.617379e+04     18.731157   
[MFLOG|0|2023-12-12T00:43:41.580523Z|runtime|8c0a2258-7928-41ba-b1a0-89f2beda8083]std     8527.772776      0.044192    244.835744  6.523503e+04      8.444506   
[MFLOG|0|2023-12-12T00:43:41.580548Z|runtime|dce9237f-7f91-4e91-b2eb-89c13b37335f]min     1000.000000      0.050000     30.540000  4.000000e+03      0.000000   
[MFLOG|0|2023-12-12T00:43:41.580566Z|runtime|1ec668f6-c383-4a4a-af15-398c99e8ad6e]25%     8500.000000      0.100000    265.840000  4.623850e+04     12.390000   
[MFLOG|0|2023-12-12T00:43:41.580582Z|runtime|90e16599-8e82-4c5e-b226-d8cb2a18b881]50%    13800.000000      0.130000    385.790000  6.500000e+04     18.210000   
[MFLOG|0|2023-12-12T00:43:41.580604Z|runtime|8a1e6131-e792-424c-9f1b-d2d6a70abb77]75%    20000.000000      0.160000    578.680000  9.000000e+04     24.730000   
[MFLOG|0|2023-12-12T00:43:41.580625Z|runtime|7988cdce-828d-475e-abda-fd7f3e26d271]max    35000.000000      0.290000   1407.010000  7.446395e+06     61.210000   
[MFLOG|0|2023-12-12T00:43:41.580641Z|runtime|e2ed798c-bae5-4b8a-aa5f-5b32ff777c59]
[MFLOG|0|2023-12-12T00:43:41.580658Z|runtime|5dfa946e-2735-47d6-8ae2-ffa6a19160fd]          delinq2yr       inq6mth       openAcc        pubRec    revolRatio  \
[MFLOG|0|2023-12-12T00:43:41.580683Z|runtime|43c61f16-4da4-4cf3-a93e-7cd4374b70c7]count  49999.000000  49999.000000  49999.000000  49999.000000  49981.000000   
[MFLOG|0|2023-12-12T00:43:41.580705Z|runtime|93bc39f7-760a-4be7-9296-db0ce332d4f0]mean       0.346167      0.639553     11.849217      0.232925      0.546419   
[MFLOG|0|2023-12-12T00:43:41.580722Z|runtime|15b02939-9222-44df-b472-d6acd570dcbb]std        0.907636      0.938869      5.524801      0.624342      0.236451   
[MFLOG|0|2023-12-12T00:43:41.580738Z|runtime|2a6ba7f9-d430-4e11-9d2c-f2c25f80d2d6]min        0.000000      0.000000      1.000000      0.000000      0.000000   
[MFLOG|0|2023-12-12T00:43:41.580754Z|runtime|ed022593-f89a-4f53-90f5-3ec8076c8e22]25%        0.000000      0.000000      8.000000      0.000000      0.370000   
[MFLOG|0|2023-12-12T00:43:41.580771Z|runtime|e7908e2d-edc4-4289-bb78-a5c1fe48f386]50%        0.000000      0.000000     11.000000      0.000000      0.550000   
[MFLOG|0|2023-12-12T00:43:41.580787Z|runtime|cd561c97-b517-4818-86de-9f8d7076851e]75%        0.000000      1.000000     15.000000      0.000000      0.730000   
[MFLOG|0|2023-12-12T00:43:41.580806Z|runtime|8bcf7c87-0b86-4ba5-a5f5-5889e7344c7c]max       15.000000      6.000000     76.000000     28.000000      1.670000   
[MFLOG|0|2023-12-12T00:43:41.580826Z|runtime|97283220-1f62-4ca4-bc9a-7eff27ab343b]
[MFLOG|0|2023-12-12T00:43:41.580845Z|runtime|59ed2c6a-68ed-4d3d-bf73-c27e627d4c31]           totalAcc      totalBal   totalRevLim     accOpen24         avgBal  \
[MFLOG|0|2023-12-12T00:43:41.580861Z|runtime|67bb0ebc-91f4-4cea-af24-eac6169c8b20]count  49999.000000  4.999900e+04  4.999900e+04  49999.000000   49999.000000   
[MFLOG|0|2023-12-12T00:43:41.580878Z|runtime|9e5d33f6-1b64-4027-a4cc-4d2b1b825e3e]mean      25.749595  1.397782e+05  3.243594e+04      4.557831   13189.526651   
[MFLOG|0|2023-12-12T00:43:41.580894Z|runtime|f1e3970e-561c-4c8e-86b5-28cbc7c12491]std       12.097421  1.526384e+05  3.269753e+04      3.079680   15561.787118   
[MFLOG|0|2023-12-12T00:43:41.580910Z|runtime|f13178cc-d89d-4ad1-83a3-0ec403b75619]min        3.000000  0.000000e+00  0.000000e+00      0.000000       0.000000   
[MFLOG|0|2023-12-12T00:43:41.580926Z|runtime|1786dac4-22bc-448c-bf58-22d71b2030a3]25%       17.000000  3.061900e+04  1.400000e+04      2.000000    3170.000000   
[MFLOG|0|2023-12-12T00:43:41.580949Z|runtime|7ddca3c6-e3cc-4dcd-8235-ec650bbb7c75]50%       24.000000  8.107300e+04  2.400000e+04      4.000000    7356.000000   
[MFLOG|0|2023-12-12T00:43:41.580965Z|runtime|60e946b3-6b5c-4833-9238-1fa98fd4dc52]75%       33.000000  2.094385e+05  4.030000e+04      6.000000   18223.500000   
[MFLOG|0|2023-12-12T00:43:41.580981Z|runtime|cb8cdc31-1fb4-485b-974c-e80bedd616d7]max      162.000000  2.552960e+06  1.060800e+06     50.000000  358652.000000   
[MFLOG|0|2023-12-12T00:43:41.580997Z|runtime|96c7ec90-24e4-4380-ba0a-c820c66ed4f2]
[MFLOG|0|2023-12-12T00:43:41.581015Z|runtime|887dd375-08f5-40db-9d50-a851c61779c2]              bcOpen       bcRatio      totalLim   totalRevBal     totalBcLim  \
[MFLOG|0|2023-12-12T00:43:41.581031Z|runtime|011c6f08-e66b-4606-95e6-34f2b82a3c72]count   49511.000000  49479.000000  4.999900e+04  4.999900e+04   49999.000000   
[MFLOG|0|2023-12-12T00:43:41.581048Z|runtime|a8eb5d9a-3ea0-4507-8aa3-9f5b3bb72ae0]mean     9154.930945     63.188468  1.718866e+05  5.088178e+04   21190.290466   
[MFLOG|0|2023-12-12T00:43:41.581064Z|runtime|08a1db81-a2d0-4acb-93f5-58f98ad4d00d]std     14296.865563     27.205695  1.697017e+05  4.731099e+04   21250.776922   
[MFLOG|0|2023-12-12T00:43:41.581081Z|runtime|ccf686bc-90ed-48aa-ab62-f3e163a5d778]min         0.000000      0.000000  6.000000e+02  0.000000e+00       0.000000   
[MFLOG|0|2023-12-12T00:43:41.581097Z|runtime|d1238f89-f8d1-41fe-ba5c-540ef1e845de]25%      1235.000000     43.100000  5.000100e+04  2.211000e+04    7500.000000   
[MFLOG|0|2023-12-12T00:43:41.581113Z|runtime|cd542b4c-8191-4151-b775-27fe7da0f025]50%      4052.000000     67.100000  1.120710e+05  3.862600e+04   14700.000000   
[MFLOG|0|2023-12-12T00:43:41.581130Z|runtime|9b05a8a2-e134-48ae-96a6-6c9e7cbc408e]75%     10868.500000     87.000000  2.498060e+05  6.390300e+04   27600.000000   
[MFLOG|0|2023-12-12T00:43:41.581146Z|runtime|bc5f384f-e74c-4060-90e9-add471097560]max    373005.000000    161.000000  2.711061e+06  1.094819e+06  560800.000000   
[MFLOG|0|2023-12-12T00:43:41.581162Z|runtime|2e5dde16-d6de-4400-9533-922169310598]
[MFLOG|0|2023-12-12T00:43:41.581178Z|runtime|06ccfdb4-66f7-4f9b-9a3b-7cc2ec20213f]         totalIlLim  
[MFLOG|0|2023-12-12T00:43:41.581195Z|runtime|7dd5191b-6b8c-4cba-8a5b-80f2cbf418d4]count  4.999900e+04  
[MFLOG|0|2023-12-12T00:43:41.581211Z|runtime|ba9eca8d-c135-49b7-9b2c-8afc7d9b4fb8]mean   4.244567e+04  
[MFLOG|0|2023-12-12T00:43:41.581227Z|runtime|bacb87b8-7440-4aa4-a8dd-d0a296c0af5d]std    4.329564e+04  
[MFLOG|0|2023-12-12T00:43:41.581246Z|runtime|726d6b8f-ce66-434c-b957-8c99daeb5b47]min    0.000000e+00  
[MFLOG|0|2023-12-12T00:43:41.581262Z|runtime|646ea24f-d59f-4563-b6a4-afdff2a43b35]25%    1.500000e+04  
[MFLOG|0|2023-12-12T00:43:41.581281Z|runtime|41b4f05a-5428-4dfa-be9c-2b3a112c4219]50%    3.200000e+04  
[MFLOG|0|2023-12-12T00:43:41.581297Z|runtime|2a5d6bc6-57d8-412b-8cb7-cee0d11ab736]75%    5.679400e+04  
[MFLOG|0|2023-12-12T00:43:41.581312Z|runtime|373f35ff-852b-4a8b-a7cf-f7a92aea2fbb]max    1.027358e+06  
