[MFLOG|0|2023-12-12T20:36:00.991620Z|runtime|b3c2da0c-19b6-4c19-8a97-b5aa92f20757]    amount        term  rate  payment grade          employment     length  \
[MFLOG|0|2023-12-12T20:36:01.041473Z|runtime|b511fe72-9ae4-47eb-a987-557df1ae5861]0   8000.0   36 months  0.14   272.07     C       Warehouseman     3 years   
[MFLOG|0|2023-12-12T20:36:01.041632Z|runtime|c78d6471-6e6a-4c13-ae03-e87052d75fd4]1  11000.0   36 months  0.10   354.89     B      Vice President  10+ years   
[MFLOG|0|2023-12-12T20:36:01.041698Z|runtime|07aacdb0-6daa-47fc-aa4f-7c612030e973]2  35000.0   36 months  0.15  1220.33     D      Owner/Attorney  10+ years   
[MFLOG|0|2023-12-12T20:36:01.041746Z|runtime|57c2cd78-8f4f-47ab-a853-a65c8383ca83]3  20000.0   60 months  0.12   447.83     C             Analyst    2 years   
[MFLOG|0|2023-12-12T20:36:01.041775Z|runtime|d97a1d5b-b65c-4155-822a-9f1020847fca]4  12000.0   60 months  0.12   266.88     B  medical technician  10+ years   
[MFLOG|0|2023-12-12T20:36:01.041796Z|runtime|b0684a8d-2738-44c5-b225-c23d04883218]
[MFLOG|0|2023-12-12T20:36:01.041826Z|runtime|49f587cc-b58d-4a60-a32d-3df200a2bab7]       home    income         verified       status              reason state  \
[MFLOG|0|2023-12-12T20:36:01.041847Z|runtime|d3539cb5-8968-4511-a862-e2b6226db310]0      RENT   49966.0  Source Verified  Charged Off         credit_card    CA   
[MFLOG|0|2023-12-12T20:36:01.041869Z|runtime|d8a1312e-ab9e-4fec-b022-280f25b08d33]1  MORTGAGE   50000.0     Not Verified   Fully Paid  debt_consolidation    PA   
[MFLOG|0|2023-12-12T20:36:01.041889Z|runtime|6064d6a3-ced9-4582-9bea-b05b3e0237db]2      RENT  360000.0         Verified      Current  debt_consolidation    CA   
[MFLOG|0|2023-12-12T20:36:01.041909Z|runtime|5f406030-3795-4570-b6a0-7117cf9707c3]3  MORTGAGE   60000.0  Source Verified   Fully Paid  debt_consolidation    CA   
[MFLOG|0|2023-12-12T20:36:01.041928Z|runtime|c6cfc9a1-5f55-44ed-b1a0-746c1d6ec962]4  MORTGAGE   64000.0  Source Verified      Current  debt_consolidation    NJ   
[MFLOG|0|2023-12-12T20:36:01.041947Z|runtime|c280faf4-43f9-4ff5-bf71-d17241d8b6a6]
[MFLOG|0|2023-12-12T20:36:01.041966Z|runtime|fbbbe764-528a-4f99-9c7c-ebf037181b53]   debtIncRat  delinq2yr  inq6mth  openAcc  pubRec  revolRatio  totalAcc  \
[MFLOG|0|2023-12-12T20:36:01.041985Z|runtime|91c5f53c-dc70-408f-a43a-c524ae2b4ec7]0       30.05        0.0      0.0     11.0     0.0        0.55      15.0   
[MFLOG|0|2023-12-12T20:36:01.042004Z|runtime|5b11706f-cd4d-41e4-b58e-f83456b581f5]1        8.74        0.0      2.0     12.0     0.0        0.36      15.0   
[MFLOG|0|2023-12-12T20:36:01.042023Z|runtime|d40cfd20-f391-4f98-9c6b-f25d62e6c1e1]2       14.50        0.0      1.0      8.0     0.0        0.83      14.0   
[MFLOG|0|2023-12-12T20:36:01.042044Z|runtime|5877d5a5-285e-4372-ac5f-1dae74b55a28]3       14.14        0.0      0.0     12.0     3.0        0.01      48.0   
[MFLOG|0|2023-12-12T20:36:01.042072Z|runtime|9031b359-d5f7-4d1e-b692-e1e9cad474ec]4        5.14        0.0      0.0      8.0     0.0        0.58      22.0   
[MFLOG|0|2023-12-12T20:36:01.042090Z|runtime|d048d6b2-3d55-4268-aef0-b3169e4d7f87]
[MFLOG|0|2023-12-12T20:36:01.042111Z|runtime|27797cb3-4fab-44b0-bf00-aaa407637c5d]   totalBal  totalRevLim  accOpen24    avgBal   bcOpen  bcRatio  totalLim  \
[MFLOG|0|2023-12-12T20:36:01.042130Z|runtime|32933f4f-7893-479d-9afe-ef21bf622c68]0   48054.0       8100.0        8.0    4369.0     43.0     95.7   60629.0   
[MFLOG|0|2023-12-12T20:36:01.042149Z|runtime|70e2e1b4-b6ee-4e4d-8b16-97bb7f1392af]1  265838.0      33400.0        4.0   22153.0  19756.0     37.5  297500.0   
[MFLOG|0|2023-12-12T20:36:01.042168Z|runtime|77638a25-5aae-4d8f-9e1d-a83aabad8516]2  850150.0      83000.0        2.0  121450.0   7686.0     83.2  907300.0   
[MFLOG|0|2023-12-12T20:36:01.042188Z|runtime|250aa8f9-e742-4b51-a8cf-ea100abea260]3   20671.0      14200.0        8.0    1723.0  11061.0      1.2   46964.0   
[MFLOG|0|2023-12-12T20:36:01.042213Z|runtime|fc81d8d3-2254-4cd0-acab-e0d9cb0a0a1d]4  128034.0      14600.0        3.0   18291.0   5904.0     58.4  134600.0   
[MFLOG|0|2023-12-12T20:36:01.042233Z|runtime|5782a1ef-7f07-427f-bb4c-fb578358ad31]
[MFLOG|0|2023-12-12T20:36:01.042253Z|runtime|8dc81c41-7458-476d-bc58-c3ca0e1939b1]   totalRevBal  totalBcLim  totalIlLim  
[MFLOG|0|2023-12-12T20:36:01.042283Z|runtime|ecedfba6-c972-47ef-9e00-281b9daf03fc]0      48054.0      1000.0     52529.0  
[MFLOG|0|2023-12-12T20:36:01.042303Z|runtime|6c788e95-029e-47a4-b38b-c18bcbfedea6]1      11844.0     31600.0         0.0  
[MFLOG|0|2023-12-12T20:36:01.042322Z|runtime|d2d39dea-00a9-47cd-b084-6eafb30a88b4]2     173260.0     83000.0    100000.0  
[MFLOG|0|2023-12-12T20:36:01.042344Z|runtime|0691f9d3-d358-4e69-b11e-fe601f6eefd0]3      20671.0     11200.0     32764.0  
[MFLOG|0|2023-12-12T20:36:01.042365Z|runtime|f5c3a36a-ea49-4227-96b8-368e3bc847a1]4       8475.0     14200.0         0.0  
[MFLOG|0|2023-12-12T20:36:01.042384Z|runtime|bf3875d6-285f-4034-8392-409ef06ae455]Dimensions of the dataset: (50000, 30)
[MFLOG|0|2023-12-12T20:36:01.042415Z|runtime|e3c933ee-04c3-4e94-abfb-d764a780ad05]             amount          rate       payment        income    debtIncRat  \
[MFLOG|0|2023-12-12T20:36:01.439650Z|runtime|ca5b4abb-d58e-47e6-b26b-4df38719dd42]count  49999.000000  49999.000000  49999.000000  4.999900e+04  49999.000000   
[MFLOG|0|2023-12-12T20:36:01.439748Z|runtime|2d96963d-750f-46c4-8b02-074956b8be2f]mean   15145.527911      0.130407    442.737519  7.617379e+04     18.731157   
[MFLOG|0|2023-12-12T20:36:01.439771Z|runtime|c0dc2adb-9f30-45df-a989-e66a412f8609]std     8527.772776      0.044192    244.835744  6.523503e+04      8.444506   
[MFLOG|0|2023-12-12T20:36:01.439789Z|runtime|89885420-0e8a-4132-b834-23d053e857d2]min     1000.000000      0.050000     30.540000  4.000000e+03      0.000000   
[MFLOG|0|2023-12-12T20:36:01.439807Z|runtime|613f8cf2-78ac-4665-939c-240d976bff0b]25%     8500.000000      0.100000    265.840000  4.623850e+04     12.390000   
[MFLOG|0|2023-12-12T20:36:01.439824Z|runtime|968934aa-8279-4c78-bd6f-af3d67263c78]50%    13800.000000      0.130000    385.790000  6.500000e+04     18.210000   
[MFLOG|0|2023-12-12T20:36:01.439842Z|runtime|814f5c47-4842-4f00-accc-067271f0f791]75%    20000.000000      0.160000    578.680000  9.000000e+04     24.730000   
[MFLOG|0|2023-12-12T20:36:01.439858Z|runtime|cfde6733-755b-44ff-8207-f6e1cd8d9a0a]max    35000.000000      0.290000   1407.010000  7.446395e+06     61.210000   
[MFLOG|0|2023-12-12T20:36:01.439877Z|runtime|464b4ee5-42f3-4e7f-82dc-fe7df60b850f]
[MFLOG|0|2023-12-12T20:36:01.439894Z|runtime|dcdc8f7a-353f-42bd-9e1e-9faff238b220]          delinq2yr       inq6mth       openAcc        pubRec    revolRatio  \
[MFLOG|0|2023-12-12T20:36:01.439910Z|runtime|614a5f93-afa4-4976-8a50-b0173ea1dcee]count  49999.000000  49999.000000  49999.000000  49999.000000  49981.000000   
[MFLOG|0|2023-12-12T20:36:01.439926Z|runtime|d4cb402a-208c-4224-a436-46d476339e6f]mean       0.346167      0.639553     11.849217      0.232925      0.546419   
[MFLOG|0|2023-12-12T20:36:01.439943Z|runtime|b28200f9-5e50-4704-8752-8c31a8113137]std        0.907636      0.938869      5.524801      0.624342      0.236451   
[MFLOG|0|2023-12-12T20:36:01.439965Z|runtime|62117337-e095-4fbe-897f-fed083c68cc3]min        0.000000      0.000000      1.000000      0.000000      0.000000   
[MFLOG|0|2023-12-12T20:36:01.439983Z|runtime|4e81b18b-65f8-4b2a-ba2a-1af895b12305]25%        0.000000      0.000000      8.000000      0.000000      0.370000   
[MFLOG|0|2023-12-12T20:36:01.440000Z|runtime|63d261bd-af75-442c-aaa5-e98955e82898]50%        0.000000      0.000000     11.000000      0.000000      0.550000   
[MFLOG|0|2023-12-12T20:36:01.440021Z|runtime|55c5a480-4dd2-4751-a332-5cce3c2c7be4]75%        0.000000      1.000000     15.000000      0.000000      0.730000   
[MFLOG|0|2023-12-12T20:36:01.440036Z|runtime|e50435d1-a12f-42de-abbb-ade1657d0b18]max       15.000000      6.000000     76.000000     28.000000      1.670000   
[MFLOG|0|2023-12-12T20:36:01.440058Z|runtime|bef3ceae-eba5-442f-9c0e-2e40844fdc03]
[MFLOG|0|2023-12-12T20:36:01.440075Z|runtime|b8790740-6d22-4be4-8a3a-40096332c37d]           totalAcc      totalBal   totalRevLim     accOpen24         avgBal  \
[MFLOG|0|2023-12-12T20:36:01.440091Z|runtime|f8987c14-5ccd-44af-9f0d-08587a173e34]count  49999.000000  4.999900e+04  4.999900e+04  49999.000000   49999.000000   
[MFLOG|0|2023-12-12T20:36:01.441016Z|runtime|5187a2bb-286f-46e6-bc56-1f25196f8d0d]mean      25.749595  1.397782e+05  3.243594e+04      4.557831   13189.526651   
[MFLOG|0|2023-12-12T20:36:01.441061Z|runtime|64f835fa-a5d1-479e-98f0-a05930217395]std       12.097421  1.526384e+05  3.269753e+04      3.079680   15561.787118   
[MFLOG|0|2023-12-12T20:36:01.441083Z|runtime|2c8075f7-8195-4475-97e4-07a0b238ee07]min        3.000000  0.000000e+00  0.000000e+00      0.000000       0.000000   
[MFLOG|0|2023-12-12T20:36:01.441102Z|runtime|8abace20-526b-4d05-9d2c-a7c598b605ee]25%       17.000000  3.061900e+04  1.400000e+04      2.000000    3170.000000   
[MFLOG|0|2023-12-12T20:36:01.441121Z|runtime|9683cfda-b708-460f-8217-e30bc4e19138]50%       24.000000  8.107300e+04  2.400000e+04      4.000000    7356.000000   
[MFLOG|0|2023-12-12T20:36:01.441138Z|runtime|3498683a-d594-4116-8141-102d8ecbccd6]75%       33.000000  2.094385e+05  4.030000e+04      6.000000   18223.500000   
[MFLOG|0|2023-12-12T20:36:01.441155Z|runtime|913a445e-0272-47bb-b7e1-38422792fcc5]max      162.000000  2.552960e+06  1.060800e+06     50.000000  358652.000000   
[MFLOG|0|2023-12-12T20:36:01.441171Z|runtime|4b8376d9-ff05-4142-b640-7f9997857797]
[MFLOG|0|2023-12-12T20:36:01.441188Z|runtime|27dbce90-fb96-40bd-9854-8499ca03e9d1]              bcOpen       bcRatio      totalLim   totalRevBal     totalBcLim  \
[MFLOG|0|2023-12-12T20:36:01.441204Z|runtime|d905c7a0-06fc-424e-afd0-47c18cd5d572]count   49511.000000  49479.000000  4.999900e+04  4.999900e+04   49999.000000   
[MFLOG|0|2023-12-12T20:36:01.441220Z|runtime|c0a165a0-38e0-4454-9f50-e63c22d5502e]mean     9154.930945     63.188468  1.718866e+05  5.088178e+04   21190.290466   
[MFLOG|0|2023-12-12T20:36:01.441237Z|runtime|f1b1e843-57da-4826-ac28-d11b6d712d88]std     14296.865563     27.205695  1.697017e+05  4.731099e+04   21250.776922   
[MFLOG|0|2023-12-12T20:36:01.441254Z|runtime|08e5e8ef-5039-4f58-9ee3-080a4cdd5500]min         0.000000      0.000000  6.000000e+02  0.000000e+00       0.000000   
[MFLOG|0|2023-12-12T20:36:01.441271Z|runtime|293740bc-744a-497f-b910-05e9ebb66d92]25%      1235.000000     43.100000  5.000100e+04  2.211000e+04    7500.000000   
[MFLOG|0|2023-12-12T20:36:01.441287Z|runtime|69088b3c-fa0e-447c-b5e9-800a5b2a2395]50%      4052.000000     67.100000  1.120710e+05  3.862600e+04   14700.000000   
[MFLOG|0|2023-12-12T20:36:01.441303Z|runtime|0b7d3370-0a9b-477d-8c6b-db620dd690ed]75%     10868.500000     87.000000  2.498060e+05  6.390300e+04   27600.000000   
[MFLOG|0|2023-12-12T20:36:01.441320Z|runtime|250e9e19-cdc5-4f1e-97db-0b6dd53dcc5e]max    373005.000000    161.000000  2.711061e+06  1.094819e+06  560800.000000   
[MFLOG|0|2023-12-12T20:36:01.441336Z|runtime|dc6d5863-4cfc-4961-9aff-cf634af0eed0]
[MFLOG|0|2023-12-12T20:36:01.441352Z|runtime|e0d8122e-1b2c-4648-bce0-872ebd8759bc]         totalIlLim  
[MFLOG|0|2023-12-12T20:36:01.441376Z|runtime|1e67d8eb-e22a-4972-b50e-96e145cf02be]count  4.999900e+04  
[MFLOG|0|2023-12-12T20:36:01.441394Z|runtime|b18d08cf-a0bf-45df-b3e8-d0ca407aca09]mean   4.244567e+04  
[MFLOG|0|2023-12-12T20:36:01.441417Z|runtime|b241b3be-4e6a-48ec-93f6-c1b4dd4ad5a8]std    4.329564e+04  
[MFLOG|0|2023-12-12T20:36:01.441435Z|runtime|9ba3389b-e97a-4323-a276-8d49a50c8a81]min    0.000000e+00  
[MFLOG|0|2023-12-12T20:36:01.441451Z|runtime|fa43c13a-f426-4149-8cc5-12660e9452fe]25%    1.500000e+04  
[MFLOG|0|2023-12-12T20:36:01.441471Z|runtime|a13f8776-79c4-402f-8851-89bdf81e0b59]50%    3.200000e+04  
[MFLOG|0|2023-12-12T20:36:01.441488Z|runtime|3c4a740f-901a-422e-8bc6-cdc125318045]75%    5.679400e+04  
[MFLOG|0|2023-12-12T20:36:01.441504Z|runtime|7f2bcce6-cd2b-481c-ba27-4d62370a2da5]max    1.027358e+06  
