[MFLOG|0|2023-12-09T00:21:03.555007Z|runtime|fe44be0c-6746-4d00-acdd-02693556654b]    amount        term  rate  payment grade          employment     length  \
[MFLOG|0|2023-12-09T00:21:03.629138Z|runtime|f14d1aba-2420-44a7-a30a-25cc43e08537]0   8000.0   36 months  0.14   272.07     C       Warehouseman     3 years   
[MFLOG|0|2023-12-09T00:21:03.629272Z|runtime|30bdbaa8-05bb-4253-a786-78591de88764]1  11000.0   36 months  0.10   354.89     B      Vice President  10+ years   
[MFLOG|0|2023-12-09T00:21:03.629349Z|runtime|5ba2c3d0-d4b1-44e8-a311-3cd0a8d6fcf3]2  35000.0   36 months  0.15  1220.33     D      Owner/Attorney  10+ years   
[MFLOG|0|2023-12-09T00:21:03.629406Z|runtime|6d018ae5-2fbe-42ae-bacd-2df4f36bd12c]3  20000.0   60 months  0.12   447.83     C             Analyst    2 years   
[MFLOG|0|2023-12-09T00:21:03.629456Z|runtime|df5343c7-4bbe-4759-a1c8-9f9d7039e915]4  12000.0   60 months  0.12   266.88     B  medical technician  10+ years   
[MFLOG|0|2023-12-09T00:21:03.629489Z|runtime|60fbaaa1-7e76-4d7c-93bb-35739ab32c41]
[MFLOG|0|2023-12-09T00:21:03.629524Z|runtime|97d18d37-a894-4d90-8ab2-beda16cb4a4c]       home    income         verified       status              reason state  \
[MFLOG|0|2023-12-09T00:21:03.629556Z|runtime|21ad9f8f-f5ce-4626-8ca6-93a787e6e089]0      RENT   49966.0  Source Verified  Charged Off         credit_card    CA   
[MFLOG|0|2023-12-09T00:21:03.629585Z|runtime|e59b36ce-bc7b-4f5f-8585-62118c66101e]1  MORTGAGE   50000.0     Not Verified   Fully Paid  debt_consolidation    PA   
[MFLOG|0|2023-12-09T00:21:03.629625Z|runtime|e4d21e34-c5de-4c07-9dff-44953e921f9a]2      RENT  360000.0         Verified      Current  debt_consolidation    CA   
[MFLOG|0|2023-12-09T00:21:03.629655Z|runtime|8e10a3ff-70f8-4e63-a640-fc9ab684fccd]3  MORTGAGE   60000.0  Source Verified   Fully Paid  debt_consolidation    CA   
[MFLOG|0|2023-12-09T00:21:03.629682Z|runtime|0ba0fda6-4d63-4ea1-bad8-e9d388ae92e2]4  MORTGAGE   64000.0  Source Verified      Current  debt_consolidation    NJ   
[MFLOG|0|2023-12-09T00:21:03.629727Z|runtime|0625f92e-4bf3-4c98-afc9-c2e232cb1a00]
[MFLOG|0|2023-12-09T00:21:03.629757Z|runtime|440f481b-4e55-4632-aa3c-305414d520d7]   debtIncRat  delinq2yr  inq6mth  openAcc  pubRec  revolRatio  totalAcc  \
[MFLOG|0|2023-12-09T00:21:03.629787Z|runtime|c4dda098-6b08-4496-a28f-7051d6dd079b]0       30.05        0.0      0.0     11.0     0.0        0.55      15.0   
[MFLOG|0|2023-12-09T00:21:03.629817Z|runtime|9aac2735-18d4-47d8-8fb0-8e3048d04cfb]1        8.74        0.0      2.0     12.0     0.0        0.36      15.0   
[MFLOG|0|2023-12-09T00:21:03.629879Z|runtime|6406a5aa-6aa6-4769-b7d2-b3cd56e07623]2       14.50        0.0      1.0      8.0     0.0        0.83      14.0   
[MFLOG|0|2023-12-09T00:21:03.629919Z|runtime|2beb4799-820c-4ee0-b496-6155a6564639]3       14.14        0.0      0.0     12.0     3.0        0.01      48.0   
[MFLOG|0|2023-12-09T00:21:03.629947Z|runtime|ae116cad-ed96-4eca-9def-6883eff3b74c]4        5.14        0.0      0.0      8.0     0.0        0.58      22.0   
[MFLOG|0|2023-12-09T00:21:03.629982Z|runtime|5becc37a-b4e2-41c0-980b-760669d4e763]
[MFLOG|0|2023-12-09T00:21:03.630016Z|runtime|4bd14a7c-86e9-45a6-9366-b0ca8eb3cad3]   totalBal  totalRevLim  accOpen24    avgBal   bcOpen  bcRatio  totalLim  \
[MFLOG|0|2023-12-09T00:21:03.630044Z|runtime|367ab5b0-0038-4c05-98f4-db6b7ca972b8]0   48054.0       8100.0        8.0    4369.0     43.0     95.7   60629.0   
[MFLOG|0|2023-12-09T00:21:03.630075Z|runtime|ee96b93e-e07e-4871-a92a-63faf6c49efc]1  265838.0      33400.0        4.0   22153.0  19756.0     37.5  297500.0   
[MFLOG|0|2023-12-09T00:21:03.630107Z|runtime|823ece79-3543-41e5-9557-f2dc5cdd6890]2  850150.0      83000.0        2.0  121450.0   7686.0     83.2  907300.0   
[MFLOG|0|2023-12-09T00:21:03.630135Z|runtime|a4b5581b-0812-4cd5-8a7f-b60b41315edf]3   20671.0      14200.0        8.0    1723.0  11061.0      1.2   46964.0   
[MFLOG|0|2023-12-09T00:21:03.630164Z|runtime|5df65819-5015-40aa-8c27-b445ec9b21f8]4  128034.0      14600.0        3.0   18291.0   5904.0     58.4  134600.0   
[MFLOG|0|2023-12-09T00:21:03.630195Z|runtime|06dfadee-2afb-447b-a5b6-5770e5ebab22]
[MFLOG|0|2023-12-09T00:21:03.630224Z|runtime|4debe143-41c4-4644-a26e-fb015d008350]   totalRevBal  totalBcLim  totalIlLim  
[MFLOG|0|2023-12-09T00:21:03.630253Z|runtime|a9c4047b-99c1-4d5a-b817-b156151c39b3]0      48054.0      1000.0     52529.0  
[MFLOG|0|2023-12-09T00:21:03.630283Z|runtime|cc3dace6-5cc4-4982-97da-fbb70945acac]1      11844.0     31600.0         0.0  
[MFLOG|0|2023-12-09T00:21:03.630312Z|runtime|212a1be9-e6c9-419d-a147-6f86a357a710]2     173260.0     83000.0    100000.0  
[MFLOG|0|2023-12-09T00:21:03.630344Z|runtime|5807a031-e0f5-4e43-ae10-1fa3736dfcec]3      20671.0     11200.0     32764.0  
[MFLOG|0|2023-12-09T00:21:03.630373Z|runtime|5b1c6b9f-0c88-4a0b-bb40-9dc404a673c4]4       8475.0     14200.0         0.0  
[MFLOG|0|2023-12-09T00:21:03.630402Z|runtime|92eb64e1-27d3-4293-a676-c173375800c3]Dimensions of the dataset: (50000, 30)
[MFLOG|0|2023-12-09T00:21:03.630434Z|runtime|ea9e9757-56fe-425e-80ce-bf9a743188c6]             amount          rate       payment        income    debtIncRat  \
[MFLOG|0|2023-12-09T00:21:03.911495Z|runtime|c29720b3-7b8b-40e8-b31a-cfd4696b4ad4]count  49999.000000  49999.000000  49999.000000  4.999900e+04  49999.000000   
[MFLOG|0|2023-12-09T00:21:03.911634Z|runtime|5e4d617b-d61f-40b9-93fc-fc5fdc32580a]mean   15145.527911      0.130407    442.737519  7.617379e+04     18.731157   
[MFLOG|0|2023-12-09T00:21:03.911671Z|runtime|5466ebf9-3c63-46ec-a3bb-c351fbd63253]std     8527.772776      0.044192    244.835744  6.523503e+04      8.444506   
[MFLOG|0|2023-12-09T00:21:03.911705Z|runtime|b3028e17-ff50-48fd-92a9-d478bf005ca9]min     1000.000000      0.050000     30.540000  4.000000e+03      0.000000   
[MFLOG|0|2023-12-09T00:21:03.911737Z|runtime|35fb3eff-0922-4dae-a4e9-e0fcd69808e7]25%     8500.000000      0.100000    265.840000  4.623850e+04     12.390000   
[MFLOG|0|2023-12-09T00:21:03.911769Z|runtime|c9b1e0bb-19f6-4aa3-93f8-c30f036ef37f]50%    13800.000000      0.130000    385.790000  6.500000e+04     18.210000   
[MFLOG|0|2023-12-09T00:21:03.911801Z|runtime|49bdd86b-8694-4970-b003-0f156500a4eb]75%    20000.000000      0.160000    578.680000  9.000000e+04     24.730000   
[MFLOG|0|2023-12-09T00:21:03.911826Z|runtime|4b3e3c12-1765-4f6e-8a5a-f2c5c16847e5]max    35000.000000      0.290000   1407.010000  7.446395e+06     61.210000   
[MFLOG|0|2023-12-09T00:21:03.911853Z|runtime|350eecc4-347b-4f1e-a09f-4466ed46965b]
[MFLOG|0|2023-12-09T00:21:03.911883Z|runtime|0813fee2-1a04-4183-94d3-92cee37fce19]          delinq2yr       inq6mth       openAcc        pubRec    revolRatio  \
[MFLOG|0|2023-12-09T00:21:03.911908Z|runtime|aed7cf52-a036-4f2d-bfc2-8747751c5ee7]count  49999.000000  49999.000000  49999.000000  49999.000000  49981.000000   
[MFLOG|0|2023-12-09T00:21:03.911932Z|runtime|c6157432-b5fb-4b77-901c-a05c7bd9351d]mean       0.346167      0.639553     11.849217      0.232925      0.546419   
[MFLOG|0|2023-12-09T00:21:03.911957Z|runtime|e3a692a9-9f13-4af4-a6bd-bcd009a35f5b]std        0.907636      0.938869      5.524801      0.624342      0.236451   
[MFLOG|0|2023-12-09T00:21:03.911984Z|runtime|accc825c-b0d4-486e-9f2e-647d7fc2d21a]min        0.000000      0.000000      1.000000      0.000000      0.000000   
[MFLOG|0|2023-12-09T00:21:03.912008Z|runtime|51c9c9a1-3be4-4d51-8e09-d9812a2251d4]25%        0.000000      0.000000      8.000000      0.000000      0.370000   
[MFLOG|0|2023-12-09T00:21:03.912032Z|runtime|70b58488-15cd-4dc4-bfd0-a7d8da30a27d]50%        0.000000      0.000000     11.000000      0.000000      0.550000   
[MFLOG|0|2023-12-09T00:21:03.912056Z|runtime|9e6f1688-664f-4390-8da9-bced507610a7]75%        0.000000      1.000000     15.000000      0.000000      0.730000   
[MFLOG|0|2023-12-09T00:21:03.912106Z|runtime|30394e8d-85d4-4d97-a5d1-cffe72c0817d]max       15.000000      6.000000     76.000000     28.000000      1.670000   
[MFLOG|0|2023-12-09T00:21:03.912138Z|runtime|e014e0cf-d481-481c-8503-876c6ba2dc20]
[MFLOG|0|2023-12-09T00:21:03.912170Z|runtime|c80ad329-0033-401f-a21a-120f02719382]           totalAcc      totalBal   totalRevLim     accOpen24         avgBal  \
[MFLOG|0|2023-12-09T00:21:03.912201Z|runtime|1bbf2b7b-a61c-4b73-9478-69c6b090084f]count  49999.000000  4.999900e+04  4.999900e+04  49999.000000   49999.000000   
[MFLOG|0|2023-12-09T00:21:03.912230Z|runtime|49dbf36c-20fe-4af2-b865-584e3d455c07]mean      25.749595  1.397782e+05  3.243594e+04      4.557831   13189.526651   
[MFLOG|0|2023-12-09T00:21:03.912264Z|runtime|d490a6da-6bf5-4468-8fa2-ad4fac34ee25]std       12.097421  1.526384e+05  3.269753e+04      3.079680   15561.787118   
[MFLOG|0|2023-12-09T00:21:03.912303Z|runtime|e537be4d-026c-44bc-b916-6d3be9a22c28]min        3.000000  0.000000e+00  0.000000e+00      0.000000       0.000000   
[MFLOG|0|2023-12-09T00:21:03.912337Z|runtime|3065f107-c02b-4926-95b8-1a2468570115]25%       17.000000  3.061900e+04  1.400000e+04      2.000000    3170.000000   
[MFLOG|0|2023-12-09T00:21:03.912363Z|runtime|3d40c2f5-0ec9-4c75-a66b-5c2caa99200b]50%       24.000000  8.107300e+04  2.400000e+04      4.000000    7356.000000   
[MFLOG|0|2023-12-09T00:21:03.912387Z|runtime|a4d8d4e4-3f02-4b83-98ee-db1a5e2bc19a]75%       33.000000  2.094385e+05  4.030000e+04      6.000000   18223.500000   
[MFLOG|0|2023-12-09T00:21:03.912416Z|runtime|c686e4bf-8915-4b88-aa01-1c5481151095]max      162.000000  2.552960e+06  1.060800e+06     50.000000  358652.000000   
[MFLOG|0|2023-12-09T00:21:03.912440Z|runtime|a51852e1-ca6a-4087-8fd6-5d787199aded]
[MFLOG|0|2023-12-09T00:21:03.912467Z|runtime|283d9f2f-9b27-4c36-aaa5-0caafe442cb8]              bcOpen       bcRatio      totalLim   totalRevBal     totalBcLim  \
[MFLOG|0|2023-12-09T00:21:03.912495Z|runtime|18d71196-626b-4c63-86b2-c08010ace51e]count   49511.000000  49479.000000  4.999900e+04  4.999900e+04   49999.000000   
[MFLOG|0|2023-12-09T00:21:03.912522Z|runtime|dbc1cf52-b73e-4657-9df3-78b25a307d41]mean     9154.930945     63.188468  1.718866e+05  5.088178e+04   21190.290466   
[MFLOG|0|2023-12-09T00:21:03.912546Z|runtime|b04c493f-3e0c-46e4-bac1-2111e5cfa1e0]std     14296.865563     27.205695  1.697017e+05  4.731099e+04   21250.776922   
[MFLOG|0|2023-12-09T00:21:03.912573Z|runtime|0202454a-39e5-46b5-bb44-d010dc88ee7c]min         0.000000      0.000000  6.000000e+02  0.000000e+00       0.000000   
[MFLOG|0|2023-12-09T00:21:03.912605Z|runtime|5eaa815a-a73a-48a1-9ef2-b6876798dd68]25%      1235.000000     43.100000  5.000100e+04  2.211000e+04    7500.000000   
[MFLOG|0|2023-12-09T00:21:03.912629Z|runtime|c88cdc68-e99d-46ed-a792-934d725ccf60]50%      4052.000000     67.100000  1.120710e+05  3.862600e+04   14700.000000   
[MFLOG|0|2023-12-09T00:21:03.912654Z|runtime|67743af1-9214-4a15-aadf-e9b30c0bf2c7]75%     10868.500000     87.000000  2.498060e+05  6.390300e+04   27600.000000   
[MFLOG|0|2023-12-09T00:21:03.912678Z|runtime|159878e9-dee7-40b5-9cdf-b3401b1c981b]max    373005.000000    161.000000  2.711061e+06  1.094819e+06  560800.000000   
[MFLOG|0|2023-12-09T00:21:03.912701Z|runtime|d3d33ba7-89dc-4a96-9b6c-7e3e64019e0d]
[MFLOG|0|2023-12-09T00:21:03.912725Z|runtime|4e2fbc8a-828c-44f2-a63e-3daa4c20461a]         totalIlLim  
[MFLOG|0|2023-12-09T00:21:03.912756Z|runtime|50fdcb12-63b4-445e-b8de-eb9d8a32e03e]count  4.999900e+04  
[MFLOG|0|2023-12-09T00:21:03.912784Z|runtime|f6f1f075-9d14-40ab-9f4c-96b0897be8fd]mean   4.244567e+04  
[MFLOG|0|2023-12-09T00:21:03.912810Z|runtime|3878fe4a-9b44-4e5e-9c4d-967e1e3dbd7e]std    4.329564e+04  
[MFLOG|0|2023-12-09T00:21:03.912838Z|runtime|2ad071e6-4a30-48fb-a016-12332664d418]min    0.000000e+00  
[MFLOG|0|2023-12-09T00:21:03.912897Z|runtime|e375e103-dde4-49c7-9563-60858307ade7]25%    1.500000e+04  
[MFLOG|0|2023-12-09T00:21:03.912921Z|runtime|659266e5-e0a3-4171-a2f1-adaaab9829f4]50%    3.200000e+04  
[MFLOG|0|2023-12-09T00:21:03.912948Z|runtime|ea24bc4e-1140-4a48-ab1f-48cb703d3a72]75%    5.679400e+04  
[MFLOG|0|2023-12-09T00:21:03.912977Z|runtime|4db91b7b-a532-4905-951b-31b1bc43817f]max    1.027358e+06  
