[MFLOG|0|2023-12-09T00:59:31.321765Z|runtime|e666779c-20b9-46ad-8932-b5492a5ea52a]    amount        term  rate  payment grade          employment     length  \
[MFLOG|0|2023-12-09T00:59:31.403540Z|runtime|a00e27b2-8e92-472c-a4e7-7a88d285bc2f]0   8000.0   36 months  0.14   272.07     C       Warehouseman     3 years   
[MFLOG|0|2023-12-09T00:59:31.403683Z|runtime|c7887a1c-2f6c-4457-83a9-0ff7652b281c]1  11000.0   36 months  0.10   354.89     B      Vice President  10+ years   
[MFLOG|0|2023-12-09T00:59:31.403769Z|runtime|19bbd96d-560c-4a43-aaf4-e8e67d51dd35]2  35000.0   36 months  0.15  1220.33     D      Owner/Attorney  10+ years   
[MFLOG|0|2023-12-09T00:59:31.403824Z|runtime|ce03df6b-c8c1-4e1b-88cc-f3de22ab44df]3  20000.0   60 months  0.12   447.83     C             Analyst    2 years   
[MFLOG|0|2023-12-09T00:59:31.403876Z|runtime|2726224f-aa29-4823-90bc-b81bb5c588af]4  12000.0   60 months  0.12   266.88     B  medical technician  10+ years   
[MFLOG|0|2023-12-09T00:59:31.403917Z|runtime|ba0f7a1a-61c9-4fef-8838-7b891930b24f]
[MFLOG|0|2023-12-09T00:59:31.403949Z|runtime|3f45ee2a-9660-4498-ad86-f6dca1cbfa0e]       home    income         verified       status              reason state  \
[MFLOG|0|2023-12-09T00:59:31.403982Z|runtime|4202111f-94af-4f61-8cc2-be6f1118751e]0      RENT   49966.0  Source Verified  Charged Off         credit_card    CA   
[MFLOG|0|2023-12-09T00:59:31.404023Z|runtime|fab603d3-46bd-4da1-b624-5b53fd55d27e]1  MORTGAGE   50000.0     Not Verified   Fully Paid  debt_consolidation    PA   
[MFLOG|0|2023-12-09T00:59:31.404055Z|runtime|39ccb30c-30c3-42c9-92b2-8e0c3f094ec7]2      RENT  360000.0         Verified      Current  debt_consolidation    CA   
[MFLOG|0|2023-12-09T00:59:31.404087Z|runtime|8a7e4de6-7b65-4e1a-b2ec-eb4df7da7c72]3  MORTGAGE   60000.0  Source Verified   Fully Paid  debt_consolidation    CA   
[MFLOG|0|2023-12-09T00:59:31.404115Z|runtime|971f8f4b-ddf2-48f1-8d13-8e44b0522823]4  MORTGAGE   64000.0  Source Verified      Current  debt_consolidation    NJ   
[MFLOG|0|2023-12-09T00:59:31.404150Z|runtime|f9245118-adf6-467a-bea6-dfd54397edae]
[MFLOG|0|2023-12-09T00:59:31.404190Z|runtime|f7959c1f-a5a1-4514-9441-7fd32021593b]   debtIncRat  delinq2yr  inq6mth  openAcc  pubRec  revolRatio  totalAcc  \
[MFLOG|0|2023-12-09T00:59:31.404223Z|runtime|c486b76e-6644-48cf-85a1-88dcf3722987]0       30.05        0.0      0.0     11.0     0.0        0.55      15.0   
[MFLOG|0|2023-12-09T00:59:31.404251Z|runtime|4d7f25b8-2bb2-4c65-a76d-e4f6d0295162]1        8.74        0.0      2.0     12.0     0.0        0.36      15.0   
[MFLOG|0|2023-12-09T00:59:31.404284Z|runtime|092b9ec2-1aab-4602-8d99-b3f1798fcd2a]2       14.50        0.0      1.0      8.0     0.0        0.83      14.0   
[MFLOG|0|2023-12-09T00:59:31.404316Z|runtime|a425889c-d677-43be-8cd7-b00bafb93fc5]3       14.14        0.0      0.0     12.0     3.0        0.01      48.0   
[MFLOG|0|2023-12-09T00:59:31.404344Z|runtime|eaff5473-003d-4e5b-af7a-0a917f5e5ad9]4        5.14        0.0      0.0      8.0     0.0        0.58      22.0   
[MFLOG|0|2023-12-09T00:59:31.404374Z|runtime|6884c3c3-db25-4a34-bebd-e9042d8bc394]
[MFLOG|0|2023-12-09T00:59:31.404409Z|runtime|6f7a38e4-7fb0-4334-8945-1e3b9d5d36bf]   totalBal  totalRevLim  accOpen24    avgBal   bcOpen  bcRatio  totalLim  \
[MFLOG|0|2023-12-09T00:59:31.404439Z|runtime|efd45538-79a8-4403-a818-6d41efac6733]0   48054.0       8100.0        8.0    4369.0     43.0     95.7   60629.0   
[MFLOG|0|2023-12-09T00:59:31.404470Z|runtime|29d1ecbb-dcfa-4c2e-b128-7f7ddada91d0]1  265838.0      33400.0        4.0   22153.0  19756.0     37.5  297500.0   
[MFLOG|0|2023-12-09T00:59:31.404497Z|runtime|74e65a8f-d519-43e4-b079-411d538afe55]2  850150.0      83000.0        2.0  121450.0   7686.0     83.2  907300.0   
[MFLOG|0|2023-12-09T00:59:31.404525Z|runtime|166f748d-5414-40b7-b380-70a2989e3945]3   20671.0      14200.0        8.0    1723.0  11061.0      1.2   46964.0   
[MFLOG|0|2023-12-09T00:59:31.404555Z|runtime|a4cab780-c44d-48e1-90f2-d59da955f9a2]4  128034.0      14600.0        3.0   18291.0   5904.0     58.4  134600.0   
[MFLOG|0|2023-12-09T00:59:31.404584Z|runtime|cb16219d-9e3d-4632-a46e-4c807e2731d6]
[MFLOG|0|2023-12-09T00:59:31.404614Z|runtime|a102a3e3-8d4f-40e5-9536-71612a518281]   totalRevBal  totalBcLim  totalIlLim  
[MFLOG|0|2023-12-09T00:59:31.404649Z|runtime|84271159-35cd-4ed9-baf2-c4f9cdc61da5]0      48054.0      1000.0     52529.0  
[MFLOG|0|2023-12-09T00:59:31.404680Z|runtime|5bf26c7c-3248-40a3-8b81-88c7a216c76a]1      11844.0     31600.0         0.0  
[MFLOG|0|2023-12-09T00:59:31.404714Z|runtime|120ce071-6273-4fde-a318-8df1c98dbdef]2     173260.0     83000.0    100000.0  
[MFLOG|0|2023-12-09T00:59:31.404746Z|runtime|ee621a5b-ac1f-4a2e-a4b4-3cc404ab1337]3      20671.0     11200.0     32764.0  
[MFLOG|0|2023-12-09T00:59:31.404774Z|runtime|a580f9e5-6c88-4ae6-934d-e81d6b7ec075]4       8475.0     14200.0         0.0  
[MFLOG|0|2023-12-09T00:59:31.404806Z|runtime|3e161bc5-90d1-452a-a828-196dba489fb1]Dimensions of the dataset: (50000, 30)
[MFLOG|0|2023-12-09T00:59:31.404845Z|runtime|29b4a23d-d4f2-4f38-99a4-339b7c9831d0]             amount          rate       payment        income    debtIncRat  \
[MFLOG|0|2023-12-09T00:59:31.656896Z|runtime|db79b85b-561c-44be-be15-11579d9334b7]count  49999.000000  49999.000000  49999.000000  4.999900e+04  49999.000000   
[MFLOG|0|2023-12-09T00:59:31.656998Z|runtime|48e7c8a3-9647-47e6-98f8-b311630ae566]mean   15145.527911      0.130407    442.737519  7.617379e+04     18.731157   
[MFLOG|0|2023-12-09T00:59:31.657030Z|runtime|94208e16-047f-4e97-9665-378dd563391d]std     8527.772776      0.044192    244.835744  6.523503e+04      8.444506   
[MFLOG|0|2023-12-09T00:59:31.657059Z|runtime|05cd9af2-32c8-47ea-9530-8b68a4717fb1]min     1000.000000      0.050000     30.540000  4.000000e+03      0.000000   
[MFLOG|0|2023-12-09T00:59:31.657085Z|runtime|f93198c0-8898-4e86-bd2c-8e6c8a50a558]25%     8500.000000      0.100000    265.840000  4.623850e+04     12.390000   
[MFLOG|0|2023-12-09T00:59:31.657109Z|runtime|b3177425-40cd-4450-a6b4-b79b23de85bd]50%    13800.000000      0.130000    385.790000  6.500000e+04     18.210000   
[MFLOG|0|2023-12-09T00:59:31.657133Z|runtime|12c34bef-ccc6-43b1-a4ed-5120b1c6a713]75%    20000.000000      0.160000    578.680000  9.000000e+04     24.730000   
[MFLOG|0|2023-12-09T00:59:31.657158Z|runtime|15e87310-292f-4b70-86db-8c509cd746be]max    35000.000000      0.290000   1407.010000  7.446395e+06     61.210000   
[MFLOG|0|2023-12-09T00:59:31.657182Z|runtime|12c55893-a049-4194-9c8b-cc3da9ded955]
[MFLOG|0|2023-12-09T00:59:31.657208Z|runtime|0dd13d5d-8d14-431f-be72-90228dc0f865]          delinq2yr       inq6mth       openAcc        pubRec    revolRatio  \
[MFLOG|0|2023-12-09T00:59:31.657238Z|runtime|41727b63-d30f-4ab3-b3e8-823b5010e311]count  49999.000000  49999.000000  49999.000000  49999.000000  49981.000000   
[MFLOG|0|2023-12-09T00:59:31.657262Z|runtime|f8f8fcbf-8e09-4240-8ff3-37ef7bbb6f7a]mean       0.346167      0.639553     11.849217      0.232925      0.546419   
[MFLOG|0|2023-12-09T00:59:31.657287Z|runtime|69f1df86-97da-4c34-b20c-e51b9621348e]std        0.907636      0.938869      5.524801      0.624342      0.236451   
[MFLOG|0|2023-12-09T00:59:31.657315Z|runtime|6c5a950c-8ca9-4fbd-bb74-ec34439e1a54]min        0.000000      0.000000      1.000000      0.000000      0.000000   
[MFLOG|0|2023-12-09T00:59:31.657342Z|runtime|f6307501-0d77-4156-a9aa-570736913037]25%        0.000000      0.000000      8.000000      0.000000      0.370000   
[MFLOG|0|2023-12-09T00:59:31.657366Z|runtime|9917bbc9-152a-434f-98cd-e58d7afc73c9]50%        0.000000      0.000000     11.000000      0.000000      0.550000   
[MFLOG|0|2023-12-09T00:59:31.657390Z|runtime|73964aff-c314-4ca5-9287-6e474a54b45c]75%        0.000000      1.000000     15.000000      0.000000      0.730000   
[MFLOG|0|2023-12-09T00:59:31.657414Z|runtime|f3efe8b7-ee95-4918-a0b3-66e18d00f6fe]max       15.000000      6.000000     76.000000     28.000000      1.670000   
[MFLOG|0|2023-12-09T00:59:31.657443Z|runtime|fcb44ff5-61e0-4ef2-bfc1-4ed2ff5b04e3]
[MFLOG|0|2023-12-09T00:59:31.657468Z|runtime|3c3ffd6c-0cca-4a34-8c58-42da7e329a24]           totalAcc      totalBal   totalRevLim     accOpen24         avgBal  \
[MFLOG|0|2023-12-09T00:59:31.657494Z|runtime|91a78233-d37e-4133-89ba-65c298f5de9b]count  49999.000000  4.999900e+04  4.999900e+04  49999.000000   49999.000000   
[MFLOG|0|2023-12-09T00:59:31.657520Z|runtime|5a01788d-139b-4e87-94ad-0ecf0e6c24c5]mean      25.749595  1.397782e+05  3.243594e+04      4.557831   13189.526651   
[MFLOG|0|2023-12-09T00:59:31.657544Z|runtime|6be84aee-3fd7-4e0b-874f-f946c2b34d90]std       12.097421  1.526384e+05  3.269753e+04      3.079680   15561.787118   
[MFLOG|0|2023-12-09T00:59:31.657568Z|runtime|21476d84-875f-401d-ad55-9dd5da0691ae]min        3.000000  0.000000e+00  0.000000e+00      0.000000       0.000000   
[MFLOG|0|2023-12-09T00:59:31.657593Z|runtime|56ec2904-52c7-4cc6-8586-d9d5918ff596]25%       17.000000  3.061900e+04  1.400000e+04      2.000000    3170.000000   
[MFLOG|0|2023-12-09T00:59:31.657618Z|runtime|f8791a16-4508-4032-a273-07fb5679d833]50%       24.000000  8.107300e+04  2.400000e+04      4.000000    7356.000000   
[MFLOG|0|2023-12-09T00:59:31.657643Z|runtime|c3dbf96f-f662-42a1-b584-c10af3543973]75%       33.000000  2.094385e+05  4.030000e+04      6.000000   18223.500000   
[MFLOG|0|2023-12-09T00:59:31.657667Z|runtime|2bc5a523-cdfc-4c6f-9132-728ba87e3fff]max      162.000000  2.552960e+06  1.060800e+06     50.000000  358652.000000   
[MFLOG|0|2023-12-09T00:59:31.657691Z|runtime|c2ac0d82-199f-4084-b42f-78877542546e]
[MFLOG|0|2023-12-09T00:59:31.657719Z|runtime|23ddd98a-2d6b-4e6a-9112-3ea2808bff02]              bcOpen       bcRatio      totalLim   totalRevBal     totalBcLim  \
[MFLOG|0|2023-12-09T00:59:31.657743Z|runtime|7400adf7-1a77-448e-937c-80dba3b1d937]count   49511.000000  49479.000000  4.999900e+04  4.999900e+04   49999.000000   
[MFLOG|0|2023-12-09T00:59:31.657767Z|runtime|7a42d438-807b-4d33-8b60-62e0127c06bc]mean     9154.930945     63.188468  1.718866e+05  5.088178e+04   21190.290466   
[MFLOG|0|2023-12-09T00:59:31.657790Z|runtime|7319a7e1-9ad5-45df-8eee-4d37770cf134]std     14296.865563     27.205695  1.697017e+05  4.731099e+04   21250.776922   
[MFLOG|0|2023-12-09T00:59:31.657819Z|runtime|3a4b26e5-5bf3-438c-a98b-a5b6694b0a0e]min         0.000000      0.000000  6.000000e+02  0.000000e+00       0.000000   
[MFLOG|0|2023-12-09T00:59:31.657843Z|runtime|6dd56754-f795-4355-9eb7-7b83266ba827]25%      1235.000000     43.100000  5.000100e+04  2.211000e+04    7500.000000   
[MFLOG|0|2023-12-09T00:59:31.657867Z|runtime|32fdb977-20a2-4ca1-acd0-6e3fdacdaa88]50%      4052.000000     67.100000  1.120710e+05  3.862600e+04   14700.000000   
[MFLOG|0|2023-12-09T00:59:31.657891Z|runtime|d1a1410a-ae81-4e92-84c0-6148bdf5069e]75%     10868.500000     87.000000  2.498060e+05  6.390300e+04   27600.000000   
[MFLOG|0|2023-12-09T00:59:31.657914Z|runtime|2c3e1ead-e793-4e40-ac5b-3900cda4c2a6]max    373005.000000    161.000000  2.711061e+06  1.094819e+06  560800.000000   
[MFLOG|0|2023-12-09T00:59:31.657938Z|runtime|771d0a80-bc2e-4e5b-a6a7-87e7fa4b7a22]
[MFLOG|0|2023-12-09T00:59:31.657962Z|runtime|382670a3-3cc3-449f-afe3-0fe99119eadb]         totalIlLim  
[MFLOG|0|2023-12-09T00:59:31.658003Z|runtime|ee5db4fc-83dc-40f9-b1ab-f0553f12b70d]count  4.999900e+04  
[MFLOG|0|2023-12-09T00:59:31.658028Z|runtime|e662909c-d8a7-4aab-8971-49c011f77f76]mean   4.244567e+04  
[MFLOG|0|2023-12-09T00:59:31.658052Z|runtime|ee380e3a-9891-44d2-ba0b-82ae5332fd28]std    4.329564e+04  
[MFLOG|0|2023-12-09T00:59:31.658086Z|runtime|6f7146ad-820d-403a-9c23-09ea7daed8e1]min    0.000000e+00  
[MFLOG|0|2023-12-09T00:59:31.658110Z|runtime|da040125-2633-4e67-8fcb-548237b2e5b4]25%    1.500000e+04  
[MFLOG|0|2023-12-09T00:59:31.658134Z|runtime|777c3171-d4ff-4880-9acb-05a837a674d0]50%    3.200000e+04  
[MFLOG|0|2023-12-09T00:59:31.658158Z|runtime|2bcd65a1-0759-482d-8279-6ac8a708aa3d]75%    5.679400e+04  
[MFLOG|0|2023-12-09T00:59:31.658181Z|runtime|bd795d42-cd0b-420f-8874-bd49ba731f8b]max    1.027358e+06  
