[MFLOG|0|2023-12-12T22:24:31.486031Z|runtime|13436774-a3cb-416d-9b69-48dabb1c57c6]    amount        term  rate  payment grade          employment     length  \
[MFLOG|0|2023-12-12T22:24:31.526816Z|runtime|7ae1610b-07a3-4054-b6fa-3686ffe7db2e]0   8000.0   36 months  0.14   272.07     C       Warehouseman     3 years   
[MFLOG|0|2023-12-12T22:24:31.526987Z|runtime|ace81257-c485-45b0-9804-2e4cb4a73fd0]1  11000.0   36 months  0.10   354.89     B      Vice President  10+ years   
[MFLOG|0|2023-12-12T22:24:31.527051Z|runtime|9ef2350c-46dd-4e47-a72a-3c92b4e5d2eb]2  35000.0   36 months  0.15  1220.33     D      Owner/Attorney  10+ years   
[MFLOG|0|2023-12-12T22:24:31.527091Z|runtime|6f6ea969-db5c-4b89-bdc8-dec2775400c3]3  20000.0   60 months  0.12   447.83     C             Analyst    2 years   
[MFLOG|0|2023-12-12T22:24:31.527123Z|runtime|667a4411-55ca-400b-b642-bca85bf429d9]4  12000.0   60 months  0.12   266.88     B  medical technician  10+ years   
[MFLOG|0|2023-12-12T22:24:31.527150Z|runtime|6fb922e8-4826-4882-aac4-b1579022e467]
[MFLOG|0|2023-12-12T22:24:31.527180Z|runtime|6f08f337-9d0a-4cab-b1f8-38523642794a]       home    income         verified       status              reason state  \
[MFLOG|0|2023-12-12T22:24:31.527261Z|runtime|39d9dab7-b61f-488f-9287-4b16d2adb326]0      RENT   49966.0  Source Verified  Charged Off         credit_card    CA   
[MFLOG|0|2023-12-12T22:24:31.527302Z|runtime|9e66c1a3-9044-456c-969f-26e9379ffd55]1  MORTGAGE   50000.0     Not Verified   Fully Paid  debt_consolidation    PA   
[MFLOG|0|2023-12-12T22:24:31.527328Z|runtime|3b4532c3-fb94-4829-b36e-b1c65573d9cb]2      RENT  360000.0         Verified      Current  debt_consolidation    CA   
[MFLOG|0|2023-12-12T22:24:31.527350Z|runtime|a21b4449-50e3-4a42-bfcb-091640d944b0]3  MORTGAGE   60000.0  Source Verified   Fully Paid  debt_consolidation    CA   
[MFLOG|0|2023-12-12T22:24:31.527374Z|runtime|c521f89b-0417-4f53-b8bb-edaa0c9d3d62]4  MORTGAGE   64000.0  Source Verified      Current  debt_consolidation    NJ   
[MFLOG|0|2023-12-12T22:24:31.527400Z|runtime|9a700011-ce8b-48ad-aec8-c5001c263fdd]
[MFLOG|0|2023-12-12T22:24:31.527424Z|runtime|03aca72e-57dd-42f6-aa62-6a265974e37d]   debtIncRat  delinq2yr  inq6mth  openAcc  pubRec  revolRatio  totalAcc  \
[MFLOG|0|2023-12-12T22:24:31.527445Z|runtime|2844bc1d-1a7f-41d9-a6cb-e668a292a001]0       30.05        0.0      0.0     11.0     0.0        0.55      15.0   
[MFLOG|0|2023-12-12T22:24:31.527471Z|runtime|74288de6-acc6-4840-a3e0-3f3e64d39b59]1        8.74        0.0      2.0     12.0     0.0        0.36      15.0   
[MFLOG|0|2023-12-12T22:24:31.527491Z|runtime|c4fed999-3a00-43ed-8bca-f2fb394b60e2]2       14.50        0.0      1.0      8.0     0.0        0.83      14.0   
[MFLOG|0|2023-12-12T22:24:31.527512Z|runtime|889591b4-5c12-44e0-99d1-9a5f62b921a0]3       14.14        0.0      0.0     12.0     3.0        0.01      48.0   
[MFLOG|0|2023-12-12T22:24:31.527532Z|runtime|d40469c7-cc1f-434b-b9e5-9bcebaa76480]4        5.14        0.0      0.0      8.0     0.0        0.58      22.0   
[MFLOG|0|2023-12-12T22:24:31.527552Z|runtime|b6d05704-78f4-41b8-9836-54461772b9fe]
[MFLOG|0|2023-12-12T22:24:31.527573Z|runtime|e0fffadc-694d-4d7f-92d3-5554d364d578]   totalBal  totalRevLim  accOpen24    avgBal   bcOpen  bcRatio  totalLim  \
[MFLOG|0|2023-12-12T22:24:31.527601Z|runtime|81bfdb3d-5275-45a3-b975-e665734ff793]0   48054.0       8100.0        8.0    4369.0     43.0     95.7   60629.0   
[MFLOG|0|2023-12-12T22:24:31.527620Z|runtime|e30e6ed7-30c1-4965-96ca-df5a5e22dbb2]1  265838.0      33400.0        4.0   22153.0  19756.0     37.5  297500.0   
[MFLOG|0|2023-12-12T22:24:31.527640Z|runtime|2c5b20aa-fb8b-4d81-b777-3127d89bc4e0]2  850150.0      83000.0        2.0  121450.0   7686.0     83.2  907300.0   
[MFLOG|0|2023-12-12T22:24:31.527659Z|runtime|829c55c5-bc3b-494f-b220-ac5197ef804c]3   20671.0      14200.0        8.0    1723.0  11061.0      1.2   46964.0   
[MFLOG|0|2023-12-12T22:24:31.527679Z|runtime|a9a14d5e-1a5b-4402-8263-67841f673943]4  128034.0      14600.0        3.0   18291.0   5904.0     58.4  134600.0   
[MFLOG|0|2023-12-12T22:24:31.527699Z|runtime|308e4b33-259e-4e0c-9068-f742d33888a6]
[MFLOG|0|2023-12-12T22:24:31.527718Z|runtime|362ca382-2534-42ef-8583-5e641ef4ebd4]   totalRevBal  totalBcLim  totalIlLim  
[MFLOG|0|2023-12-12T22:24:31.527738Z|runtime|a8dd519e-7c3e-4539-bbd1-82f1f4baf385]0      48054.0      1000.0     52529.0  
[MFLOG|0|2023-12-12T22:24:31.527763Z|runtime|53c052d9-3851-4cce-beae-a0a6e411129c]1      11844.0     31600.0         0.0  
[MFLOG|0|2023-12-12T22:24:31.527783Z|runtime|e8021c61-3016-4fc4-960a-e22be4364dac]2     173260.0     83000.0    100000.0  
[MFLOG|0|2023-12-12T22:24:31.527802Z|runtime|16a4304a-459b-4c45-bef5-30bcdbc98664]3      20671.0     11200.0     32764.0  
[MFLOG|0|2023-12-12T22:24:31.527821Z|runtime|bbefe004-dbf3-4732-b4fa-ec0e4ab6825c]4       8475.0     14200.0         0.0  
[MFLOG|0|2023-12-12T22:24:31.527841Z|runtime|d42abd73-7323-4386-844e-e69a924f74d9]Dimensions of the dataset: (50000, 30)
[MFLOG|0|2023-12-12T22:24:31.527863Z|runtime|e04f319e-1801-45aa-9ec1-f9729f4c396d]             amount          rate       payment        income    debtIncRat  \
[MFLOG|0|2023-12-12T22:24:31.818924Z|runtime|53abec3b-e28f-4d30-8a19-7eb4b01d410a]count  49999.000000  49999.000000  49999.000000  4.999900e+04  49999.000000   
[MFLOG|0|2023-12-12T22:24:31.819032Z|runtime|49048558-5194-4a9a-b54b-0af820992bc7]mean   15145.527911      0.130407    442.737519  7.617379e+04     18.731157   
[MFLOG|0|2023-12-12T22:24:31.819056Z|runtime|a057e256-7075-4124-aa36-18402e5f7e1f]std     8527.772776      0.044192    244.835744  6.523503e+04      8.444506   
[MFLOG|0|2023-12-12T22:24:31.819074Z|runtime|f212d1d3-413c-44c8-8527-e6eb97880905]min     1000.000000      0.050000     30.540000  4.000000e+03      0.000000   
[MFLOG|0|2023-12-12T22:24:31.819090Z|runtime|a3e857ff-8509-4611-a161-3093d6629620]25%     8500.000000      0.100000    265.840000  4.623850e+04     12.390000   
[MFLOG|0|2023-12-12T22:24:31.819106Z|runtime|a8b43c56-b159-44a3-8b04-0e177f5c2f56]50%    13800.000000      0.130000    385.790000  6.500000e+04     18.210000   
[MFLOG|0|2023-12-12T22:24:31.819123Z|runtime|73eaf188-6f44-4b65-88a6-faede007bfc4]75%    20000.000000      0.160000    578.680000  9.000000e+04     24.730000   
[MFLOG|0|2023-12-12T22:24:31.819139Z|runtime|2a4ac4a9-391f-413c-9585-b84c53961939]max    35000.000000      0.290000   1407.010000  7.446395e+06     61.210000   
[MFLOG|0|2023-12-12T22:24:31.819156Z|runtime|8a41283b-0237-42d5-9625-c497325c03f8]
[MFLOG|0|2023-12-12T22:24:31.819172Z|runtime|ffd62ea4-f661-4812-9c54-a9435cb85196]          delinq2yr       inq6mth       openAcc        pubRec    revolRatio  \
[MFLOG|0|2023-12-12T22:24:31.819188Z|runtime|430df803-cc2b-4391-b65e-fba79aadfd39]count  49999.000000  49999.000000  49999.000000  49999.000000  49981.000000   
[MFLOG|0|2023-12-12T22:24:31.819203Z|runtime|9537c689-411c-489f-b759-724be4a4c072]mean       0.346167      0.639553     11.849217      0.232925      0.546419   
[MFLOG|0|2023-12-12T22:24:31.819219Z|runtime|c9d9bee7-b12d-4f2b-b10f-3a0a3ac61a12]std        0.907636      0.938869      5.524801      0.624342      0.236451   
[MFLOG|0|2023-12-12T22:24:31.819235Z|runtime|cdbe6bc4-ad7f-4247-a8fb-f1bf45f98f4a]min        0.000000      0.000000      1.000000      0.000000      0.000000   
[MFLOG|0|2023-12-12T22:24:31.819251Z|runtime|3ee87648-5589-4c12-8fff-49626c41036a]25%        0.000000      0.000000      8.000000      0.000000      0.370000   
[MFLOG|0|2023-12-12T22:24:31.819267Z|runtime|288575bf-1b4d-41a4-b103-04605609616b]50%        0.000000      0.000000     11.000000      0.000000      0.550000   
[MFLOG|0|2023-12-12T22:24:31.819284Z|runtime|c31d2b02-5a04-4d3d-91b1-e90e13748e4d]75%        0.000000      1.000000     15.000000      0.000000      0.730000   
[MFLOG|0|2023-12-12T22:24:31.819299Z|runtime|92b0a67f-c088-4f95-983e-ef3bd77640b1]max       15.000000      6.000000     76.000000     28.000000      1.670000   
[MFLOG|0|2023-12-12T22:24:31.819315Z|runtime|b63876df-f94c-4b5f-ba5c-6adbd54a0260]
[MFLOG|0|2023-12-12T22:24:31.819331Z|runtime|6f8a82db-22ff-4136-900b-ec44c74118fb]           totalAcc      totalBal   totalRevLim     accOpen24         avgBal  \
[MFLOG|0|2023-12-12T22:24:31.819347Z|runtime|98e3c157-a249-4f8c-b4aa-66d7606b112c]count  49999.000000  4.999900e+04  4.999900e+04  49999.000000   49999.000000   
[MFLOG|0|2023-12-12T22:24:31.819363Z|runtime|ba756c37-d738-4cea-b405-4c0fe4dfa49b]mean      25.749595  1.397782e+05  3.243594e+04      4.557831   13189.526651   
[MFLOG|0|2023-12-12T22:24:31.819380Z|runtime|462b70ba-c9b0-45f1-bcfd-9d9181172a0d]std       12.097421  1.526384e+05  3.269753e+04      3.079680   15561.787118   
[MFLOG|0|2023-12-12T22:24:31.819396Z|runtime|2cfdcdcd-d0ce-42dc-a744-27120bc34d63]min        3.000000  0.000000e+00  0.000000e+00      0.000000       0.000000   
[MFLOG|0|2023-12-12T22:24:31.819418Z|runtime|a1f6cec9-4f7e-45f7-acd1-0fb956f6a058]25%       17.000000  3.061900e+04  1.400000e+04      2.000000    3170.000000   
[MFLOG|0|2023-12-12T22:24:31.819435Z|runtime|853babcc-870f-4b3e-93ae-0311320deda0]50%       24.000000  8.107300e+04  2.400000e+04      4.000000    7356.000000   
[MFLOG|0|2023-12-12T22:24:31.819451Z|runtime|8bbc7444-b694-4f80-8037-9b0ef3f724dd]75%       33.000000  2.094385e+05  4.030000e+04      6.000000   18223.500000   
[MFLOG|0|2023-12-12T22:24:31.819467Z|runtime|f687796e-86b2-402e-9e6b-444ed699ca27]max      162.000000  2.552960e+06  1.060800e+06     50.000000  358652.000000   
[MFLOG|0|2023-12-12T22:24:31.819483Z|runtime|dedeef7b-6a91-46b6-9cef-c4c7ce4758ec]
[MFLOG|0|2023-12-12T22:24:31.819499Z|runtime|a66522a9-2c8b-4a9e-a536-dafb231b1f05]              bcOpen       bcRatio      totalLim   totalRevBal     totalBcLim  \
[MFLOG|0|2023-12-12T22:24:31.819518Z|runtime|a23fb646-2e93-4840-928b-16f34beba7b3]count   49511.000000  49479.000000  4.999900e+04  4.999900e+04   49999.000000   
[MFLOG|0|2023-12-12T22:24:31.819558Z|runtime|9528c932-5ff6-4018-98ab-098a0d00f0eb]mean     9154.930945     63.188468  1.718866e+05  5.088178e+04   21190.290466   
[MFLOG|0|2023-12-12T22:24:31.819599Z|runtime|61488595-a352-4dcb-8c4b-d6fa5531315f]std     14296.865563     27.205695  1.697017e+05  4.731099e+04   21250.776922   
[MFLOG|0|2023-12-12T22:24:31.819621Z|runtime|ededd008-bb15-4c6b-952c-f9e2d30195a2]min         0.000000      0.000000  6.000000e+02  0.000000e+00       0.000000   
[MFLOG|0|2023-12-12T22:24:31.819639Z|runtime|6aad63e8-5977-48c0-8131-f30adc7828e3]25%      1235.000000     43.100000  5.000100e+04  2.211000e+04    7500.000000   
[MFLOG|0|2023-12-12T22:24:31.819656Z|runtime|f3c4846a-1a52-4c39-affd-91fb479a2748]50%      4052.000000     67.100000  1.120710e+05  3.862600e+04   14700.000000   
[MFLOG|0|2023-12-12T22:24:31.819673Z|runtime|a741a7b6-edee-4447-ac06-43a633f8aada]75%     10868.500000     87.000000  2.498060e+05  6.390300e+04   27600.000000   
[MFLOG|0|2023-12-12T22:24:31.819690Z|runtime|e02b8e1f-f4ce-4807-b790-6f4716a4c5fb]max    373005.000000    161.000000  2.711061e+06  1.094819e+06  560800.000000   
[MFLOG|0|2023-12-12T22:24:31.819707Z|runtime|6a99d944-9d39-49b6-b80b-f60af0d4e192]
[MFLOG|0|2023-12-12T22:24:31.819724Z|runtime|c75e82ee-28ce-4d00-b562-b078d9742a98]         totalIlLim  
[MFLOG|0|2023-12-12T22:24:31.819743Z|runtime|3b9bebc5-d620-4a9c-a985-f210fa75dde9]count  4.999900e+04  
[MFLOG|0|2023-12-12T22:24:31.819760Z|runtime|4995df23-abe2-446f-ac81-926ecfec1c84]mean   4.244567e+04  
[MFLOG|0|2023-12-12T22:24:31.819777Z|runtime|39f3b27d-fa55-4c6a-acde-cbb6886f9bb9]std    4.329564e+04  
[MFLOG|0|2023-12-12T22:24:31.819794Z|runtime|c8db0f30-4229-46d3-a764-9bca49419c91]min    0.000000e+00  
[MFLOG|0|2023-12-12T22:24:31.819811Z|runtime|3b435c86-03e9-4303-8f1b-59eabd352214]25%    1.500000e+04  
[MFLOG|0|2023-12-12T22:24:31.819828Z|runtime|0ca807ed-16aa-4e94-b081-e6fc362e0cb5]50%    3.200000e+04  
[MFLOG|0|2023-12-12T22:24:31.819853Z|runtime|006a2184-9b5d-4edd-822f-1d39a3964189]75%    5.679400e+04  
[MFLOG|0|2023-12-12T22:24:31.819873Z|runtime|0df7cd8c-0d44-4108-97ed-b996b429e454]max    1.027358e+06  
