[MFLOG|0|2023-12-12T22:31:43.617777Z|runtime|00978fa1-3a80-448f-bb21-a2c8a39aba08]    amount        term  rate  payment grade          employment     length  \
[MFLOG|0|2023-12-12T22:31:43.681883Z|runtime|7bc08ddc-fd58-4c4a-b5c6-dd51d4bcaac4]0   8000.0   36 months  0.14   272.07     C       Warehouseman     3 years   
[MFLOG|0|2023-12-12T22:31:43.682023Z|runtime|016ab904-a85e-4c2c-b03f-5363aa5d3af0]1  11000.0   36 months  0.10   354.89     B      Vice President  10+ years   
[MFLOG|0|2023-12-12T22:31:43.682106Z|runtime|090b72bb-2a2b-4fa3-a88a-802f29e3a146]2  35000.0   36 months  0.15  1220.33     D      Owner/Attorney  10+ years   
[MFLOG|0|2023-12-12T22:31:43.682152Z|runtime|c6ee9496-f862-4b06-bbc3-ce71b8727730]3  20000.0   60 months  0.12   447.83     C             Analyst    2 years   
[MFLOG|0|2023-12-12T22:31:43.682205Z|runtime|54eee2a4-a12f-4c87-ba76-3890dd26868d]4  12000.0   60 months  0.12   266.88     B  medical technician  10+ years   
[MFLOG|0|2023-12-12T22:31:43.682247Z|runtime|1ae6270c-b9cb-4fc6-b455-16ec6b0e8703]
[MFLOG|0|2023-12-12T22:31:43.682289Z|runtime|1374df21-9f3d-4bd2-bd24-c12942a61ec5]       home    income         verified       status              reason state  \
[MFLOG|0|2023-12-12T22:31:43.682324Z|runtime|c87e17cb-23c2-4f6c-854b-2bfb0bf86bf4]0      RENT   49966.0  Source Verified  Charged Off         credit_card    CA   
[MFLOG|0|2023-12-12T22:31:43.682379Z|runtime|07731b40-b354-4d2f-a7bf-bbb9be223d1c]1  MORTGAGE   50000.0     Not Verified   Fully Paid  debt_consolidation    PA   
[MFLOG|0|2023-12-12T22:31:43.682409Z|runtime|4fd150c4-2b67-4931-946c-0c3af5638cab]2      RENT  360000.0         Verified      Current  debt_consolidation    CA   
[MFLOG|0|2023-12-12T22:31:43.682441Z|runtime|8b5489e0-c445-47f5-9116-61fd85436640]3  MORTGAGE   60000.0  Source Verified   Fully Paid  debt_consolidation    CA   
[MFLOG|0|2023-12-12T22:31:43.682469Z|runtime|232a2344-623c-4f9c-9cf1-7f1bd88a91ac]4  MORTGAGE   64000.0  Source Verified      Current  debt_consolidation    NJ   
[MFLOG|0|2023-12-12T22:31:43.682501Z|runtime|4a9e9763-f756-48ea-8900-f52e21b9ab77]
[MFLOG|0|2023-12-12T22:31:43.682529Z|runtime|b742f8b1-0179-4a3d-be57-c67de521a67a]   debtIncRat  delinq2yr  inq6mth  openAcc  pubRec  revolRatio  totalAcc  \
[MFLOG|0|2023-12-12T22:31:43.682625Z|runtime|be1f1d04-4d4b-4f6c-a221-367920ef50a9]0       30.05        0.0      0.0     11.0     0.0        0.55      15.0   
[MFLOG|0|2023-12-12T22:31:43.682717Z|runtime|ff974a83-748b-4e6b-88a3-b40c9d525a4a]1        8.74        0.0      2.0     12.0     0.0        0.36      15.0   
[MFLOG|0|2023-12-12T22:31:43.682763Z|runtime|96952b96-3a4a-4a23-826f-e9df31a4052f]2       14.50        0.0      1.0      8.0     0.0        0.83      14.0   
[MFLOG|0|2023-12-12T22:31:43.682812Z|runtime|9b4f5832-544f-4532-b9d5-b519b423cfff]3       14.14        0.0      0.0     12.0     3.0        0.01      48.0   
[MFLOG|0|2023-12-12T22:31:43.682845Z|runtime|087a68d5-de1a-4edd-bc3c-de40ecd857c5]4        5.14        0.0      0.0      8.0     0.0        0.58      22.0   
[MFLOG|0|2023-12-12T22:31:43.682876Z|runtime|953609f2-ebac-4209-b0bc-a50fff572619]
[MFLOG|0|2023-12-12T22:31:43.682909Z|runtime|7081ef6d-b059-4952-8a2d-5659b9f5d2e4]   totalBal  totalRevLim  accOpen24    avgBal   bcOpen  bcRatio  totalLim  \
[MFLOG|0|2023-12-12T22:31:43.682946Z|runtime|ad8cb4db-7512-4d7c-9c62-74e9384b764b]0   48054.0       8100.0        8.0    4369.0     43.0     95.7   60629.0   
[MFLOG|0|2023-12-12T22:31:43.682993Z|runtime|2291b388-76e6-47c6-9409-7e7fbc240260]1  265838.0      33400.0        4.0   22153.0  19756.0     37.5  297500.0   
[MFLOG|0|2023-12-12T22:31:43.683032Z|runtime|d75ac956-d065-4e63-a908-5199a163752d]2  850150.0      83000.0        2.0  121450.0   7686.0     83.2  907300.0   
[MFLOG|0|2023-12-12T22:31:43.683062Z|runtime|53daae4d-f997-4c68-8dbf-ae2b2f4bacc1]3   20671.0      14200.0        8.0    1723.0  11061.0      1.2   46964.0   
[MFLOG|0|2023-12-12T22:31:43.683102Z|runtime|615e48f9-5b8d-466a-ab75-3cd5f38c6bde]4  128034.0      14600.0        3.0   18291.0   5904.0     58.4  134600.0   
[MFLOG|0|2023-12-12T22:31:43.683137Z|runtime|817d2b4d-935e-4c34-a3d5-deef48359033]
[MFLOG|0|2023-12-12T22:31:43.683168Z|runtime|6191957d-5ad3-4afd-be8e-1cadbe61f796]   totalRevBal  totalBcLim  totalIlLim  
[MFLOG|0|2023-12-12T22:31:43.683202Z|runtime|ad2c8429-b5bb-4553-8d39-7063c6ed5ad5]0      48054.0      1000.0     52529.0  
[MFLOG|0|2023-12-12T22:31:43.683233Z|runtime|46bcd518-8728-4d1f-a3f9-fa2835d6c748]1      11844.0     31600.0         0.0  
[MFLOG|0|2023-12-12T22:31:43.683267Z|runtime|3adb0faa-a500-4e19-902b-e032f51cee40]2     173260.0     83000.0    100000.0  
[MFLOG|0|2023-12-12T22:31:43.683306Z|runtime|a19ccb7c-5641-4044-8c27-2cefb60c9f64]3      20671.0     11200.0     32764.0  
[MFLOG|0|2023-12-12T22:31:43.683336Z|runtime|afdb8bb9-259d-4cf9-8171-01714cfa146b]4       8475.0     14200.0         0.0  
[MFLOG|0|2023-12-12T22:31:43.683365Z|runtime|d8e276b0-8f94-4daa-995e-9125ade28009]Dimensions of the dataset: (50000, 30)
[MFLOG|0|2023-12-12T22:31:43.683398Z|runtime|abf64bb2-e539-4938-b457-d8a7e1a2adff]             amount          rate       payment        income    debtIncRat  \
[MFLOG|0|2023-12-12T22:31:44.026826Z|runtime|10c5e5b9-f040-4b21-891d-467c6a6c73f6]count  49999.000000  49999.000000  49999.000000  4.999900e+04  49999.000000   
[MFLOG|0|2023-12-12T22:31:44.026929Z|runtime|5b72a7d0-2d41-4b94-a181-66e2d6b8d965]mean   15145.527911      0.130407    442.737519  7.617379e+04     18.731157   
[MFLOG|0|2023-12-12T22:31:44.026964Z|runtime|83e44966-72ef-4e18-ae9a-05ccc8155d3c]std     8527.772776      0.044192    244.835744  6.523503e+04      8.444506   
[MFLOG|0|2023-12-12T22:31:44.026990Z|runtime|a3acac34-932b-4914-b74a-7f0841fc7d57]min     1000.000000      0.050000     30.540000  4.000000e+03      0.000000   
[MFLOG|0|2023-12-12T22:31:44.027016Z|runtime|cea3315d-8e46-4078-90bc-5bc4675bf908]25%     8500.000000      0.100000    265.840000  4.623850e+04     12.390000   
[MFLOG|0|2023-12-12T22:31:44.027041Z|runtime|1d6bf346-e266-458f-9f2b-49ec281c9019]50%    13800.000000      0.130000    385.790000  6.500000e+04     18.210000   
[MFLOG|0|2023-12-12T22:31:44.027066Z|runtime|821304c6-3ff1-483b-b15f-b7be4c413f8e]75%    20000.000000      0.160000    578.680000  9.000000e+04     24.730000   
[MFLOG|0|2023-12-12T22:31:44.027090Z|runtime|efb5492b-3661-44ee-93df-b74471d83ba7]max    35000.000000      0.290000   1407.010000  7.446395e+06     61.210000   
[MFLOG|0|2023-12-12T22:31:44.027114Z|runtime|c5276622-5a96-41dc-9077-a6d788d9a3aa]
[MFLOG|0|2023-12-12T22:31:44.027141Z|runtime|2be191d0-b8ca-4a33-94cd-50a4ec751bbd]          delinq2yr       inq6mth       openAcc        pubRec    revolRatio  \
[MFLOG|0|2023-12-12T22:31:44.027169Z|runtime|fa80fb80-401d-424d-9c4b-4bf93ff69a6a]count  49999.000000  49999.000000  49999.000000  49999.000000  49981.000000   
[MFLOG|0|2023-12-12T22:31:44.027193Z|runtime|9925e2f0-650f-49c0-aee0-72d204fce335]mean       0.346167      0.639553     11.849217      0.232925      0.546419   
[MFLOG|0|2023-12-12T22:31:44.027219Z|runtime|2a468eb4-b32b-428e-ae09-25d78155bcaf]std        0.907636      0.938869      5.524801      0.624342      0.236451   
[MFLOG|0|2023-12-12T22:31:44.027243Z|runtime|ada85028-9e81-474f-940a-8b2409051b06]min        0.000000      0.000000      1.000000      0.000000      0.000000   
[MFLOG|0|2023-12-12T22:31:44.027267Z|runtime|6081bb95-70fd-416e-915a-73f4f5ef98d6]25%        0.000000      0.000000      8.000000      0.000000      0.370000   
[MFLOG|0|2023-12-12T22:31:44.027296Z|runtime|bfaf63f8-1c9e-40b0-aa94-ed10ddeaec5c]50%        0.000000      0.000000     11.000000      0.000000      0.550000   
[MFLOG|0|2023-12-12T22:31:44.027327Z|runtime|9fd35f30-c062-4b7a-bb67-99a7f34db693]75%        0.000000      1.000000     15.000000      0.000000      0.730000   
[MFLOG|0|2023-12-12T22:31:44.027352Z|runtime|df1a1d70-0ceb-4567-880c-076fcb9a1c7e]max       15.000000      6.000000     76.000000     28.000000      1.670000   
[MFLOG|0|2023-12-12T22:31:44.027377Z|runtime|e6eae154-90b1-4d6e-8072-a1bed135deb6]
[MFLOG|0|2023-12-12T22:31:44.027403Z|runtime|8af4f8bb-d09a-4446-9673-3e7c7773ea1d]           totalAcc      totalBal   totalRevLim     accOpen24         avgBal  \
[MFLOG|0|2023-12-12T22:31:44.027427Z|runtime|06501456-4a4b-4642-be78-8a91ef26d79f]count  49999.000000  4.999900e+04  4.999900e+04  49999.000000   49999.000000   
[MFLOG|0|2023-12-12T22:31:44.027454Z|runtime|aba8b9d7-8589-4077-b6f6-e7af2ac9cbf9]mean      25.749595  1.397782e+05  3.243594e+04      4.557831   13189.526651   
[MFLOG|0|2023-12-12T22:31:44.027478Z|runtime|5a86f728-79f1-4223-9c3f-3170b11ecbc6]std       12.097421  1.526384e+05  3.269753e+04      3.079680   15561.787118   
[MFLOG|0|2023-12-12T22:31:44.027503Z|runtime|23affc90-9ca8-49a9-af8b-8aaab82631ba]min        3.000000  0.000000e+00  0.000000e+00      0.000000       0.000000   
[MFLOG|0|2023-12-12T22:31:44.027529Z|runtime|1ad95963-f24c-45c7-a290-f6588914f34b]25%       17.000000  3.061900e+04  1.400000e+04      2.000000    3170.000000   
[MFLOG|0|2023-12-12T22:31:44.027560Z|runtime|b61376d7-b267-4ce6-acb9-c03ab2588710]50%       24.000000  8.107300e+04  2.400000e+04      4.000000    7356.000000   
[MFLOG|0|2023-12-12T22:31:44.027585Z|runtime|24fae69c-e7a8-4298-9e04-b946fcfe8ac1]75%       33.000000  2.094385e+05  4.030000e+04      6.000000   18223.500000   
[MFLOG|0|2023-12-12T22:31:44.027610Z|runtime|604fb634-c259-4a44-ab81-998b0f1a72e7]max      162.000000  2.552960e+06  1.060800e+06     50.000000  358652.000000   
[MFLOG|0|2023-12-12T22:31:44.027634Z|runtime|9312dd2a-756c-4586-903f-48ff88227cde]
[MFLOG|0|2023-12-12T22:31:44.027658Z|runtime|0adaf17d-cb52-4c92-a987-5c7bb897ed29]              bcOpen       bcRatio      totalLim   totalRevBal     totalBcLim  \
[MFLOG|0|2023-12-12T22:31:44.027690Z|runtime|c97d76f6-d8fe-4d23-bcce-b6ae68c63823]count   49511.000000  49479.000000  4.999900e+04  4.999900e+04   49999.000000   
[MFLOG|0|2023-12-12T22:31:44.027715Z|runtime|cfa04977-ecd8-4a06-a219-05db40e89414]mean     9154.930945     63.188468  1.718866e+05  5.088178e+04   21190.290466   
[MFLOG|0|2023-12-12T22:31:44.027739Z|runtime|1a39d775-46c6-4ac9-8150-98c002848e79]std     14296.865563     27.205695  1.697017e+05  4.731099e+04   21250.776922   
[MFLOG|0|2023-12-12T22:31:44.027764Z|runtime|cd526e87-a0d7-433e-bb26-80fe0a573a80]min         0.000000      0.000000  6.000000e+02  0.000000e+00       0.000000   
[MFLOG|0|2023-12-12T22:31:44.027789Z|runtime|93019611-6fb0-4cd8-b216-13f78ae450b9]25%      1235.000000     43.100000  5.000100e+04  2.211000e+04    7500.000000   
[MFLOG|0|2023-12-12T22:31:44.027813Z|runtime|cd1c0af9-2ad5-4200-a21b-f2b0a68cf78f]50%      4052.000000     67.100000  1.120710e+05  3.862600e+04   14700.000000   
[MFLOG|0|2023-12-12T22:31:44.027837Z|runtime|1daadb17-2bd3-4a5b-9613-2e91631bdec1]75%     10868.500000     87.000000  2.498060e+05  6.390300e+04   27600.000000   
[MFLOG|0|2023-12-12T22:31:44.027861Z|runtime|626d00b2-a743-4fb5-9fde-31a2a5bdafc4]max    373005.000000    161.000000  2.711061e+06  1.094819e+06  560800.000000   
[MFLOG|0|2023-12-12T22:31:44.027885Z|runtime|5cfe5899-7b0b-4add-84a6-cb7e2e770372]
[MFLOG|0|2023-12-12T22:31:44.027909Z|runtime|411a9bac-0cae-469f-9fa6-ef52005a35f4]         totalIlLim  
[MFLOG|0|2023-12-12T22:31:44.027934Z|runtime|8634689b-942a-4b6a-9121-d02e0f723976]count  4.999900e+04  
[MFLOG|0|2023-12-12T22:31:44.027959Z|runtime|48a700e8-79b1-42cc-bf7d-d8398c535db4]mean   4.244567e+04  
[MFLOG|0|2023-12-12T22:31:44.027983Z|runtime|8cc79890-f96f-4934-b687-33c5f20ae2cd]std    4.329564e+04  
[MFLOG|0|2023-12-12T22:31:44.028014Z|runtime|d51b0b68-63a3-4592-80ad-42ec4122c9ff]min    0.000000e+00  
[MFLOG|0|2023-12-12T22:31:44.028039Z|runtime|3ab2122d-1d57-4fc6-9def-77acd95cb440]25%    1.500000e+04  
[MFLOG|0|2023-12-12T22:31:44.028063Z|runtime|95c4c4f6-f000-4f95-a720-1b47ab2bae6b]50%    3.200000e+04  
[MFLOG|0|2023-12-12T22:31:44.028098Z|runtime|90fd30de-4028-4a91-bed1-373d01a020f7]75%    5.679400e+04  
[MFLOG|0|2023-12-12T22:31:44.028122Z|runtime|8fb9231e-079e-4616-a10f-8f88f3feb35e]max    1.027358e+06  
