[MFLOG|0|2023-12-12T00:28:07.317580Z|runtime|d63e427a-4e34-4163-b13a-73660ebb4abb]    amount        term  rate  payment grade          employment     length  \
[MFLOG|0|2023-12-12T00:28:07.358032Z|runtime|f95ed4d7-45ac-4314-92f1-c0614d151784]0   8000.0   36 months  0.14   272.07     C       Warehouseman     3 years   
[MFLOG|0|2023-12-12T00:28:07.358130Z|runtime|520a4fdf-2b5b-4b9e-a403-2f4a8996d8f7]1  11000.0   36 months  0.10   354.89     B      Vice President  10+ years   
[MFLOG|0|2023-12-12T00:28:07.358186Z|runtime|cbf789c2-6529-4fb1-9540-63f458bfdc28]2  35000.0   36 months  0.15  1220.33     D      Owner/Attorney  10+ years   
[MFLOG|0|2023-12-12T00:28:07.358216Z|runtime|bcd66601-0c3a-4a33-bea5-4895540a059b]3  20000.0   60 months  0.12   447.83     C             Analyst    2 years   
[MFLOG|0|2023-12-12T00:28:07.358248Z|runtime|02ad6a68-e012-4e81-8d44-7c96dc98e7eb]4  12000.0   60 months  0.12   266.88     B  medical technician  10+ years   
[MFLOG|0|2023-12-12T00:28:07.358270Z|runtime|00d90fcd-782e-4251-bac4-1c36503ab8e4]
[MFLOG|0|2023-12-12T00:28:07.358295Z|runtime|da2082c5-de9d-4f39-8549-f6ca64bdf1ce]       home    income         verified       status              reason state  \
[MFLOG|0|2023-12-12T00:28:07.358319Z|runtime|d28ef539-793b-499a-8872-bea1ccb006f7]0      RENT   49966.0  Source Verified  Charged Off         credit_card    CA   
[MFLOG|0|2023-12-12T00:28:07.358339Z|runtime|24043d3d-ba55-4c77-bec0-59ba0f31d9e6]1  MORTGAGE   50000.0     Not Verified   Fully Paid  debt_consolidation    PA   
[MFLOG|0|2023-12-12T00:28:07.358361Z|runtime|32415f6a-57fd-4aac-82d0-69335f63d8c0]2      RENT  360000.0         Verified      Current  debt_consolidation    CA   
[MFLOG|0|2023-12-12T00:28:07.358380Z|runtime|0bd881ca-8d74-41ed-8633-46096eaea570]3  MORTGAGE   60000.0  Source Verified   Fully Paid  debt_consolidation    CA   
[MFLOG|0|2023-12-12T00:28:07.358398Z|runtime|7c8acb02-b39b-4d38-b9e9-5e6b5e2e7a6c]4  MORTGAGE   64000.0  Source Verified      Current  debt_consolidation    NJ   
[MFLOG|0|2023-12-12T00:28:07.358418Z|runtime|f4f1fe68-b58f-4b72-83c1-7250fad4d1c0]
[MFLOG|0|2023-12-12T00:28:07.358450Z|runtime|381ce0cd-fb4e-4888-b862-9c277cbfe401]   debtIncRat  delinq2yr  inq6mth  openAcc  pubRec  revolRatio  totalAcc  \
[MFLOG|0|2023-12-12T00:28:07.358469Z|runtime|05afe5a6-53dd-4229-96f9-be6bcb4d4e0d]0       30.05        0.0      0.0     11.0     0.0        0.55      15.0   
[MFLOG|0|2023-12-12T00:28:07.358488Z|runtime|6c55325f-b9ee-4728-a08c-3216e4bb813b]1        8.74        0.0      2.0     12.0     0.0        0.36      15.0   
[MFLOG|0|2023-12-12T00:28:07.358506Z|runtime|068efcfa-9f40-469d-baa7-a5a63889837c]2       14.50        0.0      1.0      8.0     0.0        0.83      14.0   
[MFLOG|0|2023-12-12T00:28:07.358525Z|runtime|b9977164-9328-4b28-8798-33969f11148f]3       14.14        0.0      0.0     12.0     3.0        0.01      48.0   
[MFLOG|0|2023-12-12T00:28:07.358549Z|runtime|5a54af87-f8a0-4c6c-beb2-330f590f87fc]4        5.14        0.0      0.0      8.0     0.0        0.58      22.0   
[MFLOG|0|2023-12-12T00:28:07.358569Z|runtime|5f3b5c4e-d430-4df7-a564-f587a1a5d1e3]
[MFLOG|0|2023-12-12T00:28:07.358589Z|runtime|9ea4ead1-643c-4484-b4dd-829269fa0436]   totalBal  totalRevLim  accOpen24    avgBal   bcOpen  bcRatio  totalLim  \
[MFLOG|0|2023-12-12T00:28:07.358607Z|runtime|50d7e75d-9ff5-4261-af35-33fd44a6e0a6]0   48054.0       8100.0        8.0    4369.0     43.0     95.7   60629.0   
[MFLOG|0|2023-12-12T00:28:07.358625Z|runtime|6e8662c1-a5e3-489a-85fd-2074f6c5126d]1  265838.0      33400.0        4.0   22153.0  19756.0     37.5  297500.0   
[MFLOG|0|2023-12-12T00:28:07.358644Z|runtime|c01cbcb4-0593-4d30-87f7-ba80ba2780f7]2  850150.0      83000.0        2.0  121450.0   7686.0     83.2  907300.0   
[MFLOG|0|2023-12-12T00:28:07.358663Z|runtime|542faf4a-5eea-48d9-a67b-552833a943d7]3   20671.0      14200.0        8.0    1723.0  11061.0      1.2   46964.0   
[MFLOG|0|2023-12-12T00:28:07.358685Z|runtime|6420a3f8-cf0a-4630-b144-ff433f1d7f57]4  128034.0      14600.0        3.0   18291.0   5904.0     58.4  134600.0   
[MFLOG|0|2023-12-12T00:28:07.358705Z|runtime|a8615545-d790-40c4-a1ee-81943e9eca3f]
[MFLOG|0|2023-12-12T00:28:07.358723Z|runtime|708a3d9d-d0b0-4fb7-9f92-b45d014d9fc9]   totalRevBal  totalBcLim  totalIlLim  
[MFLOG|0|2023-12-12T00:28:07.358742Z|runtime|93decf7a-8da1-4c9d-ab0c-8b11fb205946]0      48054.0      1000.0     52529.0  
[MFLOG|0|2023-12-12T00:28:07.358761Z|runtime|a4a47b74-5fe1-4d00-a07f-382d20b59874]1      11844.0     31600.0         0.0  
[MFLOG|0|2023-12-12T00:28:07.358781Z|runtime|7a349422-bef0-49de-82d9-0927960f9d5f]2     173260.0     83000.0    100000.0  
[MFLOG|0|2023-12-12T00:28:07.358799Z|runtime|24af3017-f507-4f95-9541-3a6525d4ab3f]3      20671.0     11200.0     32764.0  
[MFLOG|0|2023-12-12T00:28:07.358818Z|runtime|34e8d738-1f51-418f-8fa5-f5315a6500a7]4       8475.0     14200.0         0.0  
[MFLOG|0|2023-12-12T00:28:07.358837Z|runtime|db65b0e7-75d1-4b34-980b-9bcc335a3f0c]Dimensions of the dataset: (50000, 30)
[MFLOG|0|2023-12-12T00:28:07.358858Z|runtime|d07c125f-4e97-41f4-9968-ac69990131b6]             amount          rate       payment        income    debtIncRat  \
[MFLOG|0|2023-12-12T00:28:07.635374Z|runtime|1c773984-6ccb-4604-b11f-05b5493ab614]count  49999.000000  49999.000000  49999.000000  4.999900e+04  49999.000000   
[MFLOG|0|2023-12-12T00:28:07.635485Z|runtime|14a1694d-a0c3-4d77-bd7a-5dd666463a0f]mean   15145.527911      0.130407    442.737519  7.617379e+04     18.731157   
[MFLOG|0|2023-12-12T00:28:07.635508Z|runtime|45518ba4-a6ad-4a17-9b92-333496a6e2b7]std     8527.772776      0.044192    244.835744  6.523503e+04      8.444506   
[MFLOG|0|2023-12-12T00:28:07.635525Z|runtime|ced01276-09aa-436c-bcc4-5ea93c397a98]min     1000.000000      0.050000     30.540000  4.000000e+03      0.000000   
[MFLOG|0|2023-12-12T00:28:07.635542Z|runtime|3ba2f9f0-d653-4581-9c23-43acd23d23b0]25%     8500.000000      0.100000    265.840000  4.623850e+04     12.390000   
[MFLOG|0|2023-12-12T00:28:07.635559Z|runtime|501854ae-cfc6-4b83-9bc2-37990a87a34d]50%    13800.000000      0.130000    385.790000  6.500000e+04     18.210000   
[MFLOG|0|2023-12-12T00:28:07.635575Z|runtime|e79cad21-0080-4f20-b265-b8d1f165d3a8]75%    20000.000000      0.160000    578.680000  9.000000e+04     24.730000   
[MFLOG|0|2023-12-12T00:28:07.635592Z|runtime|77618606-ce94-4a67-81b9-4341d8bb7e46]max    35000.000000      0.290000   1407.010000  7.446395e+06     61.210000   
[MFLOG|0|2023-12-12T00:28:07.635608Z|runtime|f719ef96-8749-4347-8c64-25f4d341d13b]
[MFLOG|0|2023-12-12T00:28:07.635624Z|runtime|df8fd43e-afe7-4f74-a8da-94ea6cfde460]          delinq2yr       inq6mth       openAcc        pubRec    revolRatio  \
[MFLOG|0|2023-12-12T00:28:07.635640Z|runtime|5bccd670-cbc5-4ff1-be4d-57e03eb517c3]count  49999.000000  49999.000000  49999.000000  49999.000000  49981.000000   
[MFLOG|0|2023-12-12T00:28:07.635655Z|runtime|85d70103-4694-467f-904e-8d9fd2878ba1]mean       0.346167      0.639553     11.849217      0.232925      0.546419   
[MFLOG|0|2023-12-12T00:28:07.635671Z|runtime|b609d290-de26-4f06-8e37-08f4ee1de005]std        0.907636      0.938869      5.524801      0.624342      0.236451   
[MFLOG|0|2023-12-12T00:28:07.635687Z|runtime|6bf24279-a200-41f7-a206-2f74a2093f74]min        0.000000      0.000000      1.000000      0.000000      0.000000   
[MFLOG|0|2023-12-12T00:28:07.635703Z|runtime|2b94300c-779d-442d-a0f5-35ea48c68385]25%        0.000000      0.000000      8.000000      0.000000      0.370000   
[MFLOG|0|2023-12-12T00:28:07.635719Z|runtime|e46f533d-320b-463e-8bf7-0901313540e7]50%        0.000000      0.000000     11.000000      0.000000      0.550000   
[MFLOG|0|2023-12-12T00:28:07.635735Z|runtime|75cbf919-9bc1-4eb4-85d3-a111a3f9f391]75%        0.000000      1.000000     15.000000      0.000000      0.730000   
[MFLOG|0|2023-12-12T00:28:07.635751Z|runtime|ea2c4493-587e-429c-97ec-09d7aa50845a]max       15.000000      6.000000     76.000000     28.000000      1.670000   
[MFLOG|0|2023-12-12T00:28:07.635766Z|runtime|5cc8754b-fe73-49f9-836e-80cd4a81e354]
[MFLOG|0|2023-12-12T00:28:07.635782Z|runtime|3e5681f6-0c3b-4b0b-98ed-c7c2f3ab5af7]           totalAcc      totalBal   totalRevLim     accOpen24         avgBal  \
[MFLOG|0|2023-12-12T00:28:07.635799Z|runtime|5ea32c24-ed21-4fc4-9eee-6fcb87771219]count  49999.000000  4.999900e+04  4.999900e+04  49999.000000   49999.000000   
[MFLOG|0|2023-12-12T00:28:07.635815Z|runtime|1b459d38-c2e4-4abc-8ec3-4775eed6361b]mean      25.749595  1.397782e+05  3.243594e+04      4.557831   13189.526651   
[MFLOG|0|2023-12-12T00:28:07.635832Z|runtime|25fb68ae-8231-4f53-a826-ce40d87fa826]std       12.097421  1.526384e+05  3.269753e+04      3.079680   15561.787118   
[MFLOG|0|2023-12-12T00:28:07.635848Z|runtime|abe50746-5ff7-4520-b583-a47ab6a0a2a3]min        3.000000  0.000000e+00  0.000000e+00      0.000000       0.000000   
[MFLOG|0|2023-12-12T00:28:07.635863Z|runtime|47e8f9f5-2763-427d-91d2-535f9b5fd132]25%       17.000000  3.061900e+04  1.400000e+04      2.000000    3170.000000   
[MFLOG|0|2023-12-12T00:28:07.635880Z|runtime|d6f9d02b-c5fa-47ce-8f68-d3589fc073dc]50%       24.000000  8.107300e+04  2.400000e+04      4.000000    7356.000000   
[MFLOG|0|2023-12-12T00:28:07.635896Z|runtime|7fe5fb6f-8900-4d67-a5d7-5ec30fb0307d]75%       33.000000  2.094385e+05  4.030000e+04      6.000000   18223.500000   
[MFLOG|0|2023-12-12T00:28:07.635912Z|runtime|153fbb3c-28db-437a-8108-31f43490db21]max      162.000000  2.552960e+06  1.060800e+06     50.000000  358652.000000   
[MFLOG|0|2023-12-12T00:28:07.635928Z|runtime|79abc6af-50c7-49b8-92a5-91fb0316980a]
[MFLOG|0|2023-12-12T00:28:07.635944Z|runtime|b2bd6e71-7dca-4028-88ba-48c9040fd4a8]              bcOpen       bcRatio      totalLim   totalRevBal     totalBcLim  \
[MFLOG|0|2023-12-12T00:28:07.635960Z|runtime|afef3a57-4167-4d6e-8a45-c5976818ec4c]count   49511.000000  49479.000000  4.999900e+04  4.999900e+04   49999.000000   
[MFLOG|0|2023-12-12T00:28:07.635975Z|runtime|2222c6a6-bdc8-4f81-9e3e-5c3cf51d4c17]mean     9154.930945     63.188468  1.718866e+05  5.088178e+04   21190.290466   
[MFLOG|0|2023-12-12T00:28:07.635991Z|runtime|183e52b5-0229-407d-89e2-697f13d31ae4]std     14296.865563     27.205695  1.697017e+05  4.731099e+04   21250.776922   
[MFLOG|0|2023-12-12T00:28:07.636007Z|runtime|8fc28cff-4965-45bd-84d9-e173d5a9f83d]min         0.000000      0.000000  6.000000e+02  0.000000e+00       0.000000   
[MFLOG|0|2023-12-12T00:28:07.636023Z|runtime|7b52e096-fc94-4994-ad08-70af172aef1d]25%      1235.000000     43.100000  5.000100e+04  2.211000e+04    7500.000000   
[MFLOG|0|2023-12-12T00:28:07.636039Z|runtime|be59a1ae-e841-446f-8685-75ee04c83523]50%      4052.000000     67.100000  1.120710e+05  3.862600e+04   14700.000000   
[MFLOG|0|2023-12-12T00:28:07.636055Z|runtime|357ff7f4-1305-4e20-98fa-b10504c47841]75%     10868.500000     87.000000  2.498060e+05  6.390300e+04   27600.000000   
[MFLOG|0|2023-12-12T00:28:07.636071Z|runtime|df2b473c-d3e0-47fb-beec-8fd95f18b0b9]max    373005.000000    161.000000  2.711061e+06  1.094819e+06  560800.000000   
[MFLOG|0|2023-12-12T00:28:07.636087Z|runtime|e116eee1-6b65-4a3e-b46e-24263f96afee]
[MFLOG|0|2023-12-12T00:28:07.636103Z|runtime|8cafcbea-758c-47cf-a166-9d4c54f6b70c]         totalIlLim  
[MFLOG|0|2023-12-12T00:28:07.636120Z|runtime|e828869b-4728-4cd4-be13-6858f1aca9b8]count  4.999900e+04  
[MFLOG|0|2023-12-12T00:28:07.636136Z|runtime|f61b0f83-c70e-44ce-8db7-80d455382cbe]mean   4.244567e+04  
[MFLOG|0|2023-12-12T00:28:07.636151Z|runtime|6345e03a-585b-46cd-b2e9-15d780fc9da9]std    4.329564e+04  
[MFLOG|0|2023-12-12T00:28:07.636168Z|runtime|80b26048-7335-4b77-ac98-93ea9b0ffc1b]min    0.000000e+00  
[MFLOG|0|2023-12-12T00:28:07.636184Z|runtime|d1802028-3505-4151-ba56-69a81ae51c4d]25%    1.500000e+04  
[MFLOG|0|2023-12-12T00:28:07.636200Z|runtime|a6179a8a-df70-4714-bf34-91cd4b82e2d7]50%    3.200000e+04  
[MFLOG|0|2023-12-12T00:28:07.636216Z|runtime|f116b50c-bdb9-48a3-8625-7db8bdae2ec8]75%    5.679400e+04  
[MFLOG|0|2023-12-12T00:28:07.636232Z|runtime|aae6aaa3-58f1-4c05-ae72-c249a2cd442a]max    1.027358e+06  
