[MFLOG|0|2023-12-09T02:37:43.523372Z|runtime|4f05c6ac-c3a3-4325-b146-d0574f4cc796]    amount        term  rate  payment grade          employment     length  \
[MFLOG|0|2023-12-09T02:37:43.563515Z|runtime|e80b8e7a-1836-48c0-8689-90e519ee664b]0   8000.0   36 months  0.14   272.07     C       Warehouseman     3 years   
[MFLOG|0|2023-12-09T02:37:43.563618Z|runtime|f9dee6c3-377b-42a3-8b56-b8c8560eb092]1  11000.0   36 months  0.10   354.89     B      Vice President  10+ years   
[MFLOG|0|2023-12-09T02:37:43.563667Z|runtime|231efb08-993b-4f70-ae50-93f396277002]2  35000.0   36 months  0.15  1220.33     D      Owner/Attorney  10+ years   
[MFLOG|0|2023-12-09T02:37:43.563705Z|runtime|93dd61e2-db17-4705-906d-6f8e46d61fec]3  20000.0   60 months  0.12   447.83     C             Analyst    2 years   
[MFLOG|0|2023-12-09T02:37:43.563741Z|runtime|8bf78752-08cf-44a2-80d6-a524a7b79da1]4  12000.0   60 months  0.12   266.88     B  medical technician  10+ years   
[MFLOG|0|2023-12-09T02:37:43.563763Z|runtime|2ebf9e11-3b32-47e7-bceb-e8e43920ffe2]
[MFLOG|0|2023-12-09T02:37:43.563786Z|runtime|da9873e2-7e8b-48f9-bba3-9c4078856812]       home    income         verified       status              reason state  \
[MFLOG|0|2023-12-09T02:37:43.563806Z|runtime|926cb73a-b30e-4127-b2cc-45eb6ee0dfbd]0      RENT   49966.0  Source Verified  Charged Off         credit_card    CA   
[MFLOG|0|2023-12-09T02:37:43.563825Z|runtime|8a13edaa-d2c4-4587-a681-0ae65e6ed39f]1  MORTGAGE   50000.0     Not Verified   Fully Paid  debt_consolidation    PA   
[MFLOG|0|2023-12-09T02:37:43.563847Z|runtime|d63321d7-1809-4cff-9e92-0d9990b96c7c]2      RENT  360000.0         Verified      Current  debt_consolidation    CA   
[MFLOG|0|2023-12-09T02:37:43.563882Z|runtime|ad721b96-2a6c-4405-b480-c6c615f6fede]3  MORTGAGE   60000.0  Source Verified   Fully Paid  debt_consolidation    CA   
[MFLOG|0|2023-12-09T02:37:43.563901Z|runtime|02adba4d-7ef8-4c6c-86b8-3c8ebec09e74]4  MORTGAGE   64000.0  Source Verified      Current  debt_consolidation    NJ   
[MFLOG|0|2023-12-09T02:37:43.563920Z|runtime|e98a5e5a-9049-4ddd-9b5c-29e881529621]
[MFLOG|0|2023-12-09T02:37:43.563940Z|runtime|96fe125e-fbf8-43e1-af41-3577fd0e7655]   debtIncRat  delinq2yr  inq6mth  openAcc  pubRec  revolRatio  totalAcc  \
[MFLOG|0|2023-12-09T02:37:43.563959Z|runtime|5ef8c667-a5a3-47f1-b740-6bd24baf659f]0       30.05        0.0      0.0     11.0     0.0        0.55      15.0   
[MFLOG|0|2023-12-09T02:37:43.563978Z|runtime|bc294876-6cd3-4c00-8321-440ea7367cbf]1        8.74        0.0      2.0     12.0     0.0        0.36      15.0   
[MFLOG|0|2023-12-09T02:37:43.563997Z|runtime|d86556d3-d477-47f3-b230-1ac58f21cfe5]2       14.50        0.0      1.0      8.0     0.0        0.83      14.0   
[MFLOG|0|2023-12-09T02:37:43.564040Z|runtime|de93569b-f7ea-4cc2-91fd-3a4cc1b565a8]3       14.14        0.0      0.0     12.0     3.0        0.01      48.0   
[MFLOG|0|2023-12-09T02:37:43.564060Z|runtime|48f0312e-3278-4d7e-9a34-0456018045ff]4        5.14        0.0      0.0      8.0     0.0        0.58      22.0   
[MFLOG|0|2023-12-09T02:37:43.564083Z|runtime|3d56092a-2b82-4b4f-9134-73a11c62d23d]
[MFLOG|0|2023-12-09T02:37:43.564102Z|runtime|d9a46374-3678-4408-9793-10cf8b9f644c]   totalBal  totalRevLim  accOpen24    avgBal   bcOpen  bcRatio  totalLim  \
[MFLOG|0|2023-12-09T02:37:43.564121Z|runtime|e23c7c76-c06f-4f15-be7a-05645a3c3571]0   48054.0       8100.0        8.0    4369.0     43.0     95.7   60629.0   
[MFLOG|0|2023-12-09T02:37:43.564142Z|runtime|2a7484c3-340e-4f69-b473-13e25911fc9a]1  265838.0      33400.0        4.0   22153.0  19756.0     37.5  297500.0   
[MFLOG|0|2023-12-09T02:37:43.564161Z|runtime|3762ca99-3842-440d-b922-dbb4c4e938cd]2  850150.0      83000.0        2.0  121450.0   7686.0     83.2  907300.0   
[MFLOG|0|2023-12-09T02:37:43.564179Z|runtime|a4f88ce4-b6e3-4b3b-af44-b228a4bf6170]3   20671.0      14200.0        8.0    1723.0  11061.0      1.2   46964.0   
[MFLOG|0|2023-12-09T02:37:43.564197Z|runtime|fc33275a-6e2d-4959-9f76-c966d6847137]4  128034.0      14600.0        3.0   18291.0   5904.0     58.4  134600.0   
[MFLOG|0|2023-12-09T02:37:43.564218Z|runtime|698cb4c6-78f5-470c-8a8b-aa13af29e851]
[MFLOG|0|2023-12-09T02:37:43.564239Z|runtime|b7ac9c80-802f-428c-8f15-b991cc358a63]   totalRevBal  totalBcLim  totalIlLim  
[MFLOG|0|2023-12-09T02:37:43.564261Z|runtime|81359d30-c14a-40e2-82ba-d7d057df06f7]0      48054.0      1000.0     52529.0  
[MFLOG|0|2023-12-09T02:37:43.564281Z|runtime|a9286077-196b-4ff2-b8b2-02dd51c4468c]1      11844.0     31600.0         0.0  
[MFLOG|0|2023-12-09T02:37:43.564300Z|runtime|70e0e933-c7d7-4b62-aaa3-02a767371d98]2     173260.0     83000.0    100000.0  
[MFLOG|0|2023-12-09T02:37:43.564319Z|runtime|c6b7eaf8-ca48-479e-b77f-8f426f633bf7]3      20671.0     11200.0     32764.0  
[MFLOG|0|2023-12-09T02:37:43.564340Z|runtime|b9910339-12fe-4333-8d64-bf991a245b7f]4       8475.0     14200.0         0.0  
[MFLOG|0|2023-12-09T02:37:43.564361Z|runtime|287a5205-7cee-4b2b-8635-6a2e0d4ecd33]Dimensions of the dataset: (50000, 30)
[MFLOG|0|2023-12-09T02:37:43.564383Z|runtime|3896703e-c094-400f-a21f-0e3dcf245ab1]             amount          rate       payment        income    debtIncRat  \
[MFLOG|0|2023-12-09T02:37:43.757534Z|runtime|737b5eca-5b62-4e86-a99e-6ef9f448295f]count  49999.000000  49999.000000  49999.000000  4.999900e+04  49999.000000   
[MFLOG|0|2023-12-09T02:37:43.757640Z|runtime|161b3875-1ce4-4dd9-8614-eb683857e996]mean   15145.527911      0.130407    442.737519  7.617379e+04     18.731157   
[MFLOG|0|2023-12-09T02:37:43.757665Z|runtime|0a13f048-c29e-480a-930d-d5c883bc7e4d]std     8527.772776      0.044192    244.835744  6.523503e+04      8.444506   
[MFLOG|0|2023-12-09T02:37:43.757684Z|runtime|6ffeddc3-714f-436c-ba66-479440556116]min     1000.000000      0.050000     30.540000  4.000000e+03      0.000000   
[MFLOG|0|2023-12-09T02:37:43.757700Z|runtime|af6ac508-46d4-4363-8884-e9456e761e09]25%     8500.000000      0.100000    265.840000  4.623850e+04     12.390000   
[MFLOG|0|2023-12-09T02:37:43.757717Z|runtime|daf1dce5-08f7-4770-affe-02c43eb6fdbc]50%    13800.000000      0.130000    385.790000  6.500000e+04     18.210000   
[MFLOG|0|2023-12-09T02:37:43.757740Z|runtime|5108370b-11e5-447c-b69d-9f7f9656102c]75%    20000.000000      0.160000    578.680000  9.000000e+04     24.730000   
[MFLOG|0|2023-12-09T02:37:43.757758Z|runtime|b5c9878f-e383-48b5-9fe2-8f2fee2a46d7]max    35000.000000      0.290000   1407.010000  7.446395e+06     61.210000   
[MFLOG|0|2023-12-09T02:37:43.757774Z|runtime|28216e78-5f66-4a9a-9bb2-d2243dd7223e]
[MFLOG|0|2023-12-09T02:37:43.757790Z|runtime|5141c094-d228-4874-b39a-c4959dff9cde]          delinq2yr       inq6mth       openAcc        pubRec    revolRatio  \
[MFLOG|0|2023-12-09T02:37:43.757807Z|runtime|9c1c4361-ec1b-49fc-afbc-2a9a60230604]count  49999.000000  49999.000000  49999.000000  49999.000000  49981.000000   
[MFLOG|0|2023-12-09T02:37:43.757823Z|runtime|a1e49691-9bb3-44d0-8c00-308690990448]mean       0.346167      0.639553     11.849217      0.232925      0.546419   
[MFLOG|0|2023-12-09T02:37:43.757843Z|runtime|7ec16040-ef8a-4d3c-877f-4e5235434a76]std        0.907636      0.938869      5.524801      0.624342      0.236451   
[MFLOG|0|2023-12-09T02:37:43.757859Z|runtime|3c477a2e-220c-423b-bb11-7c2e63de6243]min        0.000000      0.000000      1.000000      0.000000      0.000000   
[MFLOG|0|2023-12-09T02:37:43.757875Z|runtime|5e58d008-0cea-4f33-88e5-514a59111c37]25%        0.000000      0.000000      8.000000      0.000000      0.370000   
[MFLOG|0|2023-12-09T02:37:43.757891Z|runtime|0d9bd2af-264a-4c62-927e-c2898ebc77a9]50%        0.000000      0.000000     11.000000      0.000000      0.550000   
[MFLOG|0|2023-12-09T02:37:43.757907Z|runtime|fa4b119d-286a-465e-8cad-c6e79a9b7cf4]75%        0.000000      1.000000     15.000000      0.000000      0.730000   
[MFLOG|0|2023-12-09T02:37:43.757924Z|runtime|16934587-6d78-447c-90e0-f6418a0d0f56]max       15.000000      6.000000     76.000000     28.000000      1.670000   
[MFLOG|0|2023-12-09T02:37:43.757942Z|runtime|d360d546-58cc-4318-bd96-f7d5cb10d731]
[MFLOG|0|2023-12-09T02:37:43.757959Z|runtime|6d8c580f-96f0-4bff-9941-dfd3b56fa9de]           totalAcc      totalBal   totalRevLim     accOpen24         avgBal  \
[MFLOG|0|2023-12-09T02:37:43.757978Z|runtime|accf0b42-588a-4012-9a9a-36304301b895]count  49999.000000  4.999900e+04  4.999900e+04  49999.000000   49999.000000   
[MFLOG|0|2023-12-09T02:37:43.757994Z|runtime|fd80e003-82f0-423d-994f-09609d773884]mean      25.749595  1.397782e+05  3.243594e+04      4.557831   13189.526651   
[MFLOG|0|2023-12-09T02:37:43.758011Z|runtime|3f7a24db-59e6-4711-9276-05cb17f5590e]std       12.097421  1.526384e+05  3.269753e+04      3.079680   15561.787118   
[MFLOG|0|2023-12-09T02:37:43.758027Z|runtime|e7bd8aea-4a73-4685-90fc-435ae07acf93]min        3.000000  0.000000e+00  0.000000e+00      0.000000       0.000000   
[MFLOG|0|2023-12-09T02:37:43.758043Z|runtime|57efe578-d81d-47b2-920d-2c992b35478b]25%       17.000000  3.061900e+04  1.400000e+04      2.000000    3170.000000   
[MFLOG|0|2023-12-09T02:37:43.758062Z|runtime|7390919c-c52d-42c3-b4e1-81ee34e0a439]50%       24.000000  8.107300e+04  2.400000e+04      4.000000    7356.000000   
[MFLOG|0|2023-12-09T02:37:43.758078Z|runtime|86612a64-77ad-4faa-9c59-e173b596f83f]75%       33.000000  2.094385e+05  4.030000e+04      6.000000   18223.500000   
[MFLOG|0|2023-12-09T02:37:43.758093Z|runtime|e66ecafe-c08c-4211-aa53-296f52619ea1]max      162.000000  2.552960e+06  1.060800e+06     50.000000  358652.000000   
[MFLOG|0|2023-12-09T02:37:43.758109Z|runtime|fd7bfb20-728f-48dc-bf10-282573d8703d]
[MFLOG|0|2023-12-09T02:37:43.758125Z|runtime|bc36bf80-ca15-4aac-86f0-de633cfc7459]              bcOpen       bcRatio      totalLim   totalRevBal     totalBcLim  \
[MFLOG|0|2023-12-09T02:37:43.758143Z|runtime|1dbae1e4-af04-4a48-b442-e8a8d80c8f58]count   49511.000000  49479.000000  4.999900e+04  4.999900e+04   49999.000000   
[MFLOG|0|2023-12-09T02:37:43.758159Z|runtime|82d93227-b628-436b-a9e1-3f6b655d7b9e]mean     9154.930945     63.188468  1.718866e+05  5.088178e+04   21190.290466   
[MFLOG|0|2023-12-09T02:37:43.758174Z|runtime|ff83d2f4-0476-4422-b767-166e3540e989]std     14296.865563     27.205695  1.697017e+05  4.731099e+04   21250.776922   
[MFLOG|0|2023-12-09T02:37:43.758190Z|runtime|f513cde9-3808-479c-9fa2-1f5d9f741b11]min         0.000000      0.000000  6.000000e+02  0.000000e+00       0.000000   
[MFLOG|0|2023-12-09T02:37:43.758206Z|runtime|f251d670-888e-4d3c-8fdd-14a24283e121]25%      1235.000000     43.100000  5.000100e+04  2.211000e+04    7500.000000   
[MFLOG|0|2023-12-09T02:37:43.758224Z|runtime|26f3e088-7a74-4817-8167-1eb990e8d791]50%      4052.000000     67.100000  1.120710e+05  3.862600e+04   14700.000000   
[MFLOG|0|2023-12-09T02:37:43.758240Z|runtime|6f86cd55-0102-4e37-931f-81abaa67cc80]75%     10868.500000     87.000000  2.498060e+05  6.390300e+04   27600.000000   
[MFLOG|0|2023-12-09T02:37:43.758256Z|runtime|8fe39ec3-4a40-4ce5-ace9-e239382a2598]max    373005.000000    161.000000  2.711061e+06  1.094819e+06  560800.000000   
[MFLOG|0|2023-12-09T02:37:43.758272Z|runtime|31403719-ff5b-4313-94f5-a9ce8e586013]
[MFLOG|0|2023-12-09T02:37:43.758287Z|runtime|115031aa-f93d-4307-b59e-f57afcb446ab]         totalIlLim  
[MFLOG|0|2023-12-09T02:37:43.758303Z|runtime|2ca7c1ab-222e-4123-ae75-c28cc7869d31]count  4.999900e+04  
[MFLOG|0|2023-12-09T02:37:43.758320Z|runtime|b39882d2-4d0f-4314-9fae-74df157afc3c]mean   4.244567e+04  
[MFLOG|0|2023-12-09T02:37:43.758336Z|runtime|79773522-6a0e-4790-83cb-10a6d06144b2]std    4.329564e+04  
[MFLOG|0|2023-12-09T02:37:43.758356Z|runtime|318d8da1-1568-45e9-84c0-77e6a5f451ff]min    0.000000e+00  
[MFLOG|0|2023-12-09T02:37:43.758373Z|runtime|2c37245c-5903-4a41-b351-fb59d299f625]25%    1.500000e+04  
[MFLOG|0|2023-12-09T02:37:43.758388Z|runtime|dfb5d6e2-67ec-45b5-a837-d37181902771]50%    3.200000e+04  
[MFLOG|0|2023-12-09T02:37:43.758404Z|runtime|55e4b7a8-3171-47d5-a766-77e47d45e19f]75%    5.679400e+04  
[MFLOG|0|2023-12-09T02:37:43.758420Z|runtime|81b13cf8-e8eb-4b7f-a82a-3a2ea1e848e3]max    1.027358e+06  
