[MFLOG|0|2023-12-09T00:42:01.141556Z|runtime|5993d3a8-e99b-43a3-8319-0652bbaec204]    amount        term  rate  payment grade          employment     length  \
[MFLOG|0|2023-12-09T00:42:01.204310Z|runtime|2b92dcdc-9bf5-4881-ac12-cb2ecbaabd3f]0   8000.0   36 months  0.14   272.07     C       Warehouseman     3 years   
[MFLOG|0|2023-12-09T00:42:01.204472Z|runtime|89f51e57-b021-4449-a161-edb108b56045]1  11000.0   36 months  0.10   354.89     B      Vice President  10+ years   
[MFLOG|0|2023-12-09T00:42:01.204554Z|runtime|dfe0336e-5e3c-4c57-83b7-9bb905bedda3]2  35000.0   36 months  0.15  1220.33     D      Owner/Attorney  10+ years   
[MFLOG|0|2023-12-09T00:42:01.204610Z|runtime|ac216d7e-1cec-459a-8692-b820d12e19c6]3  20000.0   60 months  0.12   447.83     C             Analyst    2 years   
[MFLOG|0|2023-12-09T00:42:01.204660Z|runtime|c8ba231c-26e4-4d21-9951-28192dce1e01]4  12000.0   60 months  0.12   266.88     B  medical technician  10+ years   
[MFLOG|0|2023-12-09T00:42:01.204693Z|runtime|683b5b14-6c79-4db4-85e7-5f35e5a21089]
[MFLOG|0|2023-12-09T00:42:01.204725Z|runtime|c072a9ed-c7e1-41af-8515-e8c01b0c3e1b]       home    income         verified       status              reason state  \
[MFLOG|0|2023-12-09T00:42:01.204759Z|runtime|2384831f-9600-4bb6-9e45-e45a0b373244]0      RENT   49966.0  Source Verified  Charged Off         credit_card    CA   
[MFLOG|0|2023-12-09T00:42:01.204788Z|runtime|f237374b-aecd-4db8-bcf1-1da1a86eeba3]1  MORTGAGE   50000.0     Not Verified   Fully Paid  debt_consolidation    PA   
[MFLOG|0|2023-12-09T00:42:01.204826Z|runtime|070a8917-bc19-47a0-bfc7-c8997d5fbc6c]2      RENT  360000.0         Verified      Current  debt_consolidation    CA   
[MFLOG|0|2023-12-09T00:42:01.204860Z|runtime|1b95e2a5-cfbd-4606-bfc5-ba42b844f564]3  MORTGAGE   60000.0  Source Verified   Fully Paid  debt_consolidation    CA   
[MFLOG|0|2023-12-09T00:42:01.204892Z|runtime|880462bc-e800-45b1-9a46-f5b88d35e1cc]4  MORTGAGE   64000.0  Source Verified      Current  debt_consolidation    NJ   
[MFLOG|0|2023-12-09T00:42:01.204923Z|runtime|dfa5d6c9-fcab-4f1a-93bd-b4210772255e]
[MFLOG|0|2023-12-09T00:42:01.204952Z|runtime|ccf99e11-8b0a-46b7-9b7c-eb27e5a09158]   debtIncRat  delinq2yr  inq6mth  openAcc  pubRec  revolRatio  totalAcc  \
[MFLOG|0|2023-12-09T00:42:01.204984Z|runtime|bfab8a63-2a0e-422c-bfa4-5b9076a37d6e]0       30.05        0.0      0.0     11.0     0.0        0.55      15.0   
[MFLOG|0|2023-12-09T00:42:01.205029Z|runtime|d0daba65-b7bc-4878-b7df-c5a0ac3b37e5]1        8.74        0.0      2.0     12.0     0.0        0.36      15.0   
[MFLOG|0|2023-12-09T00:42:01.205059Z|runtime|3b693690-76cd-497d-b57d-72cdfb7fe15c]2       14.50        0.0      1.0      8.0     0.0        0.83      14.0   
[MFLOG|0|2023-12-09T00:42:01.205088Z|runtime|86dd1efb-1956-4664-a15d-f2d5b0f1efd4]3       14.14        0.0      0.0     12.0     3.0        0.01      48.0   
[MFLOG|0|2023-12-09T00:42:01.205124Z|runtime|ecaa659d-8ea7-4c4c-9bc3-1adec0a853b6]4        5.14        0.0      0.0      8.0     0.0        0.58      22.0   
[MFLOG|0|2023-12-09T00:42:01.205158Z|runtime|f2f4a316-6812-4b14-b810-123b2ddf8862]
[MFLOG|0|2023-12-09T00:42:01.205190Z|runtime|8d443c2f-c067-4979-9ca8-488ddf6c7d21]   totalBal  totalRevLim  accOpen24    avgBal   bcOpen  bcRatio  totalLim  \
[MFLOG|0|2023-12-09T00:42:01.205222Z|runtime|bb3cb223-837f-404e-84a2-b79b262e5528]0   48054.0       8100.0        8.0    4369.0     43.0     95.7   60629.0   
[MFLOG|0|2023-12-09T00:42:01.205251Z|runtime|9d60f768-5f94-4b26-ab7f-c9483d3cefa0]1  265838.0      33400.0        4.0   22153.0  19756.0     37.5  297500.0   
[MFLOG|0|2023-12-09T00:42:01.205280Z|runtime|c8abc2de-2928-45e9-837d-79aae6003df9]2  850150.0      83000.0        2.0  121450.0   7686.0     83.2  907300.0   
[MFLOG|0|2023-12-09T00:42:01.205314Z|runtime|39ad8139-f3a2-46b9-af81-0003b998d6a6]3   20671.0      14200.0        8.0    1723.0  11061.0      1.2   46964.0   
[MFLOG|0|2023-12-09T00:42:01.205346Z|runtime|4a63c510-bfc5-45af-bbf0-62083e95906a]4  128034.0      14600.0        3.0   18291.0   5904.0     58.4  134600.0   
[MFLOG|0|2023-12-09T00:42:01.205376Z|runtime|bf6e148c-2308-482a-a0c1-ed13d8d31a9f]
[MFLOG|0|2023-12-09T00:42:01.205408Z|runtime|5bdba46e-b809-456b-b0e4-d2fe2e6c3bd5]   totalRevBal  totalBcLim  totalIlLim  
[MFLOG|0|2023-12-09T00:42:01.205443Z|runtime|9b301c8f-6df9-4cf3-be08-97c603e7c82a]0      48054.0      1000.0     52529.0  
[MFLOG|0|2023-12-09T00:42:01.205477Z|runtime|146da642-9e0b-49f0-a970-e831894209c3]1      11844.0     31600.0         0.0  
[MFLOG|0|2023-12-09T00:42:01.205511Z|runtime|cb19e8e0-8a00-4bd0-a20b-01e087566ea2]2     173260.0     83000.0    100000.0  
[MFLOG|0|2023-12-09T00:42:01.205541Z|runtime|d024b5f5-bc33-48d7-af48-65adccf307d4]3      20671.0     11200.0     32764.0  
[MFLOG|0|2023-12-09T00:42:01.205573Z|runtime|a6086860-f332-43a6-8e35-82b1b5ecb709]4       8475.0     14200.0         0.0  
[MFLOG|0|2023-12-09T00:42:01.205602Z|runtime|f0e6dbec-2d34-4fc9-b2d3-dfbda17af5af]Dimensions of the dataset: (50000, 30)
[MFLOG|0|2023-12-09T00:42:01.205638Z|runtime|f4ed1565-22ff-4a46-944b-b6455e533846]             amount          rate       payment        income    debtIncRat  \
[MFLOG|0|2023-12-09T00:42:01.464367Z|runtime|72cea01f-5f99-439c-9c30-d6811a1a2afc]count  49999.000000  49999.000000  49999.000000  4.999900e+04  49999.000000   
[MFLOG|0|2023-12-09T00:42:01.464488Z|runtime|aa86ab51-f538-468f-b049-0dd7a8622591]mean   15145.527911      0.130407    442.737519  7.617379e+04     18.731157   
[MFLOG|0|2023-12-09T00:42:01.464530Z|runtime|25865173-3a76-47c9-b950-28348bb36645]std     8527.772776      0.044192    244.835744  6.523503e+04      8.444506   
[MFLOG|0|2023-12-09T00:42:01.464560Z|runtime|ec082b3e-c1b2-4b0e-a337-2bdd425bc248]min     1000.000000      0.050000     30.540000  4.000000e+03      0.000000   
[MFLOG|0|2023-12-09T00:42:01.464586Z|runtime|9236c05c-7999-4e69-abc6-42bb3124c064]25%     8500.000000      0.100000    265.840000  4.623850e+04     12.390000   
[MFLOG|0|2023-12-09T00:42:01.464615Z|runtime|b05a14bb-9196-41ea-9f16-e6dc08c76790]50%    13800.000000      0.130000    385.790000  6.500000e+04     18.210000   
[MFLOG|0|2023-12-09T00:42:01.464640Z|runtime|d4d95903-1059-4f62-b2c2-061147036de0]75%    20000.000000      0.160000    578.680000  9.000000e+04     24.730000   
[MFLOG|0|2023-12-09T00:42:01.464665Z|runtime|81391d56-d5e1-4ea3-a647-e0bfb5b0f99e]max    35000.000000      0.290000   1407.010000  7.446395e+06     61.210000   
[MFLOG|0|2023-12-09T00:42:01.464690Z|runtime|ed8b469f-f5fa-44c1-b381-8765c4df36bd]
[MFLOG|0|2023-12-09T00:42:01.464716Z|runtime|6390dac2-bee0-4e8e-afd7-f2f824b751ad]          delinq2yr       inq6mth       openAcc        pubRec    revolRatio  \
[MFLOG|0|2023-12-09T00:42:01.464740Z|runtime|47135f97-0559-4bb4-a85c-732bc6c67eae]count  49999.000000  49999.000000  49999.000000  49999.000000  49981.000000   
[MFLOG|0|2023-12-09T00:42:01.464765Z|runtime|f40a5cb4-3f1a-44d2-82ee-96fe3548c9fd]mean       0.346167      0.639553     11.849217      0.232925      0.546419   
[MFLOG|0|2023-12-09T00:42:01.464789Z|runtime|5b980d7b-8d9b-4ca9-8d67-bc638ec43a82]std        0.907636      0.938869      5.524801      0.624342      0.236451   
[MFLOG|0|2023-12-09T00:42:01.464814Z|runtime|3a2e6d1d-75e1-4992-9a28-9de433533bb7]min        0.000000      0.000000      1.000000      0.000000      0.000000   
[MFLOG|0|2023-12-09T00:42:01.464838Z|runtime|c32d5967-f80b-419c-9104-b1cc2f0254c2]25%        0.000000      0.000000      8.000000      0.000000      0.370000   
[MFLOG|0|2023-12-09T00:42:01.464862Z|runtime|c8bc1b9b-c58b-4281-86ad-04fc47981694]50%        0.000000      0.000000     11.000000      0.000000      0.550000   
[MFLOG|0|2023-12-09T00:42:01.464886Z|runtime|6382e426-5904-461e-b4d5-9b12345aa780]75%        0.000000      1.000000     15.000000      0.000000      0.730000   
[MFLOG|0|2023-12-09T00:42:01.464910Z|runtime|4d28a48e-3fec-4eaf-ba6b-5d9bb6bbb311]max       15.000000      6.000000     76.000000     28.000000      1.670000   
[MFLOG|0|2023-12-09T00:42:01.464934Z|runtime|ecf1af60-72a2-4b38-b7a8-7aa94825cdfa]
[MFLOG|0|2023-12-09T00:42:01.464959Z|runtime|f3299fed-b38a-4191-94c6-37ee22ef2915]           totalAcc      totalBal   totalRevLim     accOpen24         avgBal  \
[MFLOG|0|2023-12-09T00:42:01.464985Z|runtime|0d90cd39-d6c1-48e7-9794-9992c431e86e]count  49999.000000  4.999900e+04  4.999900e+04  49999.000000   49999.000000   
[MFLOG|0|2023-12-09T00:42:01.465011Z|runtime|cdc55aa3-355b-45e1-aef9-25fa75c9a15f]mean      25.749595  1.397782e+05  3.243594e+04      4.557831   13189.526651   
[MFLOG|0|2023-12-09T00:42:01.465035Z|runtime|275b2689-87ea-4a85-b5dc-f7da8470f144]std       12.097421  1.526384e+05  3.269753e+04      3.079680   15561.787118   
[MFLOG|0|2023-12-09T00:42:01.465060Z|runtime|b1978ae3-aeb3-421b-9c69-a93a6c2b9452]min        3.000000  0.000000e+00  0.000000e+00      0.000000       0.000000   
[MFLOG|0|2023-12-09T00:42:01.465084Z|runtime|92ec5040-dfe9-40bb-b9d5-ec74b0752299]25%       17.000000  3.061900e+04  1.400000e+04      2.000000    3170.000000   
[MFLOG|0|2023-12-09T00:42:01.465109Z|runtime|4f4d4be3-4c7f-44e0-b7ba-26d664ab5949]50%       24.000000  8.107300e+04  2.400000e+04      4.000000    7356.000000   
[MFLOG|0|2023-12-09T00:42:01.465133Z|runtime|af29ab42-548b-4b6c-98b4-a2a22a3d7c9c]75%       33.000000  2.094385e+05  4.030000e+04      6.000000   18223.500000   
[MFLOG|0|2023-12-09T00:42:01.465157Z|runtime|5cf7b0b2-c8b5-433a-aef9-a3b34fd78557]max      162.000000  2.552960e+06  1.060800e+06     50.000000  358652.000000   
[MFLOG|0|2023-12-09T00:42:01.465181Z|runtime|cb54421f-0014-4ea3-822d-3b24e0f34511]
[MFLOG|0|2023-12-09T00:42:01.465205Z|runtime|8b48f013-6583-4b28-a720-05a15a971bd9]              bcOpen       bcRatio      totalLim   totalRevBal     totalBcLim  \
[MFLOG|0|2023-12-09T00:42:01.465229Z|runtime|be74cdc0-69bc-4a7c-9b1c-8b3f67896c1e]count   49511.000000  49479.000000  4.999900e+04  4.999900e+04   49999.000000   
[MFLOG|0|2023-12-09T00:42:01.465253Z|runtime|e9f5d347-0d3c-4132-b4ba-b772819a0a0b]mean     9154.930945     63.188468  1.718866e+05  5.088178e+04   21190.290466   
[MFLOG|0|2023-12-09T00:42:01.465276Z|runtime|066f21d4-f6cf-4bf3-a5fd-12b8f440445e]std     14296.865563     27.205695  1.697017e+05  4.731099e+04   21250.776922   
[MFLOG|0|2023-12-09T00:42:01.465301Z|runtime|90ee80c0-58e9-440e-9bcd-db803e114978]min         0.000000      0.000000  6.000000e+02  0.000000e+00       0.000000   
[MFLOG|0|2023-12-09T00:42:01.465325Z|runtime|cc893add-a64c-4cde-aab9-8663b2f184da]25%      1235.000000     43.100000  5.000100e+04  2.211000e+04    7500.000000   
[MFLOG|0|2023-12-09T00:42:01.465349Z|runtime|ac469208-6d55-4bfd-bf3d-4addba4e9047]50%      4052.000000     67.100000  1.120710e+05  3.862600e+04   14700.000000   
[MFLOG|0|2023-12-09T00:42:01.465373Z|runtime|027d3cb6-19d1-4ed5-b0cc-c6bbeeb07763]75%     10868.500000     87.000000  2.498060e+05  6.390300e+04   27600.000000   
[MFLOG|0|2023-12-09T00:42:01.465397Z|runtime|266fc337-a5aa-4fc0-ad01-104a374ca462]max    373005.000000    161.000000  2.711061e+06  1.094819e+06  560800.000000   
[MFLOG|0|2023-12-09T00:42:01.465420Z|runtime|732c6281-f2e5-4f57-9aa2-b7298e8226df]
[MFLOG|0|2023-12-09T00:42:01.465445Z|runtime|dfc2ec38-10fa-4453-89fe-df5c3d1b247f]         totalIlLim  
[MFLOG|0|2023-12-09T00:42:01.465470Z|runtime|b207bef9-b191-4dfc-8757-4bef8761f47c]count  4.999900e+04  
[MFLOG|0|2023-12-09T00:42:01.465495Z|runtime|426ae158-7421-40a7-8e6d-e29b5f209d93]mean   4.244567e+04  
[MFLOG|0|2023-12-09T00:42:01.465520Z|runtime|034a9fd5-0eaa-4a9a-ac0c-e2bf72df6a6a]std    4.329564e+04  
[MFLOG|0|2023-12-09T00:42:01.465545Z|runtime|b02de127-75ba-4546-865a-2b64b9c466da]min    0.000000e+00  
[MFLOG|0|2023-12-09T00:42:01.465569Z|runtime|021300f5-5cd9-426a-b588-6cf5241f2f0b]25%    1.500000e+04  
[MFLOG|0|2023-12-09T00:42:01.465593Z|runtime|3bddc051-9a17-4445-9bb8-e7c12be2f415]50%    3.200000e+04  
[MFLOG|0|2023-12-09T00:42:01.465616Z|runtime|18cfaf52-94fd-48f5-9e0f-6ad29c164241]75%    5.679400e+04  
[MFLOG|0|2023-12-09T00:42:01.465640Z|runtime|1b64464a-c299-4069-9816-c8e8e8cec174]max    1.027358e+06  
