[MFLOG|0|2023-12-09T00:48:06.426764Z|runtime|8ba7c851-af5a-4814-8259-df19a922050a]    amount        term  rate  payment grade          employment     length  \
[MFLOG|0|2023-12-09T00:48:06.492347Z|runtime|b337795c-8389-454f-a23b-d7b1eb6ef36a]0   8000.0   36 months  0.14   272.07     C       Warehouseman     3 years   
[MFLOG|0|2023-12-09T00:48:06.492509Z|runtime|fc045cd7-d715-4ebd-957d-7ac2befd52a4]1  11000.0   36 months  0.10   354.89     B      Vice President  10+ years   
[MFLOG|0|2023-12-09T00:48:06.492601Z|runtime|2f3f6932-6bcf-42c1-aee3-da069d9aedec]2  35000.0   36 months  0.15  1220.33     D      Owner/Attorney  10+ years   
[MFLOG|0|2023-12-09T00:48:06.492660Z|runtime|2e68f7ec-fd65-455c-b7b6-952f232e0e4b]3  20000.0   60 months  0.12   447.83     C             Analyst    2 years   
[MFLOG|0|2023-12-09T00:48:06.492708Z|runtime|472d123b-e433-4913-987b-689f802cfd83]4  12000.0   60 months  0.12   266.88     B  medical technician  10+ years   
[MFLOG|0|2023-12-09T00:48:06.492745Z|runtime|bf0dcdcd-cac6-4ba8-9178-80adafcf4b2e]
[MFLOG|0|2023-12-09T00:48:06.492777Z|runtime|41b0b956-8fa2-4317-b55b-181b6cfa2d0e]       home    income         verified       status              reason state  \
[MFLOG|0|2023-12-09T00:48:06.492815Z|runtime|a3938f19-40d2-4987-a94a-310207fdb26c]0      RENT   49966.0  Source Verified  Charged Off         credit_card    CA   
[MFLOG|0|2023-12-09T00:48:06.492852Z|runtime|692d4952-45a1-4cc5-8f6c-9feab9611b8e]1  MORTGAGE   50000.0     Not Verified   Fully Paid  debt_consolidation    PA   
[MFLOG|0|2023-12-09T00:48:06.492882Z|runtime|800237b3-c2f7-46df-bd7c-90d4bbea1149]2      RENT  360000.0         Verified      Current  debt_consolidation    CA   
[MFLOG|0|2023-12-09T00:48:06.492919Z|runtime|605fc851-1751-4ef9-9958-6659af818d9e]3  MORTGAGE   60000.0  Source Verified   Fully Paid  debt_consolidation    CA   
[MFLOG|0|2023-12-09T00:48:06.492953Z|runtime|79ebe7e8-7edb-4b63-93df-88ce08dc0849]4  MORTGAGE   64000.0  Source Verified      Current  debt_consolidation    NJ   
[MFLOG|0|2023-12-09T00:48:06.492990Z|runtime|ff9df350-b409-4500-9d5c-12c31b106f00]
[MFLOG|0|2023-12-09T00:48:06.493038Z|runtime|18c41bfa-663b-45dd-9ff6-5f56e1935218]   debtIncRat  delinq2yr  inq6mth  openAcc  pubRec  revolRatio  totalAcc  \
[MFLOG|0|2023-12-09T00:48:06.493149Z|runtime|88bc704d-813a-4e19-9f04-d07db163f59c]0       30.05        0.0      0.0     11.0     0.0        0.55      15.0   
[MFLOG|0|2023-12-09T00:48:06.493201Z|runtime|65465238-2907-4e5e-83b9-1b779db21167]1        8.74        0.0      2.0     12.0     0.0        0.36      15.0   
[MFLOG|0|2023-12-09T00:48:06.493237Z|runtime|4e35bd0a-b89a-46d5-b95a-2dfe9320ad96]2       14.50        0.0      1.0      8.0     0.0        0.83      14.0   
[MFLOG|0|2023-12-09T00:48:06.493278Z|runtime|8e3af0b8-188d-4f37-a042-5be6791dc573]3       14.14        0.0      0.0     12.0     3.0        0.01      48.0   
[MFLOG|0|2023-12-09T00:48:06.493310Z|runtime|c3302634-3024-48b3-bc29-bbaff492a702]4        5.14        0.0      0.0      8.0     0.0        0.58      22.0   
[MFLOG|0|2023-12-09T00:48:06.493341Z|runtime|3befc064-9b9c-4b8b-af5e-98c2936b6ff9]
[MFLOG|0|2023-12-09T00:48:06.493379Z|runtime|a4e8b5f0-db03-418e-adf9-28123e3a1d3c]   totalBal  totalRevLim  accOpen24    avgBal   bcOpen  bcRatio  totalLim  \
[MFLOG|0|2023-12-09T00:48:06.493409Z|runtime|e93248dc-20ba-47d6-859a-fb5a9198c49e]0   48054.0       8100.0        8.0    4369.0     43.0     95.7   60629.0   
[MFLOG|0|2023-12-09T00:48:06.493439Z|runtime|b6737fe1-00f8-4ac9-921f-cee77077062d]1  265838.0      33400.0        4.0   22153.0  19756.0     37.5  297500.0   
[MFLOG|0|2023-12-09T00:48:06.493469Z|runtime|4a36141d-ce73-4b96-8b4b-e667d576ce03]2  850150.0      83000.0        2.0  121450.0   7686.0     83.2  907300.0   
[MFLOG|0|2023-12-09T00:48:06.493504Z|runtime|334a6a08-09bb-40e4-b3a1-4b27ec18111f]3   20671.0      14200.0        8.0    1723.0  11061.0      1.2   46964.0   
[MFLOG|0|2023-12-09T00:48:06.493535Z|runtime|fbdf75b8-8a41-4b44-ad7c-6bd0e67498eb]4  128034.0      14600.0        3.0   18291.0   5904.0     58.4  134600.0   
[MFLOG|0|2023-12-09T00:48:06.493565Z|runtime|3e85310f-0f91-4196-889d-8e89b9c6f84d]
[MFLOG|0|2023-12-09T00:48:06.493594Z|runtime|759dacbb-7dea-4957-b00a-c0ba5bf9c183]   totalRevBal  totalBcLim  totalIlLim  
[MFLOG|0|2023-12-09T00:48:06.493625Z|runtime|ea8547c5-d869-4274-940d-f9be96aac3b5]0      48054.0      1000.0     52529.0  
[MFLOG|0|2023-12-09T00:48:06.493655Z|runtime|33839803-a2e1-4e9b-a988-4219565649eb]1      11844.0     31600.0         0.0  
[MFLOG|0|2023-12-09T00:48:06.493684Z|runtime|c5a6ec04-8556-4d65-9de3-62cb8898c239]2     173260.0     83000.0    100000.0  
[MFLOG|0|2023-12-09T00:48:06.493715Z|runtime|d8b7dd4f-8be4-4bbc-b2a8-75f89ae677f0]3      20671.0     11200.0     32764.0  
[MFLOG|0|2023-12-09T00:48:06.493744Z|runtime|0c2494d2-6fe8-46e8-978e-c60905efe164]4       8475.0     14200.0         0.0  
[MFLOG|0|2023-12-09T00:48:06.493773Z|runtime|8f949515-a0bc-4f5e-a0b1-6168d2963c9b]Dimensions of the dataset: (50000, 30)
[MFLOG|0|2023-12-09T00:48:06.493805Z|runtime|9757101d-9d3a-4d54-b5ad-3155bc01cbb3]             amount          rate       payment        income    debtIncRat  \
[MFLOG|0|2023-12-09T00:48:06.751053Z|runtime|32f4cfd2-1fd6-4752-9100-c7468fc102fe]count  49999.000000  49999.000000  49999.000000  4.999900e+04  49999.000000   
[MFLOG|0|2023-12-09T00:48:06.751244Z|runtime|a95c9613-1ba1-4915-99a6-29e9e29ad30a]mean   15145.527911      0.130407    442.737519  7.617379e+04     18.731157   
[MFLOG|0|2023-12-09T00:48:06.751281Z|runtime|4d8090b8-5636-4f7d-b9f3-af8fcf908873]std     8527.772776      0.044192    244.835744  6.523503e+04      8.444506   
[MFLOG|0|2023-12-09T00:48:06.751309Z|runtime|94f97b9a-612b-4596-909b-49c7023ae7c7]min     1000.000000      0.050000     30.540000  4.000000e+03      0.000000   
[MFLOG|0|2023-12-09T00:48:06.751336Z|runtime|bd3f96de-102e-495b-b2f9-9b19d9500e29]25%     8500.000000      0.100000    265.840000  4.623850e+04     12.390000   
[MFLOG|0|2023-12-09T00:48:06.751361Z|runtime|1c2e9e89-1f58-4bab-b4a0-7743f436702c]50%    13800.000000      0.130000    385.790000  6.500000e+04     18.210000   
[MFLOG|0|2023-12-09T00:48:06.751387Z|runtime|be4696fb-50ef-4f0c-a682-1b8a33fdaa88]75%    20000.000000      0.160000    578.680000  9.000000e+04     24.730000   
[MFLOG|0|2023-12-09T00:48:06.751411Z|runtime|31554ed1-4244-4959-8869-33771b607af8]max    35000.000000      0.290000   1407.010000  7.446395e+06     61.210000   
[MFLOG|0|2023-12-09T00:48:06.751435Z|runtime|95a4e560-f241-41a6-9058-cdc03f492d15]
[MFLOG|0|2023-12-09T00:48:06.751461Z|runtime|ec8c3f41-17e8-441f-aa7e-a7ac3bc15dbd]          delinq2yr       inq6mth       openAcc        pubRec    revolRatio  \
[MFLOG|0|2023-12-09T00:48:06.751485Z|runtime|fcefbd90-0d8a-4f0b-a775-1a64a50174b0]count  49999.000000  49999.000000  49999.000000  49999.000000  49981.000000   
[MFLOG|0|2023-12-09T00:48:06.751509Z|runtime|b9fa103c-f73b-4cbf-bfd6-20c6d4691e69]mean       0.346167      0.639553     11.849217      0.232925      0.546419   
[MFLOG|0|2023-12-09T00:48:06.751533Z|runtime|a6f77f20-68f9-435a-b58e-f671f4179918]std        0.907636      0.938869      5.524801      0.624342      0.236451   
[MFLOG|0|2023-12-09T00:48:06.751557Z|runtime|6ab8852f-cc45-4d3f-8418-d218e96f9bfd]min        0.000000      0.000000      1.000000      0.000000      0.000000   
[MFLOG|0|2023-12-09T00:48:06.751581Z|runtime|b159707c-7967-4abc-a7d5-410dcb33ea2e]25%        0.000000      0.000000      8.000000      0.000000      0.370000   
[MFLOG|0|2023-12-09T00:48:06.751604Z|runtime|48a84bae-ca2e-43b4-aa04-4ff6b333f538]50%        0.000000      0.000000     11.000000      0.000000      0.550000   
[MFLOG|0|2023-12-09T00:48:06.751628Z|runtime|a1b25e95-49eb-4343-a482-d127873d8cfd]75%        0.000000      1.000000     15.000000      0.000000      0.730000   
[MFLOG|0|2023-12-09T00:48:06.751652Z|runtime|8ee7c514-e841-41b4-b062-f3196593c8df]max       15.000000      6.000000     76.000000     28.000000      1.670000   
[MFLOG|0|2023-12-09T00:48:06.751676Z|runtime|be0c9f5e-2138-4f18-8d41-eb331144b23a]
[MFLOG|0|2023-12-09T00:48:06.751700Z|runtime|fcf0ac8e-bf3f-4c7d-875f-b4958d572931]           totalAcc      totalBal   totalRevLim     accOpen24         avgBal  \
[MFLOG|0|2023-12-09T00:48:06.751724Z|runtime|3038da5f-4560-4ac6-a01a-c89f995e510a]count  49999.000000  4.999900e+04  4.999900e+04  49999.000000   49999.000000   
[MFLOG|0|2023-12-09T00:48:06.751749Z|runtime|356d0952-15b8-4c4e-80ea-e79dbef21490]mean      25.749595  1.397782e+05  3.243594e+04      4.557831   13189.526651   
[MFLOG|0|2023-12-09T00:48:06.751773Z|runtime|1cedb470-5862-4eb0-add3-00e999b72964]std       12.097421  1.526384e+05  3.269753e+04      3.079680   15561.787118   
[MFLOG|0|2023-12-09T00:48:06.751797Z|runtime|a235cfb8-a33b-4d28-8bbf-0d62d1cc40cc]min        3.000000  0.000000e+00  0.000000e+00      0.000000       0.000000   
[MFLOG|0|2023-12-09T00:48:06.751820Z|runtime|d80b5578-cf3a-4b0d-b353-6a990757685c]25%       17.000000  3.061900e+04  1.400000e+04      2.000000    3170.000000   
[MFLOG|0|2023-12-09T00:48:06.751846Z|runtime|4dfa6537-5870-422b-bdff-4ce9eb60d3c2]50%       24.000000  8.107300e+04  2.400000e+04      4.000000    7356.000000   
[MFLOG|0|2023-12-09T00:48:06.751869Z|runtime|8cf350ba-173a-4b83-8095-d8b1e7b3240b]75%       33.000000  2.094385e+05  4.030000e+04      6.000000   18223.500000   
[MFLOG|0|2023-12-09T00:48:06.751893Z|runtime|5ee11a74-9b1d-4d37-beb4-5e2a3b0ed67f]max      162.000000  2.552960e+06  1.060800e+06     50.000000  358652.000000   
[MFLOG|0|2023-12-09T00:48:06.751917Z|runtime|65f4a8bb-e220-49ae-81b8-859a47df9afe]
[MFLOG|0|2023-12-09T00:48:06.751940Z|runtime|56eee540-c4f4-42a8-a623-ade8cc24536e]              bcOpen       bcRatio      totalLim   totalRevBal     totalBcLim  \
[MFLOG|0|2023-12-09T00:48:06.751964Z|runtime|139c4a2d-4494-4905-88fc-bf8472285419]count   49511.000000  49479.000000  4.999900e+04  4.999900e+04   49999.000000   
[MFLOG|0|2023-12-09T00:48:06.751987Z|runtime|1cf95381-d360-4f0c-bea6-de74cf48d541]mean     9154.930945     63.188468  1.718866e+05  5.088178e+04   21190.290466   
[MFLOG|0|2023-12-09T00:48:06.752011Z|runtime|5bffe5f2-3707-4667-8a21-90cf2094a096]std     14296.865563     27.205695  1.697017e+05  4.731099e+04   21250.776922   
[MFLOG|0|2023-12-09T00:48:06.752035Z|runtime|2f458f33-8ace-4cd4-a45a-b46d704793ba]min         0.000000      0.000000  6.000000e+02  0.000000e+00       0.000000   
[MFLOG|0|2023-12-09T00:48:06.752058Z|runtime|13a71d5b-26d0-417b-bcbb-04bb9e3ebe87]25%      1235.000000     43.100000  5.000100e+04  2.211000e+04    7500.000000   
[MFLOG|0|2023-12-09T00:48:06.752082Z|runtime|38c28fa9-3200-45df-b6ca-786cc3eacdaa]50%      4052.000000     67.100000  1.120710e+05  3.862600e+04   14700.000000   
[MFLOG|0|2023-12-09T00:48:06.752106Z|runtime|20b3f05e-db1b-4dd3-82cc-4f688a4fb101]75%     10868.500000     87.000000  2.498060e+05  6.390300e+04   27600.000000   
[MFLOG|0|2023-12-09T00:48:06.752129Z|runtime|604e6e33-ce05-4f14-9884-8b11455c1efd]max    373005.000000    161.000000  2.711061e+06  1.094819e+06  560800.000000   
[MFLOG|0|2023-12-09T00:48:06.752152Z|runtime|206f3092-f388-4e10-8ea4-9264c39563c1]
[MFLOG|0|2023-12-09T00:48:06.752176Z|runtime|0c1cbed4-7427-4350-be38-440e8e8a340f]         totalIlLim  
[MFLOG|0|2023-12-09T00:48:06.752203Z|runtime|d70cd419-6909-4bee-a896-9ed7d627db8c]count  4.999900e+04  
[MFLOG|0|2023-12-09T00:48:06.752228Z|runtime|b9617b43-5f81-4bcb-96e4-211814d76625]mean   4.244567e+04  
[MFLOG|0|2023-12-09T00:48:06.752252Z|runtime|6acf83d6-236b-48ae-b13d-d483e3bce415]std    4.329564e+04  
[MFLOG|0|2023-12-09T00:48:06.752277Z|runtime|720a2970-2484-40e3-ae09-3c212505c2a0]min    0.000000e+00  
[MFLOG|0|2023-12-09T00:48:06.752300Z|runtime|d1b18cc2-0515-4874-a678-f7fb93618163]25%    1.500000e+04  
[MFLOG|0|2023-12-09T00:48:06.752324Z|runtime|916ebb94-b860-4ba3-8830-a901030bb6d3]50%    3.200000e+04  
[MFLOG|0|2023-12-09T00:48:06.752347Z|runtime|76099eee-8b2b-4d26-bc9b-9d5e27f7b030]75%    5.679400e+04  
[MFLOG|0|2023-12-09T00:48:06.752370Z|runtime|efa44c8c-9e4a-4c9d-9c70-f974a1a69698]max    1.027358e+06  
