[MFLOG|0|2023-12-09T01:08:53.585526Z|runtime|da719df4-e534-495b-80ad-643486afa166]    amount        term  rate  payment grade          employment     length  \
[MFLOG|0|2023-12-09T01:08:53.661984Z|runtime|5bbfb1a1-3049-416f-9dbb-29eefe444cf1]0   8000.0   36 months  0.14   272.07     C       Warehouseman     3 years   
[MFLOG|0|2023-12-09T01:08:53.662219Z|runtime|af6e589b-51fb-4cda-977d-889500c046d0]1  11000.0   36 months  0.10   354.89     B      Vice President  10+ years   
[MFLOG|0|2023-12-09T01:08:53.662316Z|runtime|36d967f1-3b4a-40fb-a7c0-6796068bb4a7]2  35000.0   36 months  0.15  1220.33     D      Owner/Attorney  10+ years   
[MFLOG|0|2023-12-09T01:08:53.662372Z|runtime|a874b754-caca-4625-bb57-f3c6dabb791d]3  20000.0   60 months  0.12   447.83     C             Analyst    2 years   
[MFLOG|0|2023-12-09T01:08:53.662417Z|runtime|254cf8b2-2014-4596-9ccb-74f136b153d2]4  12000.0   60 months  0.12   266.88     B  medical technician  10+ years   
[MFLOG|0|2023-12-09T01:08:53.662486Z|runtime|b6b1636f-7bfe-49e4-ba11-d4d06f2aab97]
[MFLOG|0|2023-12-09T01:08:53.662539Z|runtime|49eb7013-e7ad-4280-95c2-ad714ce06501]       home    income         verified       status              reason state  \
[MFLOG|0|2023-12-09T01:08:53.662646Z|runtime|e05d2b6a-1efb-4cca-987a-2e3d2617fba9]0      RENT   49966.0  Source Verified  Charged Off         credit_card    CA   
[MFLOG|0|2023-12-09T01:08:53.662707Z|runtime|3ab26433-d300-4f95-b6c0-aaff5020b630]1  MORTGAGE   50000.0     Not Verified   Fully Paid  debt_consolidation    PA   
[MFLOG|0|2023-12-09T01:08:53.662747Z|runtime|57368e41-923f-4400-8af2-1b4223922e7e]2      RENT  360000.0         Verified      Current  debt_consolidation    CA   
[MFLOG|0|2023-12-09T01:08:53.662782Z|runtime|db94b864-61cb-4dff-bd0a-c18bd5c10232]3  MORTGAGE   60000.0  Source Verified   Fully Paid  debt_consolidation    CA   
[MFLOG|0|2023-12-09T01:08:53.662814Z|runtime|45cbad64-900a-4b11-8b3a-1919c1a08e27]4  MORTGAGE   64000.0  Source Verified      Current  debt_consolidation    NJ   
[MFLOG|0|2023-12-09T01:08:53.662864Z|runtime|f64a5409-3bc6-45af-95a8-7f92b640fbf0]
[MFLOG|0|2023-12-09T01:08:53.662897Z|runtime|e39596ae-1518-4641-a50a-301651dcc6f0]   debtIncRat  delinq2yr  inq6mth  openAcc  pubRec  revolRatio  totalAcc  \
[MFLOG|0|2023-12-09T01:08:53.662935Z|runtime|a2f1185b-5891-41a8-b616-bf79b9ff217b]0       30.05        0.0      0.0     11.0     0.0        0.55      15.0   
[MFLOG|0|2023-12-09T01:08:53.662966Z|runtime|0641fd60-7c13-4a79-b1ba-69fde665bd96]1        8.74        0.0      2.0     12.0     0.0        0.36      15.0   
[MFLOG|0|2023-12-09T01:08:53.662997Z|runtime|1d3517bf-70d5-49ed-93fa-296cba9a4e94]2       14.50        0.0      1.0      8.0     0.0        0.83      14.0   
[MFLOG|0|2023-12-09T01:08:53.663031Z|runtime|89682e52-a0ec-4c46-a1d6-e56294b47133]3       14.14        0.0      0.0     12.0     3.0        0.01      48.0   
[MFLOG|0|2023-12-09T01:08:53.663069Z|runtime|a0cc95ae-2431-4ae7-aaac-9f89f4ba514f]4        5.14        0.0      0.0      8.0     0.0        0.58      22.0   
[MFLOG|0|2023-12-09T01:08:53.663102Z|runtime|ebfa0878-0a9a-484e-8c52-812a3e46f19f]
[MFLOG|0|2023-12-09T01:08:53.663137Z|runtime|86475538-c598-4ae1-ab54-6d1274a7d9bc]   totalBal  totalRevLim  accOpen24    avgBal   bcOpen  bcRatio  totalLim  \
[MFLOG|0|2023-12-09T01:08:53.663171Z|runtime|ec5c6f5f-4fc6-4473-8715-bfdad7d8f361]0   48054.0       8100.0        8.0    4369.0     43.0     95.7   60629.0   
[MFLOG|0|2023-12-09T01:08:53.663200Z|runtime|d2782eeb-0539-4055-b141-964541357d8c]1  265838.0      33400.0        4.0   22153.0  19756.0     37.5  297500.0   
[MFLOG|0|2023-12-09T01:08:53.663230Z|runtime|e1719f0b-177a-412c-a408-4f6bdf92ef1f]2  850150.0      83000.0        2.0  121450.0   7686.0     83.2  907300.0   
[MFLOG|0|2023-12-09T01:08:53.663262Z|runtime|ce64eaaf-f337-4b7a-af6e-3838db6f607a]3   20671.0      14200.0        8.0    1723.0  11061.0      1.2   46964.0   
[MFLOG|0|2023-12-09T01:08:53.663297Z|runtime|dd5d5f6e-0ec4-42fe-b77c-25f882f36e2a]4  128034.0      14600.0        3.0   18291.0   5904.0     58.4  134600.0   
[MFLOG|0|2023-12-09T01:08:53.663327Z|runtime|982d3c61-6380-4ec3-8297-726be0624a6c]
[MFLOG|0|2023-12-09T01:08:53.663357Z|runtime|60764363-05e1-4df1-aa76-1ad4784e7feb]   totalRevBal  totalBcLim  totalIlLim  
[MFLOG|0|2023-12-09T01:08:53.663388Z|runtime|653920fa-c01c-400f-a290-997ad9e39b9a]0      48054.0      1000.0     52529.0  
[MFLOG|0|2023-12-09T01:08:53.663423Z|runtime|b6f6fe3b-eba4-4caa-832e-a00a13973ff7]1      11844.0     31600.0         0.0  
[MFLOG|0|2023-12-09T01:08:53.663456Z|runtime|d086d6af-52ea-4e79-ba40-526bf23e87d2]2     173260.0     83000.0    100000.0  
[MFLOG|0|2023-12-09T01:08:53.663485Z|runtime|6e967dd6-d9b4-490e-a5cf-78fcb6a62f24]3      20671.0     11200.0     32764.0  
[MFLOG|0|2023-12-09T01:08:53.663517Z|runtime|a11680c0-1912-4771-8068-22fd044270b4]4       8475.0     14200.0         0.0  
[MFLOG|0|2023-12-09T01:08:53.663545Z|runtime|507f2207-7875-41de-b074-1389ef3a7843]Dimensions of the dataset: (50000, 30)
[MFLOG|0|2023-12-09T01:08:53.663577Z|runtime|7d65b4be-82d7-473d-971a-195c0611804d]             amount          rate       payment        income    debtIncRat  \
[MFLOG|0|2023-12-09T01:08:53.920350Z|runtime|2b9c867a-4a38-45c1-8004-6883e460fc9e]count  49999.000000  49999.000000  49999.000000  4.999900e+04  49999.000000   
[MFLOG|0|2023-12-09T01:08:53.920473Z|runtime|dca437c0-c313-4468-ba50-3189876f3af8]mean   15145.527911      0.130407    442.737519  7.617379e+04     18.731157   
[MFLOG|0|2023-12-09T01:08:53.920505Z|runtime|a3d58078-acdf-46d0-8102-d82588076d36]std     8527.772776      0.044192    244.835744  6.523503e+04      8.444506   
[MFLOG|0|2023-12-09T01:08:53.920542Z|runtime|73243d63-36a1-466b-90f7-b4290ebabfa1]min     1000.000000      0.050000     30.540000  4.000000e+03      0.000000   
[MFLOG|0|2023-12-09T01:08:53.920573Z|runtime|cd90b500-a6a2-4210-aa0b-c16393f4a46b]25%     8500.000000      0.100000    265.840000  4.623850e+04     12.390000   
[MFLOG|0|2023-12-09T01:08:53.920603Z|runtime|49bdeb3b-620c-4e41-aec5-3c2060f2272f]50%    13800.000000      0.130000    385.790000  6.500000e+04     18.210000   
[MFLOG|0|2023-12-09T01:08:53.920629Z|runtime|d138add1-fff2-4539-b70c-6550c7bd3bed]75%    20000.000000      0.160000    578.680000  9.000000e+04     24.730000   
[MFLOG|0|2023-12-09T01:08:53.920660Z|runtime|c3c9c807-5fa6-44b1-b0b0-d2496d1bbf7a]max    35000.000000      0.290000   1407.010000  7.446395e+06     61.210000   
[MFLOG|0|2023-12-09T01:08:53.920692Z|runtime|5a2d2a34-35eb-4af2-8b71-6e5ee20fd731]
[MFLOG|0|2023-12-09T01:08:53.920719Z|runtime|d1950c00-a40b-4535-9717-08c4375dfe35]          delinq2yr       inq6mth       openAcc        pubRec    revolRatio  \
[MFLOG|0|2023-12-09T01:08:53.920750Z|runtime|0faa6323-cd39-4cb2-8e92-279b3aebc0c9]count  49999.000000  49999.000000  49999.000000  49999.000000  49981.000000   
[MFLOG|0|2023-12-09T01:08:53.920780Z|runtime|21ff762c-ce4e-4dd1-80dc-b7b317bedf0d]mean       0.346167      0.639553     11.849217      0.232925      0.546419   
[MFLOG|0|2023-12-09T01:08:53.920811Z|runtime|16236ae7-6a47-4bee-b630-77ede8fa2cb6]std        0.907636      0.938869      5.524801      0.624342      0.236451   
[MFLOG|0|2023-12-09T01:08:53.920836Z|runtime|8af747fc-85b9-4360-b0dd-86cd07d3484e]min        0.000000      0.000000      1.000000      0.000000      0.000000   
[MFLOG|0|2023-12-09T01:08:53.920864Z|runtime|a9b5c1ef-b1bf-4ff8-b0bb-ba9874195019]25%        0.000000      0.000000      8.000000      0.000000      0.370000   
[MFLOG|0|2023-12-09T01:08:53.920889Z|runtime|0e530d87-3224-4095-aea5-72f5c34a0d12]50%        0.000000      0.000000     11.000000      0.000000      0.550000   
[MFLOG|0|2023-12-09T01:08:53.920913Z|runtime|168d72ff-8807-4c0d-8126-fb6ab64eee33]75%        0.000000      1.000000     15.000000      0.000000      0.730000   
[MFLOG|0|2023-12-09T01:08:53.920940Z|runtime|af3f6956-6c53-4f5f-bf4c-955d76664245]max       15.000000      6.000000     76.000000     28.000000      1.670000   
[MFLOG|0|2023-12-09T01:08:53.920966Z|runtime|f30dfac1-8b50-4573-aa0f-e0c5accd7893]
[MFLOG|0|2023-12-09T01:08:53.920991Z|runtime|0c1d8be7-955a-40da-bc18-48964e292564]           totalAcc      totalBal   totalRevLim     accOpen24         avgBal  \
[MFLOG|0|2023-12-09T01:08:53.921020Z|runtime|b6f66c51-1e8d-4550-9bd7-1e3898ae3a31]count  49999.000000  4.999900e+04  4.999900e+04  49999.000000   49999.000000   
[MFLOG|0|2023-12-09T01:08:53.921047Z|runtime|791e513b-fbe1-4c0d-a304-9efb3419883f]mean      25.749595  1.397782e+05  3.243594e+04      4.557831   13189.526651   
[MFLOG|0|2023-12-09T01:08:53.921078Z|runtime|3a60c459-b933-4a83-a19b-cc2c8ae26d0f]std       12.097421  1.526384e+05  3.269753e+04      3.079680   15561.787118   
[MFLOG|0|2023-12-09T01:08:53.921102Z|runtime|6d5c730d-de2a-481c-a713-7363fc7151e4]min        3.000000  0.000000e+00  0.000000e+00      0.000000       0.000000   
[MFLOG|0|2023-12-09T01:08:53.921131Z|runtime|aea4fb9a-9630-4f3f-ab72-1e274f29d928]25%       17.000000  3.061900e+04  1.400000e+04      2.000000    3170.000000   
[MFLOG|0|2023-12-09T01:08:53.921157Z|runtime|15d39f30-329a-4065-b552-e4612c5a1c91]50%       24.000000  8.107300e+04  2.400000e+04      4.000000    7356.000000   
[MFLOG|0|2023-12-09T01:08:53.921181Z|runtime|793cefd8-9973-4cef-855d-276da2c40fe3]75%       33.000000  2.094385e+05  4.030000e+04      6.000000   18223.500000   
[MFLOG|0|2023-12-09T01:08:53.921206Z|runtime|952e3740-af0d-4315-87b2-3f41f5bea24a]max      162.000000  2.552960e+06  1.060800e+06     50.000000  358652.000000   
[MFLOG|0|2023-12-09T01:08:53.921230Z|runtime|d1e27f3b-c847-4779-9e40-ea117ded4be0]
[MFLOG|0|2023-12-09T01:08:53.921262Z|runtime|09ec4fb4-62fa-432f-8ff5-3db10760d4f1]              bcOpen       bcRatio      totalLim   totalRevBal     totalBcLim  \
[MFLOG|0|2023-12-09T01:08:53.921287Z|runtime|d5b1259a-1ae8-4514-8c02-077e046345b9]count   49511.000000  49479.000000  4.999900e+04  4.999900e+04   49999.000000   
[MFLOG|0|2023-12-09T01:08:53.921315Z|runtime|4fdc5296-fc3d-448d-a007-7f21a2fd3bcf]mean     9154.930945     63.188468  1.718866e+05  5.088178e+04   21190.290466   
[MFLOG|0|2023-12-09T01:08:53.921339Z|runtime|2bd01316-88b7-414a-9a85-e5113c04b831]std     14296.865563     27.205695  1.697017e+05  4.731099e+04   21250.776922   
[MFLOG|0|2023-12-09T01:08:53.921363Z|runtime|d5fd4c9a-a72b-4dbf-aa40-b3b391f00353]min         0.000000      0.000000  6.000000e+02  0.000000e+00       0.000000   
[MFLOG|0|2023-12-09T01:08:53.921387Z|runtime|4bd918f6-947f-460f-8da2-1692ae5e8b05]25%      1235.000000     43.100000  5.000100e+04  2.211000e+04    7500.000000   
[MFLOG|0|2023-12-09T01:08:53.921411Z|runtime|7ac1fc23-55cd-4980-a9c0-d27e1437fdf4]50%      4052.000000     67.100000  1.120710e+05  3.862600e+04   14700.000000   
[MFLOG|0|2023-12-09T01:08:53.921438Z|runtime|7baec244-1f89-4dac-9550-befdb9464773]75%     10868.500000     87.000000  2.498060e+05  6.390300e+04   27600.000000   
[MFLOG|0|2023-12-09T01:08:53.921467Z|runtime|ed6d7cbb-31a7-4d63-b805-5d08faa7efec]max    373005.000000    161.000000  2.711061e+06  1.094819e+06  560800.000000   
[MFLOG|0|2023-12-09T01:08:53.921491Z|runtime|4c7042ce-d1ac-474a-bdf1-42bc83d6d91b]
[MFLOG|0|2023-12-09T01:08:53.921518Z|runtime|86981893-1fd1-405a-9bc6-8decf5ad89f5]         totalIlLim  
[MFLOG|0|2023-12-09T01:08:53.921549Z|runtime|aaf43af7-73ce-42dd-96d8-82f50e469ec9]count  4.999900e+04  
[MFLOG|0|2023-12-09T01:08:53.921574Z|runtime|c79c5bd9-0e5e-42db-b1af-48aea054b6fb]mean   4.244567e+04  
[MFLOG|0|2023-12-09T01:08:53.921599Z|runtime|214afac6-21c9-4640-bbb1-2a58c6753b7a]std    4.329564e+04  
[MFLOG|0|2023-12-09T01:08:53.921624Z|runtime|0995f933-cf03-4712-9839-93798047ecda]min    0.000000e+00  
[MFLOG|0|2023-12-09T01:08:53.921648Z|runtime|90213c11-ea86-4361-80dc-23c85c85c3e7]25%    1.500000e+04  
[MFLOG|0|2023-12-09T01:08:53.921672Z|runtime|9cac1acf-1589-4eef-b46c-6b3d2d2b2a17]50%    3.200000e+04  
[MFLOG|0|2023-12-09T01:08:53.921696Z|runtime|bacb754f-e081-4b2f-a3d3-158bf0d23ee6]75%    5.679400e+04  
[MFLOG|0|2023-12-09T01:08:53.921720Z|runtime|9dd591d1-3263-4522-be47-d03dab233127]max    1.027358e+06  
